[2024-04-05T09:31:08.397+0000] {processor.py:161} INFO - Started process (PID=73) to work on /home/airflow/.local/lib/python3.8/site-packages/airflow/example_dags/example_bash_operator.py
[2024-04-05T09:31:08.400+0000] {processor.py:830} INFO - Processing file /home/airflow/.local/lib/python3.8/site-packages/airflow/example_dags/example_bash_operator.py for tasks to queue
[2024-04-05T09:31:08.405+0000] {logging_mixin.py:188} INFO - [2024-04-05T09:31:08.404+0000] {dagbag.py:540} INFO - Filling up the DagBag from /home/airflow/.local/lib/python3.8/site-packages/airflow/example_dags/example_bash_operator.py
[2024-04-05T09:31:08.436+0000] {processor.py:840} INFO - DAG(s) 'example_bash_operator' retrieved from /home/airflow/.local/lib/python3.8/site-packages/airflow/example_dags/example_bash_operator.py
[2024-04-05T09:31:08.681+0000] {logging_mixin.py:188} INFO - [2024-04-05T09:31:08.680+0000] {dag.py:3047} INFO - Sync 1 DAGs
[2024-04-05T09:31:08.720+0000] {logging_mixin.py:188} INFO - [2024-04-05T09:31:08.720+0000] {dag.py:3834} INFO - Setting next_dagrun for example_bash_operator to 2024-04-04 00:00:00+00:00, run_after=2024-04-05 00:00:00+00:00
[2024-04-05T09:31:08.779+0000] {processor.py:183} INFO - Processing /home/airflow/.local/lib/python3.8/site-packages/airflow/example_dags/example_bash_operator.py took 0.389 seconds
[2024-04-05T09:31:39.094+0000] {processor.py:161} INFO - Started process (PID=128) to work on /home/airflow/.local/lib/python3.8/site-packages/airflow/example_dags/example_bash_operator.py
[2024-04-05T09:31:39.096+0000] {processor.py:830} INFO - Processing file /home/airflow/.local/lib/python3.8/site-packages/airflow/example_dags/example_bash_operator.py for tasks to queue
[2024-04-05T09:31:39.099+0000] {logging_mixin.py:188} INFO - [2024-04-05T09:31:39.099+0000] {dagbag.py:540} INFO - Filling up the DagBag from /home/airflow/.local/lib/python3.8/site-packages/airflow/example_dags/example_bash_operator.py
[2024-04-05T09:31:39.119+0000] {processor.py:840} INFO - DAG(s) 'example_bash_operator' retrieved from /home/airflow/.local/lib/python3.8/site-packages/airflow/example_dags/example_bash_operator.py
[2024-04-05T09:31:39.173+0000] {logging_mixin.py:188} INFO - [2024-04-05T09:31:39.173+0000] {dag.py:3047} INFO - Sync 1 DAGs
[2024-04-05T09:31:39.205+0000] {logging_mixin.py:188} INFO - [2024-04-05T09:31:39.205+0000] {dag.py:3834} INFO - Setting next_dagrun for example_bash_operator to 2024-04-04 00:00:00+00:00, run_after=2024-04-05 00:00:00+00:00
[2024-04-05T09:31:39.231+0000] {processor.py:183} INFO - Processing /home/airflow/.local/lib/python3.8/site-packages/airflow/example_dags/example_bash_operator.py took 0.142 seconds
[2024-04-05T09:32:09.467+0000] {processor.py:161} INFO - Started process (PID=183) to work on /home/airflow/.local/lib/python3.8/site-packages/airflow/example_dags/example_bash_operator.py
[2024-04-05T09:32:09.469+0000] {processor.py:830} INFO - Processing file /home/airflow/.local/lib/python3.8/site-packages/airflow/example_dags/example_bash_operator.py for tasks to queue
[2024-04-05T09:32:09.472+0000] {logging_mixin.py:188} INFO - [2024-04-05T09:32:09.472+0000] {dagbag.py:540} INFO - Filling up the DagBag from /home/airflow/.local/lib/python3.8/site-packages/airflow/example_dags/example_bash_operator.py
[2024-04-05T09:32:09.494+0000] {processor.py:840} INFO - DAG(s) 'example_bash_operator' retrieved from /home/airflow/.local/lib/python3.8/site-packages/airflow/example_dags/example_bash_operator.py
[2024-04-05T09:32:09.546+0000] {logging_mixin.py:188} INFO - [2024-04-05T09:32:09.545+0000] {dag.py:3047} INFO - Sync 1 DAGs
[2024-04-05T09:32:09.585+0000] {logging_mixin.py:188} INFO - [2024-04-05T09:32:09.584+0000] {dag.py:3834} INFO - Setting next_dagrun for example_bash_operator to 2024-04-04 00:00:00+00:00, run_after=2024-04-05 00:00:00+00:00
[2024-04-05T09:32:09.615+0000] {processor.py:183} INFO - Processing /home/airflow/.local/lib/python3.8/site-packages/airflow/example_dags/example_bash_operator.py took 0.152 seconds
[2024-04-05T09:32:39.717+0000] {processor.py:161} INFO - Started process (PID=238) to work on /home/airflow/.local/lib/python3.8/site-packages/airflow/example_dags/example_bash_operator.py
[2024-04-05T09:32:39.718+0000] {processor.py:830} INFO - Processing file /home/airflow/.local/lib/python3.8/site-packages/airflow/example_dags/example_bash_operator.py for tasks to queue
[2024-04-05T09:32:39.721+0000] {logging_mixin.py:188} INFO - [2024-04-05T09:32:39.721+0000] {dagbag.py:540} INFO - Filling up the DagBag from /home/airflow/.local/lib/python3.8/site-packages/airflow/example_dags/example_bash_operator.py
[2024-04-05T09:32:39.741+0000] {processor.py:840} INFO - DAG(s) 'example_bash_operator' retrieved from /home/airflow/.local/lib/python3.8/site-packages/airflow/example_dags/example_bash_operator.py
[2024-04-05T09:32:39.799+0000] {logging_mixin.py:188} INFO - [2024-04-05T09:32:39.798+0000] {dag.py:3047} INFO - Sync 1 DAGs
[2024-04-05T09:32:39.863+0000] {logging_mixin.py:188} INFO - [2024-04-05T09:32:39.863+0000] {dag.py:3834} INFO - Setting next_dagrun for example_bash_operator to 2024-04-04 00:00:00+00:00, run_after=2024-04-05 00:00:00+00:00
[2024-04-05T09:32:39.920+0000] {processor.py:183} INFO - Processing /home/airflow/.local/lib/python3.8/site-packages/airflow/example_dags/example_bash_operator.py took 0.208 seconds
[2024-04-05T09:33:10.395+0000] {processor.py:161} INFO - Started process (PID=293) to work on /home/airflow/.local/lib/python3.8/site-packages/airflow/example_dags/example_bash_operator.py
[2024-04-05T09:33:10.397+0000] {processor.py:830} INFO - Processing file /home/airflow/.local/lib/python3.8/site-packages/airflow/example_dags/example_bash_operator.py for tasks to queue
[2024-04-05T09:33:10.400+0000] {logging_mixin.py:188} INFO - [2024-04-05T09:33:10.400+0000] {dagbag.py:540} INFO - Filling up the DagBag from /home/airflow/.local/lib/python3.8/site-packages/airflow/example_dags/example_bash_operator.py
[2024-04-05T09:33:10.418+0000] {processor.py:840} INFO - DAG(s) 'example_bash_operator' retrieved from /home/airflow/.local/lib/python3.8/site-packages/airflow/example_dags/example_bash_operator.py
[2024-04-05T09:33:10.459+0000] {logging_mixin.py:188} INFO - [2024-04-05T09:33:10.458+0000] {dag.py:3047} INFO - Sync 1 DAGs
[2024-04-05T09:33:10.491+0000] {logging_mixin.py:188} INFO - [2024-04-05T09:33:10.490+0000] {dag.py:3834} INFO - Setting next_dagrun for example_bash_operator to 2024-04-04 00:00:00+00:00, run_after=2024-04-05 00:00:00+00:00
[2024-04-05T09:33:10.515+0000] {processor.py:183} INFO - Processing /home/airflow/.local/lib/python3.8/site-packages/airflow/example_dags/example_bash_operator.py took 0.124 seconds
[2024-04-05T09:33:41.063+0000] {processor.py:161} INFO - Started process (PID=348) to work on /home/airflow/.local/lib/python3.8/site-packages/airflow/example_dags/example_bash_operator.py
[2024-04-05T09:33:41.065+0000] {processor.py:830} INFO - Processing file /home/airflow/.local/lib/python3.8/site-packages/airflow/example_dags/example_bash_operator.py for tasks to queue
[2024-04-05T09:33:41.067+0000] {logging_mixin.py:188} INFO - [2024-04-05T09:33:41.067+0000] {dagbag.py:540} INFO - Filling up the DagBag from /home/airflow/.local/lib/python3.8/site-packages/airflow/example_dags/example_bash_operator.py
[2024-04-05T09:33:41.081+0000] {processor.py:840} INFO - DAG(s) 'example_bash_operator' retrieved from /home/airflow/.local/lib/python3.8/site-packages/airflow/example_dags/example_bash_operator.py
[2024-04-05T09:33:41.119+0000] {logging_mixin.py:188} INFO - [2024-04-05T09:33:41.119+0000] {dag.py:3047} INFO - Sync 1 DAGs
[2024-04-05T09:33:41.148+0000] {logging_mixin.py:188} INFO - [2024-04-05T09:33:41.148+0000] {dag.py:3834} INFO - Setting next_dagrun for example_bash_operator to 2024-04-04 00:00:00+00:00, run_after=2024-04-05 00:00:00+00:00
[2024-04-05T09:33:41.172+0000] {processor.py:183} INFO - Processing /home/airflow/.local/lib/python3.8/site-packages/airflow/example_dags/example_bash_operator.py took 0.113 seconds
[2024-04-05T09:34:11.448+0000] {processor.py:161} INFO - Started process (PID=404) to work on /home/airflow/.local/lib/python3.8/site-packages/airflow/example_dags/example_bash_operator.py
[2024-04-05T09:34:11.453+0000] {processor.py:830} INFO - Processing file /home/airflow/.local/lib/python3.8/site-packages/airflow/example_dags/example_bash_operator.py for tasks to queue
[2024-04-05T09:34:11.460+0000] {logging_mixin.py:188} INFO - [2024-04-05T09:34:11.458+0000] {dagbag.py:540} INFO - Filling up the DagBag from /home/airflow/.local/lib/python3.8/site-packages/airflow/example_dags/example_bash_operator.py
[2024-04-05T09:34:11.504+0000] {processor.py:840} INFO - DAG(s) 'example_bash_operator' retrieved from /home/airflow/.local/lib/python3.8/site-packages/airflow/example_dags/example_bash_operator.py
[2024-04-05T09:34:11.568+0000] {logging_mixin.py:188} INFO - [2024-04-05T09:34:11.568+0000] {dag.py:3047} INFO - Sync 1 DAGs
[2024-04-05T09:34:11.607+0000] {logging_mixin.py:188} INFO - [2024-04-05T09:34:11.607+0000] {dag.py:3834} INFO - Setting next_dagrun for example_bash_operator to 2024-04-04 00:00:00+00:00, run_after=2024-04-05 00:00:00+00:00
[2024-04-05T09:34:11.639+0000] {processor.py:183} INFO - Processing /home/airflow/.local/lib/python3.8/site-packages/airflow/example_dags/example_bash_operator.py took 0.205 seconds
[2024-04-05T09:34:42.507+0000] {processor.py:161} INFO - Started process (PID=458) to work on /home/airflow/.local/lib/python3.8/site-packages/airflow/example_dags/example_bash_operator.py
[2024-04-05T09:34:42.509+0000] {processor.py:830} INFO - Processing file /home/airflow/.local/lib/python3.8/site-packages/airflow/example_dags/example_bash_operator.py for tasks to queue
[2024-04-05T09:34:42.511+0000] {logging_mixin.py:188} INFO - [2024-04-05T09:34:42.510+0000] {dagbag.py:540} INFO - Filling up the DagBag from /home/airflow/.local/lib/python3.8/site-packages/airflow/example_dags/example_bash_operator.py
[2024-04-05T09:34:42.525+0000] {processor.py:840} INFO - DAG(s) 'example_bash_operator' retrieved from /home/airflow/.local/lib/python3.8/site-packages/airflow/example_dags/example_bash_operator.py
[2024-04-05T09:34:42.573+0000] {logging_mixin.py:188} INFO - [2024-04-05T09:34:42.572+0000] {dag.py:3047} INFO - Sync 1 DAGs
[2024-04-05T09:34:42.609+0000] {logging_mixin.py:188} INFO - [2024-04-05T09:34:42.609+0000] {dag.py:3834} INFO - Setting next_dagrun for example_bash_operator to 2024-04-04 00:00:00+00:00, run_after=2024-04-05 00:00:00+00:00
[2024-04-05T09:34:42.638+0000] {processor.py:183} INFO - Processing /home/airflow/.local/lib/python3.8/site-packages/airflow/example_dags/example_bash_operator.py took 0.137 seconds
[2024-04-05T09:35:12.779+0000] {processor.py:161} INFO - Started process (PID=513) to work on /home/airflow/.local/lib/python3.8/site-packages/airflow/example_dags/example_bash_operator.py
[2024-04-05T09:35:12.780+0000] {processor.py:830} INFO - Processing file /home/airflow/.local/lib/python3.8/site-packages/airflow/example_dags/example_bash_operator.py for tasks to queue
[2024-04-05T09:35:12.783+0000] {logging_mixin.py:188} INFO - [2024-04-05T09:35:12.782+0000] {dagbag.py:540} INFO - Filling up the DagBag from /home/airflow/.local/lib/python3.8/site-packages/airflow/example_dags/example_bash_operator.py
[2024-04-05T09:35:12.802+0000] {processor.py:840} INFO - DAG(s) 'example_bash_operator' retrieved from /home/airflow/.local/lib/python3.8/site-packages/airflow/example_dags/example_bash_operator.py
[2024-04-05T09:35:12.849+0000] {logging_mixin.py:188} INFO - [2024-04-05T09:35:12.848+0000] {dag.py:3047} INFO - Sync 1 DAGs
[2024-04-05T09:35:12.882+0000] {logging_mixin.py:188} INFO - [2024-04-05T09:35:12.881+0000] {dag.py:3834} INFO - Setting next_dagrun for example_bash_operator to 2024-04-04 00:00:00+00:00, run_after=2024-04-05 00:00:00+00:00
[2024-04-05T09:35:12.918+0000] {processor.py:183} INFO - Processing /home/airflow/.local/lib/python3.8/site-packages/airflow/example_dags/example_bash_operator.py took 0.144 seconds
[2024-04-05T09:35:43.085+0000] {processor.py:161} INFO - Started process (PID=577) to work on /home/airflow/.local/lib/python3.8/site-packages/airflow/example_dags/example_bash_operator.py
[2024-04-05T09:35:43.086+0000] {processor.py:830} INFO - Processing file /home/airflow/.local/lib/python3.8/site-packages/airflow/example_dags/example_bash_operator.py for tasks to queue
[2024-04-05T09:35:43.089+0000] {logging_mixin.py:188} INFO - [2024-04-05T09:35:43.088+0000] {dagbag.py:540} INFO - Filling up the DagBag from /home/airflow/.local/lib/python3.8/site-packages/airflow/example_dags/example_bash_operator.py
[2024-04-05T09:35:43.104+0000] {processor.py:840} INFO - DAG(s) 'example_bash_operator' retrieved from /home/airflow/.local/lib/python3.8/site-packages/airflow/example_dags/example_bash_operator.py
[2024-04-05T09:35:43.147+0000] {logging_mixin.py:188} INFO - [2024-04-05T09:35:43.147+0000] {dag.py:3047} INFO - Sync 1 DAGs
[2024-04-05T09:35:43.181+0000] {logging_mixin.py:188} INFO - [2024-04-05T09:35:43.180+0000] {dag.py:3834} INFO - Setting next_dagrun for example_bash_operator to 2024-04-04 00:00:00+00:00, run_after=2024-04-05 00:00:00+00:00
[2024-04-05T09:35:43.204+0000] {processor.py:183} INFO - Processing /home/airflow/.local/lib/python3.8/site-packages/airflow/example_dags/example_bash_operator.py took 0.123 seconds
[2024-04-05T09:35:52.186+0000] {processor.py:161} INFO - Started process (PID=644) to work on /home/airflow/.local/lib/python3.8/site-packages/airflow/example_dags/example_bash_operator.py
[2024-04-05T09:35:52.192+0000] {processor.py:830} INFO - Processing file /home/airflow/.local/lib/python3.8/site-packages/airflow/example_dags/example_bash_operator.py for tasks to queue
[2024-04-05T09:35:52.205+0000] {logging_mixin.py:188} INFO - [2024-04-05T09:35:52.203+0000] {dagbag.py:540} INFO - Filling up the DagBag from /home/airflow/.local/lib/python3.8/site-packages/airflow/example_dags/example_bash_operator.py
[2024-04-05T09:35:52.268+0000] {processor.py:840} INFO - DAG(s) 'example_bash_operator' retrieved from /home/airflow/.local/lib/python3.8/site-packages/airflow/example_dags/example_bash_operator.py
[2024-04-05T09:35:52.432+0000] {logging_mixin.py:188} INFO - [2024-04-05T09:35:52.431+0000] {dag.py:3047} INFO - Sync 1 DAGs
[2024-04-05T09:35:52.523+0000] {logging_mixin.py:188} INFO - [2024-04-05T09:35:52.522+0000] {dag.py:3834} INFO - Setting next_dagrun for example_bash_operator to 2024-04-04 00:00:00+00:00, run_after=2024-04-05 00:00:00+00:00
[2024-04-05T09:35:52.607+0000] {processor.py:183} INFO - Processing /home/airflow/.local/lib/python3.8/site-packages/airflow/example_dags/example_bash_operator.py took 0.433 seconds
[2024-04-05T09:36:21.118+0000] {processor.py:161} INFO - Started process (PID=708) to work on /home/airflow/.local/lib/python3.8/site-packages/airflow/example_dags/example_bash_operator.py
[2024-04-05T09:36:21.132+0000] {processor.py:830} INFO - Processing file /home/airflow/.local/lib/python3.8/site-packages/airflow/example_dags/example_bash_operator.py for tasks to queue
[2024-04-05T09:36:21.149+0000] {logging_mixin.py:188} INFO - [2024-04-05T09:36:21.147+0000] {dagbag.py:540} INFO - Filling up the DagBag from /home/airflow/.local/lib/python3.8/site-packages/airflow/example_dags/example_bash_operator.py
[2024-04-05T09:36:21.262+0000] {processor.py:840} INFO - DAG(s) 'example_bash_operator' retrieved from /home/airflow/.local/lib/python3.8/site-packages/airflow/example_dags/example_bash_operator.py
[2024-04-05T09:36:21.623+0000] {logging_mixin.py:188} INFO - [2024-04-05T09:36:21.619+0000] {dag.py:3047} INFO - Sync 1 DAGs
[2024-04-05T09:36:21.852+0000] {logging_mixin.py:188} INFO - [2024-04-05T09:36:21.851+0000] {dag.py:3834} INFO - Setting next_dagrun for example_bash_operator to 2024-04-04 00:00:00+00:00, run_after=2024-04-05 00:00:00+00:00
[2024-04-05T09:36:22.069+0000] {processor.py:183} INFO - Processing /home/airflow/.local/lib/python3.8/site-packages/airflow/example_dags/example_bash_operator.py took 0.972 seconds
[2024-04-05T09:36:46.117+0000] {processor.py:161} INFO - Started process (PID=764) to work on /home/airflow/.local/lib/python3.8/site-packages/airflow/example_dags/example_bash_operator.py
[2024-04-05T09:36:46.136+0000] {processor.py:830} INFO - Processing file /home/airflow/.local/lib/python3.8/site-packages/airflow/example_dags/example_bash_operator.py for tasks to queue
[2024-04-05T09:36:46.163+0000] {logging_mixin.py:188} INFO - [2024-04-05T09:36:46.161+0000] {dagbag.py:540} INFO - Filling up the DagBag from /home/airflow/.local/lib/python3.8/site-packages/airflow/example_dags/example_bash_operator.py
[2024-04-05T09:36:46.296+0000] {processor.py:840} INFO - DAG(s) 'example_bash_operator' retrieved from /home/airflow/.local/lib/python3.8/site-packages/airflow/example_dags/example_bash_operator.py
[2024-04-05T09:36:46.737+0000] {logging_mixin.py:188} INFO - [2024-04-05T09:36:46.734+0000] {dag.py:3047} INFO - Sync 1 DAGs
[2024-04-05T09:36:46.977+0000] {logging_mixin.py:188} INFO - [2024-04-05T09:36:46.977+0000] {dag.py:3834} INFO - Setting next_dagrun for example_bash_operator to 2024-04-04 00:00:00+00:00, run_after=2024-04-05 00:00:00+00:00
[2024-04-05T09:36:47.206+0000] {processor.py:183} INFO - Processing /home/airflow/.local/lib/python3.8/site-packages/airflow/example_dags/example_bash_operator.py took 1.111 seconds
[2024-04-05T09:37:05.197+0000] {processor.py:161} INFO - Started process (PID=821) to work on /home/airflow/.local/lib/python3.8/site-packages/airflow/example_dags/example_bash_operator.py
[2024-04-05T09:37:05.224+0000] {processor.py:830} INFO - Processing file /home/airflow/.local/lib/python3.8/site-packages/airflow/example_dags/example_bash_operator.py for tasks to queue
[2024-04-05T09:37:05.246+0000] {logging_mixin.py:188} INFO - [2024-04-05T09:37:05.241+0000] {dagbag.py:540} INFO - Filling up the DagBag from /home/airflow/.local/lib/python3.8/site-packages/airflow/example_dags/example_bash_operator.py
[2024-04-05T09:37:05.389+0000] {processor.py:840} INFO - DAG(s) 'example_bash_operator' retrieved from /home/airflow/.local/lib/python3.8/site-packages/airflow/example_dags/example_bash_operator.py
[2024-04-05T09:37:05.924+0000] {logging_mixin.py:188} INFO - [2024-04-05T09:37:05.922+0000] {dag.py:3047} INFO - Sync 1 DAGs
[2024-04-05T09:37:06.278+0000] {logging_mixin.py:188} INFO - [2024-04-05T09:37:06.277+0000] {dag.py:3834} INFO - Setting next_dagrun for example_bash_operator to 2024-04-04 00:00:00+00:00, run_after=2024-04-05 00:00:00+00:00
[2024-04-05T09:37:06.479+0000] {processor.py:183} INFO - Processing /home/airflow/.local/lib/python3.8/site-packages/airflow/example_dags/example_bash_operator.py took 1.341 seconds
[2024-04-05T09:37:19.658+0000] {processor.py:161} INFO - Started process (PID=866) to work on /home/airflow/.local/lib/python3.8/site-packages/airflow/example_dags/example_bash_operator.py
[2024-04-05T09:37:19.674+0000] {processor.py:830} INFO - Processing file /home/airflow/.local/lib/python3.8/site-packages/airflow/example_dags/example_bash_operator.py for tasks to queue
[2024-04-05T09:37:19.716+0000] {logging_mixin.py:188} INFO - [2024-04-05T09:37:19.706+0000] {dagbag.py:540} INFO - Filling up the DagBag from /home/airflow/.local/lib/python3.8/site-packages/airflow/example_dags/example_bash_operator.py
[2024-04-05T09:37:19.843+0000] {processor.py:840} INFO - DAG(s) 'example_bash_operator' retrieved from /home/airflow/.local/lib/python3.8/site-packages/airflow/example_dags/example_bash_operator.py
[2024-04-05T09:37:20.070+0000] {logging_mixin.py:188} INFO - [2024-04-05T09:37:20.069+0000] {dag.py:3047} INFO - Sync 1 DAGs
[2024-04-05T09:37:20.337+0000] {logging_mixin.py:188} INFO - [2024-04-05T09:37:20.335+0000] {dag.py:3834} INFO - Setting next_dagrun for example_bash_operator to 2024-04-04 00:00:00+00:00, run_after=2024-04-05 00:00:00+00:00
[2024-04-05T09:37:20.507+0000] {processor.py:183} INFO - Processing /home/airflow/.local/lib/python3.8/site-packages/airflow/example_dags/example_bash_operator.py took 0.882 seconds
[2024-04-05T09:37:50.806+0000] {processor.py:161} INFO - Started process (PID=927) to work on /home/airflow/.local/lib/python3.8/site-packages/airflow/example_dags/example_bash_operator.py
[2024-04-05T09:37:50.810+0000] {processor.py:830} INFO - Processing file /home/airflow/.local/lib/python3.8/site-packages/airflow/example_dags/example_bash_operator.py for tasks to queue
[2024-04-05T09:37:50.829+0000] {logging_mixin.py:188} INFO - [2024-04-05T09:37:50.828+0000] {dagbag.py:540} INFO - Filling up the DagBag from /home/airflow/.local/lib/python3.8/site-packages/airflow/example_dags/example_bash_operator.py
[2024-04-05T09:37:50.974+0000] {processor.py:840} INFO - DAG(s) 'example_bash_operator' retrieved from /home/airflow/.local/lib/python3.8/site-packages/airflow/example_dags/example_bash_operator.py
[2024-04-05T09:37:51.352+0000] {logging_mixin.py:188} INFO - [2024-04-05T09:37:51.351+0000] {dag.py:3047} INFO - Sync 1 DAGs
[2024-04-05T09:37:51.681+0000] {logging_mixin.py:188} INFO - [2024-04-05T09:37:51.669+0000] {dag.py:3834} INFO - Setting next_dagrun for example_bash_operator to 2024-04-04 00:00:00+00:00, run_after=2024-04-05 00:00:00+00:00
[2024-04-05T09:37:51.926+0000] {processor.py:183} INFO - Processing /home/airflow/.local/lib/python3.8/site-packages/airflow/example_dags/example_bash_operator.py took 1.168 seconds
[2024-04-05T09:38:06.300+0000] {processor.py:161} INFO - Started process (PID=974) to work on /home/airflow/.local/lib/python3.8/site-packages/airflow/example_dags/example_bash_operator.py
[2024-04-05T09:38:06.316+0000] {processor.py:830} INFO - Processing file /home/airflow/.local/lib/python3.8/site-packages/airflow/example_dags/example_bash_operator.py for tasks to queue
[2024-04-05T09:38:06.323+0000] {logging_mixin.py:188} INFO - [2024-04-05T09:38:06.321+0000] {dagbag.py:540} INFO - Filling up the DagBag from /home/airflow/.local/lib/python3.8/site-packages/airflow/example_dags/example_bash_operator.py
[2024-04-05T09:38:06.447+0000] {processor.py:840} INFO - DAG(s) 'example_bash_operator' retrieved from /home/airflow/.local/lib/python3.8/site-packages/airflow/example_dags/example_bash_operator.py
[2024-04-05T09:38:06.718+0000] {logging_mixin.py:188} INFO - [2024-04-05T09:38:06.717+0000] {dag.py:3047} INFO - Sync 1 DAGs
[2024-04-05T09:38:06.979+0000] {logging_mixin.py:188} INFO - [2024-04-05T09:38:06.968+0000] {dag.py:3834} INFO - Setting next_dagrun for example_bash_operator to 2024-04-04 00:00:00+00:00, run_after=2024-04-05 00:00:00+00:00
[2024-04-05T09:38:07.120+0000] {processor.py:183} INFO - Processing /home/airflow/.local/lib/python3.8/site-packages/airflow/example_dags/example_bash_operator.py took 0.875 seconds
[2024-04-05T09:38:27.007+0000] {processor.py:161} INFO - Started process (PID=1027) to work on /home/airflow/.local/lib/python3.8/site-packages/airflow/example_dags/example_bash_operator.py
[2024-04-05T09:38:27.028+0000] {processor.py:830} INFO - Processing file /home/airflow/.local/lib/python3.8/site-packages/airflow/example_dags/example_bash_operator.py for tasks to queue
[2024-04-05T09:38:27.062+0000] {logging_mixin.py:188} INFO - [2024-04-05T09:38:27.061+0000] {dagbag.py:540} INFO - Filling up the DagBag from /home/airflow/.local/lib/python3.8/site-packages/airflow/example_dags/example_bash_operator.py
[2024-04-05T09:38:27.231+0000] {processor.py:840} INFO - DAG(s) 'example_bash_operator' retrieved from /home/airflow/.local/lib/python3.8/site-packages/airflow/example_dags/example_bash_operator.py
[2024-04-05T09:38:27.630+0000] {logging_mixin.py:188} INFO - [2024-04-05T09:38:27.617+0000] {dag.py:3047} INFO - Sync 1 DAGs
[2024-04-05T09:38:27.842+0000] {logging_mixin.py:188} INFO - [2024-04-05T09:38:27.841+0000] {dag.py:3834} INFO - Setting next_dagrun for example_bash_operator to 2024-04-04 00:00:00+00:00, run_after=2024-04-05 00:00:00+00:00
[2024-04-05T09:38:28.091+0000] {processor.py:183} INFO - Processing /home/airflow/.local/lib/python3.8/site-packages/airflow/example_dags/example_bash_operator.py took 1.100 seconds
