[2024-04-05T09:31:07.414+0000] {processor.py:161} INFO - Started process (PID=68) to work on /home/airflow/.local/lib/python3.8/site-packages/airflow/example_dags/example_python_decorator.py
[2024-04-05T09:31:07.415+0000] {processor.py:830} INFO - Processing file /home/airflow/.local/lib/python3.8/site-packages/airflow/example_dags/example_python_decorator.py for tasks to queue
[2024-04-05T09:31:07.418+0000] {logging_mixin.py:188} INFO - [2024-04-05T09:31:07.417+0000] {dagbag.py:540} INFO - Filling up the DagBag from /home/airflow/.local/lib/python3.8/site-packages/airflow/example_dags/example_python_decorator.py
[2024-04-05T09:31:07.441+0000] {processor.py:840} INFO - DAG(s) 'example_python_decorator' retrieved from /home/airflow/.local/lib/python3.8/site-packages/airflow/example_dags/example_python_decorator.py
[2024-04-05T09:31:07.635+0000] {logging_mixin.py:188} INFO - [2024-04-05T09:31:07.634+0000] {dag.py:3047} INFO - Sync 1 DAGs
[2024-04-05T09:31:07.654+0000] {logging_mixin.py:188} INFO - [2024-04-05T09:31:07.654+0000] {dag.py:3834} INFO - Setting next_dagrun for example_python_decorator to None, run_after=None
[2024-04-05T09:31:07.686+0000] {processor.py:183} INFO - Processing /home/airflow/.local/lib/python3.8/site-packages/airflow/example_dags/example_python_decorator.py took 0.277 seconds
[2024-04-05T09:31:37.797+0000] {processor.py:161} INFO - Started process (PID=123) to work on /home/airflow/.local/lib/python3.8/site-packages/airflow/example_dags/example_python_decorator.py
[2024-04-05T09:31:37.798+0000] {processor.py:830} INFO - Processing file /home/airflow/.local/lib/python3.8/site-packages/airflow/example_dags/example_python_decorator.py for tasks to queue
[2024-04-05T09:31:37.800+0000] {logging_mixin.py:188} INFO - [2024-04-05T09:31:37.800+0000] {dagbag.py:540} INFO - Filling up the DagBag from /home/airflow/.local/lib/python3.8/site-packages/airflow/example_dags/example_python_decorator.py
[2024-04-05T09:31:37.815+0000] {processor.py:840} INFO - DAG(s) 'example_python_decorator' retrieved from /home/airflow/.local/lib/python3.8/site-packages/airflow/example_dags/example_python_decorator.py
[2024-04-05T09:31:37.847+0000] {logging_mixin.py:188} INFO - [2024-04-05T09:31:37.847+0000] {dag.py:3047} INFO - Sync 1 DAGs
[2024-04-05T09:31:37.865+0000] {logging_mixin.py:188} INFO - [2024-04-05T09:31:37.865+0000] {dag.py:3834} INFO - Setting next_dagrun for example_python_decorator to None, run_after=None
[2024-04-05T09:31:37.891+0000] {processor.py:183} INFO - Processing /home/airflow/.local/lib/python3.8/site-packages/airflow/example_dags/example_python_decorator.py took 0.098 seconds
[2024-04-05T09:32:08.840+0000] {processor.py:161} INFO - Started process (PID=178) to work on /home/airflow/.local/lib/python3.8/site-packages/airflow/example_dags/example_python_decorator.py
[2024-04-05T09:32:08.841+0000] {processor.py:830} INFO - Processing file /home/airflow/.local/lib/python3.8/site-packages/airflow/example_dags/example_python_decorator.py for tasks to queue
[2024-04-05T09:32:08.844+0000] {logging_mixin.py:188} INFO - [2024-04-05T09:32:08.843+0000] {dagbag.py:540} INFO - Filling up the DagBag from /home/airflow/.local/lib/python3.8/site-packages/airflow/example_dags/example_python_decorator.py
[2024-04-05T09:32:08.864+0000] {processor.py:840} INFO - DAG(s) 'example_python_decorator' retrieved from /home/airflow/.local/lib/python3.8/site-packages/airflow/example_dags/example_python_decorator.py
[2024-04-05T09:32:08.896+0000] {logging_mixin.py:188} INFO - [2024-04-05T09:32:08.896+0000] {dag.py:3047} INFO - Sync 1 DAGs
[2024-04-05T09:32:08.910+0000] {logging_mixin.py:188} INFO - [2024-04-05T09:32:08.910+0000] {dag.py:3834} INFO - Setting next_dagrun for example_python_decorator to None, run_after=None
[2024-04-05T09:32:08.938+0000] {processor.py:183} INFO - Processing /home/airflow/.local/lib/python3.8/site-packages/airflow/example_dags/example_python_decorator.py took 0.103 seconds
[2024-04-05T09:32:39.121+0000] {processor.py:161} INFO - Started process (PID=233) to work on /home/airflow/.local/lib/python3.8/site-packages/airflow/example_dags/example_python_decorator.py
[2024-04-05T09:32:39.122+0000] {processor.py:830} INFO - Processing file /home/airflow/.local/lib/python3.8/site-packages/airflow/example_dags/example_python_decorator.py for tasks to queue
[2024-04-05T09:32:39.125+0000] {logging_mixin.py:188} INFO - [2024-04-05T09:32:39.125+0000] {dagbag.py:540} INFO - Filling up the DagBag from /home/airflow/.local/lib/python3.8/site-packages/airflow/example_dags/example_python_decorator.py
[2024-04-05T09:32:39.143+0000] {processor.py:840} INFO - DAG(s) 'example_python_decorator' retrieved from /home/airflow/.local/lib/python3.8/site-packages/airflow/example_dags/example_python_decorator.py
[2024-04-05T09:32:39.172+0000] {logging_mixin.py:188} INFO - [2024-04-05T09:32:39.172+0000] {dag.py:3047} INFO - Sync 1 DAGs
[2024-04-05T09:32:39.190+0000] {logging_mixin.py:188} INFO - [2024-04-05T09:32:39.190+0000] {dag.py:3834} INFO - Setting next_dagrun for example_python_decorator to None, run_after=None
[2024-04-05T09:32:39.211+0000] {processor.py:183} INFO - Processing /home/airflow/.local/lib/python3.8/site-packages/airflow/example_dags/example_python_decorator.py took 0.096 seconds
[2024-04-05T09:33:09.445+0000] {processor.py:161} INFO - Started process (PID=288) to work on /home/airflow/.local/lib/python3.8/site-packages/airflow/example_dags/example_python_decorator.py
[2024-04-05T09:33:09.448+0000] {processor.py:830} INFO - Processing file /home/airflow/.local/lib/python3.8/site-packages/airflow/example_dags/example_python_decorator.py for tasks to queue
[2024-04-05T09:33:09.454+0000] {logging_mixin.py:188} INFO - [2024-04-05T09:33:09.452+0000] {dagbag.py:540} INFO - Filling up the DagBag from /home/airflow/.local/lib/python3.8/site-packages/airflow/example_dags/example_python_decorator.py
[2024-04-05T09:33:09.492+0000] {processor.py:840} INFO - DAG(s) 'example_python_decorator' retrieved from /home/airflow/.local/lib/python3.8/site-packages/airflow/example_dags/example_python_decorator.py
[2024-04-05T09:33:09.561+0000] {logging_mixin.py:188} INFO - [2024-04-05T09:33:09.560+0000] {dag.py:3047} INFO - Sync 1 DAGs
[2024-04-05T09:33:09.601+0000] {logging_mixin.py:188} INFO - [2024-04-05T09:33:09.600+0000] {dag.py:3834} INFO - Setting next_dagrun for example_python_decorator to None, run_after=None
[2024-04-05T09:33:09.664+0000] {processor.py:183} INFO - Processing /home/airflow/.local/lib/python3.8/site-packages/airflow/example_dags/example_python_decorator.py took 0.227 seconds
[2024-04-05T09:33:40.689+0000] {processor.py:161} INFO - Started process (PID=343) to work on /home/airflow/.local/lib/python3.8/site-packages/airflow/example_dags/example_python_decorator.py
[2024-04-05T09:33:40.691+0000] {processor.py:830} INFO - Processing file /home/airflow/.local/lib/python3.8/site-packages/airflow/example_dags/example_python_decorator.py for tasks to queue
[2024-04-05T09:33:40.693+0000] {logging_mixin.py:188} INFO - [2024-04-05T09:33:40.693+0000] {dagbag.py:540} INFO - Filling up the DagBag from /home/airflow/.local/lib/python3.8/site-packages/airflow/example_dags/example_python_decorator.py
[2024-04-05T09:33:40.708+0000] {processor.py:840} INFO - DAG(s) 'example_python_decorator' retrieved from /home/airflow/.local/lib/python3.8/site-packages/airflow/example_dags/example_python_decorator.py
[2024-04-05T09:33:40.734+0000] {logging_mixin.py:188} INFO - [2024-04-05T09:33:40.734+0000] {dag.py:3047} INFO - Sync 1 DAGs
[2024-04-05T09:33:40.749+0000] {logging_mixin.py:188} INFO - [2024-04-05T09:33:40.748+0000] {dag.py:3834} INFO - Setting next_dagrun for example_python_decorator to None, run_after=None
[2024-04-05T09:33:40.769+0000] {processor.py:183} INFO - Processing /home/airflow/.local/lib/python3.8/site-packages/airflow/example_dags/example_python_decorator.py took 0.083 seconds
[2024-04-05T09:34:10.836+0000] {processor.py:161} INFO - Started process (PID=398) to work on /home/airflow/.local/lib/python3.8/site-packages/airflow/example_dags/example_python_decorator.py
[2024-04-05T09:34:10.839+0000] {processor.py:830} INFO - Processing file /home/airflow/.local/lib/python3.8/site-packages/airflow/example_dags/example_python_decorator.py for tasks to queue
[2024-04-05T09:34:10.842+0000] {logging_mixin.py:188} INFO - [2024-04-05T09:34:10.841+0000] {dagbag.py:540} INFO - Filling up the DagBag from /home/airflow/.local/lib/python3.8/site-packages/airflow/example_dags/example_python_decorator.py
[2024-04-05T09:34:10.867+0000] {processor.py:840} INFO - DAG(s) 'example_python_decorator' retrieved from /home/airflow/.local/lib/python3.8/site-packages/airflow/example_dags/example_python_decorator.py
[2024-04-05T09:34:10.907+0000] {logging_mixin.py:188} INFO - [2024-04-05T09:34:10.906+0000] {dag.py:3047} INFO - Sync 1 DAGs
[2024-04-05T09:34:10.936+0000] {logging_mixin.py:188} INFO - [2024-04-05T09:34:10.936+0000] {dag.py:3834} INFO - Setting next_dagrun for example_python_decorator to None, run_after=None
[2024-04-05T09:34:10.967+0000] {processor.py:183} INFO - Processing /home/airflow/.local/lib/python3.8/site-packages/airflow/example_dags/example_python_decorator.py took 0.140 seconds
[2024-04-05T09:34:41.136+0000] {processor.py:161} INFO - Started process (PID=453) to work on /home/airflow/.local/lib/python3.8/site-packages/airflow/example_dags/example_python_decorator.py
[2024-04-05T09:34:41.138+0000] {processor.py:830} INFO - Processing file /home/airflow/.local/lib/python3.8/site-packages/airflow/example_dags/example_python_decorator.py for tasks to queue
[2024-04-05T09:34:41.141+0000] {logging_mixin.py:188} INFO - [2024-04-05T09:34:41.141+0000] {dagbag.py:540} INFO - Filling up the DagBag from /home/airflow/.local/lib/python3.8/site-packages/airflow/example_dags/example_python_decorator.py
[2024-04-05T09:34:41.162+0000] {processor.py:840} INFO - DAG(s) 'example_python_decorator' retrieved from /home/airflow/.local/lib/python3.8/site-packages/airflow/example_dags/example_python_decorator.py
[2024-04-05T09:34:41.198+0000] {logging_mixin.py:188} INFO - [2024-04-05T09:34:41.198+0000] {dag.py:3047} INFO - Sync 1 DAGs
[2024-04-05T09:34:41.215+0000] {logging_mixin.py:188} INFO - [2024-04-05T09:34:41.215+0000] {dag.py:3834} INFO - Setting next_dagrun for example_python_decorator to None, run_after=None
[2024-04-05T09:34:41.244+0000] {processor.py:183} INFO - Processing /home/airflow/.local/lib/python3.8/site-packages/airflow/example_dags/example_python_decorator.py took 0.113 seconds
[2024-04-05T09:35:11.305+0000] {processor.py:161} INFO - Started process (PID=508) to work on /home/airflow/.local/lib/python3.8/site-packages/airflow/example_dags/example_python_decorator.py
[2024-04-05T09:35:11.307+0000] {processor.py:830} INFO - Processing file /home/airflow/.local/lib/python3.8/site-packages/airflow/example_dags/example_python_decorator.py for tasks to queue
[2024-04-05T09:35:11.311+0000] {logging_mixin.py:188} INFO - [2024-04-05T09:35:11.311+0000] {dagbag.py:540} INFO - Filling up the DagBag from /home/airflow/.local/lib/python3.8/site-packages/airflow/example_dags/example_python_decorator.py
[2024-04-05T09:35:11.330+0000] {processor.py:840} INFO - DAG(s) 'example_python_decorator' retrieved from /home/airflow/.local/lib/python3.8/site-packages/airflow/example_dags/example_python_decorator.py
[2024-04-05T09:35:11.362+0000] {logging_mixin.py:188} INFO - [2024-04-05T09:35:11.362+0000] {dag.py:3047} INFO - Sync 1 DAGs
[2024-04-05T09:35:11.382+0000] {logging_mixin.py:188} INFO - [2024-04-05T09:35:11.381+0000] {dag.py:3834} INFO - Setting next_dagrun for example_python_decorator to None, run_after=None
[2024-04-05T09:35:11.406+0000] {processor.py:183} INFO - Processing /home/airflow/.local/lib/python3.8/site-packages/airflow/example_dags/example_python_decorator.py took 0.106 seconds
[2024-04-05T09:35:41.667+0000] {processor.py:161} INFO - Started process (PID=571) to work on /home/airflow/.local/lib/python3.8/site-packages/airflow/example_dags/example_python_decorator.py
[2024-04-05T09:35:41.669+0000] {processor.py:830} INFO - Processing file /home/airflow/.local/lib/python3.8/site-packages/airflow/example_dags/example_python_decorator.py for tasks to queue
[2024-04-05T09:35:41.673+0000] {logging_mixin.py:188} INFO - [2024-04-05T09:35:41.672+0000] {dagbag.py:540} INFO - Filling up the DagBag from /home/airflow/.local/lib/python3.8/site-packages/airflow/example_dags/example_python_decorator.py
[2024-04-05T09:35:41.696+0000] {processor.py:840} INFO - DAG(s) 'example_python_decorator' retrieved from /home/airflow/.local/lib/python3.8/site-packages/airflow/example_dags/example_python_decorator.py
[2024-04-05T09:35:41.734+0000] {logging_mixin.py:188} INFO - [2024-04-05T09:35:41.733+0000] {dag.py:3047} INFO - Sync 1 DAGs
[2024-04-05T09:35:41.755+0000] {logging_mixin.py:188} INFO - [2024-04-05T09:35:41.755+0000] {dag.py:3834} INFO - Setting next_dagrun for example_python_decorator to None, run_after=None
[2024-04-05T09:35:41.784+0000] {processor.py:183} INFO - Processing /home/airflow/.local/lib/python3.8/site-packages/airflow/example_dags/example_python_decorator.py took 0.122 seconds
[2024-04-05T09:35:50.640+0000] {processor.py:161} INFO - Started process (PID=633) to work on /home/airflow/.local/lib/python3.8/site-packages/airflow/example_dags/example_python_decorator.py
[2024-04-05T09:35:50.642+0000] {processor.py:830} INFO - Processing file /home/airflow/.local/lib/python3.8/site-packages/airflow/example_dags/example_python_decorator.py for tasks to queue
[2024-04-05T09:35:50.644+0000] {logging_mixin.py:188} INFO - [2024-04-05T09:35:50.644+0000] {dagbag.py:540} INFO - Filling up the DagBag from /home/airflow/.local/lib/python3.8/site-packages/airflow/example_dags/example_python_decorator.py
[2024-04-05T09:35:50.670+0000] {processor.py:840} INFO - DAG(s) 'example_python_decorator' retrieved from /home/airflow/.local/lib/python3.8/site-packages/airflow/example_dags/example_python_decorator.py
[2024-04-05T09:35:50.867+0000] {logging_mixin.py:188} INFO - [2024-04-05T09:35:50.867+0000] {dag.py:3047} INFO - Sync 1 DAGs
[2024-04-05T09:35:50.889+0000] {logging_mixin.py:188} INFO - [2024-04-05T09:35:50.888+0000] {dag.py:3834} INFO - Setting next_dagrun for example_python_decorator to None, run_after=None
[2024-04-05T09:35:50.945+0000] {processor.py:183} INFO - Processing /home/airflow/.local/lib/python3.8/site-packages/airflow/example_dags/example_python_decorator.py took 0.309 seconds
[2024-04-05T09:36:18.609+0000] {processor.py:161} INFO - Started process (PID=699) to work on /home/airflow/.local/lib/python3.8/site-packages/airflow/example_dags/example_python_decorator.py
[2024-04-05T09:36:18.631+0000] {processor.py:830} INFO - Processing file /home/airflow/.local/lib/python3.8/site-packages/airflow/example_dags/example_python_decorator.py for tasks to queue
[2024-04-05T09:36:18.695+0000] {logging_mixin.py:188} INFO - [2024-04-05T09:36:18.664+0000] {dagbag.py:540} INFO - Filling up the DagBag from /home/airflow/.local/lib/python3.8/site-packages/airflow/example_dags/example_python_decorator.py
[2024-04-05T09:36:18.860+0000] {processor.py:840} INFO - DAG(s) 'example_python_decorator' retrieved from /home/airflow/.local/lib/python3.8/site-packages/airflow/example_dags/example_python_decorator.py
[2024-04-05T09:36:18.974+0000] {logging_mixin.py:188} INFO - [2024-04-05T09:36:18.973+0000] {dag.py:3047} INFO - Sync 1 DAGs
[2024-04-05T09:36:19.151+0000] {logging_mixin.py:188} INFO - [2024-04-05T09:36:19.150+0000] {dag.py:3834} INFO - Setting next_dagrun for example_python_decorator to None, run_after=None
[2024-04-05T09:36:19.406+0000] {processor.py:183} INFO - Processing /home/airflow/.local/lib/python3.8/site-packages/airflow/example_dags/example_python_decorator.py took 0.834 seconds
[2024-04-05T09:36:41.722+0000] {processor.py:161} INFO - Started process (PID=755) to work on /home/airflow/.local/lib/python3.8/site-packages/airflow/example_dags/example_python_decorator.py
[2024-04-05T09:36:41.734+0000] {processor.py:830} INFO - Processing file /home/airflow/.local/lib/python3.8/site-packages/airflow/example_dags/example_python_decorator.py for tasks to queue
[2024-04-05T09:36:41.759+0000] {logging_mixin.py:188} INFO - [2024-04-05T09:36:41.756+0000] {dagbag.py:540} INFO - Filling up the DagBag from /home/airflow/.local/lib/python3.8/site-packages/airflow/example_dags/example_python_decorator.py
[2024-04-05T09:36:41.888+0000] {processor.py:840} INFO - DAG(s) 'example_python_decorator' retrieved from /home/airflow/.local/lib/python3.8/site-packages/airflow/example_dags/example_python_decorator.py
[2024-04-05T09:36:42.079+0000] {logging_mixin.py:188} INFO - [2024-04-05T09:36:42.078+0000] {dag.py:3047} INFO - Sync 1 DAGs
[2024-04-05T09:36:42.197+0000] {logging_mixin.py:188} INFO - [2024-04-05T09:36:42.195+0000] {dag.py:3834} INFO - Setting next_dagrun for example_python_decorator to None, run_after=None
[2024-04-05T09:36:42.397+0000] {processor.py:183} INFO - Processing /home/airflow/.local/lib/python3.8/site-packages/airflow/example_dags/example_python_decorator.py took 0.692 seconds
[2024-04-05T09:37:02.307+0000] {processor.py:161} INFO - Started process (PID=805) to work on /home/airflow/.local/lib/python3.8/site-packages/airflow/example_dags/example_python_decorator.py
[2024-04-05T09:37:02.320+0000] {processor.py:830} INFO - Processing file /home/airflow/.local/lib/python3.8/site-packages/airflow/example_dags/example_python_decorator.py for tasks to queue
[2024-04-05T09:37:02.337+0000] {logging_mixin.py:188} INFO - [2024-04-05T09:37:02.336+0000] {dagbag.py:540} INFO - Filling up the DagBag from /home/airflow/.local/lib/python3.8/site-packages/airflow/example_dags/example_python_decorator.py
[2024-04-05T09:37:02.449+0000] {processor.py:840} INFO - DAG(s) 'example_python_decorator' retrieved from /home/airflow/.local/lib/python3.8/site-packages/airflow/example_dags/example_python_decorator.py
[2024-04-05T09:37:03.397+0000] {logging_mixin.py:188} INFO - [2024-04-05T09:37:03.396+0000] {dag.py:3047} INFO - Sync 1 DAGs
[2024-04-05T09:37:03.501+0000] {logging_mixin.py:188} INFO - [2024-04-05T09:37:03.500+0000] {dag.py:3834} INFO - Setting next_dagrun for example_python_decorator to None, run_after=None
[2024-04-05T09:37:03.626+0000] {processor.py:183} INFO - Processing /home/airflow/.local/lib/python3.8/site-packages/airflow/example_dags/example_python_decorator.py took 1.351 seconds
[2024-04-05T09:37:15.031+0000] {processor.py:161} INFO - Started process (PID=851) to work on /home/airflow/.local/lib/python3.8/site-packages/airflow/example_dags/example_python_decorator.py
[2024-04-05T09:37:15.042+0000] {processor.py:830} INFO - Processing file /home/airflow/.local/lib/python3.8/site-packages/airflow/example_dags/example_python_decorator.py for tasks to queue
[2024-04-05T09:37:15.055+0000] {logging_mixin.py:188} INFO - [2024-04-05T09:37:15.054+0000] {dagbag.py:540} INFO - Filling up the DagBag from /home/airflow/.local/lib/python3.8/site-packages/airflow/example_dags/example_python_decorator.py
[2024-04-05T09:37:15.171+0000] {processor.py:840} INFO - DAG(s) 'example_python_decorator' retrieved from /home/airflow/.local/lib/python3.8/site-packages/airflow/example_dags/example_python_decorator.py
[2024-04-05T09:37:15.286+0000] {logging_mixin.py:188} INFO - [2024-04-05T09:37:15.275+0000] {dag.py:3047} INFO - Sync 1 DAGs
[2024-04-05T09:37:15.440+0000] {logging_mixin.py:188} INFO - [2024-04-05T09:37:15.432+0000] {dag.py:3834} INFO - Setting next_dagrun for example_python_decorator to None, run_after=None
[2024-04-05T09:37:15.563+0000] {processor.py:183} INFO - Processing /home/airflow/.local/lib/python3.8/site-packages/airflow/example_dags/example_python_decorator.py took 0.544 seconds
[2024-04-05T09:37:44.182+0000] {processor.py:161} INFO - Started process (PID=915) to work on /home/airflow/.local/lib/python3.8/site-packages/airflow/example_dags/example_python_decorator.py
[2024-04-05T09:37:44.201+0000] {processor.py:830} INFO - Processing file /home/airflow/.local/lib/python3.8/site-packages/airflow/example_dags/example_python_decorator.py for tasks to queue
[2024-04-05T09:37:44.220+0000] {logging_mixin.py:188} INFO - [2024-04-05T09:37:44.216+0000] {dagbag.py:540} INFO - Filling up the DagBag from /home/airflow/.local/lib/python3.8/site-packages/airflow/example_dags/example_python_decorator.py
[2024-04-05T09:37:44.359+0000] {processor.py:840} INFO - DAG(s) 'example_python_decorator' retrieved from /home/airflow/.local/lib/python3.8/site-packages/airflow/example_dags/example_python_decorator.py
[2024-04-05T09:37:44.566+0000] {logging_mixin.py:188} INFO - [2024-04-05T09:37:44.565+0000] {dag.py:3047} INFO - Sync 1 DAGs
[2024-04-05T09:37:44.771+0000] {logging_mixin.py:188} INFO - [2024-04-05T09:37:44.771+0000] {dag.py:3834} INFO - Setting next_dagrun for example_python_decorator to None, run_after=None
[2024-04-05T09:37:44.957+0000] {processor.py:183} INFO - Processing /home/airflow/.local/lib/python3.8/site-packages/airflow/example_dags/example_python_decorator.py took 0.796 seconds
[2024-04-05T09:38:03.007+0000] {processor.py:161} INFO - Started process (PID=956) to work on /home/airflow/.local/lib/python3.8/site-packages/airflow/example_dags/example_python_decorator.py
[2024-04-05T09:38:03.038+0000] {processor.py:830} INFO - Processing file /home/airflow/.local/lib/python3.8/site-packages/airflow/example_dags/example_python_decorator.py for tasks to queue
[2024-04-05T09:38:03.104+0000] {logging_mixin.py:188} INFO - [2024-04-05T09:38:03.091+0000] {dagbag.py:540} INFO - Filling up the DagBag from /home/airflow/.local/lib/python3.8/site-packages/airflow/example_dags/example_python_decorator.py
[2024-04-05T09:38:03.348+0000] {processor.py:840} INFO - DAG(s) 'example_python_decorator' retrieved from /home/airflow/.local/lib/python3.8/site-packages/airflow/example_dags/example_python_decorator.py
[2024-04-05T09:38:04.365+0000] {logging_mixin.py:188} INFO - [2024-04-05T09:38:04.364+0000] {dag.py:3047} INFO - Sync 1 DAGs
[2024-04-05T09:38:04.522+0000] {logging_mixin.py:188} INFO - [2024-04-05T09:38:04.522+0000] {dag.py:3834} INFO - Setting next_dagrun for example_python_decorator to None, run_after=None
[2024-04-05T09:38:04.737+0000] {processor.py:183} INFO - Processing /home/airflow/.local/lib/python3.8/site-packages/airflow/example_dags/example_python_decorator.py took 1.770 seconds
[2024-04-05T09:38:20.414+0000] {processor.py:161} INFO - Started process (PID=1015) to work on /home/airflow/.local/lib/python3.8/site-packages/airflow/example_dags/example_python_decorator.py
[2024-04-05T09:38:20.432+0000] {processor.py:830} INFO - Processing file /home/airflow/.local/lib/python3.8/site-packages/airflow/example_dags/example_python_decorator.py for tasks to queue
[2024-04-05T09:38:20.464+0000] {logging_mixin.py:188} INFO - [2024-04-05T09:38:20.455+0000] {dagbag.py:540} INFO - Filling up the DagBag from /home/airflow/.local/lib/python3.8/site-packages/airflow/example_dags/example_python_decorator.py
[2024-04-05T09:38:20.658+0000] {processor.py:840} INFO - DAG(s) 'example_python_decorator' retrieved from /home/airflow/.local/lib/python3.8/site-packages/airflow/example_dags/example_python_decorator.py
[2024-04-05T09:38:20.764+0000] {logging_mixin.py:188} INFO - [2024-04-05T09:38:20.763+0000] {dag.py:3047} INFO - Sync 1 DAGs
[2024-04-05T09:38:20.976+0000] {logging_mixin.py:188} INFO - [2024-04-05T09:38:20.971+0000] {dag.py:3834} INFO - Setting next_dagrun for example_python_decorator to None, run_after=None
[2024-04-05T09:38:21.213+0000] {processor.py:183} INFO - Processing /home/airflow/.local/lib/python3.8/site-packages/airflow/example_dags/example_python_decorator.py took 0.829 seconds
