[2024-04-05T09:31:09.876+0000] {processor.py:161} INFO - Started process (PID=81) to work on /home/airflow/.local/lib/python3.8/site-packages/airflow/example_dags/example_external_task_marker_dag.py
[2024-04-05T09:31:09.878+0000] {processor.py:830} INFO - Processing file /home/airflow/.local/lib/python3.8/site-packages/airflow/example_dags/example_external_task_marker_dag.py for tasks to queue
[2024-04-05T09:31:09.881+0000] {logging_mixin.py:188} INFO - [2024-04-05T09:31:09.880+0000] {dagbag.py:540} INFO - Filling up the DagBag from /home/airflow/.local/lib/python3.8/site-packages/airflow/example_dags/example_external_task_marker_dag.py
[2024-04-05T09:31:09.890+0000] {processor.py:840} INFO - DAG(s) 'example_external_task_marker_parent', 'example_external_task_marker_child' retrieved from /home/airflow/.local/lib/python3.8/site-packages/airflow/example_dags/example_external_task_marker_dag.py
[2024-04-05T09:31:10.065+0000] {logging_mixin.py:188} INFO - [2024-04-05T09:31:10.064+0000] {dag.py:3047} INFO - Sync 2 DAGs
[2024-04-05T09:31:10.083+0000] {logging_mixin.py:188} INFO - [2024-04-05T09:31:10.082+0000] {dag.py:3834} INFO - Setting next_dagrun for example_external_task_marker_child to None, run_after=None
[2024-04-05T09:31:10.088+0000] {logging_mixin.py:188} INFO - [2024-04-05T09:31:10.087+0000] {dag.py:3834} INFO - Setting next_dagrun for example_external_task_marker_parent to None, run_after=None
[2024-04-05T09:31:10.119+0000] {processor.py:183} INFO - Processing /home/airflow/.local/lib/python3.8/site-packages/airflow/example_dags/example_external_task_marker_dag.py took 0.248 seconds
[2024-04-05T09:31:40.978+0000] {processor.py:161} INFO - Started process (PID=136) to work on /home/airflow/.local/lib/python3.8/site-packages/airflow/example_dags/example_external_task_marker_dag.py
[2024-04-05T09:31:40.980+0000] {processor.py:830} INFO - Processing file /home/airflow/.local/lib/python3.8/site-packages/airflow/example_dags/example_external_task_marker_dag.py for tasks to queue
[2024-04-05T09:31:40.985+0000] {logging_mixin.py:188} INFO - [2024-04-05T09:31:40.984+0000] {dagbag.py:540} INFO - Filling up the DagBag from /home/airflow/.local/lib/python3.8/site-packages/airflow/example_dags/example_external_task_marker_dag.py
[2024-04-05T09:31:41.005+0000] {processor.py:840} INFO - DAG(s) 'example_external_task_marker_child', 'example_external_task_marker_parent' retrieved from /home/airflow/.local/lib/python3.8/site-packages/airflow/example_dags/example_external_task_marker_dag.py
[2024-04-05T09:31:41.113+0000] {logging_mixin.py:188} INFO - [2024-04-05T09:31:41.112+0000] {dag.py:3047} INFO - Sync 2 DAGs
[2024-04-05T09:31:41.172+0000] {logging_mixin.py:188} INFO - [2024-04-05T09:31:41.172+0000] {dag.py:3834} INFO - Setting next_dagrun for example_external_task_marker_child to None, run_after=None
[2024-04-05T09:31:41.191+0000] {logging_mixin.py:188} INFO - [2024-04-05T09:31:41.191+0000] {dag.py:3834} INFO - Setting next_dagrun for example_external_task_marker_parent to None, run_after=None
[2024-04-05T09:31:41.257+0000] {processor.py:183} INFO - Processing /home/airflow/.local/lib/python3.8/site-packages/airflow/example_dags/example_external_task_marker_dag.py took 0.287 seconds
[2024-04-05T09:32:11.601+0000] {processor.py:161} INFO - Started process (PID=191) to work on /home/airflow/.local/lib/python3.8/site-packages/airflow/example_dags/example_external_task_marker_dag.py
[2024-04-05T09:32:11.605+0000] {processor.py:830} INFO - Processing file /home/airflow/.local/lib/python3.8/site-packages/airflow/example_dags/example_external_task_marker_dag.py for tasks to queue
[2024-04-05T09:32:11.609+0000] {logging_mixin.py:188} INFO - [2024-04-05T09:32:11.608+0000] {dagbag.py:540} INFO - Filling up the DagBag from /home/airflow/.local/lib/python3.8/site-packages/airflow/example_dags/example_external_task_marker_dag.py
[2024-04-05T09:32:11.627+0000] {processor.py:840} INFO - DAG(s) 'example_external_task_marker_parent', 'example_external_task_marker_child' retrieved from /home/airflow/.local/lib/python3.8/site-packages/airflow/example_dags/example_external_task_marker_dag.py
[2024-04-05T09:32:11.714+0000] {logging_mixin.py:188} INFO - [2024-04-05T09:32:11.714+0000] {dag.py:3047} INFO - Sync 2 DAGs
[2024-04-05T09:32:11.749+0000] {logging_mixin.py:188} INFO - [2024-04-05T09:32:11.748+0000] {dag.py:3834} INFO - Setting next_dagrun for example_external_task_marker_child to None, run_after=None
[2024-04-05T09:32:11.763+0000] {logging_mixin.py:188} INFO - [2024-04-05T09:32:11.762+0000] {dag.py:3834} INFO - Setting next_dagrun for example_external_task_marker_parent to None, run_after=None
[2024-04-05T09:32:11.813+0000] {processor.py:183} INFO - Processing /home/airflow/.local/lib/python3.8/site-packages/airflow/example_dags/example_external_task_marker_dag.py took 0.220 seconds
[2024-04-05T09:32:42.345+0000] {processor.py:161} INFO - Started process (PID=246) to work on /home/airflow/.local/lib/python3.8/site-packages/airflow/example_dags/example_external_task_marker_dag.py
[2024-04-05T09:32:42.346+0000] {processor.py:830} INFO - Processing file /home/airflow/.local/lib/python3.8/site-packages/airflow/example_dags/example_external_task_marker_dag.py for tasks to queue
[2024-04-05T09:32:42.349+0000] {logging_mixin.py:188} INFO - [2024-04-05T09:32:42.348+0000] {dagbag.py:540} INFO - Filling up the DagBag from /home/airflow/.local/lib/python3.8/site-packages/airflow/example_dags/example_external_task_marker_dag.py
[2024-04-05T09:32:42.356+0000] {processor.py:840} INFO - DAG(s) 'example_external_task_marker_parent', 'example_external_task_marker_child' retrieved from /home/airflow/.local/lib/python3.8/site-packages/airflow/example_dags/example_external_task_marker_dag.py
[2024-04-05T09:32:42.388+0000] {logging_mixin.py:188} INFO - [2024-04-05T09:32:42.387+0000] {dag.py:3047} INFO - Sync 2 DAGs
[2024-04-05T09:32:42.406+0000] {logging_mixin.py:188} INFO - [2024-04-05T09:32:42.406+0000] {dag.py:3834} INFO - Setting next_dagrun for example_external_task_marker_child to None, run_after=None
[2024-04-05T09:32:42.411+0000] {logging_mixin.py:188} INFO - [2024-04-05T09:32:42.410+0000] {dag.py:3834} INFO - Setting next_dagrun for example_external_task_marker_parent to None, run_after=None
[2024-04-05T09:32:42.435+0000] {processor.py:183} INFO - Processing /home/airflow/.local/lib/python3.8/site-packages/airflow/example_dags/example_external_task_marker_dag.py took 0.094 seconds
[2024-04-05T09:33:12.838+0000] {processor.py:161} INFO - Started process (PID=301) to work on /home/airflow/.local/lib/python3.8/site-packages/airflow/example_dags/example_external_task_marker_dag.py
[2024-04-05T09:33:12.840+0000] {processor.py:830} INFO - Processing file /home/airflow/.local/lib/python3.8/site-packages/airflow/example_dags/example_external_task_marker_dag.py for tasks to queue
[2024-04-05T09:33:12.842+0000] {logging_mixin.py:188} INFO - [2024-04-05T09:33:12.842+0000] {dagbag.py:540} INFO - Filling up the DagBag from /home/airflow/.local/lib/python3.8/site-packages/airflow/example_dags/example_external_task_marker_dag.py
[2024-04-05T09:33:12.850+0000] {processor.py:840} INFO - DAG(s) 'example_external_task_marker_child', 'example_external_task_marker_parent' retrieved from /home/airflow/.local/lib/python3.8/site-packages/airflow/example_dags/example_external_task_marker_dag.py
[2024-04-05T09:33:12.878+0000] {logging_mixin.py:188} INFO - [2024-04-05T09:33:12.878+0000] {dag.py:3047} INFO - Sync 2 DAGs
[2024-04-05T09:33:12.895+0000] {logging_mixin.py:188} INFO - [2024-04-05T09:33:12.895+0000] {dag.py:3834} INFO - Setting next_dagrun for example_external_task_marker_child to None, run_after=None
[2024-04-05T09:33:12.900+0000] {logging_mixin.py:188} INFO - [2024-04-05T09:33:12.900+0000] {dag.py:3834} INFO - Setting next_dagrun for example_external_task_marker_parent to None, run_after=None
[2024-04-05T09:33:12.926+0000] {processor.py:183} INFO - Processing /home/airflow/.local/lib/python3.8/site-packages/airflow/example_dags/example_external_task_marker_dag.py took 0.091 seconds
[2024-04-05T09:33:43.568+0000] {processor.py:161} INFO - Started process (PID=356) to work on /home/airflow/.local/lib/python3.8/site-packages/airflow/example_dags/example_external_task_marker_dag.py
[2024-04-05T09:33:43.569+0000] {processor.py:830} INFO - Processing file /home/airflow/.local/lib/python3.8/site-packages/airflow/example_dags/example_external_task_marker_dag.py for tasks to queue
[2024-04-05T09:33:43.572+0000] {logging_mixin.py:188} INFO - [2024-04-05T09:33:43.572+0000] {dagbag.py:540} INFO - Filling up the DagBag from /home/airflow/.local/lib/python3.8/site-packages/airflow/example_dags/example_external_task_marker_dag.py
[2024-04-05T09:33:43.580+0000] {processor.py:840} INFO - DAG(s) 'example_external_task_marker_parent', 'example_external_task_marker_child' retrieved from /home/airflow/.local/lib/python3.8/site-packages/airflow/example_dags/example_external_task_marker_dag.py
[2024-04-05T09:33:43.614+0000] {logging_mixin.py:188} INFO - [2024-04-05T09:33:43.614+0000] {dag.py:3047} INFO - Sync 2 DAGs
[2024-04-05T09:33:43.631+0000] {logging_mixin.py:188} INFO - [2024-04-05T09:33:43.631+0000] {dag.py:3834} INFO - Setting next_dagrun for example_external_task_marker_child to None, run_after=None
[2024-04-05T09:33:43.638+0000] {logging_mixin.py:188} INFO - [2024-04-05T09:33:43.637+0000] {dag.py:3834} INFO - Setting next_dagrun for example_external_task_marker_parent to None, run_after=None
[2024-04-05T09:33:43.661+0000] {processor.py:183} INFO - Processing /home/airflow/.local/lib/python3.8/site-packages/airflow/example_dags/example_external_task_marker_dag.py took 0.099 seconds
[2024-04-05T09:34:14.058+0000] {processor.py:161} INFO - Started process (PID=411) to work on /home/airflow/.local/lib/python3.8/site-packages/airflow/example_dags/example_external_task_marker_dag.py
[2024-04-05T09:34:14.061+0000] {processor.py:830} INFO - Processing file /home/airflow/.local/lib/python3.8/site-packages/airflow/example_dags/example_external_task_marker_dag.py for tasks to queue
[2024-04-05T09:34:14.065+0000] {logging_mixin.py:188} INFO - [2024-04-05T09:34:14.065+0000] {dagbag.py:540} INFO - Filling up the DagBag from /home/airflow/.local/lib/python3.8/site-packages/airflow/example_dags/example_external_task_marker_dag.py
[2024-04-05T09:34:14.082+0000] {processor.py:840} INFO - DAG(s) 'example_external_task_marker_parent', 'example_external_task_marker_child' retrieved from /home/airflow/.local/lib/python3.8/site-packages/airflow/example_dags/example_external_task_marker_dag.py
[2024-04-05T09:34:14.150+0000] {logging_mixin.py:188} INFO - [2024-04-05T09:34:14.149+0000] {dag.py:3047} INFO - Sync 2 DAGs
[2024-04-05T09:34:14.179+0000] {logging_mixin.py:188} INFO - [2024-04-05T09:34:14.178+0000] {dag.py:3834} INFO - Setting next_dagrun for example_external_task_marker_child to None, run_after=None
[2024-04-05T09:34:14.186+0000] {logging_mixin.py:188} INFO - [2024-04-05T09:34:14.185+0000] {dag.py:3834} INFO - Setting next_dagrun for example_external_task_marker_parent to None, run_after=None
[2024-04-05T09:34:14.227+0000] {processor.py:183} INFO - Processing /home/airflow/.local/lib/python3.8/site-packages/airflow/example_dags/example_external_task_marker_dag.py took 0.177 seconds
[2024-04-05T09:34:44.950+0000] {processor.py:161} INFO - Started process (PID=466) to work on /home/airflow/.local/lib/python3.8/site-packages/airflow/example_dags/example_external_task_marker_dag.py
[2024-04-05T09:34:44.952+0000] {processor.py:830} INFO - Processing file /home/airflow/.local/lib/python3.8/site-packages/airflow/example_dags/example_external_task_marker_dag.py for tasks to queue
[2024-04-05T09:34:44.955+0000] {logging_mixin.py:188} INFO - [2024-04-05T09:34:44.954+0000] {dagbag.py:540} INFO - Filling up the DagBag from /home/airflow/.local/lib/python3.8/site-packages/airflow/example_dags/example_external_task_marker_dag.py
[2024-04-05T09:34:44.966+0000] {processor.py:840} INFO - DAG(s) 'example_external_task_marker_child', 'example_external_task_marker_parent' retrieved from /home/airflow/.local/lib/python3.8/site-packages/airflow/example_dags/example_external_task_marker_dag.py
[2024-04-05T09:34:45.008+0000] {logging_mixin.py:188} INFO - [2024-04-05T09:34:45.008+0000] {dag.py:3047} INFO - Sync 2 DAGs
[2024-04-05T09:34:45.031+0000] {logging_mixin.py:188} INFO - [2024-04-05T09:34:45.030+0000] {dag.py:3834} INFO - Setting next_dagrun for example_external_task_marker_child to None, run_after=None
[2024-04-05T09:34:45.044+0000] {logging_mixin.py:188} INFO - [2024-04-05T09:34:45.043+0000] {dag.py:3834} INFO - Setting next_dagrun for example_external_task_marker_parent to None, run_after=None
[2024-04-05T09:34:45.071+0000] {processor.py:183} INFO - Processing /home/airflow/.local/lib/python3.8/site-packages/airflow/example_dags/example_external_task_marker_dag.py took 0.126 seconds
[2024-04-05T09:35:15.240+0000] {processor.py:161} INFO - Started process (PID=521) to work on /home/airflow/.local/lib/python3.8/site-packages/airflow/example_dags/example_external_task_marker_dag.py
[2024-04-05T09:35:15.241+0000] {processor.py:830} INFO - Processing file /home/airflow/.local/lib/python3.8/site-packages/airflow/example_dags/example_external_task_marker_dag.py for tasks to queue
[2024-04-05T09:35:15.244+0000] {logging_mixin.py:188} INFO - [2024-04-05T09:35:15.243+0000] {dagbag.py:540} INFO - Filling up the DagBag from /home/airflow/.local/lib/python3.8/site-packages/airflow/example_dags/example_external_task_marker_dag.py
[2024-04-05T09:35:15.251+0000] {processor.py:840} INFO - DAG(s) 'example_external_task_marker_child', 'example_external_task_marker_parent' retrieved from /home/airflow/.local/lib/python3.8/site-packages/airflow/example_dags/example_external_task_marker_dag.py
[2024-04-05T09:35:15.282+0000] {logging_mixin.py:188} INFO - [2024-04-05T09:35:15.282+0000] {dag.py:3047} INFO - Sync 2 DAGs
[2024-04-05T09:35:15.297+0000] {logging_mixin.py:188} INFO - [2024-04-05T09:35:15.297+0000] {dag.py:3834} INFO - Setting next_dagrun for example_external_task_marker_child to None, run_after=None
[2024-04-05T09:35:15.304+0000] {logging_mixin.py:188} INFO - [2024-04-05T09:35:15.303+0000] {dag.py:3834} INFO - Setting next_dagrun for example_external_task_marker_parent to None, run_after=None
[2024-04-05T09:35:15.326+0000] {processor.py:183} INFO - Processing /home/airflow/.local/lib/python3.8/site-packages/airflow/example_dags/example_external_task_marker_dag.py took 0.092 seconds
[2024-04-05T09:35:45.567+0000] {processor.py:161} INFO - Started process (PID=601) to work on /home/airflow/.local/lib/python3.8/site-packages/airflow/example_dags/example_external_task_marker_dag.py
[2024-04-05T09:35:45.569+0000] {processor.py:830} INFO - Processing file /home/airflow/.local/lib/python3.8/site-packages/airflow/example_dags/example_external_task_marker_dag.py for tasks to queue
[2024-04-05T09:35:45.573+0000] {logging_mixin.py:188} INFO - [2024-04-05T09:35:45.572+0000] {dagbag.py:540} INFO - Filling up the DagBag from /home/airflow/.local/lib/python3.8/site-packages/airflow/example_dags/example_external_task_marker_dag.py
[2024-04-05T09:35:45.585+0000] {processor.py:840} INFO - DAG(s) 'example_external_task_marker_parent', 'example_external_task_marker_child' retrieved from /home/airflow/.local/lib/python3.8/site-packages/airflow/example_dags/example_external_task_marker_dag.py
[2024-04-05T09:35:45.626+0000] {logging_mixin.py:188} INFO - [2024-04-05T09:35:45.626+0000] {dag.py:3047} INFO - Sync 2 DAGs
[2024-04-05T09:35:45.655+0000] {logging_mixin.py:188} INFO - [2024-04-05T09:35:45.655+0000] {dag.py:3834} INFO - Setting next_dagrun for example_external_task_marker_child to None, run_after=None
[2024-04-05T09:35:45.664+0000] {logging_mixin.py:188} INFO - [2024-04-05T09:35:45.663+0000] {dag.py:3834} INFO - Setting next_dagrun for example_external_task_marker_parent to None, run_after=None
[2024-04-05T09:35:45.697+0000] {processor.py:183} INFO - Processing /home/airflow/.local/lib/python3.8/site-packages/airflow/example_dags/example_external_task_marker_dag.py took 0.137 seconds
[2024-04-05T09:35:54.542+0000] {processor.py:161} INFO - Started process (PID=652) to work on /home/airflow/.local/lib/python3.8/site-packages/airflow/example_dags/example_external_task_marker_dag.py
[2024-04-05T09:35:54.548+0000] {processor.py:830} INFO - Processing file /home/airflow/.local/lib/python3.8/site-packages/airflow/example_dags/example_external_task_marker_dag.py for tasks to queue
[2024-04-05T09:35:54.554+0000] {logging_mixin.py:188} INFO - [2024-04-05T09:35:54.553+0000] {dagbag.py:540} INFO - Filling up the DagBag from /home/airflow/.local/lib/python3.8/site-packages/airflow/example_dags/example_external_task_marker_dag.py
[2024-04-05T09:35:54.581+0000] {processor.py:840} INFO - DAG(s) 'example_external_task_marker_parent', 'example_external_task_marker_child' retrieved from /home/airflow/.local/lib/python3.8/site-packages/airflow/example_dags/example_external_task_marker_dag.py
[2024-04-05T09:35:54.707+0000] {logging_mixin.py:188} INFO - [2024-04-05T09:35:54.706+0000] {dag.py:3047} INFO - Sync 2 DAGs
[2024-04-05T09:35:54.761+0000] {logging_mixin.py:188} INFO - [2024-04-05T09:35:54.759+0000] {dag.py:3834} INFO - Setting next_dagrun for example_external_task_marker_child to None, run_after=None
[2024-04-05T09:35:54.830+0000] {logging_mixin.py:188} INFO - [2024-04-05T09:35:54.829+0000] {dag.py:3834} INFO - Setting next_dagrun for example_external_task_marker_parent to None, run_after=None
[2024-04-05T09:35:54.917+0000] {processor.py:183} INFO - Processing /home/airflow/.local/lib/python3.8/site-packages/airflow/example_dags/example_external_task_marker_dag.py took 0.389 seconds
[2024-04-05T09:36:25.936+0000] {processor.py:161} INFO - Started process (PID=720) to work on /home/airflow/.local/lib/python3.8/site-packages/airflow/example_dags/example_external_task_marker_dag.py
[2024-04-05T09:36:25.959+0000] {processor.py:830} INFO - Processing file /home/airflow/.local/lib/python3.8/site-packages/airflow/example_dags/example_external_task_marker_dag.py for tasks to queue
[2024-04-05T09:36:25.978+0000] {logging_mixin.py:188} INFO - [2024-04-05T09:36:25.977+0000] {dagbag.py:540} INFO - Filling up the DagBag from /home/airflow/.local/lib/python3.8/site-packages/airflow/example_dags/example_external_task_marker_dag.py
[2024-04-05T09:36:26.064+0000] {processor.py:840} INFO - DAG(s) 'example_external_task_marker_child', 'example_external_task_marker_parent' retrieved from /home/airflow/.local/lib/python3.8/site-packages/airflow/example_dags/example_external_task_marker_dag.py
[2024-04-05T09:36:26.330+0000] {logging_mixin.py:188} INFO - [2024-04-05T09:36:26.329+0000] {dag.py:3047} INFO - Sync 2 DAGs
[2024-04-05T09:36:26.418+0000] {logging_mixin.py:188} INFO - [2024-04-05T09:36:26.417+0000] {dag.py:3834} INFO - Setting next_dagrun for example_external_task_marker_child to None, run_after=None
[2024-04-05T09:36:26.470+0000] {logging_mixin.py:188} INFO - [2024-04-05T09:36:26.461+0000] {dag.py:3834} INFO - Setting next_dagrun for example_external_task_marker_parent to None, run_after=None
[2024-04-05T09:36:26.634+0000] {processor.py:183} INFO - Processing /home/airflow/.local/lib/python3.8/site-packages/airflow/example_dags/example_external_task_marker_dag.py took 0.713 seconds
[2024-04-05T09:36:50.668+0000] {processor.py:161} INFO - Started process (PID=776) to work on /home/airflow/.local/lib/python3.8/site-packages/airflow/example_dags/example_external_task_marker_dag.py
[2024-04-05T09:36:50.689+0000] {processor.py:830} INFO - Processing file /home/airflow/.local/lib/python3.8/site-packages/airflow/example_dags/example_external_task_marker_dag.py for tasks to queue
[2024-04-05T09:36:50.716+0000] {logging_mixin.py:188} INFO - [2024-04-05T09:36:50.712+0000] {dagbag.py:540} INFO - Filling up the DagBag from /home/airflow/.local/lib/python3.8/site-packages/airflow/example_dags/example_external_task_marker_dag.py
[2024-04-05T09:36:50.784+0000] {processor.py:840} INFO - DAG(s) 'example_external_task_marker_child', 'example_external_task_marker_parent' retrieved from /home/airflow/.local/lib/python3.8/site-packages/airflow/example_dags/example_external_task_marker_dag.py
[2024-04-05T09:36:51.154+0000] {logging_mixin.py:188} INFO - [2024-04-05T09:36:51.142+0000] {dag.py:3047} INFO - Sync 2 DAGs
[2024-04-05T09:36:51.361+0000] {logging_mixin.py:188} INFO - [2024-04-05T09:36:51.348+0000] {dag.py:3834} INFO - Setting next_dagrun for example_external_task_marker_child to None, run_after=None
[2024-04-05T09:36:51.416+0000] {logging_mixin.py:188} INFO - [2024-04-05T09:36:51.414+0000] {dag.py:3834} INFO - Setting next_dagrun for example_external_task_marker_parent to None, run_after=None
[2024-04-05T09:36:51.614+0000] {processor.py:183} INFO - Processing /home/airflow/.local/lib/python3.8/site-packages/airflow/example_dags/example_external_task_marker_dag.py took 0.989 seconds
[2024-04-05T09:37:10.768+0000] {processor.py:161} INFO - Started process (PID=837) to work on /home/airflow/.local/lib/python3.8/site-packages/airflow/example_dags/example_external_task_marker_dag.py
[2024-04-05T09:37:10.799+0000] {processor.py:830} INFO - Processing file /home/airflow/.local/lib/python3.8/site-packages/airflow/example_dags/example_external_task_marker_dag.py for tasks to queue
[2024-04-05T09:37:10.804+0000] {logging_mixin.py:188} INFO - [2024-04-05T09:37:10.803+0000] {dagbag.py:540} INFO - Filling up the DagBag from /home/airflow/.local/lib/python3.8/site-packages/airflow/example_dags/example_external_task_marker_dag.py
[2024-04-05T09:37:10.869+0000] {processor.py:840} INFO - DAG(s) 'example_external_task_marker_parent', 'example_external_task_marker_child' retrieved from /home/airflow/.local/lib/python3.8/site-packages/airflow/example_dags/example_external_task_marker_dag.py
[2024-04-05T09:37:11.113+0000] {logging_mixin.py:188} INFO - [2024-04-05T09:37:11.112+0000] {dag.py:3047} INFO - Sync 2 DAGs
[2024-04-05T09:37:11.287+0000] {logging_mixin.py:188} INFO - [2024-04-05T09:37:11.286+0000] {dag.py:3834} INFO - Setting next_dagrun for example_external_task_marker_child to None, run_after=None
[2024-04-05T09:37:11.327+0000] {logging_mixin.py:188} INFO - [2024-04-05T09:37:11.326+0000] {dag.py:3834} INFO - Setting next_dagrun for example_external_task_marker_parent to None, run_after=None
[2024-04-05T09:37:11.519+0000] {processor.py:183} INFO - Processing /home/airflow/.local/lib/python3.8/site-packages/airflow/example_dags/example_external_task_marker_dag.py took 0.779 seconds
[2024-04-05T09:37:31.248+0000] {processor.py:161} INFO - Started process (PID=884) to work on /home/airflow/.local/lib/python3.8/site-packages/airflow/example_dags/example_external_task_marker_dag.py
[2024-04-05T09:37:31.265+0000] {processor.py:830} INFO - Processing file /home/airflow/.local/lib/python3.8/site-packages/airflow/example_dags/example_external_task_marker_dag.py for tasks to queue
[2024-04-05T09:37:31.286+0000] {logging_mixin.py:188} INFO - [2024-04-05T09:37:31.285+0000] {dagbag.py:540} INFO - Filling up the DagBag from /home/airflow/.local/lib/python3.8/site-packages/airflow/example_dags/example_external_task_marker_dag.py
[2024-04-05T09:37:31.400+0000] {processor.py:840} INFO - DAG(s) 'example_external_task_marker_parent', 'example_external_task_marker_child' retrieved from /home/airflow/.local/lib/python3.8/site-packages/airflow/example_dags/example_external_task_marker_dag.py
[2024-04-05T09:37:31.695+0000] {logging_mixin.py:188} INFO - [2024-04-05T09:37:31.694+0000] {dag.py:3047} INFO - Sync 2 DAGs
[2024-04-05T09:37:31.870+0000] {logging_mixin.py:188} INFO - [2024-04-05T09:37:31.857+0000] {dag.py:3834} INFO - Setting next_dagrun for example_external_task_marker_child to None, run_after=None
[2024-04-05T09:37:31.935+0000] {logging_mixin.py:188} INFO - [2024-04-05T09:37:31.920+0000] {dag.py:3834} INFO - Setting next_dagrun for example_external_task_marker_parent to None, run_after=None
[2024-04-05T09:37:32.164+0000] {processor.py:183} INFO - Processing /home/airflow/.local/lib/python3.8/site-packages/airflow/example_dags/example_external_task_marker_dag.py took 0.976 seconds
[2024-04-05T09:38:03.618+0000] {processor.py:161} INFO - Started process (PID=958) to work on /home/airflow/.local/lib/python3.8/site-packages/airflow/example_dags/example_external_task_marker_dag.py
[2024-04-05T09:38:03.631+0000] {processor.py:830} INFO - Processing file /home/airflow/.local/lib/python3.8/site-packages/airflow/example_dags/example_external_task_marker_dag.py for tasks to queue
[2024-04-05T09:38:03.648+0000] {logging_mixin.py:188} INFO - [2024-04-05T09:38:03.646+0000] {dagbag.py:540} INFO - Filling up the DagBag from /home/airflow/.local/lib/python3.8/site-packages/airflow/example_dags/example_external_task_marker_dag.py
[2024-04-05T09:38:03.693+0000] {processor.py:840} INFO - DAG(s) 'example_external_task_marker_child', 'example_external_task_marker_parent' retrieved from /home/airflow/.local/lib/python3.8/site-packages/airflow/example_dags/example_external_task_marker_dag.py
[2024-04-05T09:38:03.851+0000] {logging_mixin.py:188} INFO - [2024-04-05T09:38:03.850+0000] {dag.py:3047} INFO - Sync 2 DAGs
[2024-04-05T09:38:03.952+0000] {logging_mixin.py:188} INFO - [2024-04-05T09:38:03.951+0000] {dag.py:3834} INFO - Setting next_dagrun for example_external_task_marker_child to None, run_after=None
[2024-04-05T09:38:03.996+0000] {logging_mixin.py:188} INFO - [2024-04-05T09:38:03.993+0000] {dag.py:3834} INFO - Setting next_dagrun for example_external_task_marker_parent to None, run_after=None
[2024-04-05T09:38:04.114+0000] {processor.py:183} INFO - Processing /home/airflow/.local/lib/python3.8/site-packages/airflow/example_dags/example_external_task_marker_dag.py took 0.528 seconds
[2024-04-05T09:38:09.535+0000] {processor.py:161} INFO - Started process (PID=991) to work on /home/airflow/.local/lib/python3.8/site-packages/airflow/example_dags/example_external_task_marker_dag.py
[2024-04-05T09:38:09.564+0000] {processor.py:830} INFO - Processing file /home/airflow/.local/lib/python3.8/site-packages/airflow/example_dags/example_external_task_marker_dag.py for tasks to queue
[2024-04-05T09:38:09.596+0000] {logging_mixin.py:188} INFO - [2024-04-05T09:38:09.595+0000] {dagbag.py:540} INFO - Filling up the DagBag from /home/airflow/.local/lib/python3.8/site-packages/airflow/example_dags/example_external_task_marker_dag.py
[2024-04-05T09:38:09.658+0000] {processor.py:840} INFO - DAG(s) 'example_external_task_marker_parent', 'example_external_task_marker_child' retrieved from /home/airflow/.local/lib/python3.8/site-packages/airflow/example_dags/example_external_task_marker_dag.py
[2024-04-05T09:38:09.887+0000] {logging_mixin.py:188} INFO - [2024-04-05T09:38:09.886+0000] {dag.py:3047} INFO - Sync 2 DAGs
[2024-04-05T09:38:10.059+0000] {logging_mixin.py:188} INFO - [2024-04-05T09:38:10.056+0000] {dag.py:3834} INFO - Setting next_dagrun for example_external_task_marker_child to None, run_after=None
[2024-04-05T09:38:10.114+0000] {logging_mixin.py:188} INFO - [2024-04-05T09:38:10.103+0000] {dag.py:3834} INFO - Setting next_dagrun for example_external_task_marker_parent to None, run_after=None
[2024-04-05T09:38:10.275+0000] {processor.py:183} INFO - Processing /home/airflow/.local/lib/python3.8/site-packages/airflow/example_dags/example_external_task_marker_dag.py took 0.765 seconds
