[2024-04-05T09:31:02.343+0000] {processor.py:161} INFO - Started process (PID=45) to work on /home/airflow/.local/lib/python3.8/site-packages/airflow/example_dags/example_task_group_decorator.py
[2024-04-05T09:31:02.346+0000] {processor.py:830} INFO - Processing file /home/airflow/.local/lib/python3.8/site-packages/airflow/example_dags/example_task_group_decorator.py for tasks to queue
[2024-04-05T09:31:02.352+0000] {logging_mixin.py:188} INFO - [2024-04-05T09:31:02.351+0000] {dagbag.py:540} INFO - Filling up the DagBag from /home/airflow/.local/lib/python3.8/site-packages/airflow/example_dags/example_task_group_decorator.py
[2024-04-05T09:31:02.402+0000] {processor.py:840} INFO - DAG(s) 'example_task_group_decorator' retrieved from /home/airflow/.local/lib/python3.8/site-packages/airflow/example_dags/example_task_group_decorator.py
[2024-04-05T09:31:02.693+0000] {logging_mixin.py:188} INFO - [2024-04-05T09:31:02.693+0000] {dag.py:3047} INFO - Sync 1 DAGs
[2024-04-05T09:31:02.746+0000] {logging_mixin.py:188} INFO - [2024-04-05T09:31:02.746+0000] {dag.py:3834} INFO - Setting next_dagrun for example_task_group_decorator to 2024-04-04 00:00:00+00:00, run_after=2024-04-05 00:00:00+00:00
[2024-04-05T09:31:02.819+0000] {processor.py:183} INFO - Processing /home/airflow/.local/lib/python3.8/site-packages/airflow/example_dags/example_task_group_decorator.py took 0.482 seconds
[2024-04-05T09:31:33.095+0000] {processor.py:161} INFO - Started process (PID=100) to work on /home/airflow/.local/lib/python3.8/site-packages/airflow/example_dags/example_task_group_decorator.py
[2024-04-05T09:31:33.096+0000] {processor.py:830} INFO - Processing file /home/airflow/.local/lib/python3.8/site-packages/airflow/example_dags/example_task_group_decorator.py for tasks to queue
[2024-04-05T09:31:33.098+0000] {logging_mixin.py:188} INFO - [2024-04-05T09:31:33.098+0000] {dagbag.py:540} INFO - Filling up the DagBag from /home/airflow/.local/lib/python3.8/site-packages/airflow/example_dags/example_task_group_decorator.py
[2024-04-05T09:31:33.119+0000] {processor.py:840} INFO - DAG(s) 'example_task_group_decorator' retrieved from /home/airflow/.local/lib/python3.8/site-packages/airflow/example_dags/example_task_group_decorator.py
[2024-04-05T09:31:33.192+0000] {logging_mixin.py:188} INFO - [2024-04-05T09:31:33.191+0000] {dag.py:3047} INFO - Sync 1 DAGs
[2024-04-05T09:31:33.235+0000] {logging_mixin.py:188} INFO - [2024-04-05T09:31:33.235+0000] {dag.py:3834} INFO - Setting next_dagrun for example_task_group_decorator to 2024-04-04 00:00:00+00:00, run_after=2024-04-05 00:00:00+00:00
[2024-04-05T09:31:33.293+0000] {processor.py:183} INFO - Processing /home/airflow/.local/lib/python3.8/site-packages/airflow/example_dags/example_task_group_decorator.py took 0.203 seconds
[2024-04-05T09:32:03.480+0000] {processor.py:161} INFO - Started process (PID=161) to work on /home/airflow/.local/lib/python3.8/site-packages/airflow/example_dags/example_task_group_decorator.py
[2024-04-05T09:32:03.481+0000] {processor.py:830} INFO - Processing file /home/airflow/.local/lib/python3.8/site-packages/airflow/example_dags/example_task_group_decorator.py for tasks to queue
[2024-04-05T09:32:03.484+0000] {logging_mixin.py:188} INFO - [2024-04-05T09:32:03.483+0000] {dagbag.py:540} INFO - Filling up the DagBag from /home/airflow/.local/lib/python3.8/site-packages/airflow/example_dags/example_task_group_decorator.py
[2024-04-05T09:32:03.498+0000] {processor.py:840} INFO - DAG(s) 'example_task_group_decorator' retrieved from /home/airflow/.local/lib/python3.8/site-packages/airflow/example_dags/example_task_group_decorator.py
[2024-04-05T09:32:03.529+0000] {logging_mixin.py:188} INFO - [2024-04-05T09:32:03.529+0000] {dag.py:3047} INFO - Sync 1 DAGs
[2024-04-05T09:32:03.554+0000] {logging_mixin.py:188} INFO - [2024-04-05T09:32:03.554+0000] {dag.py:3834} INFO - Setting next_dagrun for example_task_group_decorator to 2024-04-04 00:00:00+00:00, run_after=2024-04-05 00:00:00+00:00
[2024-04-05T09:32:03.575+0000] {processor.py:183} INFO - Processing /home/airflow/.local/lib/python3.8/site-packages/airflow/example_dags/example_task_group_decorator.py took 0.099 seconds
[2024-04-05T09:32:34.310+0000] {processor.py:161} INFO - Started process (PID=216) to work on /home/airflow/.local/lib/python3.8/site-packages/airflow/example_dags/example_task_group_decorator.py
[2024-04-05T09:32:34.311+0000] {processor.py:830} INFO - Processing file /home/airflow/.local/lib/python3.8/site-packages/airflow/example_dags/example_task_group_decorator.py for tasks to queue
[2024-04-05T09:32:34.314+0000] {logging_mixin.py:188} INFO - [2024-04-05T09:32:34.314+0000] {dagbag.py:540} INFO - Filling up the DagBag from /home/airflow/.local/lib/python3.8/site-packages/airflow/example_dags/example_task_group_decorator.py
[2024-04-05T09:32:34.332+0000] {processor.py:840} INFO - DAG(s) 'example_task_group_decorator' retrieved from /home/airflow/.local/lib/python3.8/site-packages/airflow/example_dags/example_task_group_decorator.py
[2024-04-05T09:32:34.366+0000] {logging_mixin.py:188} INFO - [2024-04-05T09:32:34.366+0000] {dag.py:3047} INFO - Sync 1 DAGs
[2024-04-05T09:32:34.403+0000] {logging_mixin.py:188} INFO - [2024-04-05T09:32:34.403+0000] {dag.py:3834} INFO - Setting next_dagrun for example_task_group_decorator to 2024-04-04 00:00:00+00:00, run_after=2024-04-05 00:00:00+00:00
[2024-04-05T09:32:34.439+0000] {processor.py:183} INFO - Processing /home/airflow/.local/lib/python3.8/site-packages/airflow/example_dags/example_task_group_decorator.py took 0.133 seconds
[2024-04-05T09:33:04.816+0000] {processor.py:161} INFO - Started process (PID=271) to work on /home/airflow/.local/lib/python3.8/site-packages/airflow/example_dags/example_task_group_decorator.py
[2024-04-05T09:33:04.819+0000] {processor.py:830} INFO - Processing file /home/airflow/.local/lib/python3.8/site-packages/airflow/example_dags/example_task_group_decorator.py for tasks to queue
[2024-04-05T09:33:04.823+0000] {logging_mixin.py:188} INFO - [2024-04-05T09:33:04.822+0000] {dagbag.py:540} INFO - Filling up the DagBag from /home/airflow/.local/lib/python3.8/site-packages/airflow/example_dags/example_task_group_decorator.py
[2024-04-05T09:33:04.847+0000] {processor.py:840} INFO - DAG(s) 'example_task_group_decorator' retrieved from /home/airflow/.local/lib/python3.8/site-packages/airflow/example_dags/example_task_group_decorator.py
[2024-04-05T09:33:04.893+0000] {logging_mixin.py:188} INFO - [2024-04-05T09:33:04.893+0000] {dag.py:3047} INFO - Sync 1 DAGs
[2024-04-05T09:33:04.928+0000] {logging_mixin.py:188} INFO - [2024-04-05T09:33:04.927+0000] {dag.py:3834} INFO - Setting next_dagrun for example_task_group_decorator to 2024-04-04 00:00:00+00:00, run_after=2024-04-05 00:00:00+00:00
[2024-04-05T09:33:04.955+0000] {processor.py:183} INFO - Processing /home/airflow/.local/lib/python3.8/site-packages/airflow/example_dags/example_task_group_decorator.py took 0.148 seconds
[2024-04-05T09:33:35.219+0000] {processor.py:161} INFO - Started process (PID=326) to work on /home/airflow/.local/lib/python3.8/site-packages/airflow/example_dags/example_task_group_decorator.py
[2024-04-05T09:33:35.223+0000] {processor.py:830} INFO - Processing file /home/airflow/.local/lib/python3.8/site-packages/airflow/example_dags/example_task_group_decorator.py for tasks to queue
[2024-04-05T09:33:35.228+0000] {logging_mixin.py:188} INFO - [2024-04-05T09:33:35.227+0000] {dagbag.py:540} INFO - Filling up the DagBag from /home/airflow/.local/lib/python3.8/site-packages/airflow/example_dags/example_task_group_decorator.py
[2024-04-05T09:33:35.257+0000] {processor.py:840} INFO - DAG(s) 'example_task_group_decorator' retrieved from /home/airflow/.local/lib/python3.8/site-packages/airflow/example_dags/example_task_group_decorator.py
[2024-04-05T09:33:35.300+0000] {logging_mixin.py:188} INFO - [2024-04-05T09:33:35.300+0000] {dag.py:3047} INFO - Sync 1 DAGs
[2024-04-05T09:33:35.336+0000] {logging_mixin.py:188} INFO - [2024-04-05T09:33:35.335+0000] {dag.py:3834} INFO - Setting next_dagrun for example_task_group_decorator to 2024-04-04 00:00:00+00:00, run_after=2024-04-05 00:00:00+00:00
[2024-04-05T09:33:35.360+0000] {processor.py:183} INFO - Processing /home/airflow/.local/lib/python3.8/site-packages/airflow/example_dags/example_task_group_decorator.py took 0.147 seconds
[2024-04-05T09:34:05.663+0000] {processor.py:161} INFO - Started process (PID=381) to work on /home/airflow/.local/lib/python3.8/site-packages/airflow/example_dags/example_task_group_decorator.py
[2024-04-05T09:34:05.666+0000] {processor.py:830} INFO - Processing file /home/airflow/.local/lib/python3.8/site-packages/airflow/example_dags/example_task_group_decorator.py for tasks to queue
[2024-04-05T09:34:05.669+0000] {logging_mixin.py:188} INFO - [2024-04-05T09:34:05.668+0000] {dagbag.py:540} INFO - Filling up the DagBag from /home/airflow/.local/lib/python3.8/site-packages/airflow/example_dags/example_task_group_decorator.py
[2024-04-05T09:34:05.694+0000] {processor.py:840} INFO - DAG(s) 'example_task_group_decorator' retrieved from /home/airflow/.local/lib/python3.8/site-packages/airflow/example_dags/example_task_group_decorator.py
[2024-04-05T09:34:05.734+0000] {logging_mixin.py:188} INFO - [2024-04-05T09:34:05.733+0000] {dag.py:3047} INFO - Sync 1 DAGs
[2024-04-05T09:34:05.771+0000] {logging_mixin.py:188} INFO - [2024-04-05T09:34:05.770+0000] {dag.py:3834} INFO - Setting next_dagrun for example_task_group_decorator to 2024-04-04 00:00:00+00:00, run_after=2024-04-05 00:00:00+00:00
[2024-04-05T09:34:05.798+0000] {processor.py:183} INFO - Processing /home/airflow/.local/lib/python3.8/site-packages/airflow/example_dags/example_task_group_decorator.py took 0.140 seconds
[2024-04-05T09:34:36.797+0000] {processor.py:161} INFO - Started process (PID=436) to work on /home/airflow/.local/lib/python3.8/site-packages/airflow/example_dags/example_task_group_decorator.py
[2024-04-05T09:34:36.801+0000] {processor.py:830} INFO - Processing file /home/airflow/.local/lib/python3.8/site-packages/airflow/example_dags/example_task_group_decorator.py for tasks to queue
[2024-04-05T09:34:36.809+0000] {logging_mixin.py:188} INFO - [2024-04-05T09:34:36.807+0000] {dagbag.py:540} INFO - Filling up the DagBag from /home/airflow/.local/lib/python3.8/site-packages/airflow/example_dags/example_task_group_decorator.py
[2024-04-05T09:34:36.866+0000] {processor.py:840} INFO - DAG(s) 'example_task_group_decorator' retrieved from /home/airflow/.local/lib/python3.8/site-packages/airflow/example_dags/example_task_group_decorator.py
[2024-04-05T09:34:36.932+0000] {logging_mixin.py:188} INFO - [2024-04-05T09:34:36.932+0000] {dag.py:3047} INFO - Sync 1 DAGs
[2024-04-05T09:34:37.022+0000] {logging_mixin.py:188} INFO - [2024-04-05T09:34:37.021+0000] {dag.py:3834} INFO - Setting next_dagrun for example_task_group_decorator to 2024-04-04 00:00:00+00:00, run_after=2024-04-05 00:00:00+00:00
[2024-04-05T09:34:37.089+0000] {processor.py:183} INFO - Processing /home/airflow/.local/lib/python3.8/site-packages/airflow/example_dags/example_task_group_decorator.py took 0.304 seconds
[2024-04-05T09:35:07.853+0000] {processor.py:161} INFO - Started process (PID=491) to work on /home/airflow/.local/lib/python3.8/site-packages/airflow/example_dags/example_task_group_decorator.py
[2024-04-05T09:35:07.854+0000] {processor.py:830} INFO - Processing file /home/airflow/.local/lib/python3.8/site-packages/airflow/example_dags/example_task_group_decorator.py for tasks to queue
[2024-04-05T09:35:07.856+0000] {logging_mixin.py:188} INFO - [2024-04-05T09:35:07.856+0000] {dagbag.py:540} INFO - Filling up the DagBag from /home/airflow/.local/lib/python3.8/site-packages/airflow/example_dags/example_task_group_decorator.py
[2024-04-05T09:35:07.874+0000] {processor.py:840} INFO - DAG(s) 'example_task_group_decorator' retrieved from /home/airflow/.local/lib/python3.8/site-packages/airflow/example_dags/example_task_group_decorator.py
[2024-04-05T09:35:07.907+0000] {logging_mixin.py:188} INFO - [2024-04-05T09:35:07.906+0000] {dag.py:3047} INFO - Sync 1 DAGs
[2024-04-05T09:35:07.933+0000] {logging_mixin.py:188} INFO - [2024-04-05T09:35:07.933+0000] {dag.py:3834} INFO - Setting next_dagrun for example_task_group_decorator to 2024-04-04 00:00:00+00:00, run_after=2024-04-05 00:00:00+00:00
[2024-04-05T09:35:07.958+0000] {processor.py:183} INFO - Processing /home/airflow/.local/lib/python3.8/site-packages/airflow/example_dags/example_task_group_decorator.py took 0.109 seconds
[2024-04-05T09:35:38.074+0000] {processor.py:161} INFO - Started process (PID=553) to work on /home/airflow/.local/lib/python3.8/site-packages/airflow/example_dags/example_task_group_decorator.py
[2024-04-05T09:35:38.076+0000] {processor.py:830} INFO - Processing file /home/airflow/.local/lib/python3.8/site-packages/airflow/example_dags/example_task_group_decorator.py for tasks to queue
[2024-04-05T09:35:38.079+0000] {logging_mixin.py:188} INFO - [2024-04-05T09:35:38.079+0000] {dagbag.py:540} INFO - Filling up the DagBag from /home/airflow/.local/lib/python3.8/site-packages/airflow/example_dags/example_task_group_decorator.py
[2024-04-05T09:35:38.095+0000] {processor.py:840} INFO - DAG(s) 'example_task_group_decorator' retrieved from /home/airflow/.local/lib/python3.8/site-packages/airflow/example_dags/example_task_group_decorator.py
[2024-04-05T09:35:38.128+0000] {logging_mixin.py:188} INFO - [2024-04-05T09:35:38.128+0000] {dag.py:3047} INFO - Sync 1 DAGs
[2024-04-05T09:35:38.157+0000] {logging_mixin.py:188} INFO - [2024-04-05T09:35:38.156+0000] {dag.py:3834} INFO - Setting next_dagrun for example_task_group_decorator to 2024-04-04 00:00:00+00:00, run_after=2024-04-05 00:00:00+00:00
[2024-04-05T09:35:38.181+0000] {processor.py:183} INFO - Processing /home/airflow/.local/lib/python3.8/site-packages/airflow/example_dags/example_task_group_decorator.py took 0.113 seconds
[2024-04-05T09:35:47.016+0000] {processor.py:161} INFO - Started process (PID=616) to work on /home/airflow/.local/lib/python3.8/site-packages/airflow/example_dags/example_task_group_decorator.py
[2024-04-05T09:35:47.025+0000] {processor.py:830} INFO - Processing file /home/airflow/.local/lib/python3.8/site-packages/airflow/example_dags/example_task_group_decorator.py for tasks to queue
[2024-04-05T09:35:47.030+0000] {logging_mixin.py:188} INFO - [2024-04-05T09:35:47.029+0000] {dagbag.py:540} INFO - Filling up the DagBag from /home/airflow/.local/lib/python3.8/site-packages/airflow/example_dags/example_task_group_decorator.py
[2024-04-05T09:35:47.081+0000] {processor.py:840} INFO - DAG(s) 'example_task_group_decorator' retrieved from /home/airflow/.local/lib/python3.8/site-packages/airflow/example_dags/example_task_group_decorator.py
[2024-04-05T09:35:47.147+0000] {logging_mixin.py:188} INFO - [2024-04-05T09:35:47.146+0000] {dag.py:3047} INFO - Sync 1 DAGs
[2024-04-05T09:35:47.203+0000] {logging_mixin.py:188} INFO - [2024-04-05T09:35:47.202+0000] {dag.py:3834} INFO - Setting next_dagrun for example_task_group_decorator to 2024-04-04 00:00:00+00:00, run_after=2024-04-05 00:00:00+00:00
[2024-04-05T09:35:47.252+0000] {processor.py:183} INFO - Processing /home/airflow/.local/lib/python3.8/site-packages/airflow/example_dags/example_task_group_decorator.py took 0.243 seconds
[2024-04-05T09:36:08.486+0000] {processor.py:161} INFO - Started process (PID=678) to work on /home/airflow/.local/lib/python3.8/site-packages/airflow/example_dags/example_task_group_decorator.py
[2024-04-05T09:36:08.489+0000] {processor.py:830} INFO - Processing file /home/airflow/.local/lib/python3.8/site-packages/airflow/example_dags/example_task_group_decorator.py for tasks to queue
[2024-04-05T09:36:08.494+0000] {logging_mixin.py:188} INFO - [2024-04-05T09:36:08.493+0000] {dagbag.py:540} INFO - Filling up the DagBag from /home/airflow/.local/lib/python3.8/site-packages/airflow/example_dags/example_task_group_decorator.py
[2024-04-05T09:36:08.528+0000] {processor.py:840} INFO - DAG(s) 'example_task_group_decorator' retrieved from /home/airflow/.local/lib/python3.8/site-packages/airflow/example_dags/example_task_group_decorator.py
[2024-04-05T09:36:08.610+0000] {logging_mixin.py:188} INFO - [2024-04-05T09:36:08.608+0000] {dag.py:3047} INFO - Sync 1 DAGs
[2024-04-05T09:36:08.720+0000] {logging_mixin.py:188} INFO - [2024-04-05T09:36:08.718+0000] {dag.py:3834} INFO - Setting next_dagrun for example_task_group_decorator to 2024-04-04 00:00:00+00:00, run_after=2024-04-05 00:00:00+00:00
[2024-04-05T09:36:08.839+0000] {processor.py:183} INFO - Processing /home/airflow/.local/lib/python3.8/site-packages/airflow/example_dags/example_task_group_decorator.py took 0.360 seconds
[2024-04-05T09:36:20.304+0000] {processor.py:161} INFO - Started process (PID=705) to work on /home/airflow/.local/lib/python3.8/site-packages/airflow/example_dags/example_task_group_decorator.py
[2024-04-05T09:36:20.344+0000] {processor.py:830} INFO - Processing file /home/airflow/.local/lib/python3.8/site-packages/airflow/example_dags/example_task_group_decorator.py for tasks to queue
[2024-04-05T09:36:20.363+0000] {logging_mixin.py:188} INFO - [2024-04-05T09:36:20.352+0000] {dagbag.py:540} INFO - Filling up the DagBag from /home/airflow/.local/lib/python3.8/site-packages/airflow/example_dags/example_task_group_decorator.py
[2024-04-05T09:36:20.505+0000] {processor.py:840} INFO - DAG(s) 'example_task_group_decorator' retrieved from /home/airflow/.local/lib/python3.8/site-packages/airflow/example_dags/example_task_group_decorator.py
[2024-04-05T09:36:20.731+0000] {logging_mixin.py:188} INFO - [2024-04-05T09:36:20.729+0000] {dag.py:3047} INFO - Sync 1 DAGs
[2024-04-05T09:36:20.892+0000] {logging_mixin.py:188} INFO - [2024-04-05T09:36:20.888+0000] {dag.py:3834} INFO - Setting next_dagrun for example_task_group_decorator to 2024-04-04 00:00:00+00:00, run_after=2024-04-05 00:00:00+00:00
[2024-04-05T09:36:21.089+0000] {processor.py:183} INFO - Processing /home/airflow/.local/lib/python3.8/site-packages/airflow/example_dags/example_task_group_decorator.py took 0.836 seconds
[2024-04-05T09:36:45.574+0000] {processor.py:161} INFO - Started process (PID=762) to work on /home/airflow/.local/lib/python3.8/site-packages/airflow/example_dags/example_task_group_decorator.py
[2024-04-05T09:36:45.590+0000] {processor.py:830} INFO - Processing file /home/airflow/.local/lib/python3.8/site-packages/airflow/example_dags/example_task_group_decorator.py for tasks to queue
[2024-04-05T09:36:45.606+0000] {logging_mixin.py:188} INFO - [2024-04-05T09:36:45.605+0000] {dagbag.py:540} INFO - Filling up the DagBag from /home/airflow/.local/lib/python3.8/site-packages/airflow/example_dags/example_task_group_decorator.py
[2024-04-05T09:36:45.814+0000] {processor.py:840} INFO - DAG(s) 'example_task_group_decorator' retrieved from /home/airflow/.local/lib/python3.8/site-packages/airflow/example_dags/example_task_group_decorator.py
[2024-04-05T09:36:46.099+0000] {logging_mixin.py:188} INFO - [2024-04-05T09:36:46.088+0000] {dag.py:3047} INFO - Sync 1 DAGs
[2024-04-05T09:36:46.340+0000] {logging_mixin.py:188} INFO - [2024-04-05T09:36:46.339+0000] {dag.py:3834} INFO - Setting next_dagrun for example_task_group_decorator to 2024-04-04 00:00:00+00:00, run_after=2024-04-05 00:00:00+00:00
[2024-04-05T09:36:46.552+0000] {processor.py:183} INFO - Processing /home/airflow/.local/lib/python3.8/site-packages/airflow/example_dags/example_task_group_decorator.py took 1.024 seconds
[2024-04-05T09:37:03.438+0000] {processor.py:161} INFO - Started process (PID=809) to work on /home/airflow/.local/lib/python3.8/site-packages/airflow/example_dags/example_task_group_decorator.py
[2024-04-05T09:37:03.442+0000] {processor.py:830} INFO - Processing file /home/airflow/.local/lib/python3.8/site-packages/airflow/example_dags/example_task_group_decorator.py for tasks to queue
[2024-04-05T09:37:03.476+0000] {logging_mixin.py:188} INFO - [2024-04-05T09:37:03.474+0000] {dagbag.py:540} INFO - Filling up the DagBag from /home/airflow/.local/lib/python3.8/site-packages/airflow/example_dags/example_task_group_decorator.py
[2024-04-05T09:37:03.618+0000] {processor.py:840} INFO - DAG(s) 'example_task_group_decorator' retrieved from /home/airflow/.local/lib/python3.8/site-packages/airflow/example_dags/example_task_group_decorator.py
[2024-04-05T09:37:03.899+0000] {logging_mixin.py:188} INFO - [2024-04-05T09:37:03.898+0000] {dag.py:3047} INFO - Sync 1 DAGs
[2024-04-05T09:37:04.130+0000] {logging_mixin.py:188} INFO - [2024-04-05T09:37:04.129+0000] {dag.py:3834} INFO - Setting next_dagrun for example_task_group_decorator to 2024-04-04 00:00:00+00:00, run_after=2024-04-05 00:00:00+00:00
[2024-04-05T09:37:04.474+0000] {processor.py:183} INFO - Processing /home/airflow/.local/lib/python3.8/site-packages/airflow/example_dags/example_task_group_decorator.py took 1.068 seconds
[2024-04-05T09:37:20.954+0000] {processor.py:161} INFO - Started process (PID=868) to work on /home/airflow/.local/lib/python3.8/site-packages/airflow/example_dags/example_task_group_decorator.py
[2024-04-05T09:37:20.978+0000] {processor.py:830} INFO - Processing file /home/airflow/.local/lib/python3.8/site-packages/airflow/example_dags/example_task_group_decorator.py for tasks to queue
[2024-04-05T09:37:21.007+0000] {logging_mixin.py:188} INFO - [2024-04-05T09:37:20.997+0000] {dagbag.py:540} INFO - Filling up the DagBag from /home/airflow/.local/lib/python3.8/site-packages/airflow/example_dags/example_task_group_decorator.py
[2024-04-05T09:37:21.254+0000] {processor.py:840} INFO - DAG(s) 'example_task_group_decorator' retrieved from /home/airflow/.local/lib/python3.8/site-packages/airflow/example_dags/example_task_group_decorator.py
[2024-04-05T09:37:21.546+0000] {logging_mixin.py:188} INFO - [2024-04-05T09:37:21.545+0000] {dag.py:3047} INFO - Sync 1 DAGs
[2024-04-05T09:37:22.020+0000] {logging_mixin.py:188} INFO - [2024-04-05T09:37:22.018+0000] {dag.py:3834} INFO - Setting next_dagrun for example_task_group_decorator to 2024-04-04 00:00:00+00:00, run_after=2024-04-05 00:00:00+00:00
[2024-04-05T09:37:22.335+0000] {processor.py:183} INFO - Processing /home/airflow/.local/lib/python3.8/site-packages/airflow/example_dags/example_task_group_decorator.py took 1.418 seconds
[2024-04-05T09:37:40.948+0000] {processor.py:161} INFO - Started process (PID=907) to work on /home/airflow/.local/lib/python3.8/site-packages/airflow/example_dags/example_task_group_decorator.py
[2024-04-05T09:37:40.977+0000] {processor.py:830} INFO - Processing file /home/airflow/.local/lib/python3.8/site-packages/airflow/example_dags/example_task_group_decorator.py for tasks to queue
[2024-04-05T09:37:41.025+0000] {logging_mixin.py:188} INFO - [2024-04-05T09:37:41.010+0000] {dagbag.py:540} INFO - Filling up the DagBag from /home/airflow/.local/lib/python3.8/site-packages/airflow/example_dags/example_task_group_decorator.py
[2024-04-05T09:37:41.289+0000] {processor.py:840} INFO - DAG(s) 'example_task_group_decorator' retrieved from /home/airflow/.local/lib/python3.8/site-packages/airflow/example_dags/example_task_group_decorator.py
[2024-04-05T09:37:41.622+0000] {logging_mixin.py:188} INFO - [2024-04-05T09:37:41.621+0000] {dag.py:3047} INFO - Sync 1 DAGs
[2024-04-05T09:37:42.103+0000] {logging_mixin.py:188} INFO - [2024-04-05T09:37:42.102+0000] {dag.py:3834} INFO - Setting next_dagrun for example_task_group_decorator to 2024-04-04 00:00:00+00:00, run_after=2024-04-05 00:00:00+00:00
[2024-04-05T09:37:42.337+0000] {processor.py:183} INFO - Processing /home/airflow/.local/lib/python3.8/site-packages/airflow/example_dags/example_task_group_decorator.py took 1.437 seconds
[2024-04-05T09:38:00.790+0000] {processor.py:161} INFO - Started process (PID=951) to work on /home/airflow/.local/lib/python3.8/site-packages/airflow/example_dags/example_task_group_decorator.py
[2024-04-05T09:38:00.794+0000] {processor.py:830} INFO - Processing file /home/airflow/.local/lib/python3.8/site-packages/airflow/example_dags/example_task_group_decorator.py for tasks to queue
[2024-04-05T09:38:00.827+0000] {logging_mixin.py:188} INFO - [2024-04-05T09:38:00.825+0000] {dagbag.py:540} INFO - Filling up the DagBag from /home/airflow/.local/lib/python3.8/site-packages/airflow/example_dags/example_task_group_decorator.py
[2024-04-05T09:38:01.137+0000] {processor.py:840} INFO - DAG(s) 'example_task_group_decorator' retrieved from /home/airflow/.local/lib/python3.8/site-packages/airflow/example_dags/example_task_group_decorator.py
[2024-04-05T09:38:01.561+0000] {logging_mixin.py:188} INFO - [2024-04-05T09:38:01.555+0000] {dag.py:3047} INFO - Sync 1 DAGs
[2024-04-05T09:38:01.931+0000] {logging_mixin.py:188} INFO - [2024-04-05T09:38:01.920+0000] {dag.py:3834} INFO - Setting next_dagrun for example_task_group_decorator to 2024-04-04 00:00:00+00:00, run_after=2024-04-05 00:00:00+00:00
[2024-04-05T09:38:02.112+0000] {processor.py:183} INFO - Processing /home/airflow/.local/lib/python3.8/site-packages/airflow/example_dags/example_task_group_decorator.py took 1.373 seconds
[2024-04-05T09:38:22.204+0000] {processor.py:161} INFO - Started process (PID=1019) to work on /home/airflow/.local/lib/python3.8/site-packages/airflow/example_dags/example_task_group_decorator.py
[2024-04-05T09:38:22.217+0000] {processor.py:830} INFO - Processing file /home/airflow/.local/lib/python3.8/site-packages/airflow/example_dags/example_task_group_decorator.py for tasks to queue
[2024-04-05T09:38:22.234+0000] {logging_mixin.py:188} INFO - [2024-04-05T09:38:22.233+0000] {dagbag.py:540} INFO - Filling up the DagBag from /home/airflow/.local/lib/python3.8/site-packages/airflow/example_dags/example_task_group_decorator.py
[2024-04-05T09:38:22.384+0000] {processor.py:840} INFO - DAG(s) 'example_task_group_decorator' retrieved from /home/airflow/.local/lib/python3.8/site-packages/airflow/example_dags/example_task_group_decorator.py
[2024-04-05T09:38:22.584+0000] {logging_mixin.py:188} INFO - [2024-04-05T09:38:22.584+0000] {dag.py:3047} INFO - Sync 1 DAGs
[2024-04-05T09:38:22.799+0000] {logging_mixin.py:188} INFO - [2024-04-05T09:38:22.798+0000] {dag.py:3834} INFO - Setting next_dagrun for example_task_group_decorator to 2024-04-04 00:00:00+00:00, run_after=2024-04-05 00:00:00+00:00
[2024-04-05T09:38:23.051+0000] {processor.py:183} INFO - Processing /home/airflow/.local/lib/python3.8/site-packages/airflow/example_dags/example_task_group_decorator.py took 0.877 seconds
[2024-04-05T09:38:42.203+0000] {processor.py:161} INFO - Started process (PID=1065) to work on /home/airflow/.local/lib/python3.8/site-packages/airflow/example_dags/example_task_group_decorator.py
[2024-04-05T09:38:42.214+0000] {processor.py:830} INFO - Processing file /home/airflow/.local/lib/python3.8/site-packages/airflow/example_dags/example_task_group_decorator.py for tasks to queue
[2024-04-05T09:38:42.231+0000] {logging_mixin.py:188} INFO - [2024-04-05T09:38:42.230+0000] {dagbag.py:540} INFO - Filling up the DagBag from /home/airflow/.local/lib/python3.8/site-packages/airflow/example_dags/example_task_group_decorator.py
[2024-04-05T09:38:42.427+0000] {processor.py:840} INFO - DAG(s) 'example_task_group_decorator' retrieved from /home/airflow/.local/lib/python3.8/site-packages/airflow/example_dags/example_task_group_decorator.py
[2024-04-05T09:38:42.777+0000] {logging_mixin.py:188} INFO - [2024-04-05T09:38:42.769+0000] {dag.py:3047} INFO - Sync 1 DAGs
[2024-04-05T09:38:43.065+0000] {logging_mixin.py:188} INFO - [2024-04-05T09:38:43.053+0000] {dag.py:3834} INFO - Setting next_dagrun for example_task_group_decorator to 2024-04-04 00:00:00+00:00, run_after=2024-04-05 00:00:00+00:00
[2024-04-05T09:38:43.418+0000] {processor.py:183} INFO - Processing /home/airflow/.local/lib/python3.8/site-packages/airflow/example_dags/example_task_group_decorator.py took 1.256 seconds
