[2024-04-05T09:31:06.999+0000] {processor.py:161} INFO - Started process (PID=65) to work on /home/airflow/.local/lib/python3.8/site-packages/airflow/example_dags/example_branch_python_dop_operator_3.py
[2024-04-05T09:31:07.002+0000] {processor.py:830} INFO - Processing file /home/airflow/.local/lib/python3.8/site-packages/airflow/example_dags/example_branch_python_dop_operator_3.py for tasks to queue
[2024-04-05T09:31:07.006+0000] {logging_mixin.py:188} INFO - [2024-04-05T09:31:07.005+0000] {dagbag.py:540} INFO - Filling up the DagBag from /home/airflow/.local/lib/python3.8/site-packages/airflow/example_dags/example_branch_python_dop_operator_3.py
[2024-04-05T09:31:07.024+0000] {processor.py:840} INFO - DAG(s) 'example_branch_dop_operator_v3' retrieved from /home/airflow/.local/lib/python3.8/site-packages/airflow/example_dags/example_branch_python_dop_operator_3.py
[2024-04-05T09:31:07.219+0000] {logging_mixin.py:188} INFO - [2024-04-05T09:31:07.219+0000] {dag.py:3047} INFO - Sync 1 DAGs
[2024-04-05T09:31:07.259+0000] {logging_mixin.py:188} INFO - [2024-04-05T09:31:07.259+0000] {dag.py:3834} INFO - Setting next_dagrun for example_branch_dop_operator_v3 to 2024-04-05 09:30:00+00:00, run_after=2024-04-05 09:31:00+00:00
[2024-04-05T09:31:07.291+0000] {processor.py:183} INFO - Processing /home/airflow/.local/lib/python3.8/site-packages/airflow/example_dags/example_branch_python_dop_operator_3.py took 0.297 seconds
[2024-04-05T09:31:37.380+0000] {processor.py:161} INFO - Started process (PID=120) to work on /home/airflow/.local/lib/python3.8/site-packages/airflow/example_dags/example_branch_python_dop_operator_3.py
[2024-04-05T09:31:37.384+0000] {processor.py:830} INFO - Processing file /home/airflow/.local/lib/python3.8/site-packages/airflow/example_dags/example_branch_python_dop_operator_3.py for tasks to queue
[2024-04-05T09:31:37.389+0000] {logging_mixin.py:188} INFO - [2024-04-05T09:31:37.388+0000] {dagbag.py:540} INFO - Filling up the DagBag from /home/airflow/.local/lib/python3.8/site-packages/airflow/example_dags/example_branch_python_dop_operator_3.py
[2024-04-05T09:31:37.406+0000] {processor.py:840} INFO - DAG(s) 'example_branch_dop_operator_v3' retrieved from /home/airflow/.local/lib/python3.8/site-packages/airflow/example_dags/example_branch_python_dop_operator_3.py
[2024-04-05T09:31:37.436+0000] {logging_mixin.py:188} INFO - [2024-04-05T09:31:37.436+0000] {dag.py:3047} INFO - Sync 1 DAGs
[2024-04-05T09:31:37.473+0000] {logging_mixin.py:188} INFO - [2024-04-05T09:31:37.473+0000] {dag.py:3834} INFO - Setting next_dagrun for example_branch_dop_operator_v3 to 2024-04-05 09:30:00+00:00, run_after=2024-04-05 09:31:00+00:00
[2024-04-05T09:31:37.499+0000] {processor.py:183} INFO - Processing /home/airflow/.local/lib/python3.8/site-packages/airflow/example_dags/example_branch_python_dop_operator_3.py took 0.125 seconds
[2024-04-05T09:32:07.608+0000] {processor.py:161} INFO - Started process (PID=175) to work on /home/airflow/.local/lib/python3.8/site-packages/airflow/example_dags/example_branch_python_dop_operator_3.py
[2024-04-05T09:32:07.609+0000] {processor.py:830} INFO - Processing file /home/airflow/.local/lib/python3.8/site-packages/airflow/example_dags/example_branch_python_dop_operator_3.py for tasks to queue
[2024-04-05T09:32:07.611+0000] {logging_mixin.py:188} INFO - [2024-04-05T09:32:07.611+0000] {dagbag.py:540} INFO - Filling up the DagBag from /home/airflow/.local/lib/python3.8/site-packages/airflow/example_dags/example_branch_python_dop_operator_3.py
[2024-04-05T09:32:07.623+0000] {processor.py:840} INFO - DAG(s) 'example_branch_dop_operator_v3' retrieved from /home/airflow/.local/lib/python3.8/site-packages/airflow/example_dags/example_branch_python_dop_operator_3.py
[2024-04-05T09:32:07.645+0000] {logging_mixin.py:188} INFO - [2024-04-05T09:32:07.645+0000] {dag.py:3047} INFO - Sync 1 DAGs
[2024-04-05T09:32:07.678+0000] {logging_mixin.py:188} INFO - [2024-04-05T09:32:07.678+0000] {dag.py:3834} INFO - Setting next_dagrun for example_branch_dop_operator_v3 to 2024-04-05 09:31:00+00:00, run_after=2024-04-05 09:32:00+00:00
[2024-04-05T09:32:07.703+0000] {processor.py:183} INFO - Processing /home/airflow/.local/lib/python3.8/site-packages/airflow/example_dags/example_branch_python_dop_operator_3.py took 0.098 seconds
[2024-04-05T09:32:38.887+0000] {processor.py:161} INFO - Started process (PID=230) to work on /home/airflow/.local/lib/python3.8/site-packages/airflow/example_dags/example_branch_python_dop_operator_3.py
[2024-04-05T09:32:38.889+0000] {processor.py:830} INFO - Processing file /home/airflow/.local/lib/python3.8/site-packages/airflow/example_dags/example_branch_python_dop_operator_3.py for tasks to queue
[2024-04-05T09:32:38.892+0000] {logging_mixin.py:188} INFO - [2024-04-05T09:32:38.892+0000] {dagbag.py:540} INFO - Filling up the DagBag from /home/airflow/.local/lib/python3.8/site-packages/airflow/example_dags/example_branch_python_dop_operator_3.py
[2024-04-05T09:32:38.906+0000] {processor.py:840} INFO - DAG(s) 'example_branch_dop_operator_v3' retrieved from /home/airflow/.local/lib/python3.8/site-packages/airflow/example_dags/example_branch_python_dop_operator_3.py
[2024-04-05T09:32:38.938+0000] {logging_mixin.py:188} INFO - [2024-04-05T09:32:38.937+0000] {dag.py:3047} INFO - Sync 1 DAGs
[2024-04-05T09:32:38.980+0000] {logging_mixin.py:188} INFO - [2024-04-05T09:32:38.980+0000] {dag.py:3834} INFO - Setting next_dagrun for example_branch_dop_operator_v3 to 2024-04-05 09:31:00+00:00, run_after=2024-04-05 09:32:00+00:00
[2024-04-05T09:32:39.002+0000] {processor.py:183} INFO - Processing /home/airflow/.local/lib/python3.8/site-packages/airflow/example_dags/example_branch_python_dop_operator_3.py took 0.122 seconds
[2024-04-05T09:33:09.120+0000] {processor.py:161} INFO - Started process (PID=285) to work on /home/airflow/.local/lib/python3.8/site-packages/airflow/example_dags/example_branch_python_dop_operator_3.py
[2024-04-05T09:33:09.122+0000] {processor.py:830} INFO - Processing file /home/airflow/.local/lib/python3.8/site-packages/airflow/example_dags/example_branch_python_dop_operator_3.py for tasks to queue
[2024-04-05T09:33:09.126+0000] {logging_mixin.py:188} INFO - [2024-04-05T09:33:09.125+0000] {dagbag.py:540} INFO - Filling up the DagBag from /home/airflow/.local/lib/python3.8/site-packages/airflow/example_dags/example_branch_python_dop_operator_3.py
[2024-04-05T09:33:09.150+0000] {processor.py:840} INFO - DAG(s) 'example_branch_dop_operator_v3' retrieved from /home/airflow/.local/lib/python3.8/site-packages/airflow/example_dags/example_branch_python_dop_operator_3.py
[2024-04-05T09:33:09.185+0000] {logging_mixin.py:188} INFO - [2024-04-05T09:33:09.185+0000] {dag.py:3047} INFO - Sync 1 DAGs
[2024-04-05T09:33:09.275+0000] {logging_mixin.py:188} INFO - [2024-04-05T09:33:09.274+0000] {dag.py:3834} INFO - Setting next_dagrun for example_branch_dop_operator_v3 to 2024-04-05 09:32:00+00:00, run_after=2024-04-05 09:33:00+00:00
[2024-04-05T09:33:09.311+0000] {processor.py:183} INFO - Processing /home/airflow/.local/lib/python3.8/site-packages/airflow/example_dags/example_branch_python_dop_operator_3.py took 0.199 seconds
[2024-04-05T09:33:39.400+0000] {processor.py:161} INFO - Started process (PID=340) to work on /home/airflow/.local/lib/python3.8/site-packages/airflow/example_dags/example_branch_python_dop_operator_3.py
[2024-04-05T09:33:39.402+0000] {processor.py:830} INFO - Processing file /home/airflow/.local/lib/python3.8/site-packages/airflow/example_dags/example_branch_python_dop_operator_3.py for tasks to queue
[2024-04-05T09:33:39.405+0000] {logging_mixin.py:188} INFO - [2024-04-05T09:33:39.404+0000] {dagbag.py:540} INFO - Filling up the DagBag from /home/airflow/.local/lib/python3.8/site-packages/airflow/example_dags/example_branch_python_dop_operator_3.py
[2024-04-05T09:33:39.418+0000] {processor.py:840} INFO - DAG(s) 'example_branch_dop_operator_v3' retrieved from /home/airflow/.local/lib/python3.8/site-packages/airflow/example_dags/example_branch_python_dop_operator_3.py
[2024-04-05T09:33:39.445+0000] {logging_mixin.py:188} INFO - [2024-04-05T09:33:39.444+0000] {dag.py:3047} INFO - Sync 1 DAGs
[2024-04-05T09:33:39.480+0000] {logging_mixin.py:188} INFO - [2024-04-05T09:33:39.480+0000] {dag.py:3834} INFO - Setting next_dagrun for example_branch_dop_operator_v3 to 2024-04-05 09:32:00+00:00, run_after=2024-04-05 09:33:00+00:00
[2024-04-05T09:33:39.503+0000] {processor.py:183} INFO - Processing /home/airflow/.local/lib/python3.8/site-packages/airflow/example_dags/example_branch_python_dop_operator_3.py took 0.107 seconds
[2024-04-05T09:34:10.583+0000] {processor.py:161} INFO - Started process (PID=395) to work on /home/airflow/.local/lib/python3.8/site-packages/airflow/example_dags/example_branch_python_dop_operator_3.py
[2024-04-05T09:34:10.587+0000] {processor.py:830} INFO - Processing file /home/airflow/.local/lib/python3.8/site-packages/airflow/example_dags/example_branch_python_dop_operator_3.py for tasks to queue
[2024-04-05T09:34:10.594+0000] {logging_mixin.py:188} INFO - [2024-04-05T09:34:10.593+0000] {dagbag.py:540} INFO - Filling up the DagBag from /home/airflow/.local/lib/python3.8/site-packages/airflow/example_dags/example_branch_python_dop_operator_3.py
[2024-04-05T09:34:10.617+0000] {processor.py:840} INFO - DAG(s) 'example_branch_dop_operator_v3' retrieved from /home/airflow/.local/lib/python3.8/site-packages/airflow/example_dags/example_branch_python_dop_operator_3.py
[2024-04-05T09:34:10.662+0000] {logging_mixin.py:188} INFO - [2024-04-05T09:34:10.662+0000] {dag.py:3047} INFO - Sync 1 DAGs
[2024-04-05T09:34:10.710+0000] {logging_mixin.py:188} INFO - [2024-04-05T09:34:10.710+0000] {dag.py:3834} INFO - Setting next_dagrun for example_branch_dop_operator_v3 to 2024-04-05 09:33:00+00:00, run_after=2024-04-05 09:34:00+00:00
[2024-04-05T09:34:10.746+0000] {processor.py:183} INFO - Processing /home/airflow/.local/lib/python3.8/site-packages/airflow/example_dags/example_branch_python_dop_operator_3.py took 0.173 seconds
[2024-04-05T09:34:40.862+0000] {processor.py:161} INFO - Started process (PID=450) to work on /home/airflow/.local/lib/python3.8/site-packages/airflow/example_dags/example_branch_python_dop_operator_3.py
[2024-04-05T09:34:40.865+0000] {processor.py:830} INFO - Processing file /home/airflow/.local/lib/python3.8/site-packages/airflow/example_dags/example_branch_python_dop_operator_3.py for tasks to queue
[2024-04-05T09:34:40.868+0000] {logging_mixin.py:188} INFO - [2024-04-05T09:34:40.868+0000] {dagbag.py:540} INFO - Filling up the DagBag from /home/airflow/.local/lib/python3.8/site-packages/airflow/example_dags/example_branch_python_dop_operator_3.py
[2024-04-05T09:34:40.893+0000] {processor.py:840} INFO - DAG(s) 'example_branch_dop_operator_v3' retrieved from /home/airflow/.local/lib/python3.8/site-packages/airflow/example_dags/example_branch_python_dop_operator_3.py
[2024-04-05T09:34:40.940+0000] {logging_mixin.py:188} INFO - [2024-04-05T09:34:40.939+0000] {dag.py:3047} INFO - Sync 1 DAGs
[2024-04-05T09:34:40.999+0000] {logging_mixin.py:188} INFO - [2024-04-05T09:34:40.999+0000] {dag.py:3834} INFO - Setting next_dagrun for example_branch_dop_operator_v3 to 2024-04-05 09:33:00+00:00, run_after=2024-04-05 09:34:00+00:00
[2024-04-05T09:34:41.026+0000] {processor.py:183} INFO - Processing /home/airflow/.local/lib/python3.8/site-packages/airflow/example_dags/example_branch_python_dop_operator_3.py took 0.171 seconds
[2024-04-05T09:35:11.062+0000] {processor.py:161} INFO - Started process (PID=505) to work on /home/airflow/.local/lib/python3.8/site-packages/airflow/example_dags/example_branch_python_dop_operator_3.py
[2024-04-05T09:35:11.064+0000] {processor.py:830} INFO - Processing file /home/airflow/.local/lib/python3.8/site-packages/airflow/example_dags/example_branch_python_dop_operator_3.py for tasks to queue
[2024-04-05T09:35:11.068+0000] {logging_mixin.py:188} INFO - [2024-04-05T09:35:11.067+0000] {dagbag.py:540} INFO - Filling up the DagBag from /home/airflow/.local/lib/python3.8/site-packages/airflow/example_dags/example_branch_python_dop_operator_3.py
[2024-04-05T09:35:11.082+0000] {processor.py:840} INFO - DAG(s) 'example_branch_dop_operator_v3' retrieved from /home/airflow/.local/lib/python3.8/site-packages/airflow/example_dags/example_branch_python_dop_operator_3.py
[2024-04-05T09:35:11.117+0000] {logging_mixin.py:188} INFO - [2024-04-05T09:35:11.116+0000] {dag.py:3047} INFO - Sync 1 DAGs
[2024-04-05T09:35:11.159+0000] {logging_mixin.py:188} INFO - [2024-04-05T09:35:11.158+0000] {dag.py:3834} INFO - Setting next_dagrun for example_branch_dop_operator_v3 to 2024-04-05 09:34:00+00:00, run_after=2024-04-05 09:35:00+00:00
[2024-04-05T09:35:11.187+0000] {processor.py:183} INFO - Processing /home/airflow/.local/lib/python3.8/site-packages/airflow/example_dags/example_branch_python_dop_operator_3.py took 0.129 seconds
[2024-04-05T09:35:41.429+0000] {processor.py:161} INFO - Started process (PID=568) to work on /home/airflow/.local/lib/python3.8/site-packages/airflow/example_dags/example_branch_python_dop_operator_3.py
[2024-04-05T09:35:41.431+0000] {processor.py:830} INFO - Processing file /home/airflow/.local/lib/python3.8/site-packages/airflow/example_dags/example_branch_python_dop_operator_3.py for tasks to queue
[2024-04-05T09:35:41.433+0000] {logging_mixin.py:188} INFO - [2024-04-05T09:35:41.433+0000] {dagbag.py:540} INFO - Filling up the DagBag from /home/airflow/.local/lib/python3.8/site-packages/airflow/example_dags/example_branch_python_dop_operator_3.py
[2024-04-05T09:35:41.446+0000] {processor.py:840} INFO - DAG(s) 'example_branch_dop_operator_v3' retrieved from /home/airflow/.local/lib/python3.8/site-packages/airflow/example_dags/example_branch_python_dop_operator_3.py
[2024-04-05T09:35:41.474+0000] {logging_mixin.py:188} INFO - [2024-04-05T09:35:41.473+0000] {dag.py:3047} INFO - Sync 1 DAGs
[2024-04-05T09:35:41.518+0000] {logging_mixin.py:188} INFO - [2024-04-05T09:35:41.518+0000] {dag.py:3834} INFO - Setting next_dagrun for example_branch_dop_operator_v3 to 2024-04-05 09:34:00+00:00, run_after=2024-04-05 09:35:00+00:00
[2024-04-05T09:35:41.545+0000] {processor.py:183} INFO - Processing /home/airflow/.local/lib/python3.8/site-packages/airflow/example_dags/example_branch_python_dop_operator_3.py took 0.121 seconds
[2024-04-05T09:35:50.409+0000] {processor.py:161} INFO - Started process (PID=630) to work on /home/airflow/.local/lib/python3.8/site-packages/airflow/example_dags/example_branch_python_dop_operator_3.py
[2024-04-05T09:35:50.411+0000] {processor.py:830} INFO - Processing file /home/airflow/.local/lib/python3.8/site-packages/airflow/example_dags/example_branch_python_dop_operator_3.py for tasks to queue
[2024-04-05T09:35:50.415+0000] {logging_mixin.py:188} INFO - [2024-04-05T09:35:50.414+0000] {dagbag.py:540} INFO - Filling up the DagBag from /home/airflow/.local/lib/python3.8/site-packages/airflow/example_dags/example_branch_python_dop_operator_3.py
[2024-04-05T09:35:50.431+0000] {processor.py:840} INFO - DAG(s) 'example_branch_dop_operator_v3' retrieved from /home/airflow/.local/lib/python3.8/site-packages/airflow/example_dags/example_branch_python_dop_operator_3.py
[2024-04-05T09:35:50.474+0000] {logging_mixin.py:188} INFO - [2024-04-05T09:35:50.473+0000] {dag.py:3047} INFO - Sync 1 DAGs
[2024-04-05T09:35:50.518+0000] {logging_mixin.py:188} INFO - [2024-04-05T09:35:50.518+0000] {dag.py:3834} INFO - Setting next_dagrun for example_branch_dop_operator_v3 to 2024-04-05 09:34:00+00:00, run_after=2024-04-05 09:35:00+00:00
[2024-04-05T09:35:50.544+0000] {processor.py:183} INFO - Processing /home/airflow/.local/lib/python3.8/site-packages/airflow/example_dags/example_branch_python_dop_operator_3.py took 0.139 seconds
[2024-04-05T09:36:16.290+0000] {processor.py:161} INFO - Started process (PID=692) to work on /home/airflow/.local/lib/python3.8/site-packages/airflow/example_dags/example_branch_python_dop_operator_3.py
[2024-04-05T09:36:16.336+0000] {processor.py:830} INFO - Processing file /home/airflow/.local/lib/python3.8/site-packages/airflow/example_dags/example_branch_python_dop_operator_3.py for tasks to queue
[2024-04-05T09:36:16.357+0000] {logging_mixin.py:188} INFO - [2024-04-05T09:36:16.355+0000] {dagbag.py:540} INFO - Filling up the DagBag from /home/airflow/.local/lib/python3.8/site-packages/airflow/example_dags/example_branch_python_dop_operator_3.py
[2024-04-05T09:36:16.431+0000] {processor.py:840} INFO - DAG(s) 'example_branch_dop_operator_v3' retrieved from /home/airflow/.local/lib/python3.8/site-packages/airflow/example_dags/example_branch_python_dop_operator_3.py
[2024-04-05T09:36:16.644+0000] {logging_mixin.py:188} INFO - [2024-04-05T09:36:16.632+0000] {dag.py:3047} INFO - Sync 1 DAGs
[2024-04-05T09:36:17.020+0000] {logging_mixin.py:188} INFO - [2024-04-05T09:36:17.007+0000] {dag.py:3834} INFO - Setting next_dagrun for example_branch_dop_operator_v3 to 2024-04-05 09:35:00+00:00, run_after=2024-04-05 09:36:00+00:00
[2024-04-05T09:36:17.267+0000] {processor.py:183} INFO - Processing /home/airflow/.local/lib/python3.8/site-packages/airflow/example_dags/example_branch_python_dop_operator_3.py took 1.007 seconds
[2024-04-05T09:36:38.754+0000] {processor.py:161} INFO - Started process (PID=750) to work on /home/airflow/.local/lib/python3.8/site-packages/airflow/example_dags/example_branch_python_dop_operator_3.py
[2024-04-05T09:36:38.781+0000] {processor.py:830} INFO - Processing file /home/airflow/.local/lib/python3.8/site-packages/airflow/example_dags/example_branch_python_dop_operator_3.py for tasks to queue
[2024-04-05T09:36:38.802+0000] {logging_mixin.py:188} INFO - [2024-04-05T09:36:38.801+0000] {dagbag.py:540} INFO - Filling up the DagBag from /home/airflow/.local/lib/python3.8/site-packages/airflow/example_dags/example_branch_python_dop_operator_3.py
[2024-04-05T09:36:38.902+0000] {processor.py:840} INFO - DAG(s) 'example_branch_dop_operator_v3' retrieved from /home/airflow/.local/lib/python3.8/site-packages/airflow/example_dags/example_branch_python_dop_operator_3.py
[2024-04-05T09:36:39.169+0000] {logging_mixin.py:188} INFO - [2024-04-05T09:36:39.157+0000] {dag.py:3047} INFO - Sync 1 DAGs
[2024-04-05T09:36:39.448+0000] {logging_mixin.py:188} INFO - [2024-04-05T09:36:39.438+0000] {dag.py:3834} INFO - Setting next_dagrun for example_branch_dop_operator_v3 to 2024-04-05 09:35:00+00:00, run_after=2024-04-05 09:36:00+00:00
[2024-04-05T09:36:39.664+0000] {processor.py:183} INFO - Processing /home/airflow/.local/lib/python3.8/site-packages/airflow/example_dags/example_branch_python_dop_operator_3.py took 0.960 seconds
[2024-04-05T09:37:00.557+0000] {processor.py:161} INFO - Started process (PID=801) to work on /home/airflow/.local/lib/python3.8/site-packages/airflow/example_dags/example_branch_python_dop_operator_3.py
[2024-04-05T09:37:00.567+0000] {processor.py:830} INFO - Processing file /home/airflow/.local/lib/python3.8/site-packages/airflow/example_dags/example_branch_python_dop_operator_3.py for tasks to queue
[2024-04-05T09:37:00.585+0000] {logging_mixin.py:188} INFO - [2024-04-05T09:37:00.584+0000] {dagbag.py:540} INFO - Filling up the DagBag from /home/airflow/.local/lib/python3.8/site-packages/airflow/example_dags/example_branch_python_dop_operator_3.py
[2024-04-05T09:37:00.716+0000] {processor.py:840} INFO - DAG(s) 'example_branch_dop_operator_v3' retrieved from /home/airflow/.local/lib/python3.8/site-packages/airflow/example_dags/example_branch_python_dop_operator_3.py
[2024-04-05T09:37:00.917+0000] {logging_mixin.py:188} INFO - [2024-04-05T09:37:00.915+0000] {dag.py:3047} INFO - Sync 1 DAGs
[2024-04-05T09:37:01.317+0000] {logging_mixin.py:188} INFO - [2024-04-05T09:37:01.316+0000] {dag.py:3834} INFO - Setting next_dagrun for example_branch_dop_operator_v3 to 2024-04-05 09:36:00+00:00, run_after=2024-04-05 09:37:00+00:00
[2024-04-05T09:37:01.572+0000] {processor.py:183} INFO - Processing /home/airflow/.local/lib/python3.8/site-packages/airflow/example_dags/example_branch_python_dop_operator_3.py took 1.049 seconds
[2024-04-05T09:37:13.368+0000] {processor.py:161} INFO - Started process (PID=844) to work on /home/airflow/.local/lib/python3.8/site-packages/airflow/example_dags/example_branch_python_dop_operator_3.py
[2024-04-05T09:37:13.378+0000] {processor.py:830} INFO - Processing file /home/airflow/.local/lib/python3.8/site-packages/airflow/example_dags/example_branch_python_dop_operator_3.py for tasks to queue
[2024-04-05T09:37:13.396+0000] {logging_mixin.py:188} INFO - [2024-04-05T09:37:13.395+0000] {dagbag.py:540} INFO - Filling up the DagBag from /home/airflow/.local/lib/python3.8/site-packages/airflow/example_dags/example_branch_python_dop_operator_3.py
[2024-04-05T09:37:13.505+0000] {processor.py:840} INFO - DAG(s) 'example_branch_dop_operator_v3' retrieved from /home/airflow/.local/lib/python3.8/site-packages/airflow/example_dags/example_branch_python_dop_operator_3.py
[2024-04-05T09:37:13.700+0000] {logging_mixin.py:188} INFO - [2024-04-05T09:37:13.688+0000] {dag.py:3047} INFO - Sync 1 DAGs
[2024-04-05T09:37:13.971+0000] {logging_mixin.py:188} INFO - [2024-04-05T09:37:13.970+0000] {dag.py:3834} INFO - Setting next_dagrun for example_branch_dop_operator_v3 to 2024-04-05 09:36:00+00:00, run_after=2024-04-05 09:37:00+00:00
[2024-04-05T09:37:14.142+0000] {processor.py:183} INFO - Processing /home/airflow/.local/lib/python3.8/site-packages/airflow/example_dags/example_branch_python_dop_operator_3.py took 0.808 seconds
[2024-04-05T09:37:40.904+0000] {processor.py:161} INFO - Started process (PID=908) to work on /home/airflow/.local/lib/python3.8/site-packages/airflow/example_dags/example_branch_python_dop_operator_3.py
[2024-04-05T09:37:40.914+0000] {processor.py:830} INFO - Processing file /home/airflow/.local/lib/python3.8/site-packages/airflow/example_dags/example_branch_python_dop_operator_3.py for tasks to queue
[2024-04-05T09:37:40.936+0000] {logging_mixin.py:188} INFO - [2024-04-05T09:37:40.935+0000] {dagbag.py:540} INFO - Filling up the DagBag from /home/airflow/.local/lib/python3.8/site-packages/airflow/example_dags/example_branch_python_dop_operator_3.py
[2024-04-05T09:37:41.043+0000] {processor.py:840} INFO - DAG(s) 'example_branch_dop_operator_v3' retrieved from /home/airflow/.local/lib/python3.8/site-packages/airflow/example_dags/example_branch_python_dop_operator_3.py
[2024-04-05T09:37:41.242+0000] {logging_mixin.py:188} INFO - [2024-04-05T09:37:41.239+0000] {dag.py:3047} INFO - Sync 1 DAGs
[2024-04-05T09:37:41.445+0000] {logging_mixin.py:188} INFO - [2024-04-05T09:37:41.442+0000] {dag.py:3834} INFO - Setting next_dagrun for example_branch_dop_operator_v3 to 2024-04-05 09:36:00+00:00, run_after=2024-04-05 09:37:00+00:00
[2024-04-05T09:37:41.596+0000] {processor.py:183} INFO - Processing /home/airflow/.local/lib/python3.8/site-packages/airflow/example_dags/example_branch_python_dop_operator_3.py took 0.721 seconds
[2024-04-05T09:38:00.475+0000] {processor.py:161} INFO - Started process (PID=950) to work on /home/airflow/.local/lib/python3.8/site-packages/airflow/example_dags/example_branch_python_dop_operator_3.py
[2024-04-05T09:38:00.519+0000] {processor.py:830} INFO - Processing file /home/airflow/.local/lib/python3.8/site-packages/airflow/example_dags/example_branch_python_dop_operator_3.py for tasks to queue
[2024-04-05T09:38:00.571+0000] {logging_mixin.py:188} INFO - [2024-04-05T09:38:00.562+0000] {dagbag.py:540} INFO - Filling up the DagBag from /home/airflow/.local/lib/python3.8/site-packages/airflow/example_dags/example_branch_python_dop_operator_3.py
[2024-04-05T09:38:00.720+0000] {processor.py:840} INFO - DAG(s) 'example_branch_dop_operator_v3' retrieved from /home/airflow/.local/lib/python3.8/site-packages/airflow/example_dags/example_branch_python_dop_operator_3.py
[2024-04-05T09:38:00.929+0000] {logging_mixin.py:188} INFO - [2024-04-05T09:38:00.928+0000] {dag.py:3047} INFO - Sync 1 DAGs
[2024-04-05T09:38:01.409+0000] {logging_mixin.py:188} INFO - [2024-04-05T09:38:01.407+0000] {dag.py:3834} INFO - Setting next_dagrun for example_branch_dop_operator_v3 to 2024-04-05 09:37:00+00:00, run_after=2024-04-05 09:38:00+00:00
[2024-04-05T09:38:01.667+0000] {processor.py:183} INFO - Processing /home/airflow/.local/lib/python3.8/site-packages/airflow/example_dags/example_branch_python_dop_operator_3.py took 1.207 seconds
[2024-04-05T09:38:18.247+0000] {processor.py:161} INFO - Started process (PID=1010) to work on /home/airflow/.local/lib/python3.8/site-packages/airflow/example_dags/example_branch_python_dop_operator_3.py
[2024-04-05T09:38:18.266+0000] {processor.py:830} INFO - Processing file /home/airflow/.local/lib/python3.8/site-packages/airflow/example_dags/example_branch_python_dop_operator_3.py for tasks to queue
[2024-04-05T09:38:18.293+0000] {logging_mixin.py:188} INFO - [2024-04-05T09:38:18.291+0000] {dagbag.py:540} INFO - Filling up the DagBag from /home/airflow/.local/lib/python3.8/site-packages/airflow/example_dags/example_branch_python_dop_operator_3.py
[2024-04-05T09:38:18.377+0000] {processor.py:840} INFO - DAG(s) 'example_branch_dop_operator_v3' retrieved from /home/airflow/.local/lib/python3.8/site-packages/airflow/example_dags/example_branch_python_dop_operator_3.py
[2024-04-05T09:38:18.544+0000] {logging_mixin.py:188} INFO - [2024-04-05T09:38:18.544+0000] {dag.py:3047} INFO - Sync 1 DAGs
[2024-04-05T09:38:18.929+0000] {logging_mixin.py:188} INFO - [2024-04-05T09:38:18.926+0000] {dag.py:3834} INFO - Setting next_dagrun for example_branch_dop_operator_v3 to 2024-04-05 09:37:00+00:00, run_after=2024-04-05 09:38:00+00:00
[2024-04-05T09:38:19.100+0000] {processor.py:183} INFO - Processing /home/airflow/.local/lib/python3.8/site-packages/airflow/example_dags/example_branch_python_dop_operator_3.py took 0.897 seconds
[2024-04-05T09:38:40.533+0000] {processor.py:161} INFO - Started process (PID=1062) to work on /home/airflow/.local/lib/python3.8/site-packages/airflow/example_dags/example_branch_python_dop_operator_3.py
[2024-04-05T09:38:40.562+0000] {processor.py:830} INFO - Processing file /home/airflow/.local/lib/python3.8/site-packages/airflow/example_dags/example_branch_python_dop_operator_3.py for tasks to queue
[2024-04-05T09:38:40.597+0000] {logging_mixin.py:188} INFO - [2024-04-05T09:38:40.588+0000] {dagbag.py:540} INFO - Filling up the DagBag from /home/airflow/.local/lib/python3.8/site-packages/airflow/example_dags/example_branch_python_dop_operator_3.py
[2024-04-05T09:38:40.804+0000] {processor.py:840} INFO - DAG(s) 'example_branch_dop_operator_v3' retrieved from /home/airflow/.local/lib/python3.8/site-packages/airflow/example_dags/example_branch_python_dop_operator_3.py
[2024-04-05T09:38:41.075+0000] {logging_mixin.py:188} INFO - [2024-04-05T09:38:41.074+0000] {dag.py:3047} INFO - Sync 1 DAGs
[2024-04-05T09:38:41.370+0000] {logging_mixin.py:188} INFO - [2024-04-05T09:38:41.369+0000] {dag.py:3834} INFO - Setting next_dagrun for example_branch_dop_operator_v3 to 2024-04-05 09:37:00+00:00, run_after=2024-04-05 09:38:00+00:00
[2024-04-05T09:38:41.602+0000] {processor.py:183} INFO - Processing /home/airflow/.local/lib/python3.8/site-packages/airflow/example_dags/example_branch_python_dop_operator_3.py took 1.108 seconds
