[2024-04-05T09:31:10.165+0000] {processor.py:161} INFO - Started process (PID=83) to work on /home/airflow/.local/lib/python3.8/site-packages/airflow/example_dags/example_datasets.py
[2024-04-05T09:31:10.167+0000] {processor.py:830} INFO - Processing file /home/airflow/.local/lib/python3.8/site-packages/airflow/example_dags/example_datasets.py for tasks to queue
[2024-04-05T09:31:10.171+0000] {logging_mixin.py:188} INFO - [2024-04-05T09:31:10.170+0000] {dagbag.py:540} INFO - Filling up the DagBag from /home/airflow/.local/lib/python3.8/site-packages/airflow/example_dags/example_datasets.py
[2024-04-05T09:31:10.194+0000] {processor.py:840} INFO - DAG(s) 'dataset_produces_2', 'dataset_consumes_unknown_never_scheduled', 'dataset_produces_1', 'dataset_consumes_1_and_2', 'dataset_consumes_1_never_scheduled', 'dataset_consumes_1' retrieved from /home/airflow/.local/lib/python3.8/site-packages/airflow/example_dags/example_datasets.py
[2024-04-05T09:31:10.449+0000] {logging_mixin.py:188} INFO - [2024-04-05T09:31:10.449+0000] {dag.py:3047} INFO - Sync 6 DAGs
[2024-04-05T09:31:10.480+0000] {logging_mixin.py:188} INFO - [2024-04-05T09:31:10.480+0000] {dag.py:3834} INFO - Setting next_dagrun for dataset_consumes_1 to None, run_after=None
[2024-04-05T09:31:10.485+0000] {logging_mixin.py:188} INFO - [2024-04-05T09:31:10.484+0000] {dag.py:3834} INFO - Setting next_dagrun for dataset_consumes_1_and_2 to None, run_after=None
[2024-04-05T09:31:10.487+0000] {logging_mixin.py:188} INFO - [2024-04-05T09:31:10.487+0000] {dag.py:3834} INFO - Setting next_dagrun for dataset_consumes_1_never_scheduled to None, run_after=None
[2024-04-05T09:31:10.490+0000] {logging_mixin.py:188} INFO - [2024-04-05T09:31:10.490+0000] {dag.py:3834} INFO - Setting next_dagrun for dataset_consumes_unknown_never_scheduled to None, run_after=None
[2024-04-05T09:31:10.496+0000] {logging_mixin.py:188} INFO - [2024-04-05T09:31:10.495+0000] {dag.py:3834} INFO - Setting next_dagrun for dataset_produces_1 to 2024-04-04 00:00:00+00:00, run_after=2024-04-05 00:00:00+00:00
[2024-04-05T09:31:10.499+0000] {logging_mixin.py:188} INFO - [2024-04-05T09:31:10.499+0000] {dag.py:3834} INFO - Setting next_dagrun for dataset_produces_2 to None, run_after=None
[2024-04-05T09:31:10.567+0000] {processor.py:183} INFO - Processing /home/airflow/.local/lib/python3.8/site-packages/airflow/example_dags/example_datasets.py took 0.407 seconds
[2024-04-05T09:31:41.365+0000] {processor.py:161} INFO - Started process (PID=138) to work on /home/airflow/.local/lib/python3.8/site-packages/airflow/example_dags/example_datasets.py
[2024-04-05T09:31:41.372+0000] {processor.py:830} INFO - Processing file /home/airflow/.local/lib/python3.8/site-packages/airflow/example_dags/example_datasets.py for tasks to queue
[2024-04-05T09:31:41.378+0000] {logging_mixin.py:188} INFO - [2024-04-05T09:31:41.377+0000] {dagbag.py:540} INFO - Filling up the DagBag from /home/airflow/.local/lib/python3.8/site-packages/airflow/example_dags/example_datasets.py
[2024-04-05T09:31:41.406+0000] {processor.py:840} INFO - DAG(s) 'dataset_consumes_1_and_2', 'dataset_produces_2', 'dataset_consumes_1_never_scheduled', 'dataset_produces_1', 'dataset_consumes_unknown_never_scheduled', 'dataset_consumes_1' retrieved from /home/airflow/.local/lib/python3.8/site-packages/airflow/example_dags/example_datasets.py
[2024-04-05T09:31:41.570+0000] {logging_mixin.py:188} INFO - [2024-04-05T09:31:41.569+0000] {dag.py:3047} INFO - Sync 6 DAGs
[2024-04-05T09:31:41.727+0000] {logging_mixin.py:188} INFO - [2024-04-05T09:31:41.726+0000] {dag.py:3834} INFO - Setting next_dagrun for dataset_consumes_1 to None, run_after=None
[2024-04-05T09:31:41.748+0000] {logging_mixin.py:188} INFO - [2024-04-05T09:31:41.747+0000] {dag.py:3834} INFO - Setting next_dagrun for dataset_consumes_1_and_2 to None, run_after=None
[2024-04-05T09:31:41.753+0000] {logging_mixin.py:188} INFO - [2024-04-05T09:31:41.752+0000] {dag.py:3834} INFO - Setting next_dagrun for dataset_consumes_1_never_scheduled to None, run_after=None
[2024-04-05T09:31:41.759+0000] {logging_mixin.py:188} INFO - [2024-04-05T09:31:41.759+0000] {dag.py:3834} INFO - Setting next_dagrun for dataset_consumes_unknown_never_scheduled to None, run_after=None
[2024-04-05T09:31:41.774+0000] {logging_mixin.py:188} INFO - [2024-04-05T09:31:41.774+0000] {dag.py:3834} INFO - Setting next_dagrun for dataset_produces_1 to 2024-04-04 00:00:00+00:00, run_after=2024-04-05 00:00:00+00:00
[2024-04-05T09:31:41.782+0000] {logging_mixin.py:188} INFO - [2024-04-05T09:31:41.781+0000] {dag.py:3834} INFO - Setting next_dagrun for dataset_produces_2 to None, run_after=None
[2024-04-05T09:31:41.883+0000] {processor.py:183} INFO - Processing /home/airflow/.local/lib/python3.8/site-packages/airflow/example_dags/example_datasets.py took 0.531 seconds
[2024-04-05T09:32:12.063+0000] {processor.py:161} INFO - Started process (PID=193) to work on /home/airflow/.local/lib/python3.8/site-packages/airflow/example_dags/example_datasets.py
[2024-04-05T09:32:12.064+0000] {processor.py:830} INFO - Processing file /home/airflow/.local/lib/python3.8/site-packages/airflow/example_dags/example_datasets.py for tasks to queue
[2024-04-05T09:32:12.067+0000] {logging_mixin.py:188} INFO - [2024-04-05T09:32:12.066+0000] {dagbag.py:540} INFO - Filling up the DagBag from /home/airflow/.local/lib/python3.8/site-packages/airflow/example_dags/example_datasets.py
[2024-04-05T09:32:12.082+0000] {processor.py:840} INFO - DAG(s) 'dataset_consumes_unknown_never_scheduled', 'dataset_consumes_1', 'dataset_produces_1', 'dataset_consumes_1_and_2', 'dataset_consumes_1_never_scheduled', 'dataset_produces_2' retrieved from /home/airflow/.local/lib/python3.8/site-packages/airflow/example_dags/example_datasets.py
[2024-04-05T09:32:12.149+0000] {logging_mixin.py:188} INFO - [2024-04-05T09:32:12.149+0000] {dag.py:3047} INFO - Sync 6 DAGs
[2024-04-05T09:32:12.220+0000] {logging_mixin.py:188} INFO - [2024-04-05T09:32:12.219+0000] {dag.py:3834} INFO - Setting next_dagrun for dataset_consumes_1 to None, run_after=None
[2024-04-05T09:32:12.233+0000] {logging_mixin.py:188} INFO - [2024-04-05T09:32:12.232+0000] {dag.py:3834} INFO - Setting next_dagrun for dataset_consumes_1_and_2 to None, run_after=None
[2024-04-05T09:32:12.244+0000] {logging_mixin.py:188} INFO - [2024-04-05T09:32:12.241+0000] {dag.py:3834} INFO - Setting next_dagrun for dataset_consumes_1_never_scheduled to None, run_after=None
[2024-04-05T09:32:12.253+0000] {logging_mixin.py:188} INFO - [2024-04-05T09:32:12.252+0000] {dag.py:3834} INFO - Setting next_dagrun for dataset_consumes_unknown_never_scheduled to None, run_after=None
[2024-04-05T09:32:12.264+0000] {logging_mixin.py:188} INFO - [2024-04-05T09:32:12.263+0000] {dag.py:3834} INFO - Setting next_dagrun for dataset_produces_1 to 2024-04-04 00:00:00+00:00, run_after=2024-04-05 00:00:00+00:00
[2024-04-05T09:32:12.272+0000] {logging_mixin.py:188} INFO - [2024-04-05T09:32:12.271+0000] {dag.py:3834} INFO - Setting next_dagrun for dataset_produces_2 to None, run_after=None
[2024-04-05T09:32:12.333+0000] {processor.py:183} INFO - Processing /home/airflow/.local/lib/python3.8/site-packages/airflow/example_dags/example_datasets.py took 0.276 seconds
[2024-04-05T09:32:42.475+0000] {processor.py:161} INFO - Started process (PID=248) to work on /home/airflow/.local/lib/python3.8/site-packages/airflow/example_dags/example_datasets.py
[2024-04-05T09:32:42.477+0000] {processor.py:830} INFO - Processing file /home/airflow/.local/lib/python3.8/site-packages/airflow/example_dags/example_datasets.py for tasks to queue
[2024-04-05T09:32:42.480+0000] {logging_mixin.py:188} INFO - [2024-04-05T09:32:42.479+0000] {dagbag.py:540} INFO - Filling up the DagBag from /home/airflow/.local/lib/python3.8/site-packages/airflow/example_dags/example_datasets.py
[2024-04-05T09:32:42.492+0000] {processor.py:840} INFO - DAG(s) 'dataset_consumes_1_and_2', 'dataset_produces_2', 'dataset_consumes_unknown_never_scheduled', 'dataset_consumes_1_never_scheduled', 'dataset_produces_1', 'dataset_consumes_1' retrieved from /home/airflow/.local/lib/python3.8/site-packages/airflow/example_dags/example_datasets.py
[2024-04-05T09:32:42.542+0000] {logging_mixin.py:188} INFO - [2024-04-05T09:32:42.541+0000] {dag.py:3047} INFO - Sync 6 DAGs
[2024-04-05T09:32:42.575+0000] {logging_mixin.py:188} INFO - [2024-04-05T09:32:42.574+0000] {dag.py:3834} INFO - Setting next_dagrun for dataset_consumes_1 to None, run_after=None
[2024-04-05T09:32:42.582+0000] {logging_mixin.py:188} INFO - [2024-04-05T09:32:42.582+0000] {dag.py:3834} INFO - Setting next_dagrun for dataset_consumes_1_and_2 to None, run_after=None
[2024-04-05T09:32:42.585+0000] {logging_mixin.py:188} INFO - [2024-04-05T09:32:42.584+0000] {dag.py:3834} INFO - Setting next_dagrun for dataset_consumes_1_never_scheduled to None, run_after=None
[2024-04-05T09:32:42.586+0000] {logging_mixin.py:188} INFO - [2024-04-05T09:32:42.586+0000] {dag.py:3834} INFO - Setting next_dagrun for dataset_consumes_unknown_never_scheduled to None, run_after=None
[2024-04-05T09:32:42.592+0000] {logging_mixin.py:188} INFO - [2024-04-05T09:32:42.591+0000] {dag.py:3834} INFO - Setting next_dagrun for dataset_produces_1 to 2024-04-04 00:00:00+00:00, run_after=2024-04-05 00:00:00+00:00
[2024-04-05T09:32:42.594+0000] {logging_mixin.py:188} INFO - [2024-04-05T09:32:42.594+0000] {dag.py:3834} INFO - Setting next_dagrun for dataset_produces_2 to None, run_after=None
[2024-04-05T09:32:42.635+0000] {processor.py:183} INFO - Processing /home/airflow/.local/lib/python3.8/site-packages/airflow/example_dags/example_datasets.py took 0.163 seconds
[2024-04-05T09:33:12.963+0000] {processor.py:161} INFO - Started process (PID=303) to work on /home/airflow/.local/lib/python3.8/site-packages/airflow/example_dags/example_datasets.py
[2024-04-05T09:33:12.964+0000] {processor.py:830} INFO - Processing file /home/airflow/.local/lib/python3.8/site-packages/airflow/example_dags/example_datasets.py for tasks to queue
[2024-04-05T09:33:12.966+0000] {logging_mixin.py:188} INFO - [2024-04-05T09:33:12.966+0000] {dagbag.py:540} INFO - Filling up the DagBag from /home/airflow/.local/lib/python3.8/site-packages/airflow/example_dags/example_datasets.py
[2024-04-05T09:33:12.978+0000] {processor.py:840} INFO - DAG(s) 'dataset_produces_2', 'dataset_consumes_unknown_never_scheduled', 'dataset_consumes_1_and_2', 'dataset_produces_1', 'dataset_consumes_1_never_scheduled', 'dataset_consumes_1' retrieved from /home/airflow/.local/lib/python3.8/site-packages/airflow/example_dags/example_datasets.py
[2024-04-05T09:33:13.022+0000] {logging_mixin.py:188} INFO - [2024-04-05T09:33:13.022+0000] {dag.py:3047} INFO - Sync 6 DAGs
[2024-04-05T09:33:13.055+0000] {logging_mixin.py:188} INFO - [2024-04-05T09:33:13.054+0000] {dag.py:3834} INFO - Setting next_dagrun for dataset_consumes_1 to None, run_after=None
[2024-04-05T09:33:13.063+0000] {logging_mixin.py:188} INFO - [2024-04-05T09:33:13.063+0000] {dag.py:3834} INFO - Setting next_dagrun for dataset_consumes_1_and_2 to None, run_after=None
[2024-04-05T09:33:13.065+0000] {logging_mixin.py:188} INFO - [2024-04-05T09:33:13.064+0000] {dag.py:3834} INFO - Setting next_dagrun for dataset_consumes_1_never_scheduled to None, run_after=None
[2024-04-05T09:33:13.066+0000] {logging_mixin.py:188} INFO - [2024-04-05T09:33:13.066+0000] {dag.py:3834} INFO - Setting next_dagrun for dataset_consumes_unknown_never_scheduled to None, run_after=None
[2024-04-05T09:33:13.070+0000] {logging_mixin.py:188} INFO - [2024-04-05T09:33:13.070+0000] {dag.py:3834} INFO - Setting next_dagrun for dataset_produces_1 to 2024-04-04 00:00:00+00:00, run_after=2024-04-05 00:00:00+00:00
[2024-04-05T09:33:13.072+0000] {logging_mixin.py:188} INFO - [2024-04-05T09:33:13.072+0000] {dag.py:3834} INFO - Setting next_dagrun for dataset_produces_2 to None, run_after=None
[2024-04-05T09:33:13.113+0000] {processor.py:183} INFO - Processing /home/airflow/.local/lib/python3.8/site-packages/airflow/example_dags/example_datasets.py took 0.155 seconds
[2024-04-05T09:33:43.710+0000] {processor.py:161} INFO - Started process (PID=358) to work on /home/airflow/.local/lib/python3.8/site-packages/airflow/example_dags/example_datasets.py
[2024-04-05T09:33:43.712+0000] {processor.py:830} INFO - Processing file /home/airflow/.local/lib/python3.8/site-packages/airflow/example_dags/example_datasets.py for tasks to queue
[2024-04-05T09:33:43.715+0000] {logging_mixin.py:188} INFO - [2024-04-05T09:33:43.714+0000] {dagbag.py:540} INFO - Filling up the DagBag from /home/airflow/.local/lib/python3.8/site-packages/airflow/example_dags/example_datasets.py
[2024-04-05T09:33:43.728+0000] {processor.py:840} INFO - DAG(s) 'dataset_produces_2', 'dataset_consumes_1', 'dataset_consumes_1_and_2', 'dataset_consumes_1_never_scheduled', 'dataset_produces_1', 'dataset_consumes_unknown_never_scheduled' retrieved from /home/airflow/.local/lib/python3.8/site-packages/airflow/example_dags/example_datasets.py
[2024-04-05T09:33:43.784+0000] {logging_mixin.py:188} INFO - [2024-04-05T09:33:43.783+0000] {dag.py:3047} INFO - Sync 6 DAGs
[2024-04-05T09:33:43.819+0000] {logging_mixin.py:188} INFO - [2024-04-05T09:33:43.818+0000] {dag.py:3834} INFO - Setting next_dagrun for dataset_consumes_1 to None, run_after=None
[2024-04-05T09:33:43.824+0000] {logging_mixin.py:188} INFO - [2024-04-05T09:33:43.824+0000] {dag.py:3834} INFO - Setting next_dagrun for dataset_consumes_1_and_2 to None, run_after=None
[2024-04-05T09:33:43.826+0000] {logging_mixin.py:188} INFO - [2024-04-05T09:33:43.826+0000] {dag.py:3834} INFO - Setting next_dagrun for dataset_consumes_1_never_scheduled to None, run_after=None
[2024-04-05T09:33:43.828+0000] {logging_mixin.py:188} INFO - [2024-04-05T09:33:43.828+0000] {dag.py:3834} INFO - Setting next_dagrun for dataset_consumes_unknown_never_scheduled to None, run_after=None
[2024-04-05T09:33:43.832+0000] {logging_mixin.py:188} INFO - [2024-04-05T09:33:43.832+0000] {dag.py:3834} INFO - Setting next_dagrun for dataset_produces_1 to 2024-04-04 00:00:00+00:00, run_after=2024-04-05 00:00:00+00:00
[2024-04-05T09:33:43.835+0000] {logging_mixin.py:188} INFO - [2024-04-05T09:33:43.835+0000] {dag.py:3834} INFO - Setting next_dagrun for dataset_produces_2 to None, run_after=None
[2024-04-05T09:33:43.882+0000] {processor.py:183} INFO - Processing /home/airflow/.local/lib/python3.8/site-packages/airflow/example_dags/example_datasets.py took 0.178 seconds
[2024-04-05T09:34:14.291+0000] {processor.py:161} INFO - Started process (PID=413) to work on /home/airflow/.local/lib/python3.8/site-packages/airflow/example_dags/example_datasets.py
[2024-04-05T09:34:14.292+0000] {processor.py:830} INFO - Processing file /home/airflow/.local/lib/python3.8/site-packages/airflow/example_dags/example_datasets.py for tasks to queue
[2024-04-05T09:34:14.299+0000] {logging_mixin.py:188} INFO - [2024-04-05T09:34:14.298+0000] {dagbag.py:540} INFO - Filling up the DagBag from /home/airflow/.local/lib/python3.8/site-packages/airflow/example_dags/example_datasets.py
[2024-04-05T09:34:14.323+0000] {processor.py:840} INFO - DAG(s) 'dataset_consumes_unknown_never_scheduled', 'dataset_produces_2', 'dataset_consumes_1_never_scheduled', 'dataset_consumes_1', 'dataset_consumes_1_and_2', 'dataset_produces_1' retrieved from /home/airflow/.local/lib/python3.8/site-packages/airflow/example_dags/example_datasets.py
[2024-04-05T09:34:14.400+0000] {logging_mixin.py:188} INFO - [2024-04-05T09:34:14.399+0000] {dag.py:3047} INFO - Sync 6 DAGs
[2024-04-05T09:34:14.452+0000] {logging_mixin.py:188} INFO - [2024-04-05T09:34:14.451+0000] {dag.py:3834} INFO - Setting next_dagrun for dataset_consumes_1 to None, run_after=None
[2024-04-05T09:34:14.459+0000] {logging_mixin.py:188} INFO - [2024-04-05T09:34:14.458+0000] {dag.py:3834} INFO - Setting next_dagrun for dataset_consumes_1_and_2 to None, run_after=None
[2024-04-05T09:34:14.462+0000] {logging_mixin.py:188} INFO - [2024-04-05T09:34:14.462+0000] {dag.py:3834} INFO - Setting next_dagrun for dataset_consumes_1_never_scheduled to None, run_after=None
[2024-04-05T09:34:14.471+0000] {logging_mixin.py:188} INFO - [2024-04-05T09:34:14.471+0000] {dag.py:3834} INFO - Setting next_dagrun for dataset_consumes_unknown_never_scheduled to None, run_after=None
[2024-04-05T09:34:14.478+0000] {logging_mixin.py:188} INFO - [2024-04-05T09:34:14.478+0000] {dag.py:3834} INFO - Setting next_dagrun for dataset_produces_1 to 2024-04-04 00:00:00+00:00, run_after=2024-04-05 00:00:00+00:00
[2024-04-05T09:34:14.481+0000] {logging_mixin.py:188} INFO - [2024-04-05T09:34:14.480+0000] {dag.py:3834} INFO - Setting next_dagrun for dataset_produces_2 to None, run_after=None
[2024-04-05T09:34:14.526+0000] {processor.py:183} INFO - Processing /home/airflow/.local/lib/python3.8/site-packages/airflow/example_dags/example_datasets.py took 0.241 seconds
[2024-04-05T09:34:45.114+0000] {processor.py:161} INFO - Started process (PID=468) to work on /home/airflow/.local/lib/python3.8/site-packages/airflow/example_dags/example_datasets.py
[2024-04-05T09:34:45.116+0000] {processor.py:830} INFO - Processing file /home/airflow/.local/lib/python3.8/site-packages/airflow/example_dags/example_datasets.py for tasks to queue
[2024-04-05T09:34:45.118+0000] {logging_mixin.py:188} INFO - [2024-04-05T09:34:45.118+0000] {dagbag.py:540} INFO - Filling up the DagBag from /home/airflow/.local/lib/python3.8/site-packages/airflow/example_dags/example_datasets.py
[2024-04-05T09:34:45.135+0000] {processor.py:840} INFO - DAG(s) 'dataset_consumes_unknown_never_scheduled', 'dataset_produces_1', 'dataset_produces_2', 'dataset_consumes_1', 'dataset_consumes_1_never_scheduled', 'dataset_consumes_1_and_2' retrieved from /home/airflow/.local/lib/python3.8/site-packages/airflow/example_dags/example_datasets.py
[2024-04-05T09:34:45.192+0000] {logging_mixin.py:188} INFO - [2024-04-05T09:34:45.192+0000] {dag.py:3047} INFO - Sync 6 DAGs
[2024-04-05T09:34:45.233+0000] {logging_mixin.py:188} INFO - [2024-04-05T09:34:45.233+0000] {dag.py:3834} INFO - Setting next_dagrun for dataset_consumes_1 to None, run_after=None
[2024-04-05T09:34:45.242+0000] {logging_mixin.py:188} INFO - [2024-04-05T09:34:45.241+0000] {dag.py:3834} INFO - Setting next_dagrun for dataset_consumes_1_and_2 to None, run_after=None
[2024-04-05T09:34:45.244+0000] {logging_mixin.py:188} INFO - [2024-04-05T09:34:45.244+0000] {dag.py:3834} INFO - Setting next_dagrun for dataset_consumes_1_never_scheduled to None, run_after=None
[2024-04-05T09:34:45.247+0000] {logging_mixin.py:188} INFO - [2024-04-05T09:34:45.246+0000] {dag.py:3834} INFO - Setting next_dagrun for dataset_consumes_unknown_never_scheduled to None, run_after=None
[2024-04-05T09:34:45.251+0000] {logging_mixin.py:188} INFO - [2024-04-05T09:34:45.251+0000] {dag.py:3834} INFO - Setting next_dagrun for dataset_produces_1 to 2024-04-04 00:00:00+00:00, run_after=2024-04-05 00:00:00+00:00
[2024-04-05T09:34:45.253+0000] {logging_mixin.py:188} INFO - [2024-04-05T09:34:45.253+0000] {dag.py:3834} INFO - Setting next_dagrun for dataset_produces_2 to None, run_after=None
[2024-04-05T09:34:45.293+0000] {processor.py:183} INFO - Processing /home/airflow/.local/lib/python3.8/site-packages/airflow/example_dags/example_datasets.py took 0.184 seconds
[2024-04-05T09:35:15.364+0000] {processor.py:161} INFO - Started process (PID=523) to work on /home/airflow/.local/lib/python3.8/site-packages/airflow/example_dags/example_datasets.py
[2024-04-05T09:35:15.366+0000] {processor.py:830} INFO - Processing file /home/airflow/.local/lib/python3.8/site-packages/airflow/example_dags/example_datasets.py for tasks to queue
[2024-04-05T09:35:15.368+0000] {logging_mixin.py:188} INFO - [2024-04-05T09:35:15.368+0000] {dagbag.py:540} INFO - Filling up the DagBag from /home/airflow/.local/lib/python3.8/site-packages/airflow/example_dags/example_datasets.py
[2024-04-05T09:35:15.381+0000] {processor.py:840} INFO - DAG(s) 'dataset_produces_2', 'dataset_consumes_unknown_never_scheduled', 'dataset_produces_1', 'dataset_consumes_1', 'dataset_consumes_1_and_2', 'dataset_consumes_1_never_scheduled' retrieved from /home/airflow/.local/lib/python3.8/site-packages/airflow/example_dags/example_datasets.py
[2024-04-05T09:35:15.428+0000] {logging_mixin.py:188} INFO - [2024-04-05T09:35:15.427+0000] {dag.py:3047} INFO - Sync 6 DAGs
[2024-04-05T09:35:15.459+0000] {logging_mixin.py:188} INFO - [2024-04-05T09:35:15.459+0000] {dag.py:3834} INFO - Setting next_dagrun for dataset_consumes_1 to None, run_after=None
[2024-04-05T09:35:15.465+0000] {logging_mixin.py:188} INFO - [2024-04-05T09:35:15.464+0000] {dag.py:3834} INFO - Setting next_dagrun for dataset_consumes_1_and_2 to None, run_after=None
[2024-04-05T09:35:15.467+0000] {logging_mixin.py:188} INFO - [2024-04-05T09:35:15.467+0000] {dag.py:3834} INFO - Setting next_dagrun for dataset_consumes_1_never_scheduled to None, run_after=None
[2024-04-05T09:35:15.470+0000] {logging_mixin.py:188} INFO - [2024-04-05T09:35:15.470+0000] {dag.py:3834} INFO - Setting next_dagrun for dataset_consumes_unknown_never_scheduled to None, run_after=None
[2024-04-05T09:35:15.476+0000] {logging_mixin.py:188} INFO - [2024-04-05T09:35:15.475+0000] {dag.py:3834} INFO - Setting next_dagrun for dataset_produces_1 to 2024-04-04 00:00:00+00:00, run_after=2024-04-05 00:00:00+00:00
[2024-04-05T09:35:15.479+0000] {logging_mixin.py:188} INFO - [2024-04-05T09:35:15.479+0000] {dag.py:3834} INFO - Setting next_dagrun for dataset_produces_2 to None, run_after=None
[2024-04-05T09:35:15.524+0000] {processor.py:183} INFO - Processing /home/airflow/.local/lib/python3.8/site-packages/airflow/example_dags/example_datasets.py took 0.164 seconds
[2024-04-05T09:35:45.749+0000] {processor.py:161} INFO - Started process (PID=603) to work on /home/airflow/.local/lib/python3.8/site-packages/airflow/example_dags/example_datasets.py
[2024-04-05T09:35:45.751+0000] {processor.py:830} INFO - Processing file /home/airflow/.local/lib/python3.8/site-packages/airflow/example_dags/example_datasets.py for tasks to queue
[2024-04-05T09:35:45.755+0000] {logging_mixin.py:188} INFO - [2024-04-05T09:35:45.754+0000] {dagbag.py:540} INFO - Filling up the DagBag from /home/airflow/.local/lib/python3.8/site-packages/airflow/example_dags/example_datasets.py
[2024-04-05T09:35:45.775+0000] {processor.py:840} INFO - DAG(s) 'dataset_produces_2', 'dataset_consumes_1_never_scheduled', 'dataset_consumes_1', 'dataset_consumes_1_and_2', 'dataset_consumes_unknown_never_scheduled', 'dataset_produces_1' retrieved from /home/airflow/.local/lib/python3.8/site-packages/airflow/example_dags/example_datasets.py
[2024-04-05T09:35:45.865+0000] {logging_mixin.py:188} INFO - [2024-04-05T09:35:45.864+0000] {dag.py:3047} INFO - Sync 6 DAGs
[2024-04-05T09:35:45.926+0000] {logging_mixin.py:188} INFO - [2024-04-05T09:35:45.926+0000] {dag.py:3834} INFO - Setting next_dagrun for dataset_consumes_1 to None, run_after=None
[2024-04-05T09:35:45.934+0000] {logging_mixin.py:188} INFO - [2024-04-05T09:35:45.934+0000] {dag.py:3834} INFO - Setting next_dagrun for dataset_consumes_1_and_2 to None, run_after=None
[2024-04-05T09:35:45.937+0000] {logging_mixin.py:188} INFO - [2024-04-05T09:35:45.937+0000] {dag.py:3834} INFO - Setting next_dagrun for dataset_consumes_1_never_scheduled to None, run_after=None
[2024-04-05T09:35:45.941+0000] {logging_mixin.py:188} INFO - [2024-04-05T09:35:45.940+0000] {dag.py:3834} INFO - Setting next_dagrun for dataset_consumes_unknown_never_scheduled to None, run_after=None
[2024-04-05T09:35:45.949+0000] {logging_mixin.py:188} INFO - [2024-04-05T09:35:45.948+0000] {dag.py:3834} INFO - Setting next_dagrun for dataset_produces_1 to 2024-04-04 00:00:00+00:00, run_after=2024-04-05 00:00:00+00:00
[2024-04-05T09:35:45.953+0000] {logging_mixin.py:188} INFO - [2024-04-05T09:35:45.953+0000] {dag.py:3834} INFO - Setting next_dagrun for dataset_produces_2 to None, run_after=None
[2024-04-05T09:35:46.016+0000] {processor.py:183} INFO - Processing /home/airflow/.local/lib/python3.8/site-packages/airflow/example_dags/example_datasets.py took 0.272 seconds
[2024-04-05T09:35:55.084+0000] {processor.py:161} INFO - Started process (PID=654) to work on /home/airflow/.local/lib/python3.8/site-packages/airflow/example_dags/example_datasets.py
[2024-04-05T09:35:55.095+0000] {processor.py:830} INFO - Processing file /home/airflow/.local/lib/python3.8/site-packages/airflow/example_dags/example_datasets.py for tasks to queue
[2024-04-05T09:35:55.099+0000] {logging_mixin.py:188} INFO - [2024-04-05T09:35:55.098+0000] {dagbag.py:540} INFO - Filling up the DagBag from /home/airflow/.local/lib/python3.8/site-packages/airflow/example_dags/example_datasets.py
[2024-04-05T09:35:55.137+0000] {processor.py:840} INFO - DAG(s) 'dataset_consumes_1_and_2', 'dataset_produces_2', 'dataset_produces_1', 'dataset_consumes_1', 'dataset_consumes_unknown_never_scheduled', 'dataset_consumes_1_never_scheduled' retrieved from /home/airflow/.local/lib/python3.8/site-packages/airflow/example_dags/example_datasets.py
[2024-04-05T09:35:55.269+0000] {logging_mixin.py:188} INFO - [2024-04-05T09:35:55.268+0000] {dag.py:3047} INFO - Sync 6 DAGs
[2024-04-05T09:35:55.335+0000] {logging_mixin.py:188} INFO - [2024-04-05T09:35:55.334+0000] {dag.py:3834} INFO - Setting next_dagrun for dataset_consumes_1 to None, run_after=None
[2024-04-05T09:35:55.344+0000] {logging_mixin.py:188} INFO - [2024-04-05T09:35:55.343+0000] {dag.py:3834} INFO - Setting next_dagrun for dataset_consumes_1_and_2 to None, run_after=None
[2024-04-05T09:35:55.356+0000] {logging_mixin.py:188} INFO - [2024-04-05T09:35:55.356+0000] {dag.py:3834} INFO - Setting next_dagrun for dataset_consumes_1_never_scheduled to None, run_after=None
[2024-04-05T09:35:55.362+0000] {logging_mixin.py:188} INFO - [2024-04-05T09:35:55.361+0000] {dag.py:3834} INFO - Setting next_dagrun for dataset_consumes_unknown_never_scheduled to None, run_after=None
[2024-04-05T09:35:55.370+0000] {logging_mixin.py:188} INFO - [2024-04-05T09:35:55.370+0000] {dag.py:3834} INFO - Setting next_dagrun for dataset_produces_1 to 2024-04-04 00:00:00+00:00, run_after=2024-04-05 00:00:00+00:00
[2024-04-05T09:35:55.374+0000] {logging_mixin.py:188} INFO - [2024-04-05T09:35:55.374+0000] {dag.py:3834} INFO - Setting next_dagrun for dataset_produces_2 to None, run_after=None
[2024-04-05T09:35:55.495+0000] {processor.py:183} INFO - Processing /home/airflow/.local/lib/python3.8/site-packages/airflow/example_dags/example_datasets.py took 0.420 seconds
[2024-04-05T09:36:26.900+0000] {processor.py:161} INFO - Started process (PID=723) to work on /home/airflow/.local/lib/python3.8/site-packages/airflow/example_dags/example_datasets.py
[2024-04-05T09:36:26.904+0000] {processor.py:830} INFO - Processing file /home/airflow/.local/lib/python3.8/site-packages/airflow/example_dags/example_datasets.py for tasks to queue
[2024-04-05T09:36:26.927+0000] {logging_mixin.py:188} INFO - [2024-04-05T09:36:26.926+0000] {dagbag.py:540} INFO - Filling up the DagBag from /home/airflow/.local/lib/python3.8/site-packages/airflow/example_dags/example_datasets.py
[2024-04-05T09:36:27.041+0000] {processor.py:840} INFO - DAG(s) 'dataset_produces_1', 'dataset_consumes_unknown_never_scheduled', 'dataset_produces_2', 'dataset_consumes_1', 'dataset_consumes_1_and_2', 'dataset_consumes_1_never_scheduled' retrieved from /home/airflow/.local/lib/python3.8/site-packages/airflow/example_dags/example_datasets.py
[2024-04-05T09:36:27.419+0000] {logging_mixin.py:188} INFO - [2024-04-05T09:36:27.418+0000] {dag.py:3047} INFO - Sync 6 DAGs
[2024-04-05T09:36:27.697+0000] {logging_mixin.py:188} INFO - [2024-04-05T09:36:27.697+0000] {dag.py:3834} INFO - Setting next_dagrun for dataset_consumes_1 to None, run_after=None
[2024-04-05T09:36:27.780+0000] {logging_mixin.py:188} INFO - [2024-04-05T09:36:27.779+0000] {dag.py:3834} INFO - Setting next_dagrun for dataset_consumes_1_and_2 to None, run_after=None
[2024-04-05T09:36:27.817+0000] {logging_mixin.py:188} INFO - [2024-04-05T09:36:27.817+0000] {dag.py:3834} INFO - Setting next_dagrun for dataset_consumes_1_never_scheduled to None, run_after=None
[2024-04-05T09:36:27.861+0000] {logging_mixin.py:188} INFO - [2024-04-05T09:36:27.860+0000] {dag.py:3834} INFO - Setting next_dagrun for dataset_consumes_unknown_never_scheduled to None, run_after=None
[2024-04-05T09:36:27.917+0000] {logging_mixin.py:188} INFO - [2024-04-05T09:36:27.905+0000] {dag.py:3834} INFO - Setting next_dagrun for dataset_produces_1 to 2024-04-04 00:00:00+00:00, run_after=2024-04-05 00:00:00+00:00
[2024-04-05T09:36:27.939+0000] {logging_mixin.py:188} INFO - [2024-04-05T09:36:27.937+0000] {dag.py:3834} INFO - Setting next_dagrun for dataset_produces_2 to None, run_after=None
[2024-04-05T09:36:28.410+0000] {processor.py:183} INFO - Processing /home/airflow/.local/lib/python3.8/site-packages/airflow/example_dags/example_datasets.py took 1.542 seconds
[2024-04-05T09:36:52.012+0000] {processor.py:161} INFO - Started process (PID=779) to work on /home/airflow/.local/lib/python3.8/site-packages/airflow/example_dags/example_datasets.py
[2024-04-05T09:36:52.026+0000] {processor.py:830} INFO - Processing file /home/airflow/.local/lib/python3.8/site-packages/airflow/example_dags/example_datasets.py for tasks to queue
[2024-04-05T09:36:52.047+0000] {logging_mixin.py:188} INFO - [2024-04-05T09:36:52.046+0000] {dagbag.py:540} INFO - Filling up the DagBag from /home/airflow/.local/lib/python3.8/site-packages/airflow/example_dags/example_datasets.py
[2024-04-05T09:36:52.145+0000] {processor.py:840} INFO - DAG(s) 'dataset_consumes_1_never_scheduled', 'dataset_consumes_1', 'dataset_produces_2', 'dataset_produces_1', 'dataset_consumes_1_and_2', 'dataset_consumes_unknown_never_scheduled' retrieved from /home/airflow/.local/lib/python3.8/site-packages/airflow/example_dags/example_datasets.py
[2024-04-05T09:36:52.510+0000] {logging_mixin.py:188} INFO - [2024-04-05T09:36:52.509+0000] {dag.py:3047} INFO - Sync 6 DAGs
[2024-04-05T09:36:52.728+0000] {logging_mixin.py:188} INFO - [2024-04-05T09:36:52.726+0000] {dag.py:3834} INFO - Setting next_dagrun for dataset_consumes_1 to None, run_after=None
[2024-04-05T09:36:52.768+0000] {logging_mixin.py:188} INFO - [2024-04-05T09:36:52.767+0000] {dag.py:3834} INFO - Setting next_dagrun for dataset_consumes_1_and_2 to None, run_after=None
[2024-04-05T09:36:52.777+0000] {logging_mixin.py:188} INFO - [2024-04-05T09:36:52.775+0000] {dag.py:3834} INFO - Setting next_dagrun for dataset_consumes_1_never_scheduled to None, run_after=None
[2024-04-05T09:36:52.814+0000] {logging_mixin.py:188} INFO - [2024-04-05T09:36:52.812+0000] {dag.py:3834} INFO - Setting next_dagrun for dataset_consumes_unknown_never_scheduled to None, run_after=None
[2024-04-05T09:36:52.920+0000] {logging_mixin.py:188} INFO - [2024-04-05T09:36:52.911+0000] {dag.py:3834} INFO - Setting next_dagrun for dataset_produces_1 to 2024-04-04 00:00:00+00:00, run_after=2024-04-05 00:00:00+00:00
[2024-04-05T09:36:52.955+0000] {logging_mixin.py:188} INFO - [2024-04-05T09:36:52.950+0000] {dag.py:3834} INFO - Setting next_dagrun for dataset_produces_2 to None, run_after=None
[2024-04-05T09:36:53.322+0000] {processor.py:183} INFO - Processing /home/airflow/.local/lib/python3.8/site-packages/airflow/example_dags/example_datasets.py took 1.341 seconds
[2024-04-05T09:37:12.197+0000] {processor.py:161} INFO - Started process (PID=841) to work on /home/airflow/.local/lib/python3.8/site-packages/airflow/example_dags/example_datasets.py
[2024-04-05T09:37:12.210+0000] {processor.py:830} INFO - Processing file /home/airflow/.local/lib/python3.8/site-packages/airflow/example_dags/example_datasets.py for tasks to queue
[2024-04-05T09:37:12.413+0000] {logging_mixin.py:188} INFO - [2024-04-05T09:37:12.412+0000] {dagbag.py:540} INFO - Filling up the DagBag from /home/airflow/.local/lib/python3.8/site-packages/airflow/example_dags/example_datasets.py
[2024-04-05T09:37:12.493+0000] {processor.py:840} INFO - DAG(s) 'dataset_consumes_1_and_2', 'dataset_consumes_unknown_never_scheduled', 'dataset_produces_2', 'dataset_consumes_1', 'dataset_consumes_1_never_scheduled', 'dataset_produces_1' retrieved from /home/airflow/.local/lib/python3.8/site-packages/airflow/example_dags/example_datasets.py
[2024-04-05T09:37:12.876+0000] {logging_mixin.py:188} INFO - [2024-04-05T09:37:12.875+0000] {dag.py:3047} INFO - Sync 6 DAGs
[2024-04-05T09:37:13.158+0000] {logging_mixin.py:188} INFO - [2024-04-05T09:37:13.157+0000] {dag.py:3834} INFO - Setting next_dagrun for dataset_consumes_1 to None, run_after=None
[2024-04-05T09:37:13.197+0000] {logging_mixin.py:188} INFO - [2024-04-05T09:37:13.196+0000] {dag.py:3834} INFO - Setting next_dagrun for dataset_consumes_1_and_2 to None, run_after=None
[2024-04-05T09:37:13.212+0000] {logging_mixin.py:188} INFO - [2024-04-05T09:37:13.212+0000] {dag.py:3834} INFO - Setting next_dagrun for dataset_consumes_1_never_scheduled to None, run_after=None
[2024-04-05T09:37:13.233+0000] {logging_mixin.py:188} INFO - [2024-04-05T09:37:13.231+0000] {dag.py:3834} INFO - Setting next_dagrun for dataset_consumes_unknown_never_scheduled to None, run_after=None
[2024-04-05T09:37:13.253+0000] {logging_mixin.py:188} INFO - [2024-04-05T09:37:13.253+0000] {dag.py:3834} INFO - Setting next_dagrun for dataset_produces_1 to 2024-04-04 00:00:00+00:00, run_after=2024-04-05 00:00:00+00:00
[2024-04-05T09:37:13.264+0000] {logging_mixin.py:188} INFO - [2024-04-05T09:37:13.263+0000] {dag.py:3834} INFO - Setting next_dagrun for dataset_produces_2 to None, run_after=None
[2024-04-05T09:37:13.667+0000] {processor.py:183} INFO - Processing /home/airflow/.local/lib/python3.8/site-packages/airflow/example_dags/example_datasets.py took 1.501 seconds
[2024-04-05T09:37:33.494+0000] {processor.py:161} INFO - Started process (PID=888) to work on /home/airflow/.local/lib/python3.8/site-packages/airflow/example_dags/example_datasets.py
[2024-04-05T09:37:33.512+0000] {processor.py:830} INFO - Processing file /home/airflow/.local/lib/python3.8/site-packages/airflow/example_dags/example_datasets.py for tasks to queue
[2024-04-05T09:37:33.538+0000] {logging_mixin.py:188} INFO - [2024-04-05T09:37:33.528+0000] {dagbag.py:540} INFO - Filling up the DagBag from /home/airflow/.local/lib/python3.8/site-packages/airflow/example_dags/example_datasets.py
[2024-04-05T09:37:33.625+0000] {processor.py:840} INFO - DAG(s) 'dataset_consumes_1_and_2', 'dataset_produces_2', 'dataset_consumes_unknown_never_scheduled', 'dataset_consumes_1_never_scheduled', 'dataset_consumes_1', 'dataset_produces_1' retrieved from /home/airflow/.local/lib/python3.8/site-packages/airflow/example_dags/example_datasets.py
[2024-04-05T09:37:33.912+0000] {logging_mixin.py:188} INFO - [2024-04-05T09:37:33.912+0000] {dag.py:3047} INFO - Sync 6 DAGs
[2024-04-05T09:37:34.129+0000] {logging_mixin.py:188} INFO - [2024-04-05T09:37:34.128+0000] {dag.py:3834} INFO - Setting next_dagrun for dataset_consumes_1 to None, run_after=None
[2024-04-05T09:37:34.196+0000] {logging_mixin.py:188} INFO - [2024-04-05T09:37:34.193+0000] {dag.py:3834} INFO - Setting next_dagrun for dataset_consumes_1_and_2 to None, run_after=None
[2024-04-05T09:37:34.211+0000] {logging_mixin.py:188} INFO - [2024-04-05T09:37:34.210+0000] {dag.py:3834} INFO - Setting next_dagrun for dataset_consumes_1_never_scheduled to None, run_after=None
[2024-04-05T09:37:34.226+0000] {logging_mixin.py:188} INFO - [2024-04-05T09:37:34.225+0000] {dag.py:3834} INFO - Setting next_dagrun for dataset_consumes_unknown_never_scheduled to None, run_after=None
[2024-04-05T09:37:34.266+0000] {logging_mixin.py:188} INFO - [2024-04-05T09:37:34.265+0000] {dag.py:3834} INFO - Setting next_dagrun for dataset_produces_1 to 2024-04-04 00:00:00+00:00, run_after=2024-04-05 00:00:00+00:00
[2024-04-05T09:37:34.285+0000] {logging_mixin.py:188} INFO - [2024-04-05T09:37:34.285+0000] {dag.py:3834} INFO - Setting next_dagrun for dataset_produces_2 to None, run_after=None
[2024-04-05T09:37:34.650+0000] {processor.py:183} INFO - Processing /home/airflow/.local/lib/python3.8/site-packages/airflow/example_dags/example_datasets.py took 1.174 seconds
[2024-04-05T09:38:04.577+0000] {processor.py:161} INFO - Started process (PID=961) to work on /home/airflow/.local/lib/python3.8/site-packages/airflow/example_dags/example_datasets.py
[2024-04-05T09:38:04.581+0000] {processor.py:830} INFO - Processing file /home/airflow/.local/lib/python3.8/site-packages/airflow/example_dags/example_datasets.py for tasks to queue
[2024-04-05T09:38:04.599+0000] {logging_mixin.py:188} INFO - [2024-04-05T09:38:04.597+0000] {dagbag.py:540} INFO - Filling up the DagBag from /home/airflow/.local/lib/python3.8/site-packages/airflow/example_dags/example_datasets.py
[2024-04-05T09:38:04.686+0000] {processor.py:840} INFO - DAG(s) 'dataset_produces_2', 'dataset_produces_1', 'dataset_consumes_1_and_2', 'dataset_consumes_unknown_never_scheduled', 'dataset_consumes_1', 'dataset_consumes_1_never_scheduled' retrieved from /home/airflow/.local/lib/python3.8/site-packages/airflow/example_dags/example_datasets.py
[2024-04-05T09:38:05.109+0000] {logging_mixin.py:188} INFO - [2024-04-05T09:38:05.108+0000] {dag.py:3047} INFO - Sync 6 DAGs
[2024-04-05T09:38:05.306+0000] {logging_mixin.py:188} INFO - [2024-04-05T09:38:05.305+0000] {dag.py:3834} INFO - Setting next_dagrun for dataset_consumes_1 to None, run_after=None
[2024-04-05T09:38:05.330+0000] {logging_mixin.py:188} INFO - [2024-04-05T09:38:05.329+0000] {dag.py:3834} INFO - Setting next_dagrun for dataset_consumes_1_and_2 to None, run_after=None
[2024-04-05T09:38:05.347+0000] {logging_mixin.py:188} INFO - [2024-04-05T09:38:05.346+0000] {dag.py:3834} INFO - Setting next_dagrun for dataset_consumes_1_never_scheduled to None, run_after=None
[2024-04-05T09:38:05.360+0000] {logging_mixin.py:188} INFO - [2024-04-05T09:38:05.359+0000] {dag.py:3834} INFO - Setting next_dagrun for dataset_consumes_unknown_never_scheduled to None, run_after=None
[2024-04-05T09:38:05.385+0000] {logging_mixin.py:188} INFO - [2024-04-05T09:38:05.384+0000] {dag.py:3834} INFO - Setting next_dagrun for dataset_produces_1 to 2024-04-04 00:00:00+00:00, run_after=2024-04-05 00:00:00+00:00
[2024-04-05T09:38:05.406+0000] {logging_mixin.py:188} INFO - [2024-04-05T09:38:05.404+0000] {dag.py:3834} INFO - Setting next_dagrun for dataset_produces_2 to None, run_after=None
[2024-04-05T09:38:05.809+0000] {processor.py:183} INFO - Processing /home/airflow/.local/lib/python3.8/site-packages/airflow/example_dags/example_datasets.py took 1.253 seconds
[2024-04-05T09:38:16.840+0000] {processor.py:161} INFO - Started process (PID=1008) to work on /home/airflow/.local/lib/python3.8/site-packages/airflow/example_dags/example_datasets.py
[2024-04-05T09:38:16.855+0000] {processor.py:830} INFO - Processing file /home/airflow/.local/lib/python3.8/site-packages/airflow/example_dags/example_datasets.py for tasks to queue
[2024-04-05T09:38:16.871+0000] {logging_mixin.py:188} INFO - [2024-04-05T09:38:16.871+0000] {dagbag.py:540} INFO - Filling up the DagBag from /home/airflow/.local/lib/python3.8/site-packages/airflow/example_dags/example_datasets.py
[2024-04-05T09:38:17.063+0000] {processor.py:840} INFO - DAG(s) 'dataset_consumes_1_never_scheduled', 'dataset_consumes_1', 'dataset_produces_2', 'dataset_consumes_unknown_never_scheduled', 'dataset_produces_1', 'dataset_consumes_1_and_2' retrieved from /home/airflow/.local/lib/python3.8/site-packages/airflow/example_dags/example_datasets.py
[2024-04-05T09:38:17.443+0000] {logging_mixin.py:188} INFO - [2024-04-05T09:38:17.442+0000] {dag.py:3047} INFO - Sync 6 DAGs
[2024-04-05T09:38:17.611+0000] {logging_mixin.py:188} INFO - [2024-04-05T09:38:17.609+0000] {dag.py:3834} INFO - Setting next_dagrun for dataset_consumes_1 to None, run_after=None
[2024-04-05T09:38:17.657+0000] {logging_mixin.py:188} INFO - [2024-04-05T09:38:17.654+0000] {dag.py:3834} INFO - Setting next_dagrun for dataset_consumes_1_and_2 to None, run_after=None
[2024-04-05T09:38:17.678+0000] {logging_mixin.py:188} INFO - [2024-04-05T09:38:17.677+0000] {dag.py:3834} INFO - Setting next_dagrun for dataset_consumes_1_never_scheduled to None, run_after=None
[2024-04-05T09:38:17.688+0000] {logging_mixin.py:188} INFO - [2024-04-05T09:38:17.686+0000] {dag.py:3834} INFO - Setting next_dagrun for dataset_consumes_unknown_never_scheduled to None, run_after=None
[2024-04-05T09:38:17.750+0000] {logging_mixin.py:188} INFO - [2024-04-05T09:38:17.748+0000] {dag.py:3834} INFO - Setting next_dagrun for dataset_produces_1 to 2024-04-04 00:00:00+00:00, run_after=2024-04-05 00:00:00+00:00
[2024-04-05T09:38:17.766+0000] {logging_mixin.py:188} INFO - [2024-04-05T09:38:17.758+0000] {dag.py:3834} INFO - Setting next_dagrun for dataset_produces_2 to None, run_after=None
[2024-04-05T09:38:18.077+0000] {processor.py:183} INFO - Processing /home/airflow/.local/lib/python3.8/site-packages/airflow/example_dags/example_datasets.py took 1.277 seconds
