[2024-04-05T09:31:10.049+0000] {processor.py:161} INFO - Started process (PID=82) to work on /home/airflow/.local/lib/python3.8/site-packages/airflow/example_dags/example_xcom.py
[2024-04-05T09:31:10.051+0000] {processor.py:830} INFO - Processing file /home/airflow/.local/lib/python3.8/site-packages/airflow/example_dags/example_xcom.py for tasks to queue
[2024-04-05T09:31:10.055+0000] {logging_mixin.py:188} INFO - [2024-04-05T09:31:10.054+0000] {dagbag.py:540} INFO - Filling up the DagBag from /home/airflow/.local/lib/python3.8/site-packages/airflow/example_dags/example_xcom.py
[2024-04-05T09:31:10.071+0000] {processor.py:840} INFO - DAG(s) 'example_xcom' retrieved from /home/airflow/.local/lib/python3.8/site-packages/airflow/example_dags/example_xcom.py
[2024-04-05T09:31:10.248+0000] {logging_mixin.py:188} INFO - [2024-04-05T09:31:10.247+0000] {dag.py:3047} INFO - Sync 1 DAGs
[2024-04-05T09:31:10.291+0000] {logging_mixin.py:188} INFO - [2024-04-05T09:31:10.291+0000] {dag.py:3834} INFO - Setting next_dagrun for example_xcom to 2021-01-01 00:00:00+00:00, run_after=2021-01-01 00:00:00+00:00
[2024-04-05T09:31:10.318+0000] {processor.py:183} INFO - Processing /home/airflow/.local/lib/python3.8/site-packages/airflow/example_dags/example_xcom.py took 0.275 seconds
[2024-04-05T09:31:41.289+0000] {processor.py:161} INFO - Started process (PID=137) to work on /home/airflow/.local/lib/python3.8/site-packages/airflow/example_dags/example_xcom.py
[2024-04-05T09:31:41.293+0000] {processor.py:830} INFO - Processing file /home/airflow/.local/lib/python3.8/site-packages/airflow/example_dags/example_xcom.py for tasks to queue
[2024-04-05T09:31:41.298+0000] {logging_mixin.py:188} INFO - [2024-04-05T09:31:41.297+0000] {dagbag.py:540} INFO - Filling up the DagBag from /home/airflow/.local/lib/python3.8/site-packages/airflow/example_dags/example_xcom.py
[2024-04-05T09:31:41.337+0000] {processor.py:840} INFO - DAG(s) 'example_xcom' retrieved from /home/airflow/.local/lib/python3.8/site-packages/airflow/example_dags/example_xcom.py
[2024-04-05T09:31:41.409+0000] {logging_mixin.py:188} INFO - [2024-04-05T09:31:41.409+0000] {dag.py:3047} INFO - Sync 1 DAGs
[2024-04-05T09:31:41.494+0000] {logging_mixin.py:188} INFO - [2024-04-05T09:31:41.493+0000] {dag.py:3834} INFO - Setting next_dagrun for example_xcom to 2021-01-01 00:00:00+00:00, run_after=2021-01-01 00:00:00+00:00
[2024-04-05T09:31:41.610+0000] {processor.py:183} INFO - Processing /home/airflow/.local/lib/python3.8/site-packages/airflow/example_dags/example_xcom.py took 0.332 seconds
[2024-04-05T09:32:11.874+0000] {processor.py:161} INFO - Started process (PID=192) to work on /home/airflow/.local/lib/python3.8/site-packages/airflow/example_dags/example_xcom.py
[2024-04-05T09:32:11.876+0000] {processor.py:830} INFO - Processing file /home/airflow/.local/lib/python3.8/site-packages/airflow/example_dags/example_xcom.py for tasks to queue
[2024-04-05T09:32:11.879+0000] {logging_mixin.py:188} INFO - [2024-04-05T09:32:11.878+0000] {dagbag.py:540} INFO - Filling up the DagBag from /home/airflow/.local/lib/python3.8/site-packages/airflow/example_dags/example_xcom.py
[2024-04-05T09:32:11.896+0000] {processor.py:840} INFO - DAG(s) 'example_xcom' retrieved from /home/airflow/.local/lib/python3.8/site-packages/airflow/example_dags/example_xcom.py
[2024-04-05T09:32:11.937+0000] {logging_mixin.py:188} INFO - [2024-04-05T09:32:11.937+0000] {dag.py:3047} INFO - Sync 1 DAGs
[2024-04-05T09:32:11.976+0000] {logging_mixin.py:188} INFO - [2024-04-05T09:32:11.975+0000] {dag.py:3834} INFO - Setting next_dagrun for example_xcom to 2021-01-01 00:00:00+00:00, run_after=2021-01-01 00:00:00+00:00
[2024-04-05T09:32:12.009+0000] {processor.py:183} INFO - Processing /home/airflow/.local/lib/python3.8/site-packages/airflow/example_dags/example_xcom.py took 0.142 seconds
[2024-04-05T09:32:42.449+0000] {processor.py:161} INFO - Started process (PID=247) to work on /home/airflow/.local/lib/python3.8/site-packages/airflow/example_dags/example_xcom.py
[2024-04-05T09:32:42.450+0000] {processor.py:830} INFO - Processing file /home/airflow/.local/lib/python3.8/site-packages/airflow/example_dags/example_xcom.py for tasks to queue
[2024-04-05T09:32:42.453+0000] {logging_mixin.py:188} INFO - [2024-04-05T09:32:42.453+0000] {dagbag.py:540} INFO - Filling up the DagBag from /home/airflow/.local/lib/python3.8/site-packages/airflow/example_dags/example_xcom.py
[2024-04-05T09:32:42.465+0000] {processor.py:840} INFO - DAG(s) 'example_xcom' retrieved from /home/airflow/.local/lib/python3.8/site-packages/airflow/example_dags/example_xcom.py
[2024-04-05T09:32:42.491+0000] {logging_mixin.py:188} INFO - [2024-04-05T09:32:42.491+0000] {dag.py:3047} INFO - Sync 1 DAGs
[2024-04-05T09:32:42.520+0000] {logging_mixin.py:188} INFO - [2024-04-05T09:32:42.520+0000] {dag.py:3834} INFO - Setting next_dagrun for example_xcom to 2021-01-01 00:00:00+00:00, run_after=2021-01-01 00:00:00+00:00
[2024-04-05T09:32:42.545+0000] {processor.py:183} INFO - Processing /home/airflow/.local/lib/python3.8/site-packages/airflow/example_dags/example_xcom.py took 0.100 seconds
[2024-04-05T09:33:12.934+0000] {processor.py:161} INFO - Started process (PID=302) to work on /home/airflow/.local/lib/python3.8/site-packages/airflow/example_dags/example_xcom.py
[2024-04-05T09:33:12.935+0000] {processor.py:830} INFO - Processing file /home/airflow/.local/lib/python3.8/site-packages/airflow/example_dags/example_xcom.py for tasks to queue
[2024-04-05T09:33:12.938+0000] {logging_mixin.py:188} INFO - [2024-04-05T09:33:12.937+0000] {dagbag.py:540} INFO - Filling up the DagBag from /home/airflow/.local/lib/python3.8/site-packages/airflow/example_dags/example_xcom.py
[2024-04-05T09:33:12.946+0000] {processor.py:840} INFO - DAG(s) 'example_xcom' retrieved from /home/airflow/.local/lib/python3.8/site-packages/airflow/example_dags/example_xcom.py
[2024-04-05T09:33:12.975+0000] {logging_mixin.py:188} INFO - [2024-04-05T09:33:12.974+0000] {dag.py:3047} INFO - Sync 1 DAGs
[2024-04-05T09:33:13.001+0000] {logging_mixin.py:188} INFO - [2024-04-05T09:33:13.000+0000] {dag.py:3834} INFO - Setting next_dagrun for example_xcom to 2021-01-01 00:00:00+00:00, run_after=2021-01-01 00:00:00+00:00
[2024-04-05T09:33:13.023+0000] {processor.py:183} INFO - Processing /home/airflow/.local/lib/python3.8/site-packages/airflow/example_dags/example_xcom.py took 0.094 seconds
[2024-04-05T09:33:43.662+0000] {processor.py:161} INFO - Started process (PID=357) to work on /home/airflow/.local/lib/python3.8/site-packages/airflow/example_dags/example_xcom.py
[2024-04-05T09:33:43.664+0000] {processor.py:830} INFO - Processing file /home/airflow/.local/lib/python3.8/site-packages/airflow/example_dags/example_xcom.py for tasks to queue
[2024-04-05T09:33:43.669+0000] {logging_mixin.py:188} INFO - [2024-04-05T09:33:43.668+0000] {dagbag.py:540} INFO - Filling up the DagBag from /home/airflow/.local/lib/python3.8/site-packages/airflow/example_dags/example_xcom.py
[2024-04-05T09:33:43.685+0000] {processor.py:840} INFO - DAG(s) 'example_xcom' retrieved from /home/airflow/.local/lib/python3.8/site-packages/airflow/example_dags/example_xcom.py
[2024-04-05T09:33:43.720+0000] {logging_mixin.py:188} INFO - [2024-04-05T09:33:43.720+0000] {dag.py:3047} INFO - Sync 1 DAGs
[2024-04-05T09:33:43.753+0000] {logging_mixin.py:188} INFO - [2024-04-05T09:33:43.752+0000] {dag.py:3834} INFO - Setting next_dagrun for example_xcom to 2021-01-01 00:00:00+00:00, run_after=2021-01-01 00:00:00+00:00
[2024-04-05T09:33:43.778+0000] {processor.py:183} INFO - Processing /home/airflow/.local/lib/python3.8/site-packages/airflow/example_dags/example_xcom.py took 0.121 seconds
[2024-04-05T09:34:14.224+0000] {processor.py:161} INFO - Started process (PID=412) to work on /home/airflow/.local/lib/python3.8/site-packages/airflow/example_dags/example_xcom.py
[2024-04-05T09:34:14.227+0000] {processor.py:830} INFO - Processing file /home/airflow/.local/lib/python3.8/site-packages/airflow/example_dags/example_xcom.py for tasks to queue
[2024-04-05T09:34:14.235+0000] {logging_mixin.py:188} INFO - [2024-04-05T09:34:14.233+0000] {dagbag.py:540} INFO - Filling up the DagBag from /home/airflow/.local/lib/python3.8/site-packages/airflow/example_dags/example_xcom.py
[2024-04-05T09:34:14.255+0000] {processor.py:840} INFO - DAG(s) 'example_xcom' retrieved from /home/airflow/.local/lib/python3.8/site-packages/airflow/example_dags/example_xcom.py
[2024-04-05T09:34:14.307+0000] {logging_mixin.py:188} INFO - [2024-04-05T09:34:14.305+0000] {dag.py:3047} INFO - Sync 1 DAGs
[2024-04-05T09:34:14.357+0000] {logging_mixin.py:188} INFO - [2024-04-05T09:34:14.357+0000] {dag.py:3834} INFO - Setting next_dagrun for example_xcom to 2021-01-01 00:00:00+00:00, run_after=2021-01-01 00:00:00+00:00
[2024-04-05T09:34:14.391+0000] {processor.py:183} INFO - Processing /home/airflow/.local/lib/python3.8/site-packages/airflow/example_dags/example_xcom.py took 0.172 seconds
[2024-04-05T09:34:45.076+0000] {processor.py:161} INFO - Started process (PID=467) to work on /home/airflow/.local/lib/python3.8/site-packages/airflow/example_dags/example_xcom.py
[2024-04-05T09:34:45.077+0000] {processor.py:830} INFO - Processing file /home/airflow/.local/lib/python3.8/site-packages/airflow/example_dags/example_xcom.py for tasks to queue
[2024-04-05T09:34:45.080+0000] {logging_mixin.py:188} INFO - [2024-04-05T09:34:45.080+0000] {dagbag.py:540} INFO - Filling up the DagBag from /home/airflow/.local/lib/python3.8/site-packages/airflow/example_dags/example_xcom.py
[2024-04-05T09:34:45.092+0000] {processor.py:840} INFO - DAG(s) 'example_xcom' retrieved from /home/airflow/.local/lib/python3.8/site-packages/airflow/example_dags/example_xcom.py
[2024-04-05T09:34:45.126+0000] {logging_mixin.py:188} INFO - [2024-04-05T09:34:45.125+0000] {dag.py:3047} INFO - Sync 1 DAGs
[2024-04-05T09:34:45.162+0000] {logging_mixin.py:188} INFO - [2024-04-05T09:34:45.162+0000] {dag.py:3834} INFO - Setting next_dagrun for example_xcom to 2021-01-01 00:00:00+00:00, run_after=2021-01-01 00:00:00+00:00
[2024-04-05T09:34:45.189+0000] {processor.py:183} INFO - Processing /home/airflow/.local/lib/python3.8/site-packages/airflow/example_dags/example_xcom.py took 0.119 seconds
[2024-04-05T09:35:15.337+0000] {processor.py:161} INFO - Started process (PID=522) to work on /home/airflow/.local/lib/python3.8/site-packages/airflow/example_dags/example_xcom.py
[2024-04-05T09:35:15.339+0000] {processor.py:830} INFO - Processing file /home/airflow/.local/lib/python3.8/site-packages/airflow/example_dags/example_xcom.py for tasks to queue
[2024-04-05T09:35:15.341+0000] {logging_mixin.py:188} INFO - [2024-04-05T09:35:15.341+0000] {dagbag.py:540} INFO - Filling up the DagBag from /home/airflow/.local/lib/python3.8/site-packages/airflow/example_dags/example_xcom.py
[2024-04-05T09:35:15.351+0000] {processor.py:840} INFO - DAG(s) 'example_xcom' retrieved from /home/airflow/.local/lib/python3.8/site-packages/airflow/example_dags/example_xcom.py
[2024-04-05T09:35:15.377+0000] {logging_mixin.py:188} INFO - [2024-04-05T09:35:15.377+0000] {dag.py:3047} INFO - Sync 1 DAGs
[2024-04-05T09:35:15.403+0000] {logging_mixin.py:188} INFO - [2024-04-05T09:35:15.403+0000] {dag.py:3834} INFO - Setting next_dagrun for example_xcom to 2021-01-01 00:00:00+00:00, run_after=2021-01-01 00:00:00+00:00
[2024-04-05T09:35:15.427+0000] {processor.py:183} INFO - Processing /home/airflow/.local/lib/python3.8/site-packages/airflow/example_dags/example_xcom.py took 0.096 seconds
[2024-04-05T09:35:45.684+0000] {processor.py:161} INFO - Started process (PID=602) to work on /home/airflow/.local/lib/python3.8/site-packages/airflow/example_dags/example_xcom.py
[2024-04-05T09:35:45.686+0000] {processor.py:830} INFO - Processing file /home/airflow/.local/lib/python3.8/site-packages/airflow/example_dags/example_xcom.py for tasks to queue
[2024-04-05T09:35:45.689+0000] {logging_mixin.py:188} INFO - [2024-04-05T09:35:45.688+0000] {dagbag.py:540} INFO - Filling up the DagBag from /home/airflow/.local/lib/python3.8/site-packages/airflow/example_dags/example_xcom.py
[2024-04-05T09:35:45.705+0000] {processor.py:840} INFO - DAG(s) 'example_xcom' retrieved from /home/airflow/.local/lib/python3.8/site-packages/airflow/example_dags/example_xcom.py
[2024-04-05T09:35:45.750+0000] {logging_mixin.py:188} INFO - [2024-04-05T09:35:45.749+0000] {dag.py:3047} INFO - Sync 1 DAGs
[2024-04-05T09:35:45.798+0000] {logging_mixin.py:188} INFO - [2024-04-05T09:35:45.797+0000] {dag.py:3834} INFO - Setting next_dagrun for example_xcom to 2021-01-01 00:00:00+00:00, run_after=2021-01-01 00:00:00+00:00
[2024-04-05T09:35:45.844+0000] {processor.py:183} INFO - Processing /home/airflow/.local/lib/python3.8/site-packages/airflow/example_dags/example_xcom.py took 0.166 seconds
[2024-04-05T09:35:54.555+0000] {processor.py:161} INFO - Started process (PID=653) to work on /home/airflow/.local/lib/python3.8/site-packages/airflow/example_dags/example_xcom.py
[2024-04-05T09:35:54.559+0000] {processor.py:830} INFO - Processing file /home/airflow/.local/lib/python3.8/site-packages/airflow/example_dags/example_xcom.py for tasks to queue
[2024-04-05T09:35:54.564+0000] {logging_mixin.py:188} INFO - [2024-04-05T09:35:54.563+0000] {dagbag.py:540} INFO - Filling up the DagBag from /home/airflow/.local/lib/python3.8/site-packages/airflow/example_dags/example_xcom.py
[2024-04-05T09:35:54.601+0000] {processor.py:840} INFO - DAG(s) 'example_xcom' retrieved from /home/airflow/.local/lib/python3.8/site-packages/airflow/example_dags/example_xcom.py
[2024-04-05T09:35:54.707+0000] {logging_mixin.py:188} INFO - [2024-04-05T09:35:54.706+0000] {dag.py:3047} INFO - Sync 1 DAGs
[2024-04-05T09:35:54.815+0000] {logging_mixin.py:188} INFO - [2024-04-05T09:35:54.814+0000] {dag.py:3834} INFO - Setting next_dagrun for example_xcom to 2021-01-01 00:00:00+00:00, run_after=2021-01-01 00:00:00+00:00
[2024-04-05T09:35:54.932+0000] {processor.py:183} INFO - Processing /home/airflow/.local/lib/python3.8/site-packages/airflow/example_dags/example_xcom.py took 0.392 seconds
[2024-04-05T09:36:26.582+0000] {processor.py:161} INFO - Started process (PID=721) to work on /home/airflow/.local/lib/python3.8/site-packages/airflow/example_dags/example_xcom.py
[2024-04-05T09:36:26.598+0000] {processor.py:830} INFO - Processing file /home/airflow/.local/lib/python3.8/site-packages/airflow/example_dags/example_xcom.py for tasks to queue
[2024-04-05T09:36:26.618+0000] {logging_mixin.py:188} INFO - [2024-04-05T09:36:26.616+0000] {dagbag.py:540} INFO - Filling up the DagBag from /home/airflow/.local/lib/python3.8/site-packages/airflow/example_dags/example_xcom.py
[2024-04-05T09:36:26.718+0000] {processor.py:840} INFO - DAG(s) 'example_xcom' retrieved from /home/airflow/.local/lib/python3.8/site-packages/airflow/example_dags/example_xcom.py
[2024-04-05T09:36:26.983+0000] {logging_mixin.py:188} INFO - [2024-04-05T09:36:26.982+0000] {dag.py:3047} INFO - Sync 1 DAGs
[2024-04-05T09:36:27.291+0000] {logging_mixin.py:188} INFO - [2024-04-05T09:36:27.290+0000] {dag.py:3834} INFO - Setting next_dagrun for example_xcom to 2021-01-01 00:00:00+00:00, run_after=2021-01-01 00:00:00+00:00
[2024-04-05T09:36:27.496+0000] {processor.py:183} INFO - Processing /home/airflow/.local/lib/python3.8/site-packages/airflow/example_dags/example_xcom.py took 0.958 seconds
[2024-04-05T09:36:51.248+0000] {processor.py:161} INFO - Started process (PID=777) to work on /home/airflow/.local/lib/python3.8/site-packages/airflow/example_dags/example_xcom.py
[2024-04-05T09:36:51.275+0000] {processor.py:830} INFO - Processing file /home/airflow/.local/lib/python3.8/site-packages/airflow/example_dags/example_xcom.py for tasks to queue
[2024-04-05T09:36:51.295+0000] {logging_mixin.py:188} INFO - [2024-04-05T09:36:51.291+0000] {dagbag.py:540} INFO - Filling up the DagBag from /home/airflow/.local/lib/python3.8/site-packages/airflow/example_dags/example_xcom.py
[2024-04-05T09:36:51.425+0000] {processor.py:840} INFO - DAG(s) 'example_xcom' retrieved from /home/airflow/.local/lib/python3.8/site-packages/airflow/example_dags/example_xcom.py
[2024-04-05T09:36:51.614+0000] {logging_mixin.py:188} INFO - [2024-04-05T09:36:51.612+0000] {dag.py:3047} INFO - Sync 1 DAGs
[2024-04-05T09:36:51.862+0000] {logging_mixin.py:188} INFO - [2024-04-05T09:36:51.861+0000] {dag.py:3834} INFO - Setting next_dagrun for example_xcom to 2021-01-01 00:00:00+00:00, run_after=2021-01-01 00:00:00+00:00
[2024-04-05T09:36:52.067+0000] {processor.py:183} INFO - Processing /home/airflow/.local/lib/python3.8/site-packages/airflow/example_dags/example_xcom.py took 0.852 seconds
[2024-04-05T09:37:11.031+0000] {processor.py:161} INFO - Started process (PID=838) to work on /home/airflow/.local/lib/python3.8/site-packages/airflow/example_dags/example_xcom.py
[2024-04-05T09:37:11.072+0000] {processor.py:830} INFO - Processing file /home/airflow/.local/lib/python3.8/site-packages/airflow/example_dags/example_xcom.py for tasks to queue
[2024-04-05T09:37:11.091+0000] {logging_mixin.py:188} INFO - [2024-04-05T09:37:11.087+0000] {dagbag.py:540} INFO - Filling up the DagBag from /home/airflow/.local/lib/python3.8/site-packages/airflow/example_dags/example_xcom.py
[2024-04-05T09:37:11.178+0000] {processor.py:840} INFO - DAG(s) 'example_xcom' retrieved from /home/airflow/.local/lib/python3.8/site-packages/airflow/example_dags/example_xcom.py
[2024-04-05T09:37:11.356+0000] {logging_mixin.py:188} INFO - [2024-04-05T09:37:11.353+0000] {dag.py:3047} INFO - Sync 1 DAGs
[2024-04-05T09:37:11.636+0000] {logging_mixin.py:188} INFO - [2024-04-05T09:37:11.635+0000] {dag.py:3834} INFO - Setting next_dagrun for example_xcom to 2021-01-01 00:00:00+00:00, run_after=2021-01-01 00:00:00+00:00
[2024-04-05T09:37:11.965+0000] {processor.py:183} INFO - Processing /home/airflow/.local/lib/python3.8/site-packages/airflow/example_dags/example_xcom.py took 0.969 seconds
[2024-04-05T09:37:32.603+0000] {processor.py:161} INFO - Started process (PID=886) to work on /home/airflow/.local/lib/python3.8/site-packages/airflow/example_dags/example_xcom.py
[2024-04-05T09:37:32.614+0000] {processor.py:830} INFO - Processing file /home/airflow/.local/lib/python3.8/site-packages/airflow/example_dags/example_xcom.py for tasks to queue
[2024-04-05T09:37:32.647+0000] {logging_mixin.py:188} INFO - [2024-04-05T09:37:32.646+0000] {dagbag.py:540} INFO - Filling up the DagBag from /home/airflow/.local/lib/python3.8/site-packages/airflow/example_dags/example_xcom.py
[2024-04-05T09:37:32.705+0000] {processor.py:840} INFO - DAG(s) 'example_xcom' retrieved from /home/airflow/.local/lib/python3.8/site-packages/airflow/example_dags/example_xcom.py
[2024-04-05T09:37:32.878+0000] {logging_mixin.py:188} INFO - [2024-04-05T09:37:32.877+0000] {dag.py:3047} INFO - Sync 1 DAGs
[2024-04-05T09:37:33.098+0000] {logging_mixin.py:188} INFO - [2024-04-05T09:37:33.092+0000] {dag.py:3834} INFO - Setting next_dagrun for example_xcom to 2021-01-01 00:00:00+00:00, run_after=2021-01-01 00:00:00+00:00
[2024-04-05T09:37:33.235+0000] {processor.py:183} INFO - Processing /home/airflow/.local/lib/python3.8/site-packages/airflow/example_dags/example_xcom.py took 0.665 seconds
[2024-04-05T09:38:04.188+0000] {processor.py:161} INFO - Started process (PID=960) to work on /home/airflow/.local/lib/python3.8/site-packages/airflow/example_dags/example_xcom.py
[2024-04-05T09:38:04.262+0000] {processor.py:830} INFO - Processing file /home/airflow/.local/lib/python3.8/site-packages/airflow/example_dags/example_xcom.py for tasks to queue
[2024-04-05T09:38:04.295+0000] {logging_mixin.py:188} INFO - [2024-04-05T09:38:04.292+0000] {dagbag.py:540} INFO - Filling up the DagBag from /home/airflow/.local/lib/python3.8/site-packages/airflow/example_dags/example_xcom.py
[2024-04-05T09:38:04.467+0000] {processor.py:840} INFO - DAG(s) 'example_xcom' retrieved from /home/airflow/.local/lib/python3.8/site-packages/airflow/example_dags/example_xcom.py
[2024-04-05T09:38:04.577+0000] {logging_mixin.py:188} INFO - [2024-04-05T09:38:04.576+0000] {dag.py:3047} INFO - Sync 1 DAGs
[2024-04-05T09:38:04.754+0000] {logging_mixin.py:188} INFO - [2024-04-05T09:38:04.752+0000] {dag.py:3834} INFO - Setting next_dagrun for example_xcom to 2021-01-01 00:00:00+00:00, run_after=2021-01-01 00:00:00+00:00
[2024-04-05T09:38:05.014+0000] {processor.py:183} INFO - Processing /home/airflow/.local/lib/python3.8/site-packages/airflow/example_dags/example_xcom.py took 0.851 seconds
[2024-04-05T09:38:09.994+0000] {processor.py:161} INFO - Started process (PID=992) to work on /home/airflow/.local/lib/python3.8/site-packages/airflow/example_dags/example_xcom.py
[2024-04-05T09:38:10.009+0000] {processor.py:830} INFO - Processing file /home/airflow/.local/lib/python3.8/site-packages/airflow/example_dags/example_xcom.py for tasks to queue
[2024-04-05T09:38:10.018+0000] {logging_mixin.py:188} INFO - [2024-04-05T09:38:10.017+0000] {dagbag.py:540} INFO - Filling up the DagBag from /home/airflow/.local/lib/python3.8/site-packages/airflow/example_dags/example_xcom.py
[2024-04-05T09:38:10.116+0000] {processor.py:840} INFO - DAG(s) 'example_xcom' retrieved from /home/airflow/.local/lib/python3.8/site-packages/airflow/example_dags/example_xcom.py
[2024-04-05T09:38:10.384+0000] {logging_mixin.py:188} INFO - [2024-04-05T09:38:10.383+0000] {dag.py:3047} INFO - Sync 1 DAGs
[2024-04-05T09:38:10.735+0000] {logging_mixin.py:188} INFO - [2024-04-05T09:38:10.732+0000] {dag.py:3834} INFO - Setting next_dagrun for example_xcom to 2021-01-01 00:00:00+00:00, run_after=2021-01-01 00:00:00+00:00
[2024-04-05T09:38:11.044+0000] {processor.py:183} INFO - Processing /home/airflow/.local/lib/python3.8/site-packages/airflow/example_dags/example_xcom.py took 1.073 seconds
