[2024-04-05T09:31:07.077+0000] {processor.py:161} INFO - Started process (PID=66) to work on /home/airflow/.local/lib/python3.8/site-packages/airflow/example_dags/example_xcomargs.py
[2024-04-05T09:31:07.079+0000] {processor.py:830} INFO - Processing file /home/airflow/.local/lib/python3.8/site-packages/airflow/example_dags/example_xcomargs.py for tasks to queue
[2024-04-05T09:31:07.082+0000] {logging_mixin.py:188} INFO - [2024-04-05T09:31:07.082+0000] {dagbag.py:540} INFO - Filling up the DagBag from /home/airflow/.local/lib/python3.8/site-packages/airflow/example_dags/example_xcomargs.py
[2024-04-05T09:31:07.100+0000] {processor.py:840} INFO - DAG(s) 'example_xcom_args', 'example_xcom_args_with_operators' retrieved from /home/airflow/.local/lib/python3.8/site-packages/airflow/example_dags/example_xcomargs.py
[2024-04-05T09:31:07.317+0000] {logging_mixin.py:188} INFO - [2024-04-05T09:31:07.317+0000] {dag.py:3047} INFO - Sync 2 DAGs
[2024-04-05T09:31:07.334+0000] {logging_mixin.py:188} INFO - [2024-04-05T09:31:07.333+0000] {dag.py:3834} INFO - Setting next_dagrun for example_xcom_args to None, run_after=None
[2024-04-05T09:31:07.338+0000] {logging_mixin.py:188} INFO - [2024-04-05T09:31:07.338+0000] {dag.py:3834} INFO - Setting next_dagrun for example_xcom_args_with_operators to None, run_after=None
[2024-04-05T09:31:07.369+0000] {processor.py:183} INFO - Processing /home/airflow/.local/lib/python3.8/site-packages/airflow/example_dags/example_xcomargs.py took 0.297 seconds
[2024-04-05T09:31:37.545+0000] {processor.py:161} INFO - Started process (PID=121) to work on /home/airflow/.local/lib/python3.8/site-packages/airflow/example_dags/example_xcomargs.py
[2024-04-05T09:31:37.546+0000] {processor.py:830} INFO - Processing file /home/airflow/.local/lib/python3.8/site-packages/airflow/example_dags/example_xcomargs.py for tasks to queue
[2024-04-05T09:31:37.548+0000] {logging_mixin.py:188} INFO - [2024-04-05T09:31:37.548+0000] {dagbag.py:540} INFO - Filling up the DagBag from /home/airflow/.local/lib/python3.8/site-packages/airflow/example_dags/example_xcomargs.py
[2024-04-05T09:31:37.561+0000] {processor.py:840} INFO - DAG(s) 'example_xcom_args_with_operators', 'example_xcom_args' retrieved from /home/airflow/.local/lib/python3.8/site-packages/airflow/example_dags/example_xcomargs.py
[2024-04-05T09:31:37.593+0000] {logging_mixin.py:188} INFO - [2024-04-05T09:31:37.593+0000] {dag.py:3047} INFO - Sync 2 DAGs
[2024-04-05T09:31:37.610+0000] {logging_mixin.py:188} INFO - [2024-04-05T09:31:37.609+0000] {dag.py:3834} INFO - Setting next_dagrun for example_xcom_args to None, run_after=None
[2024-04-05T09:31:37.615+0000] {logging_mixin.py:188} INFO - [2024-04-05T09:31:37.614+0000] {dag.py:3834} INFO - Setting next_dagrun for example_xcom_args_with_operators to None, run_after=None
[2024-04-05T09:31:37.637+0000] {processor.py:183} INFO - Processing /home/airflow/.local/lib/python3.8/site-packages/airflow/example_dags/example_xcomargs.py took 0.096 seconds
[2024-04-05T09:32:07.678+0000] {processor.py:161} INFO - Started process (PID=176) to work on /home/airflow/.local/lib/python3.8/site-packages/airflow/example_dags/example_xcomargs.py
[2024-04-05T09:32:07.680+0000] {processor.py:830} INFO - Processing file /home/airflow/.local/lib/python3.8/site-packages/airflow/example_dags/example_xcomargs.py for tasks to queue
[2024-04-05T09:32:07.684+0000] {logging_mixin.py:188} INFO - [2024-04-05T09:32:07.683+0000] {dagbag.py:540} INFO - Filling up the DagBag from /home/airflow/.local/lib/python3.8/site-packages/airflow/example_dags/example_xcomargs.py
[2024-04-05T09:32:07.694+0000] {processor.py:840} INFO - DAG(s) 'example_xcom_args_with_operators', 'example_xcom_args' retrieved from /home/airflow/.local/lib/python3.8/site-packages/airflow/example_dags/example_xcomargs.py
[2024-04-05T09:32:07.723+0000] {logging_mixin.py:188} INFO - [2024-04-05T09:32:07.722+0000] {dag.py:3047} INFO - Sync 2 DAGs
[2024-04-05T09:32:07.736+0000] {logging_mixin.py:188} INFO - [2024-04-05T09:32:07.736+0000] {dag.py:3834} INFO - Setting next_dagrun for example_xcom_args to None, run_after=None
[2024-04-05T09:32:07.740+0000] {logging_mixin.py:188} INFO - [2024-04-05T09:32:07.740+0000] {dag.py:3834} INFO - Setting next_dagrun for example_xcom_args_with_operators to None, run_after=None
[2024-04-05T09:32:07.759+0000] {processor.py:183} INFO - Processing /home/airflow/.local/lib/python3.8/site-packages/airflow/example_dags/example_xcomargs.py took 0.084 seconds
[2024-04-05T09:32:38.973+0000] {processor.py:161} INFO - Started process (PID=231) to work on /home/airflow/.local/lib/python3.8/site-packages/airflow/example_dags/example_xcomargs.py
[2024-04-05T09:32:38.975+0000] {processor.py:830} INFO - Processing file /home/airflow/.local/lib/python3.8/site-packages/airflow/example_dags/example_xcomargs.py for tasks to queue
[2024-04-05T09:32:38.978+0000] {logging_mixin.py:188} INFO - [2024-04-05T09:32:38.977+0000] {dagbag.py:540} INFO - Filling up the DagBag from /home/airflow/.local/lib/python3.8/site-packages/airflow/example_dags/example_xcomargs.py
[2024-04-05T09:32:38.989+0000] {processor.py:840} INFO - DAG(s) 'example_xcom_args', 'example_xcom_args_with_operators' retrieved from /home/airflow/.local/lib/python3.8/site-packages/airflow/example_dags/example_xcomargs.py
[2024-04-05T09:32:39.029+0000] {logging_mixin.py:188} INFO - [2024-04-05T09:32:39.028+0000] {dag.py:3047} INFO - Sync 2 DAGs
[2024-04-05T09:32:39.051+0000] {logging_mixin.py:188} INFO - [2024-04-05T09:32:39.051+0000] {dag.py:3834} INFO - Setting next_dagrun for example_xcom_args to None, run_after=None
[2024-04-05T09:32:39.056+0000] {logging_mixin.py:188} INFO - [2024-04-05T09:32:39.055+0000] {dag.py:3834} INFO - Setting next_dagrun for example_xcom_args_with_operators to None, run_after=None
[2024-04-05T09:32:39.076+0000] {processor.py:183} INFO - Processing /home/airflow/.local/lib/python3.8/site-packages/airflow/example_dags/example_xcomargs.py took 0.108 seconds
[2024-04-05T09:33:09.251+0000] {processor.py:161} INFO - Started process (PID=286) to work on /home/airflow/.local/lib/python3.8/site-packages/airflow/example_dags/example_xcomargs.py
[2024-04-05T09:33:09.260+0000] {processor.py:830} INFO - Processing file /home/airflow/.local/lib/python3.8/site-packages/airflow/example_dags/example_xcomargs.py for tasks to queue
[2024-04-05T09:33:09.264+0000] {logging_mixin.py:188} INFO - [2024-04-05T09:33:09.263+0000] {dagbag.py:540} INFO - Filling up the DagBag from /home/airflow/.local/lib/python3.8/site-packages/airflow/example_dags/example_xcomargs.py
[2024-04-05T09:33:09.282+0000] {processor.py:840} INFO - DAG(s) 'example_xcom_args', 'example_xcom_args_with_operators' retrieved from /home/airflow/.local/lib/python3.8/site-packages/airflow/example_dags/example_xcomargs.py
[2024-04-05T09:33:09.328+0000] {logging_mixin.py:188} INFO - [2024-04-05T09:33:09.328+0000] {dag.py:3047} INFO - Sync 2 DAGs
[2024-04-05T09:33:09.354+0000] {logging_mixin.py:188} INFO - [2024-04-05T09:33:09.354+0000] {dag.py:3834} INFO - Setting next_dagrun for example_xcom_args to None, run_after=None
[2024-04-05T09:33:09.361+0000] {logging_mixin.py:188} INFO - [2024-04-05T09:33:09.361+0000] {dag.py:3834} INFO - Setting next_dagrun for example_xcom_args_with_operators to None, run_after=None
[2024-04-05T09:33:09.395+0000] {processor.py:183} INFO - Processing /home/airflow/.local/lib/python3.8/site-packages/airflow/example_dags/example_xcomargs.py took 0.161 seconds
[2024-04-05T09:33:39.550+0000] {processor.py:161} INFO - Started process (PID=341) to work on /home/airflow/.local/lib/python3.8/site-packages/airflow/example_dags/example_xcomargs.py
[2024-04-05T09:33:39.552+0000] {processor.py:830} INFO - Processing file /home/airflow/.local/lib/python3.8/site-packages/airflow/example_dags/example_xcomargs.py for tasks to queue
[2024-04-05T09:33:39.554+0000] {logging_mixin.py:188} INFO - [2024-04-05T09:33:39.554+0000] {dagbag.py:540} INFO - Filling up the DagBag from /home/airflow/.local/lib/python3.8/site-packages/airflow/example_dags/example_xcomargs.py
[2024-04-05T09:33:39.565+0000] {processor.py:840} INFO - DAG(s) 'example_xcom_args', 'example_xcom_args_with_operators' retrieved from /home/airflow/.local/lib/python3.8/site-packages/airflow/example_dags/example_xcomargs.py
[2024-04-05T09:33:39.599+0000] {logging_mixin.py:188} INFO - [2024-04-05T09:33:39.598+0000] {dag.py:3047} INFO - Sync 2 DAGs
[2024-04-05T09:33:39.617+0000] {logging_mixin.py:188} INFO - [2024-04-05T09:33:39.617+0000] {dag.py:3834} INFO - Setting next_dagrun for example_xcom_args to None, run_after=None
[2024-04-05T09:33:39.623+0000] {logging_mixin.py:188} INFO - [2024-04-05T09:33:39.622+0000] {dag.py:3834} INFO - Setting next_dagrun for example_xcom_args_with_operators to None, run_after=None
[2024-04-05T09:33:39.657+0000] {processor.py:183} INFO - Processing /home/airflow/.local/lib/python3.8/site-packages/airflow/example_dags/example_xcomargs.py took 0.110 seconds
[2024-04-05T09:34:10.636+0000] {processor.py:161} INFO - Started process (PID=396) to work on /home/airflow/.local/lib/python3.8/site-packages/airflow/example_dags/example_xcomargs.py
[2024-04-05T09:34:10.639+0000] {processor.py:830} INFO - Processing file /home/airflow/.local/lib/python3.8/site-packages/airflow/example_dags/example_xcomargs.py for tasks to queue
[2024-04-05T09:34:10.641+0000] {logging_mixin.py:188} INFO - [2024-04-05T09:34:10.641+0000] {dagbag.py:540} INFO - Filling up the DagBag from /home/airflow/.local/lib/python3.8/site-packages/airflow/example_dags/example_xcomargs.py
[2024-04-05T09:34:10.663+0000] {processor.py:840} INFO - DAG(s) 'example_xcom_args_with_operators', 'example_xcom_args' retrieved from /home/airflow/.local/lib/python3.8/site-packages/airflow/example_dags/example_xcomargs.py
[2024-04-05T09:34:10.707+0000] {logging_mixin.py:188} INFO - [2024-04-05T09:34:10.707+0000] {dag.py:3047} INFO - Sync 2 DAGs
[2024-04-05T09:34:10.735+0000] {logging_mixin.py:188} INFO - [2024-04-05T09:34:10.734+0000] {dag.py:3834} INFO - Setting next_dagrun for example_xcom_args to None, run_after=None
[2024-04-05T09:34:10.741+0000] {logging_mixin.py:188} INFO - [2024-04-05T09:34:10.740+0000] {dag.py:3834} INFO - Setting next_dagrun for example_xcom_args_with_operators to None, run_after=None
[2024-04-05T09:34:10.776+0000] {processor.py:183} INFO - Processing /home/airflow/.local/lib/python3.8/site-packages/airflow/example_dags/example_xcomargs.py took 0.148 seconds
[2024-04-05T09:34:40.988+0000] {processor.py:161} INFO - Started process (PID=451) to work on /home/airflow/.local/lib/python3.8/site-packages/airflow/example_dags/example_xcomargs.py
[2024-04-05T09:34:40.990+0000] {processor.py:830} INFO - Processing file /home/airflow/.local/lib/python3.8/site-packages/airflow/example_dags/example_xcomargs.py for tasks to queue
[2024-04-05T09:34:40.993+0000] {logging_mixin.py:188} INFO - [2024-04-05T09:34:40.993+0000] {dagbag.py:540} INFO - Filling up the DagBag from /home/airflow/.local/lib/python3.8/site-packages/airflow/example_dags/example_xcomargs.py
[2024-04-05T09:34:41.005+0000] {processor.py:840} INFO - DAG(s) 'example_xcom_args_with_operators', 'example_xcom_args' retrieved from /home/airflow/.local/lib/python3.8/site-packages/airflow/example_dags/example_xcomargs.py
[2024-04-05T09:34:41.044+0000] {logging_mixin.py:188} INFO - [2024-04-05T09:34:41.044+0000] {dag.py:3047} INFO - Sync 2 DAGs
[2024-04-05T09:34:41.067+0000] {logging_mixin.py:188} INFO - [2024-04-05T09:34:41.066+0000] {dag.py:3834} INFO - Setting next_dagrun for example_xcom_args to None, run_after=None
[2024-04-05T09:34:41.072+0000] {logging_mixin.py:188} INFO - [2024-04-05T09:34:41.072+0000] {dag.py:3834} INFO - Setting next_dagrun for example_xcom_args_with_operators to None, run_after=None
[2024-04-05T09:34:41.096+0000] {processor.py:183} INFO - Processing /home/airflow/.local/lib/python3.8/site-packages/airflow/example_dags/example_xcomargs.py took 0.115 seconds
[2024-04-05T09:35:11.153+0000] {processor.py:161} INFO - Started process (PID=506) to work on /home/airflow/.local/lib/python3.8/site-packages/airflow/example_dags/example_xcomargs.py
[2024-04-05T09:35:11.155+0000] {processor.py:830} INFO - Processing file /home/airflow/.local/lib/python3.8/site-packages/airflow/example_dags/example_xcomargs.py for tasks to queue
[2024-04-05T09:35:11.157+0000] {logging_mixin.py:188} INFO - [2024-04-05T09:35:11.157+0000] {dagbag.py:540} INFO - Filling up the DagBag from /home/airflow/.local/lib/python3.8/site-packages/airflow/example_dags/example_xcomargs.py
[2024-04-05T09:35:11.171+0000] {processor.py:840} INFO - DAG(s) 'example_xcom_args', 'example_xcom_args_with_operators' retrieved from /home/airflow/.local/lib/python3.8/site-packages/airflow/example_dags/example_xcomargs.py
[2024-04-05T09:35:11.211+0000] {logging_mixin.py:188} INFO - [2024-04-05T09:35:11.210+0000] {dag.py:3047} INFO - Sync 2 DAGs
[2024-04-05T09:35:11.233+0000] {logging_mixin.py:188} INFO - [2024-04-05T09:35:11.232+0000] {dag.py:3834} INFO - Setting next_dagrun for example_xcom_args to None, run_after=None
[2024-04-05T09:35:11.239+0000] {logging_mixin.py:188} INFO - [2024-04-05T09:35:11.239+0000] {dag.py:3834} INFO - Setting next_dagrun for example_xcom_args_with_operators to None, run_after=None
[2024-04-05T09:35:11.265+0000] {processor.py:183} INFO - Processing /home/airflow/.local/lib/python3.8/site-packages/airflow/example_dags/example_xcomargs.py took 0.117 seconds
[2024-04-05T09:35:41.509+0000] {processor.py:161} INFO - Started process (PID=569) to work on /home/airflow/.local/lib/python3.8/site-packages/airflow/example_dags/example_xcomargs.py
[2024-04-05T09:35:41.511+0000] {processor.py:830} INFO - Processing file /home/airflow/.local/lib/python3.8/site-packages/airflow/example_dags/example_xcomargs.py for tasks to queue
[2024-04-05T09:35:41.513+0000] {logging_mixin.py:188} INFO - [2024-04-05T09:35:41.513+0000] {dagbag.py:540} INFO - Filling up the DagBag from /home/airflow/.local/lib/python3.8/site-packages/airflow/example_dags/example_xcomargs.py
[2024-04-05T09:35:41.525+0000] {processor.py:840} INFO - DAG(s) 'example_xcom_args_with_operators', 'example_xcom_args' retrieved from /home/airflow/.local/lib/python3.8/site-packages/airflow/example_dags/example_xcomargs.py
[2024-04-05T09:35:41.562+0000] {logging_mixin.py:188} INFO - [2024-04-05T09:35:41.562+0000] {dag.py:3047} INFO - Sync 2 DAGs
[2024-04-05T09:35:41.588+0000] {logging_mixin.py:188} INFO - [2024-04-05T09:35:41.588+0000] {dag.py:3834} INFO - Setting next_dagrun for example_xcom_args to None, run_after=None
[2024-04-05T09:35:41.593+0000] {logging_mixin.py:188} INFO - [2024-04-05T09:35:41.593+0000] {dag.py:3834} INFO - Setting next_dagrun for example_xcom_args_with_operators to None, run_after=None
[2024-04-05T09:35:41.619+0000] {processor.py:183} INFO - Processing /home/airflow/.local/lib/python3.8/site-packages/airflow/example_dags/example_xcomargs.py took 0.115 seconds
[2024-04-05T09:35:50.469+0000] {processor.py:161} INFO - Started process (PID=631) to work on /home/airflow/.local/lib/python3.8/site-packages/airflow/example_dags/example_xcomargs.py
[2024-04-05T09:35:50.471+0000] {processor.py:830} INFO - Processing file /home/airflow/.local/lib/python3.8/site-packages/airflow/example_dags/example_xcomargs.py for tasks to queue
[2024-04-05T09:35:50.475+0000] {logging_mixin.py:188} INFO - [2024-04-05T09:35:50.474+0000] {dagbag.py:540} INFO - Filling up the DagBag from /home/airflow/.local/lib/python3.8/site-packages/airflow/example_dags/example_xcomargs.py
[2024-04-05T09:35:50.488+0000] {processor.py:840} INFO - DAG(s) 'example_xcom_args', 'example_xcom_args_with_operators' retrieved from /home/airflow/.local/lib/python3.8/site-packages/airflow/example_dags/example_xcomargs.py
[2024-04-05T09:35:50.535+0000] {logging_mixin.py:188} INFO - [2024-04-05T09:35:50.534+0000] {dag.py:3047} INFO - Sync 2 DAGs
[2024-04-05T09:35:50.556+0000] {logging_mixin.py:188} INFO - [2024-04-05T09:35:50.555+0000] {dag.py:3834} INFO - Setting next_dagrun for example_xcom_args to None, run_after=None
[2024-04-05T09:35:50.566+0000] {logging_mixin.py:188} INFO - [2024-04-05T09:35:50.566+0000] {dag.py:3834} INFO - Setting next_dagrun for example_xcom_args_with_operators to None, run_after=None
[2024-04-05T09:35:50.598+0000] {processor.py:183} INFO - Processing /home/airflow/.local/lib/python3.8/site-packages/airflow/example_dags/example_xcomargs.py took 0.134 seconds
[2024-04-05T09:36:17.210+0000] {processor.py:161} INFO - Started process (PID=695) to work on /home/airflow/.local/lib/python3.8/site-packages/airflow/example_dags/example_xcomargs.py
[2024-04-05T09:36:17.279+0000] {processor.py:830} INFO - Processing file /home/airflow/.local/lib/python3.8/site-packages/airflow/example_dags/example_xcomargs.py for tasks to queue
[2024-04-05T09:36:17.300+0000] {logging_mixin.py:188} INFO - [2024-04-05T09:36:17.297+0000] {dagbag.py:540} INFO - Filling up the DagBag from /home/airflow/.local/lib/python3.8/site-packages/airflow/example_dags/example_xcomargs.py
[2024-04-05T09:36:17.476+0000] {processor.py:840} INFO - DAG(s) 'example_xcom_args_with_operators', 'example_xcom_args' retrieved from /home/airflow/.local/lib/python3.8/site-packages/airflow/example_dags/example_xcomargs.py
[2024-04-05T09:36:17.740+0000] {logging_mixin.py:188} INFO - [2024-04-05T09:36:17.737+0000] {dag.py:3047} INFO - Sync 2 DAGs
[2024-04-05T09:36:17.938+0000] {logging_mixin.py:188} INFO - [2024-04-05T09:36:17.936+0000] {dag.py:3834} INFO - Setting next_dagrun for example_xcom_args to None, run_after=None
[2024-04-05T09:36:17.984+0000] {logging_mixin.py:188} INFO - [2024-04-05T09:36:17.983+0000] {dag.py:3834} INFO - Setting next_dagrun for example_xcom_args_with_operators to None, run_after=None
[2024-04-05T09:36:18.162+0000] {processor.py:183} INFO - Processing /home/airflow/.local/lib/python3.8/site-packages/airflow/example_dags/example_xcomargs.py took 0.973 seconds
[2024-04-05T09:36:39.956+0000] {processor.py:161} INFO - Started process (PID=752) to work on /home/airflow/.local/lib/python3.8/site-packages/airflow/example_dags/example_xcomargs.py
[2024-04-05T09:36:39.974+0000] {processor.py:830} INFO - Processing file /home/airflow/.local/lib/python3.8/site-packages/airflow/example_dags/example_xcomargs.py for tasks to queue
[2024-04-05T09:36:40.017+0000] {logging_mixin.py:188} INFO - [2024-04-05T09:36:40.007+0000] {dagbag.py:540} INFO - Filling up the DagBag from /home/airflow/.local/lib/python3.8/site-packages/airflow/example_dags/example_xcomargs.py
[2024-04-05T09:36:40.116+0000] {processor.py:840} INFO - DAG(s) 'example_xcom_args', 'example_xcom_args_with_operators' retrieved from /home/airflow/.local/lib/python3.8/site-packages/airflow/example_dags/example_xcomargs.py
[2024-04-05T09:36:40.376+0000] {logging_mixin.py:188} INFO - [2024-04-05T09:36:40.374+0000] {dag.py:3047} INFO - Sync 2 DAGs
[2024-04-05T09:36:40.501+0000] {logging_mixin.py:188} INFO - [2024-04-05T09:36:40.500+0000] {dag.py:3834} INFO - Setting next_dagrun for example_xcom_args to None, run_after=None
[2024-04-05T09:36:40.539+0000] {logging_mixin.py:188} INFO - [2024-04-05T09:36:40.537+0000] {dag.py:3834} INFO - Setting next_dagrun for example_xcom_args_with_operators to None, run_after=None
[2024-04-05T09:36:40.708+0000] {processor.py:183} INFO - Processing /home/airflow/.local/lib/python3.8/site-packages/airflow/example_dags/example_xcomargs.py took 0.777 seconds
[2024-04-05T09:37:01.097+0000] {processor.py:161} INFO - Started process (PID=802) to work on /home/airflow/.local/lib/python3.8/site-packages/airflow/example_dags/example_xcomargs.py
[2024-04-05T09:37:01.114+0000] {processor.py:830} INFO - Processing file /home/airflow/.local/lib/python3.8/site-packages/airflow/example_dags/example_xcomargs.py for tasks to queue
[2024-04-05T09:37:01.146+0000] {logging_mixin.py:188} INFO - [2024-04-05T09:37:01.139+0000] {dagbag.py:540} INFO - Filling up the DagBag from /home/airflow/.local/lib/python3.8/site-packages/airflow/example_dags/example_xcomargs.py
[2024-04-05T09:37:01.302+0000] {processor.py:840} INFO - DAG(s) 'example_xcom_args', 'example_xcom_args_with_operators' retrieved from /home/airflow/.local/lib/python3.8/site-packages/airflow/example_dags/example_xcomargs.py
[2024-04-05T09:37:01.494+0000] {logging_mixin.py:188} INFO - [2024-04-05T09:37:01.493+0000] {dag.py:3047} INFO - Sync 2 DAGs
[2024-04-05T09:37:01.674+0000] {logging_mixin.py:188} INFO - [2024-04-05T09:37:01.673+0000] {dag.py:3834} INFO - Setting next_dagrun for example_xcom_args to None, run_after=None
[2024-04-05T09:37:01.737+0000] {logging_mixin.py:188} INFO - [2024-04-05T09:37:01.735+0000] {dag.py:3834} INFO - Setting next_dagrun for example_xcom_args_with_operators to None, run_after=None
[2024-04-05T09:37:01.936+0000] {processor.py:183} INFO - Processing /home/airflow/.local/lib/python3.8/site-packages/airflow/example_dags/example_xcomargs.py took 0.859 seconds
[2024-04-05T09:37:14.024+0000] {processor.py:161} INFO - Started process (PID=846) to work on /home/airflow/.local/lib/python3.8/site-packages/airflow/example_dags/example_xcomargs.py
[2024-04-05T09:37:14.037+0000] {processor.py:830} INFO - Processing file /home/airflow/.local/lib/python3.8/site-packages/airflow/example_dags/example_xcomargs.py for tasks to queue
[2024-04-05T09:37:14.059+0000] {logging_mixin.py:188} INFO - [2024-04-05T09:37:14.058+0000] {dagbag.py:540} INFO - Filling up the DagBag from /home/airflow/.local/lib/python3.8/site-packages/airflow/example_dags/example_xcomargs.py
[2024-04-05T09:37:14.126+0000] {processor.py:840} INFO - DAG(s) 'example_xcom_args', 'example_xcom_args_with_operators' retrieved from /home/airflow/.local/lib/python3.8/site-packages/airflow/example_dags/example_xcomargs.py
[2024-04-05T09:37:14.323+0000] {logging_mixin.py:188} INFO - [2024-04-05T09:37:14.322+0000] {dag.py:3047} INFO - Sync 2 DAGs
[2024-04-05T09:37:14.482+0000] {logging_mixin.py:188} INFO - [2024-04-05T09:37:14.479+0000] {dag.py:3834} INFO - Setting next_dagrun for example_xcom_args to None, run_after=None
[2024-04-05T09:37:14.513+0000] {logging_mixin.py:188} INFO - [2024-04-05T09:37:14.512+0000] {dag.py:3834} INFO - Setting next_dagrun for example_xcom_args_with_operators to None, run_after=None
[2024-04-05T09:37:14.701+0000] {processor.py:183} INFO - Processing /home/airflow/.local/lib/python3.8/site-packages/airflow/example_dags/example_xcomargs.py took 0.714 seconds
[2024-04-05T09:37:41.965+0000] {processor.py:161} INFO - Started process (PID=910) to work on /home/airflow/.local/lib/python3.8/site-packages/airflow/example_dags/example_xcomargs.py
[2024-04-05T09:37:42.000+0000] {processor.py:830} INFO - Processing file /home/airflow/.local/lib/python3.8/site-packages/airflow/example_dags/example_xcomargs.py for tasks to queue
[2024-04-05T09:37:42.026+0000] {logging_mixin.py:188} INFO - [2024-04-05T09:37:42.023+0000] {dagbag.py:540} INFO - Filling up the DagBag from /home/airflow/.local/lib/python3.8/site-packages/airflow/example_dags/example_xcomargs.py
[2024-04-05T09:37:42.099+0000] {processor.py:840} INFO - DAG(s) 'example_xcom_args', 'example_xcom_args_with_operators' retrieved from /home/airflow/.local/lib/python3.8/site-packages/airflow/example_dags/example_xcomargs.py
[2024-04-05T09:37:42.380+0000] {logging_mixin.py:188} INFO - [2024-04-05T09:37:42.376+0000] {dag.py:3047} INFO - Sync 2 DAGs
[2024-04-05T09:37:42.521+0000] {logging_mixin.py:188} INFO - [2024-04-05T09:37:42.520+0000] {dag.py:3834} INFO - Setting next_dagrun for example_xcom_args to None, run_after=None
[2024-04-05T09:37:42.561+0000] {logging_mixin.py:188} INFO - [2024-04-05T09:37:42.560+0000] {dag.py:3834} INFO - Setting next_dagrun for example_xcom_args_with_operators to None, run_after=None
[2024-04-05T09:37:42.771+0000] {processor.py:183} INFO - Processing /home/airflow/.local/lib/python3.8/site-packages/airflow/example_dags/example_xcomargs.py took 0.858 seconds
[2024-04-05T09:38:01.605+0000] {processor.py:161} INFO - Started process (PID=953) to work on /home/airflow/.local/lib/python3.8/site-packages/airflow/example_dags/example_xcomargs.py
[2024-04-05T09:38:01.625+0000] {processor.py:830} INFO - Processing file /home/airflow/.local/lib/python3.8/site-packages/airflow/example_dags/example_xcomargs.py for tasks to queue
[2024-04-05T09:38:01.651+0000] {logging_mixin.py:188} INFO - [2024-04-05T09:38:01.638+0000] {dagbag.py:540} INFO - Filling up the DagBag from /home/airflow/.local/lib/python3.8/site-packages/airflow/example_dags/example_xcomargs.py
[2024-04-05T09:38:01.727+0000] {processor.py:840} INFO - DAG(s) 'example_xcom_args', 'example_xcom_args_with_operators' retrieved from /home/airflow/.local/lib/python3.8/site-packages/airflow/example_dags/example_xcomargs.py
[2024-04-05T09:38:02.028+0000] {logging_mixin.py:188} INFO - [2024-04-05T09:38:02.027+0000] {dag.py:3047} INFO - Sync 2 DAGs
[2024-04-05T09:38:02.199+0000] {logging_mixin.py:188} INFO - [2024-04-05T09:38:02.198+0000] {dag.py:3834} INFO - Setting next_dagrun for example_xcom_args to None, run_after=None
[2024-04-05T09:38:02.269+0000] {logging_mixin.py:188} INFO - [2024-04-05T09:38:02.265+0000] {dag.py:3834} INFO - Setting next_dagrun for example_xcom_args_with_operators to None, run_after=None
[2024-04-05T09:38:02.462+0000] {processor.py:183} INFO - Processing /home/airflow/.local/lib/python3.8/site-packages/airflow/example_dags/example_xcomargs.py took 0.890 seconds
[2024-04-05T09:38:19.382+0000] {processor.py:161} INFO - Started process (PID=1013) to work on /home/airflow/.local/lib/python3.8/site-packages/airflow/example_dags/example_xcomargs.py
[2024-04-05T09:38:19.388+0000] {processor.py:830} INFO - Processing file /home/airflow/.local/lib/python3.8/site-packages/airflow/example_dags/example_xcomargs.py for tasks to queue
[2024-04-05T09:38:19.406+0000] {logging_mixin.py:188} INFO - [2024-04-05T09:38:19.397+0000] {dagbag.py:540} INFO - Filling up the DagBag from /home/airflow/.local/lib/python3.8/site-packages/airflow/example_dags/example_xcomargs.py
[2024-04-05T09:38:19.543+0000] {processor.py:840} INFO - DAG(s) 'example_xcom_args_with_operators', 'example_xcom_args' retrieved from /home/airflow/.local/lib/python3.8/site-packages/airflow/example_dags/example_xcomargs.py
[2024-04-05T09:38:19.762+0000] {logging_mixin.py:188} INFO - [2024-04-05T09:38:19.760+0000] {dag.py:3047} INFO - Sync 2 DAGs
[2024-04-05T09:38:19.856+0000] {logging_mixin.py:188} INFO - [2024-04-05T09:38:19.855+0000] {dag.py:3834} INFO - Setting next_dagrun for example_xcom_args to None, run_after=None
[2024-04-05T09:38:19.901+0000] {logging_mixin.py:188} INFO - [2024-04-05T09:38:19.892+0000] {dag.py:3834} INFO - Setting next_dagrun for example_xcom_args_with_operators to None, run_after=None
[2024-04-05T09:38:20.076+0000] {processor.py:183} INFO - Processing /home/airflow/.local/lib/python3.8/site-packages/airflow/example_dags/example_xcomargs.py took 0.720 seconds
[2024-04-05T09:38:41.865+0000] {processor.py:161} INFO - Started process (PID=1064) to work on /home/airflow/.local/lib/python3.8/site-packages/airflow/example_dags/example_xcomargs.py
[2024-04-05T09:38:41.924+0000] {processor.py:830} INFO - Processing file /home/airflow/.local/lib/python3.8/site-packages/airflow/example_dags/example_xcomargs.py for tasks to queue
[2024-04-05T09:38:41.962+0000] {logging_mixin.py:188} INFO - [2024-04-05T09:38:41.961+0000] {dagbag.py:540} INFO - Filling up the DagBag from /home/airflow/.local/lib/python3.8/site-packages/airflow/example_dags/example_xcomargs.py
[2024-04-05T09:38:42.125+0000] {processor.py:840} INFO - DAG(s) 'example_xcom_args_with_operators', 'example_xcom_args' retrieved from /home/airflow/.local/lib/python3.8/site-packages/airflow/example_dags/example_xcomargs.py
[2024-04-05T09:38:42.515+0000] {logging_mixin.py:188} INFO - [2024-04-05T09:38:42.514+0000] {dag.py:3047} INFO - Sync 2 DAGs
[2024-04-05T09:38:42.729+0000] {logging_mixin.py:188} INFO - [2024-04-05T09:38:42.716+0000] {dag.py:3834} INFO - Setting next_dagrun for example_xcom_args to None, run_after=None
[2024-04-05T09:38:42.790+0000] {logging_mixin.py:188} INFO - [2024-04-05T09:38:42.789+0000] {dag.py:3834} INFO - Setting next_dagrun for example_xcom_args_with_operators to None, run_after=None
[2024-04-05T09:38:43.040+0000] {processor.py:183} INFO - Processing /home/airflow/.local/lib/python3.8/site-packages/airflow/example_dags/example_xcomargs.py took 1.210 seconds
