[2024-04-05T09:31:01.662+0000] {processor.py:161} INFO - Started process (PID=42) to work on /home/airflow/.local/lib/python3.8/site-packages/airflow/example_dags/example_sensors.py
[2024-04-05T09:31:01.665+0000] {processor.py:830} INFO - Processing file /home/airflow/.local/lib/python3.8/site-packages/airflow/example_dags/example_sensors.py for tasks to queue
[2024-04-05T09:31:01.670+0000] {logging_mixin.py:188} INFO - [2024-04-05T09:31:01.670+0000] {dagbag.py:540} INFO - Filling up the DagBag from /home/airflow/.local/lib/python3.8/site-packages/airflow/example_dags/example_sensors.py
[2024-04-05T09:31:01.703+0000] {processor.py:840} INFO - DAG(s) 'example_sensors' retrieved from /home/airflow/.local/lib/python3.8/site-packages/airflow/example_dags/example_sensors.py
[2024-04-05T09:31:02.001+0000] {logging_mixin.py:188} INFO - [2024-04-05T09:31:02.000+0000] {dag.py:3047} INFO - Sync 1 DAGs
[2024-04-05T09:31:02.033+0000] {logging_mixin.py:188} INFO - [2024-04-05T09:31:02.032+0000] {dag.py:3834} INFO - Setting next_dagrun for example_sensors to None, run_after=None
[2024-04-05T09:31:02.205+0000] {processor.py:183} INFO - Processing /home/airflow/.local/lib/python3.8/site-packages/airflow/example_dags/example_sensors.py took 0.550 seconds
[2024-04-05T09:31:32.818+0000] {processor.py:161} INFO - Started process (PID=97) to work on /home/airflow/.local/lib/python3.8/site-packages/airflow/example_dags/example_sensors.py
[2024-04-05T09:31:32.821+0000] {processor.py:830} INFO - Processing file /home/airflow/.local/lib/python3.8/site-packages/airflow/example_dags/example_sensors.py for tasks to queue
[2024-04-05T09:31:32.829+0000] {logging_mixin.py:188} INFO - [2024-04-05T09:31:32.827+0000] {dagbag.py:540} INFO - Filling up the DagBag from /home/airflow/.local/lib/python3.8/site-packages/airflow/example_dags/example_sensors.py
[2024-04-05T09:31:32.862+0000] {processor.py:840} INFO - DAG(s) 'example_sensors' retrieved from /home/airflow/.local/lib/python3.8/site-packages/airflow/example_dags/example_sensors.py
[2024-04-05T09:31:32.936+0000] {logging_mixin.py:188} INFO - [2024-04-05T09:31:32.935+0000] {dag.py:3047} INFO - Sync 1 DAGs
[2024-04-05T09:31:32.965+0000] {logging_mixin.py:188} INFO - [2024-04-05T09:31:32.965+0000] {dag.py:3834} INFO - Setting next_dagrun for example_sensors to None, run_after=None
[2024-04-05T09:31:33.003+0000] {processor.py:183} INFO - Processing /home/airflow/.local/lib/python3.8/site-packages/airflow/example_dags/example_sensors.py took 0.195 seconds
[2024-04-05T09:32:03.322+0000] {processor.py:161} INFO - Started process (PID=158) to work on /home/airflow/.local/lib/python3.8/site-packages/airflow/example_dags/example_sensors.py
[2024-04-05T09:32:03.324+0000] {processor.py:830} INFO - Processing file /home/airflow/.local/lib/python3.8/site-packages/airflow/example_dags/example_sensors.py for tasks to queue
[2024-04-05T09:32:03.328+0000] {logging_mixin.py:188} INFO - [2024-04-05T09:32:03.327+0000] {dagbag.py:540} INFO - Filling up the DagBag from /home/airflow/.local/lib/python3.8/site-packages/airflow/example_dags/example_sensors.py
[2024-04-05T09:32:03.347+0000] {processor.py:840} INFO - DAG(s) 'example_sensors' retrieved from /home/airflow/.local/lib/python3.8/site-packages/airflow/example_dags/example_sensors.py
[2024-04-05T09:32:03.391+0000] {logging_mixin.py:188} INFO - [2024-04-05T09:32:03.391+0000] {dag.py:3047} INFO - Sync 1 DAGs
[2024-04-05T09:32:03.406+0000] {logging_mixin.py:188} INFO - [2024-04-05T09:32:03.406+0000] {dag.py:3834} INFO - Setting next_dagrun for example_sensors to None, run_after=None
[2024-04-05T09:32:03.426+0000] {processor.py:183} INFO - Processing /home/airflow/.local/lib/python3.8/site-packages/airflow/example_dags/example_sensors.py took 0.109 seconds
[2024-04-05T09:32:34.162+0000] {processor.py:161} INFO - Started process (PID=213) to work on /home/airflow/.local/lib/python3.8/site-packages/airflow/example_dags/example_sensors.py
[2024-04-05T09:32:34.164+0000] {processor.py:830} INFO - Processing file /home/airflow/.local/lib/python3.8/site-packages/airflow/example_dags/example_sensors.py for tasks to queue
[2024-04-05T09:32:34.166+0000] {logging_mixin.py:188} INFO - [2024-04-05T09:32:34.166+0000] {dagbag.py:540} INFO - Filling up the DagBag from /home/airflow/.local/lib/python3.8/site-packages/airflow/example_dags/example_sensors.py
[2024-04-05T09:32:34.177+0000] {processor.py:840} INFO - DAG(s) 'example_sensors' retrieved from /home/airflow/.local/lib/python3.8/site-packages/airflow/example_dags/example_sensors.py
[2024-04-05T09:32:34.210+0000] {logging_mixin.py:188} INFO - [2024-04-05T09:32:34.210+0000] {dag.py:3047} INFO - Sync 1 DAGs
[2024-04-05T09:32:34.227+0000] {logging_mixin.py:188} INFO - [2024-04-05T09:32:34.227+0000] {dag.py:3834} INFO - Setting next_dagrun for example_sensors to None, run_after=None
[2024-04-05T09:32:34.255+0000] {processor.py:183} INFO - Processing /home/airflow/.local/lib/python3.8/site-packages/airflow/example_dags/example_sensors.py took 0.096 seconds
[2024-04-05T09:33:04.576+0000] {processor.py:161} INFO - Started process (PID=268) to work on /home/airflow/.local/lib/python3.8/site-packages/airflow/example_dags/example_sensors.py
[2024-04-05T09:33:04.578+0000] {processor.py:830} INFO - Processing file /home/airflow/.local/lib/python3.8/site-packages/airflow/example_dags/example_sensors.py for tasks to queue
[2024-04-05T09:33:04.582+0000] {logging_mixin.py:188} INFO - [2024-04-05T09:33:04.582+0000] {dagbag.py:540} INFO - Filling up the DagBag from /home/airflow/.local/lib/python3.8/site-packages/airflow/example_dags/example_sensors.py
[2024-04-05T09:33:04.594+0000] {processor.py:840} INFO - DAG(s) 'example_sensors' retrieved from /home/airflow/.local/lib/python3.8/site-packages/airflow/example_dags/example_sensors.py
[2024-04-05T09:33:04.637+0000] {logging_mixin.py:188} INFO - [2024-04-05T09:33:04.637+0000] {dag.py:3047} INFO - Sync 1 DAGs
[2024-04-05T09:33:04.654+0000] {logging_mixin.py:188} INFO - [2024-04-05T09:33:04.653+0000] {dag.py:3834} INFO - Setting next_dagrun for example_sensors to None, run_after=None
[2024-04-05T09:33:04.696+0000] {processor.py:183} INFO - Processing /home/airflow/.local/lib/python3.8/site-packages/airflow/example_dags/example_sensors.py took 0.126 seconds
[2024-04-05T09:33:34.966+0000] {processor.py:161} INFO - Started process (PID=323) to work on /home/airflow/.local/lib/python3.8/site-packages/airflow/example_dags/example_sensors.py
[2024-04-05T09:33:34.969+0000] {processor.py:830} INFO - Processing file /home/airflow/.local/lib/python3.8/site-packages/airflow/example_dags/example_sensors.py for tasks to queue
[2024-04-05T09:33:34.974+0000] {logging_mixin.py:188} INFO - [2024-04-05T09:33:34.973+0000] {dagbag.py:540} INFO - Filling up the DagBag from /home/airflow/.local/lib/python3.8/site-packages/airflow/example_dags/example_sensors.py
[2024-04-05T09:33:34.986+0000] {processor.py:840} INFO - DAG(s) 'example_sensors' retrieved from /home/airflow/.local/lib/python3.8/site-packages/airflow/example_dags/example_sensors.py
[2024-04-05T09:33:35.032+0000] {logging_mixin.py:188} INFO - [2024-04-05T09:33:35.031+0000] {dag.py:3047} INFO - Sync 1 DAGs
[2024-04-05T09:33:35.061+0000] {logging_mixin.py:188} INFO - [2024-04-05T09:33:35.060+0000] {dag.py:3834} INFO - Setting next_dagrun for example_sensors to None, run_after=None
[2024-04-05T09:33:35.096+0000] {processor.py:183} INFO - Processing /home/airflow/.local/lib/python3.8/site-packages/airflow/example_dags/example_sensors.py took 0.138 seconds
[2024-04-05T09:34:05.427+0000] {processor.py:161} INFO - Started process (PID=378) to work on /home/airflow/.local/lib/python3.8/site-packages/airflow/example_dags/example_sensors.py
[2024-04-05T09:34:05.429+0000] {processor.py:830} INFO - Processing file /home/airflow/.local/lib/python3.8/site-packages/airflow/example_dags/example_sensors.py for tasks to queue
[2024-04-05T09:34:05.433+0000] {logging_mixin.py:188} INFO - [2024-04-05T09:34:05.432+0000] {dagbag.py:540} INFO - Filling up the DagBag from /home/airflow/.local/lib/python3.8/site-packages/airflow/example_dags/example_sensors.py
[2024-04-05T09:34:05.454+0000] {processor.py:840} INFO - DAG(s) 'example_sensors' retrieved from /home/airflow/.local/lib/python3.8/site-packages/airflow/example_dags/example_sensors.py
[2024-04-05T09:34:05.508+0000] {logging_mixin.py:188} INFO - [2024-04-05T09:34:05.507+0000] {dag.py:3047} INFO - Sync 1 DAGs
[2024-04-05T09:34:05.532+0000] {logging_mixin.py:188} INFO - [2024-04-05T09:34:05.531+0000] {dag.py:3834} INFO - Setting next_dagrun for example_sensors to None, run_after=None
[2024-04-05T09:34:05.573+0000] {processor.py:183} INFO - Processing /home/airflow/.local/lib/python3.8/site-packages/airflow/example_dags/example_sensors.py took 0.151 seconds
[2024-04-05T09:34:36.350+0000] {processor.py:161} INFO - Started process (PID=433) to work on /home/airflow/.local/lib/python3.8/site-packages/airflow/example_dags/example_sensors.py
[2024-04-05T09:34:36.353+0000] {processor.py:830} INFO - Processing file /home/airflow/.local/lib/python3.8/site-packages/airflow/example_dags/example_sensors.py for tasks to queue
[2024-04-05T09:34:36.358+0000] {logging_mixin.py:188} INFO - [2024-04-05T09:34:36.357+0000] {dagbag.py:540} INFO - Filling up the DagBag from /home/airflow/.local/lib/python3.8/site-packages/airflow/example_dags/example_sensors.py
[2024-04-05T09:34:36.399+0000] {processor.py:840} INFO - DAG(s) 'example_sensors' retrieved from /home/airflow/.local/lib/python3.8/site-packages/airflow/example_dags/example_sensors.py
[2024-04-05T09:34:36.477+0000] {logging_mixin.py:188} INFO - [2024-04-05T09:34:36.476+0000] {dag.py:3047} INFO - Sync 1 DAGs
[2024-04-05T09:34:36.511+0000] {logging_mixin.py:188} INFO - [2024-04-05T09:34:36.510+0000] {dag.py:3834} INFO - Setting next_dagrun for example_sensors to None, run_after=None
[2024-04-05T09:34:36.565+0000] {processor.py:183} INFO - Processing /home/airflow/.local/lib/python3.8/site-packages/airflow/example_dags/example_sensors.py took 0.223 seconds
[2024-04-05T09:35:06.709+0000] {processor.py:161} INFO - Started process (PID=488) to work on /home/airflow/.local/lib/python3.8/site-packages/airflow/example_dags/example_sensors.py
[2024-04-05T09:35:06.711+0000] {processor.py:830} INFO - Processing file /home/airflow/.local/lib/python3.8/site-packages/airflow/example_dags/example_sensors.py for tasks to queue
[2024-04-05T09:35:06.714+0000] {logging_mixin.py:188} INFO - [2024-04-05T09:35:06.714+0000] {dagbag.py:540} INFO - Filling up the DagBag from /home/airflow/.local/lib/python3.8/site-packages/airflow/example_dags/example_sensors.py
[2024-04-05T09:35:06.726+0000] {processor.py:840} INFO - DAG(s) 'example_sensors' retrieved from /home/airflow/.local/lib/python3.8/site-packages/airflow/example_dags/example_sensors.py
[2024-04-05T09:35:06.760+0000] {logging_mixin.py:188} INFO - [2024-04-05T09:35:06.760+0000] {dag.py:3047} INFO - Sync 1 DAGs
[2024-04-05T09:35:06.776+0000] {logging_mixin.py:188} INFO - [2024-04-05T09:35:06.776+0000] {dag.py:3834} INFO - Setting next_dagrun for example_sensors to None, run_after=None
[2024-04-05T09:35:06.803+0000] {processor.py:183} INFO - Processing /home/airflow/.local/lib/python3.8/site-packages/airflow/example_dags/example_sensors.py took 0.099 seconds
[2024-04-05T09:35:36.932+0000] {processor.py:161} INFO - Started process (PID=550) to work on /home/airflow/.local/lib/python3.8/site-packages/airflow/example_dags/example_sensors.py
[2024-04-05T09:35:36.933+0000] {processor.py:830} INFO - Processing file /home/airflow/.local/lib/python3.8/site-packages/airflow/example_dags/example_sensors.py for tasks to queue
[2024-04-05T09:35:36.936+0000] {logging_mixin.py:188} INFO - [2024-04-05T09:35:36.936+0000] {dagbag.py:540} INFO - Filling up the DagBag from /home/airflow/.local/lib/python3.8/site-packages/airflow/example_dags/example_sensors.py
[2024-04-05T09:35:36.946+0000] {processor.py:840} INFO - DAG(s) 'example_sensors' retrieved from /home/airflow/.local/lib/python3.8/site-packages/airflow/example_dags/example_sensors.py
[2024-04-05T09:35:36.983+0000] {logging_mixin.py:188} INFO - [2024-04-05T09:35:36.982+0000] {dag.py:3047} INFO - Sync 1 DAGs
[2024-04-05T09:35:36.997+0000] {logging_mixin.py:188} INFO - [2024-04-05T09:35:36.997+0000] {dag.py:3834} INFO - Setting next_dagrun for example_sensors to None, run_after=None
[2024-04-05T09:35:37.024+0000] {processor.py:183} INFO - Processing /home/airflow/.local/lib/python3.8/site-packages/airflow/example_dags/example_sensors.py took 0.096 seconds
[2024-04-05T09:35:46.212+0000] {processor.py:161} INFO - Started process (PID=607) to work on /home/airflow/.local/lib/python3.8/site-packages/airflow/example_dags/example_sensors.py
[2024-04-05T09:35:46.215+0000] {processor.py:830} INFO - Processing file /home/airflow/.local/lib/python3.8/site-packages/airflow/example_dags/example_sensors.py for tasks to queue
[2024-04-05T09:35:46.219+0000] {logging_mixin.py:188} INFO - [2024-04-05T09:35:46.218+0000] {dagbag.py:540} INFO - Filling up the DagBag from /home/airflow/.local/lib/python3.8/site-packages/airflow/example_dags/example_sensors.py
[2024-04-05T09:35:46.240+0000] {processor.py:840} INFO - DAG(s) 'example_sensors' retrieved from /home/airflow/.local/lib/python3.8/site-packages/airflow/example_dags/example_sensors.py
[2024-04-05T09:35:46.302+0000] {logging_mixin.py:188} INFO - [2024-04-05T09:35:46.302+0000] {dag.py:3047} INFO - Sync 1 DAGs
[2024-04-05T09:35:46.325+0000] {logging_mixin.py:188} INFO - [2024-04-05T09:35:46.325+0000] {dag.py:3834} INFO - Setting next_dagrun for example_sensors to None, run_after=None
[2024-04-05T09:35:46.363+0000] {processor.py:183} INFO - Processing /home/airflow/.local/lib/python3.8/site-packages/airflow/example_dags/example_sensors.py took 0.158 seconds
[2024-04-05T09:36:07.318+0000] {processor.py:161} INFO - Started process (PID=675) to work on /home/airflow/.local/lib/python3.8/site-packages/airflow/example_dags/example_sensors.py
[2024-04-05T09:36:07.320+0000] {processor.py:830} INFO - Processing file /home/airflow/.local/lib/python3.8/site-packages/airflow/example_dags/example_sensors.py for tasks to queue
[2024-04-05T09:36:07.322+0000] {logging_mixin.py:188} INFO - [2024-04-05T09:36:07.322+0000] {dagbag.py:540} INFO - Filling up the DagBag from /home/airflow/.local/lib/python3.8/site-packages/airflow/example_dags/example_sensors.py
[2024-04-05T09:36:07.336+0000] {processor.py:840} INFO - DAG(s) 'example_sensors' retrieved from /home/airflow/.local/lib/python3.8/site-packages/airflow/example_dags/example_sensors.py
[2024-04-05T09:36:07.377+0000] {logging_mixin.py:188} INFO - [2024-04-05T09:36:07.377+0000] {dag.py:3047} INFO - Sync 1 DAGs
[2024-04-05T09:36:07.398+0000] {logging_mixin.py:188} INFO - [2024-04-05T09:36:07.398+0000] {dag.py:3834} INFO - Setting next_dagrun for example_sensors to None, run_after=None
[2024-04-05T09:36:07.429+0000] {processor.py:183} INFO - Processing /home/airflow/.local/lib/python3.8/site-packages/airflow/example_dags/example_sensors.py took 0.118 seconds
[2024-04-05T09:36:17.927+0000] {processor.py:161} INFO - Started process (PID=698) to work on /home/airflow/.local/lib/python3.8/site-packages/airflow/example_dags/example_sensors.py
[2024-04-05T09:36:17.932+0000] {processor.py:830} INFO - Processing file /home/airflow/.local/lib/python3.8/site-packages/airflow/example_dags/example_sensors.py for tasks to queue
[2024-04-05T09:36:17.957+0000] {logging_mixin.py:188} INFO - [2024-04-05T09:36:17.954+0000] {dagbag.py:540} INFO - Filling up the DagBag from /home/airflow/.local/lib/python3.8/site-packages/airflow/example_dags/example_sensors.py
[2024-04-05T09:36:18.070+0000] {processor.py:840} INFO - DAG(s) 'example_sensors' retrieved from /home/airflow/.local/lib/python3.8/site-packages/airflow/example_dags/example_sensors.py
[2024-04-05T09:36:18.342+0000] {logging_mixin.py:188} INFO - [2024-04-05T09:36:18.342+0000] {dag.py:3047} INFO - Sync 1 DAGs
[2024-04-05T09:36:18.576+0000] {logging_mixin.py:188} INFO - [2024-04-05T09:36:18.573+0000] {dag.py:3834} INFO - Setting next_dagrun for example_sensors to None, run_after=None
[2024-04-05T09:36:18.857+0000] {processor.py:183} INFO - Processing /home/airflow/.local/lib/python3.8/site-packages/airflow/example_dags/example_sensors.py took 0.961 seconds
[2024-04-05T09:36:42.140+0000] {processor.py:161} INFO - Started process (PID=756) to work on /home/airflow/.local/lib/python3.8/site-packages/airflow/example_dags/example_sensors.py
[2024-04-05T09:36:42.160+0000] {processor.py:830} INFO - Processing file /home/airflow/.local/lib/python3.8/site-packages/airflow/example_dags/example_sensors.py for tasks to queue
[2024-04-05T09:36:42.171+0000] {logging_mixin.py:188} INFO - [2024-04-05T09:36:42.170+0000] {dagbag.py:540} INFO - Filling up the DagBag from /home/airflow/.local/lib/python3.8/site-packages/airflow/example_dags/example_sensors.py
[2024-04-05T09:36:42.250+0000] {processor.py:840} INFO - DAG(s) 'example_sensors' retrieved from /home/airflow/.local/lib/python3.8/site-packages/airflow/example_dags/example_sensors.py
[2024-04-05T09:36:42.474+0000] {logging_mixin.py:188} INFO - [2024-04-05T09:36:42.464+0000] {dag.py:3047} INFO - Sync 1 DAGs
[2024-04-05T09:36:42.576+0000] {logging_mixin.py:188} INFO - [2024-04-05T09:36:42.573+0000] {dag.py:3834} INFO - Setting next_dagrun for example_sensors to None, run_after=None
[2024-04-05T09:36:42.789+0000] {processor.py:183} INFO - Processing /home/airflow/.local/lib/python3.8/site-packages/airflow/example_dags/example_sensors.py took 0.682 seconds
[2024-04-05T09:37:01.450+0000] {processor.py:161} INFO - Started process (PID=803) to work on /home/airflow/.local/lib/python3.8/site-packages/airflow/example_dags/example_sensors.py
[2024-04-05T09:37:01.464+0000] {processor.py:830} INFO - Processing file /home/airflow/.local/lib/python3.8/site-packages/airflow/example_dags/example_sensors.py for tasks to queue
[2024-04-05T09:37:01.482+0000] {logging_mixin.py:188} INFO - [2024-04-05T09:37:01.479+0000] {dagbag.py:540} INFO - Filling up the DagBag from /home/airflow/.local/lib/python3.8/site-packages/airflow/example_dags/example_sensors.py
[2024-04-05T09:37:01.650+0000] {processor.py:840} INFO - DAG(s) 'example_sensors' retrieved from /home/airflow/.local/lib/python3.8/site-packages/airflow/example_dags/example_sensors.py
[2024-04-05T09:37:01.864+0000] {logging_mixin.py:188} INFO - [2024-04-05T09:37:01.861+0000] {dag.py:3047} INFO - Sync 1 DAGs
[2024-04-05T09:37:01.996+0000] {logging_mixin.py:188} INFO - [2024-04-05T09:37:01.994+0000] {dag.py:3834} INFO - Setting next_dagrun for example_sensors to None, run_after=None
[2024-04-05T09:37:02.166+0000] {processor.py:183} INFO - Processing /home/airflow/.local/lib/python3.8/site-packages/airflow/example_dags/example_sensors.py took 0.752 seconds
[2024-04-05T09:37:18.651+0000] {processor.py:161} INFO - Started process (PID=862) to work on /home/airflow/.local/lib/python3.8/site-packages/airflow/example_dags/example_sensors.py
[2024-04-05T09:37:18.660+0000] {processor.py:830} INFO - Processing file /home/airflow/.local/lib/python3.8/site-packages/airflow/example_dags/example_sensors.py for tasks to queue
[2024-04-05T09:37:18.685+0000] {logging_mixin.py:188} INFO - [2024-04-05T09:37:18.682+0000] {dagbag.py:540} INFO - Filling up the DagBag from /home/airflow/.local/lib/python3.8/site-packages/airflow/example_dags/example_sensors.py
[2024-04-05T09:37:18.765+0000] {processor.py:840} INFO - DAG(s) 'example_sensors' retrieved from /home/airflow/.local/lib/python3.8/site-packages/airflow/example_dags/example_sensors.py
[2024-04-05T09:37:18.941+0000] {logging_mixin.py:188} INFO - [2024-04-05T09:37:18.940+0000] {dag.py:3047} INFO - Sync 1 DAGs
[2024-04-05T09:37:19.068+0000] {logging_mixin.py:188} INFO - [2024-04-05T09:37:19.067+0000] {dag.py:3834} INFO - Setting next_dagrun for example_sensors to None, run_after=None
[2024-04-05T09:37:19.337+0000] {processor.py:183} INFO - Processing /home/airflow/.local/lib/python3.8/site-packages/airflow/example_dags/example_sensors.py took 0.697 seconds
[2024-04-05T09:37:38.536+0000] {processor.py:161} INFO - Started process (PID=903) to work on /home/airflow/.local/lib/python3.8/site-packages/airflow/example_dags/example_sensors.py
[2024-04-05T09:37:38.545+0000] {processor.py:830} INFO - Processing file /home/airflow/.local/lib/python3.8/site-packages/airflow/example_dags/example_sensors.py for tasks to queue
[2024-04-05T09:37:38.554+0000] {logging_mixin.py:188} INFO - [2024-04-05T09:37:38.552+0000] {dagbag.py:540} INFO - Filling up the DagBag from /home/airflow/.local/lib/python3.8/site-packages/airflow/example_dags/example_sensors.py
[2024-04-05T09:37:38.661+0000] {processor.py:840} INFO - DAG(s) 'example_sensors' retrieved from /home/airflow/.local/lib/python3.8/site-packages/airflow/example_dags/example_sensors.py
[2024-04-05T09:37:38.928+0000] {logging_mixin.py:188} INFO - [2024-04-05T09:37:38.916+0000] {dag.py:3047} INFO - Sync 1 DAGs
[2024-04-05T09:37:39.092+0000] {logging_mixin.py:188} INFO - [2024-04-05T09:37:39.091+0000] {dag.py:3834} INFO - Setting next_dagrun for example_sensors to None, run_after=None
[2024-04-05T09:37:39.278+0000] {processor.py:183} INFO - Processing /home/airflow/.local/lib/python3.8/site-packages/airflow/example_dags/example_sensors.py took 0.771 seconds
[2024-04-05T09:37:58.342+0000] {processor.py:161} INFO - Started process (PID=944) to work on /home/airflow/.local/lib/python3.8/site-packages/airflow/example_dags/example_sensors.py
[2024-04-05T09:37:58.377+0000] {processor.py:830} INFO - Processing file /home/airflow/.local/lib/python3.8/site-packages/airflow/example_dags/example_sensors.py for tasks to queue
[2024-04-05T09:37:58.401+0000] {logging_mixin.py:188} INFO - [2024-04-05T09:37:58.394+0000] {dagbag.py:540} INFO - Filling up the DagBag from /home/airflow/.local/lib/python3.8/site-packages/airflow/example_dags/example_sensors.py
[2024-04-05T09:37:58.495+0000] {processor.py:840} INFO - DAG(s) 'example_sensors' retrieved from /home/airflow/.local/lib/python3.8/site-packages/airflow/example_dags/example_sensors.py
[2024-04-05T09:37:58.796+0000] {logging_mixin.py:188} INFO - [2024-04-05T09:37:58.795+0000] {dag.py:3047} INFO - Sync 1 DAGs
[2024-04-05T09:37:58.903+0000] {logging_mixin.py:188} INFO - [2024-04-05T09:37:58.902+0000] {dag.py:3834} INFO - Setting next_dagrun for example_sensors to None, run_after=None
[2024-04-05T09:37:59.151+0000] {processor.py:183} INFO - Processing /home/airflow/.local/lib/python3.8/site-packages/airflow/example_dags/example_sensors.py took 0.846 seconds
[2024-04-05T09:38:15.530+0000] {processor.py:161} INFO - Started process (PID=1006) to work on /home/airflow/.local/lib/python3.8/site-packages/airflow/example_dags/example_sensors.py
[2024-04-05T09:38:15.557+0000] {processor.py:830} INFO - Processing file /home/airflow/.local/lib/python3.8/site-packages/airflow/example_dags/example_sensors.py for tasks to queue
[2024-04-05T09:38:15.586+0000] {logging_mixin.py:188} INFO - [2024-04-05T09:38:15.584+0000] {dagbag.py:540} INFO - Filling up the DagBag from /home/airflow/.local/lib/python3.8/site-packages/airflow/example_dags/example_sensors.py
[2024-04-05T09:38:15.665+0000] {processor.py:840} INFO - DAG(s) 'example_sensors' retrieved from /home/airflow/.local/lib/python3.8/site-packages/airflow/example_dags/example_sensors.py
[2024-04-05T09:38:16.004+0000] {logging_mixin.py:188} INFO - [2024-04-05T09:38:15.995+0000] {dag.py:3047} INFO - Sync 1 DAGs
[2024-04-05T09:38:16.110+0000] {logging_mixin.py:188} INFO - [2024-04-05T09:38:16.109+0000] {dag.py:3834} INFO - Setting next_dagrun for example_sensors to None, run_after=None
[2024-04-05T09:38:16.522+0000] {processor.py:183} INFO - Processing /home/airflow/.local/lib/python3.8/site-packages/airflow/example_dags/example_sensors.py took 1.023 seconds
[2024-04-05T09:38:40.394+0000] {processor.py:161} INFO - Started process (PID=1060) to work on /home/airflow/.local/lib/python3.8/site-packages/airflow/example_dags/example_sensors.py
[2024-04-05T09:38:40.418+0000] {processor.py:830} INFO - Processing file /home/airflow/.local/lib/python3.8/site-packages/airflow/example_dags/example_sensors.py for tasks to queue
[2024-04-05T09:38:40.459+0000] {logging_mixin.py:188} INFO - [2024-04-05T09:38:40.456+0000] {dagbag.py:540} INFO - Filling up the DagBag from /home/airflow/.local/lib/python3.8/site-packages/airflow/example_dags/example_sensors.py
[2024-04-05T09:38:40.640+0000] {processor.py:840} INFO - DAG(s) 'example_sensors' retrieved from /home/airflow/.local/lib/python3.8/site-packages/airflow/example_dags/example_sensors.py
[2024-04-05T09:38:41.106+0000] {logging_mixin.py:188} INFO - [2024-04-05T09:38:41.092+0000] {dag.py:3047} INFO - Sync 1 DAGs
[2024-04-05T09:38:41.308+0000] {logging_mixin.py:188} INFO - [2024-04-05T09:38:41.305+0000] {dag.py:3834} INFO - Setting next_dagrun for example_sensors to None, run_after=None
[2024-04-05T09:38:41.516+0000] {processor.py:183} INFO - Processing /home/airflow/.local/lib/python3.8/site-packages/airflow/example_dags/example_sensors.py took 1.158 seconds
