[2024-04-05T09:31:10.607+0000] {processor.py:161} INFO - Started process (PID=85) to work on /home/airflow/.local/lib/python3.8/site-packages/airflow/example_dags/example_sla_dag.py
[2024-04-05T09:31:10.609+0000] {processor.py:830} INFO - Processing file /home/airflow/.local/lib/python3.8/site-packages/airflow/example_dags/example_sla_dag.py for tasks to queue
[2024-04-05T09:31:10.613+0000] {logging_mixin.py:188} INFO - [2024-04-05T09:31:10.613+0000] {dagbag.py:540} INFO - Filling up the DagBag from /home/airflow/.local/lib/python3.8/site-packages/airflow/example_dags/example_sla_dag.py
[2024-04-05T09:31:10.628+0000] {processor.py:840} INFO - DAG(s) 'example_sla_dag' retrieved from /home/airflow/.local/lib/python3.8/site-packages/airflow/example_dags/example_sla_dag.py
[2024-04-05T09:31:10.776+0000] {logging_mixin.py:188} INFO - [2024-04-05T09:31:10.775+0000] {dag.py:3047} INFO - Sync 1 DAGs
[2024-04-05T09:31:10.814+0000] {logging_mixin.py:188} INFO - [2024-04-05T09:31:10.814+0000] {dag.py:3834} INFO - Setting next_dagrun for example_sla_dag to 2024-04-05 09:28:00+00:00, run_after=2024-04-05 09:30:00+00:00
[2024-04-05T09:31:10.842+0000] {processor.py:183} INFO - Processing /home/airflow/.local/lib/python3.8/site-packages/airflow/example_dags/example_sla_dag.py took 0.241 seconds
[2024-04-05T09:31:41.939+0000] {processor.py:161} INFO - Started process (PID=140) to work on /home/airflow/.local/lib/python3.8/site-packages/airflow/example_dags/example_sla_dag.py
[2024-04-05T09:31:41.942+0000] {processor.py:830} INFO - Processing file /home/airflow/.local/lib/python3.8/site-packages/airflow/example_dags/example_sla_dag.py for tasks to queue
[2024-04-05T09:31:41.947+0000] {logging_mixin.py:188} INFO - [2024-04-05T09:31:41.947+0000] {dagbag.py:540} INFO - Filling up the DagBag from /home/airflow/.local/lib/python3.8/site-packages/airflow/example_dags/example_sla_dag.py
[2024-04-05T09:31:41.963+0000] {processor.py:840} INFO - DAG(s) 'example_sla_dag' retrieved from /home/airflow/.local/lib/python3.8/site-packages/airflow/example_dags/example_sla_dag.py
[2024-04-05T09:31:41.997+0000] {logging_mixin.py:188} INFO - [2024-04-05T09:31:41.996+0000] {dag.py:3047} INFO - Sync 1 DAGs
[2024-04-05T09:31:42.045+0000] {logging_mixin.py:188} INFO - [2024-04-05T09:31:42.045+0000] {dag.py:3834} INFO - Setting next_dagrun for example_sla_dag to 2024-04-05 09:28:00+00:00, run_after=2024-04-05 09:30:00+00:00
[2024-04-05T09:31:42.074+0000] {processor.py:183} INFO - Processing /home/airflow/.local/lib/python3.8/site-packages/airflow/example_dags/example_sla_dag.py took 0.142 seconds
[2024-04-05T09:32:12.274+0000] {processor.py:161} INFO - Started process (PID=195) to work on /home/airflow/.local/lib/python3.8/site-packages/airflow/example_dags/example_sla_dag.py
[2024-04-05T09:32:12.276+0000] {processor.py:830} INFO - Processing file /home/airflow/.local/lib/python3.8/site-packages/airflow/example_dags/example_sla_dag.py for tasks to queue
[2024-04-05T09:32:12.281+0000] {logging_mixin.py:188} INFO - [2024-04-05T09:32:12.281+0000] {dagbag.py:540} INFO - Filling up the DagBag from /home/airflow/.local/lib/python3.8/site-packages/airflow/example_dags/example_sla_dag.py
[2024-04-05T09:32:12.302+0000] {processor.py:840} INFO - DAG(s) 'example_sla_dag' retrieved from /home/airflow/.local/lib/python3.8/site-packages/airflow/example_dags/example_sla_dag.py
[2024-04-05T09:32:12.331+0000] {logging_mixin.py:188} INFO - [2024-04-05T09:32:12.330+0000] {dag.py:3047} INFO - Sync 1 DAGs
[2024-04-05T09:32:12.374+0000] {logging_mixin.py:188} INFO - [2024-04-05T09:32:12.373+0000] {dag.py:3834} INFO - Setting next_dagrun for example_sla_dag to 2024-04-05 09:30:00+00:00, run_after=2024-04-05 09:32:00+00:00
[2024-04-05T09:32:12.399+0000] {processor.py:183} INFO - Processing /home/airflow/.local/lib/python3.8/site-packages/airflow/example_dags/example_sla_dag.py took 0.136 seconds
[2024-04-05T09:32:42.675+0000] {processor.py:161} INFO - Started process (PID=250) to work on /home/airflow/.local/lib/python3.8/site-packages/airflow/example_dags/example_sla_dag.py
[2024-04-05T09:32:42.677+0000] {processor.py:830} INFO - Processing file /home/airflow/.local/lib/python3.8/site-packages/airflow/example_dags/example_sla_dag.py for tasks to queue
[2024-04-05T09:32:42.681+0000] {logging_mixin.py:188} INFO - [2024-04-05T09:32:42.680+0000] {dagbag.py:540} INFO - Filling up the DagBag from /home/airflow/.local/lib/python3.8/site-packages/airflow/example_dags/example_sla_dag.py
[2024-04-05T09:32:42.700+0000] {processor.py:840} INFO - DAG(s) 'example_sla_dag' retrieved from /home/airflow/.local/lib/python3.8/site-packages/airflow/example_dags/example_sla_dag.py
[2024-04-05T09:32:42.729+0000] {logging_mixin.py:188} INFO - [2024-04-05T09:32:42.729+0000] {dag.py:3047} INFO - Sync 1 DAGs
[2024-04-05T09:32:42.765+0000] {logging_mixin.py:188} INFO - [2024-04-05T09:32:42.764+0000] {dag.py:3834} INFO - Setting next_dagrun for example_sla_dag to 2024-04-05 09:30:00+00:00, run_after=2024-04-05 09:32:00+00:00
[2024-04-05T09:32:42.787+0000] {processor.py:183} INFO - Processing /home/airflow/.local/lib/python3.8/site-packages/airflow/example_dags/example_sla_dag.py took 0.119 seconds
[2024-04-05T09:33:13.153+0000] {processor.py:161} INFO - Started process (PID=305) to work on /home/airflow/.local/lib/python3.8/site-packages/airflow/example_dags/example_sla_dag.py
[2024-04-05T09:33:13.156+0000] {processor.py:830} INFO - Processing file /home/airflow/.local/lib/python3.8/site-packages/airflow/example_dags/example_sla_dag.py for tasks to queue
[2024-04-05T09:33:13.161+0000] {logging_mixin.py:188} INFO - [2024-04-05T09:33:13.160+0000] {dagbag.py:540} INFO - Filling up the DagBag from /home/airflow/.local/lib/python3.8/site-packages/airflow/example_dags/example_sla_dag.py
[2024-04-05T09:33:13.175+0000] {processor.py:840} INFO - DAG(s) 'example_sla_dag' retrieved from /home/airflow/.local/lib/python3.8/site-packages/airflow/example_dags/example_sla_dag.py
[2024-04-05T09:33:13.203+0000] {logging_mixin.py:188} INFO - [2024-04-05T09:33:13.202+0000] {dag.py:3047} INFO - Sync 1 DAGs
[2024-04-05T09:33:13.240+0000] {logging_mixin.py:188} INFO - [2024-04-05T09:33:13.240+0000] {dag.py:3834} INFO - Setting next_dagrun for example_sla_dag to 2024-04-05 09:30:00+00:00, run_after=2024-04-05 09:32:00+00:00
[2024-04-05T09:33:13.266+0000] {processor.py:183} INFO - Processing /home/airflow/.local/lib/python3.8/site-packages/airflow/example_dags/example_sla_dag.py took 0.117 seconds
[2024-04-05T09:33:43.923+0000] {processor.py:161} INFO - Started process (PID=360) to work on /home/airflow/.local/lib/python3.8/site-packages/airflow/example_dags/example_sla_dag.py
[2024-04-05T09:33:43.925+0000] {processor.py:830} INFO - Processing file /home/airflow/.local/lib/python3.8/site-packages/airflow/example_dags/example_sla_dag.py for tasks to queue
[2024-04-05T09:33:43.927+0000] {logging_mixin.py:188} INFO - [2024-04-05T09:33:43.927+0000] {dagbag.py:540} INFO - Filling up the DagBag from /home/airflow/.local/lib/python3.8/site-packages/airflow/example_dags/example_sla_dag.py
[2024-04-05T09:33:43.942+0000] {processor.py:840} INFO - DAG(s) 'example_sla_dag' retrieved from /home/airflow/.local/lib/python3.8/site-packages/airflow/example_dags/example_sla_dag.py
[2024-04-05T09:33:43.968+0000] {logging_mixin.py:188} INFO - [2024-04-05T09:33:43.967+0000] {dag.py:3047} INFO - Sync 1 DAGs
[2024-04-05T09:33:44.002+0000] {logging_mixin.py:188} INFO - [2024-04-05T09:33:44.002+0000] {dag.py:3834} INFO - Setting next_dagrun for example_sla_dag to 2024-04-05 09:30:00+00:00, run_after=2024-04-05 09:32:00+00:00
[2024-04-05T09:33:44.024+0000] {processor.py:183} INFO - Processing /home/airflow/.local/lib/python3.8/site-packages/airflow/example_dags/example_sla_dag.py took 0.106 seconds
[2024-04-05T09:34:14.573+0000] {processor.py:161} INFO - Started process (PID=415) to work on /home/airflow/.local/lib/python3.8/site-packages/airflow/example_dags/example_sla_dag.py
[2024-04-05T09:34:14.576+0000] {processor.py:830} INFO - Processing file /home/airflow/.local/lib/python3.8/site-packages/airflow/example_dags/example_sla_dag.py for tasks to queue
[2024-04-05T09:34:14.582+0000] {logging_mixin.py:188} INFO - [2024-04-05T09:34:14.582+0000] {dagbag.py:540} INFO - Filling up the DagBag from /home/airflow/.local/lib/python3.8/site-packages/airflow/example_dags/example_sla_dag.py
[2024-04-05T09:34:14.600+0000] {processor.py:840} INFO - DAG(s) 'example_sla_dag' retrieved from /home/airflow/.local/lib/python3.8/site-packages/airflow/example_dags/example_sla_dag.py
[2024-04-05T09:34:14.641+0000] {logging_mixin.py:188} INFO - [2024-04-05T09:34:14.640+0000] {dag.py:3047} INFO - Sync 1 DAGs
[2024-04-05T09:34:14.690+0000] {logging_mixin.py:188} INFO - [2024-04-05T09:34:14.689+0000] {dag.py:3834} INFO - Setting next_dagrun for example_sla_dag to 2024-04-05 09:32:00+00:00, run_after=2024-04-05 09:34:00+00:00
[2024-04-05T09:34:14.720+0000] {processor.py:183} INFO - Processing /home/airflow/.local/lib/python3.8/site-packages/airflow/example_dags/example_sla_dag.py took 0.156 seconds
[2024-04-05T09:34:45.339+0000] {processor.py:161} INFO - Started process (PID=470) to work on /home/airflow/.local/lib/python3.8/site-packages/airflow/example_dags/example_sla_dag.py
[2024-04-05T09:34:45.341+0000] {processor.py:830} INFO - Processing file /home/airflow/.local/lib/python3.8/site-packages/airflow/example_dags/example_sla_dag.py for tasks to queue
[2024-04-05T09:34:45.353+0000] {logging_mixin.py:188} INFO - [2024-04-05T09:34:45.352+0000] {dagbag.py:540} INFO - Filling up the DagBag from /home/airflow/.local/lib/python3.8/site-packages/airflow/example_dags/example_sla_dag.py
[2024-04-05T09:34:45.371+0000] {processor.py:840} INFO - DAG(s) 'example_sla_dag' retrieved from /home/airflow/.local/lib/python3.8/site-packages/airflow/example_dags/example_sla_dag.py
[2024-04-05T09:34:45.404+0000] {logging_mixin.py:188} INFO - [2024-04-05T09:34:45.403+0000] {dag.py:3047} INFO - Sync 1 DAGs
[2024-04-05T09:34:45.454+0000] {logging_mixin.py:188} INFO - [2024-04-05T09:34:45.453+0000] {dag.py:3834} INFO - Setting next_dagrun for example_sla_dag to 2024-04-05 09:32:00+00:00, run_after=2024-04-05 09:34:00+00:00
[2024-04-05T09:34:45.491+0000] {processor.py:183} INFO - Processing /home/airflow/.local/lib/python3.8/site-packages/airflow/example_dags/example_sla_dag.py took 0.159 seconds
[2024-04-05T09:35:15.563+0000] {processor.py:161} INFO - Started process (PID=525) to work on /home/airflow/.local/lib/python3.8/site-packages/airflow/example_dags/example_sla_dag.py
[2024-04-05T09:35:15.564+0000] {processor.py:830} INFO - Processing file /home/airflow/.local/lib/python3.8/site-packages/airflow/example_dags/example_sla_dag.py for tasks to queue
[2024-04-05T09:35:15.567+0000] {logging_mixin.py:188} INFO - [2024-04-05T09:35:15.567+0000] {dagbag.py:540} INFO - Filling up the DagBag from /home/airflow/.local/lib/python3.8/site-packages/airflow/example_dags/example_sla_dag.py
[2024-04-05T09:35:15.581+0000] {processor.py:840} INFO - DAG(s) 'example_sla_dag' retrieved from /home/airflow/.local/lib/python3.8/site-packages/airflow/example_dags/example_sla_dag.py
[2024-04-05T09:35:15.607+0000] {logging_mixin.py:188} INFO - [2024-04-05T09:35:15.607+0000] {dag.py:3047} INFO - Sync 1 DAGs
[2024-04-05T09:35:15.652+0000] {logging_mixin.py:188} INFO - [2024-04-05T09:35:15.652+0000] {dag.py:3834} INFO - Setting next_dagrun for example_sla_dag to 2024-04-05 09:32:00+00:00, run_after=2024-04-05 09:34:00+00:00
[2024-04-05T09:35:15.683+0000] {processor.py:183} INFO - Processing /home/airflow/.local/lib/python3.8/site-packages/airflow/example_dags/example_sla_dag.py took 0.124 seconds
[2024-04-05T09:35:46.063+0000] {processor.py:161} INFO - Started process (PID=606) to work on /home/airflow/.local/lib/python3.8/site-packages/airflow/example_dags/example_sla_dag.py
[2024-04-05T09:35:46.064+0000] {processor.py:830} INFO - Processing file /home/airflow/.local/lib/python3.8/site-packages/airflow/example_dags/example_sla_dag.py for tasks to queue
[2024-04-05T09:35:46.068+0000] {logging_mixin.py:188} INFO - [2024-04-05T09:35:46.067+0000] {dagbag.py:540} INFO - Filling up the DagBag from /home/airflow/.local/lib/python3.8/site-packages/airflow/example_dags/example_sla_dag.py
[2024-04-05T09:35:46.083+0000] {processor.py:840} INFO - DAG(s) 'example_sla_dag' retrieved from /home/airflow/.local/lib/python3.8/site-packages/airflow/example_dags/example_sla_dag.py
[2024-04-05T09:35:46.117+0000] {logging_mixin.py:188} INFO - [2024-04-05T09:35:46.117+0000] {dag.py:3047} INFO - Sync 1 DAGs
[2024-04-05T09:35:46.167+0000] {logging_mixin.py:188} INFO - [2024-04-05T09:35:46.167+0000] {dag.py:3834} INFO - Setting next_dagrun for example_sla_dag to 2024-04-05 09:32:00+00:00, run_after=2024-04-05 09:34:00+00:00
[2024-04-05T09:35:46.203+0000] {processor.py:183} INFO - Processing /home/airflow/.local/lib/python3.8/site-packages/airflow/example_dags/example_sla_dag.py took 0.146 seconds
[2024-04-05T09:35:55.824+0000] {processor.py:161} INFO - Started process (PID=656) to work on /home/airflow/.local/lib/python3.8/site-packages/airflow/example_dags/example_sla_dag.py
[2024-04-05T09:35:55.829+0000] {processor.py:830} INFO - Processing file /home/airflow/.local/lib/python3.8/site-packages/airflow/example_dags/example_sla_dag.py for tasks to queue
[2024-04-05T09:35:55.838+0000] {logging_mixin.py:188} INFO - [2024-04-05T09:35:55.837+0000] {dagbag.py:540} INFO - Filling up the DagBag from /home/airflow/.local/lib/python3.8/site-packages/airflow/example_dags/example_sla_dag.py
[2024-04-05T09:35:55.867+0000] {processor.py:840} INFO - DAG(s) 'example_sla_dag' retrieved from /home/airflow/.local/lib/python3.8/site-packages/airflow/example_dags/example_sla_dag.py
[2024-04-05T09:35:55.938+0000] {logging_mixin.py:188} INFO - [2024-04-05T09:35:55.937+0000] {dag.py:3047} INFO - Sync 1 DAGs
[2024-04-05T09:35:56.035+0000] {logging_mixin.py:188} INFO - [2024-04-05T09:35:56.034+0000] {dag.py:3834} INFO - Setting next_dagrun for example_sla_dag to 2024-04-05 09:32:00+00:00, run_after=2024-04-05 09:34:00+00:00
[2024-04-05T09:35:56.115+0000] {processor.py:183} INFO - Processing /home/airflow/.local/lib/python3.8/site-packages/airflow/example_dags/example_sla_dag.py took 0.300 seconds
[2024-04-05T09:36:28.679+0000] {processor.py:161} INFO - Started process (PID=726) to work on /home/airflow/.local/lib/python3.8/site-packages/airflow/example_dags/example_sla_dag.py
[2024-04-05T09:36:28.700+0000] {processor.py:830} INFO - Processing file /home/airflow/.local/lib/python3.8/site-packages/airflow/example_dags/example_sla_dag.py for tasks to queue
[2024-04-05T09:36:28.721+0000] {logging_mixin.py:188} INFO - [2024-04-05T09:36:28.710+0000] {dagbag.py:540} INFO - Filling up the DagBag from /home/airflow/.local/lib/python3.8/site-packages/airflow/example_dags/example_sla_dag.py
[2024-04-05T09:36:28.819+0000] {processor.py:840} INFO - DAG(s) 'example_sla_dag' retrieved from /home/airflow/.local/lib/python3.8/site-packages/airflow/example_dags/example_sla_dag.py
[2024-04-05T09:36:28.959+0000] {logging_mixin.py:188} INFO - [2024-04-05T09:36:28.958+0000] {dag.py:3047} INFO - Sync 1 DAGs
[2024-04-05T09:36:29.236+0000] {logging_mixin.py:188} INFO - [2024-04-05T09:36:29.236+0000] {dag.py:3834} INFO - Setting next_dagrun for example_sla_dag to 2024-04-05 09:34:00+00:00, run_after=2024-04-05 09:36:00+00:00
[2024-04-05T09:36:29.451+0000] {processor.py:183} INFO - Processing /home/airflow/.local/lib/python3.8/site-packages/airflow/example_dags/example_sla_dag.py took 0.813 seconds
[2024-04-05T09:36:53.492+0000] {processor.py:161} INFO - Started process (PID=781) to work on /home/airflow/.local/lib/python3.8/site-packages/airflow/example_dags/example_sla_dag.py
[2024-04-05T09:36:53.507+0000] {processor.py:830} INFO - Processing file /home/airflow/.local/lib/python3.8/site-packages/airflow/example_dags/example_sla_dag.py for tasks to queue
[2024-04-05T09:36:53.528+0000] {logging_mixin.py:188} INFO - [2024-04-05T09:36:53.527+0000] {dagbag.py:540} INFO - Filling up the DagBag from /home/airflow/.local/lib/python3.8/site-packages/airflow/example_dags/example_sla_dag.py
[2024-04-05T09:36:53.641+0000] {processor.py:840} INFO - DAG(s) 'example_sla_dag' retrieved from /home/airflow/.local/lib/python3.8/site-packages/airflow/example_dags/example_sla_dag.py
[2024-04-05T09:36:53.816+0000] {logging_mixin.py:188} INFO - [2024-04-05T09:36:53.815+0000] {dag.py:3047} INFO - Sync 1 DAGs
[2024-04-05T09:36:54.162+0000] {logging_mixin.py:188} INFO - [2024-04-05T09:36:54.161+0000] {dag.py:3834} INFO - Setting next_dagrun for example_sla_dag to 2024-04-05 09:34:00+00:00, run_after=2024-04-05 09:36:00+00:00
[2024-04-05T09:36:54.429+0000] {processor.py:183} INFO - Processing /home/airflow/.local/lib/python3.8/site-packages/airflow/example_dags/example_sla_dag.py took 0.963 seconds
[2024-04-05T09:37:13.641+0000] {processor.py:161} INFO - Started process (PID=845) to work on /home/airflow/.local/lib/python3.8/site-packages/airflow/example_dags/example_sla_dag.py
[2024-04-05T09:37:13.648+0000] {processor.py:830} INFO - Processing file /home/airflow/.local/lib/python3.8/site-packages/airflow/example_dags/example_sla_dag.py for tasks to queue
[2024-04-05T09:37:13.696+0000] {logging_mixin.py:188} INFO - [2024-04-05T09:37:13.682+0000] {dagbag.py:540} INFO - Filling up the DagBag from /home/airflow/.local/lib/python3.8/site-packages/airflow/example_dags/example_sla_dag.py
[2024-04-05T09:37:13.836+0000] {processor.py:840} INFO - DAG(s) 'example_sla_dag' retrieved from /home/airflow/.local/lib/python3.8/site-packages/airflow/example_dags/example_sla_dag.py
[2024-04-05T09:37:14.039+0000] {logging_mixin.py:188} INFO - [2024-04-05T09:37:14.037+0000] {dag.py:3047} INFO - Sync 1 DAGs
[2024-04-05T09:37:14.239+0000] {logging_mixin.py:188} INFO - [2024-04-05T09:37:14.234+0000] {dag.py:3834} INFO - Setting next_dagrun for example_sla_dag to 2024-04-05 09:34:00+00:00, run_after=2024-04-05 09:36:00+00:00
[2024-04-05T09:37:14.367+0000] {processor.py:183} INFO - Processing /home/airflow/.local/lib/python3.8/site-packages/airflow/example_dags/example_sla_dag.py took 0.747 seconds
[2024-04-05T09:37:41.169+0000] {processor.py:161} INFO - Started process (PID=909) to work on /home/airflow/.local/lib/python3.8/site-packages/airflow/example_dags/example_sla_dag.py
[2024-04-05T09:37:41.190+0000] {processor.py:830} INFO - Processing file /home/airflow/.local/lib/python3.8/site-packages/airflow/example_dags/example_sla_dag.py for tasks to queue
[2024-04-05T09:37:41.208+0000] {logging_mixin.py:188} INFO - [2024-04-05T09:37:41.207+0000] {dagbag.py:540} INFO - Filling up the DagBag from /home/airflow/.local/lib/python3.8/site-packages/airflow/example_dags/example_sla_dag.py
[2024-04-05T09:37:41.293+0000] {processor.py:840} INFO - DAG(s) 'example_sla_dag' retrieved from /home/airflow/.local/lib/python3.8/site-packages/airflow/example_dags/example_sla_dag.py
[2024-04-05T09:37:41.448+0000] {logging_mixin.py:188} INFO - [2024-04-05T09:37:41.447+0000] {dag.py:3047} INFO - Sync 1 DAGs
[2024-04-05T09:37:41.626+0000] {logging_mixin.py:188} INFO - [2024-04-05T09:37:41.620+0000] {dag.py:3834} INFO - Setting next_dagrun for example_sla_dag to 2024-04-05 09:34:00+00:00, run_after=2024-04-05 09:36:00+00:00
[2024-04-05T09:37:41.887+0000] {processor.py:183} INFO - Processing /home/airflow/.local/lib/python3.8/site-packages/airflow/example_dags/example_sla_dag.py took 0.739 seconds
[2024-04-05T09:38:06.163+0000] {processor.py:161} INFO - Started process (PID=973) to work on /home/airflow/.local/lib/python3.8/site-packages/airflow/example_dags/example_sla_dag.py
[2024-04-05T09:38:06.180+0000] {processor.py:830} INFO - Processing file /home/airflow/.local/lib/python3.8/site-packages/airflow/example_dags/example_sla_dag.py for tasks to queue
[2024-04-05T09:38:06.200+0000] {logging_mixin.py:188} INFO - [2024-04-05T09:38:06.197+0000] {dagbag.py:540} INFO - Filling up the DagBag from /home/airflow/.local/lib/python3.8/site-packages/airflow/example_dags/example_sla_dag.py
[2024-04-05T09:38:06.316+0000] {processor.py:840} INFO - DAG(s) 'example_sla_dag' retrieved from /home/airflow/.local/lib/python3.8/site-packages/airflow/example_dags/example_sla_dag.py
[2024-04-05T09:38:06.471+0000] {logging_mixin.py:188} INFO - [2024-04-05T09:38:06.470+0000] {dag.py:3047} INFO - Sync 1 DAGs
[2024-04-05T09:38:06.712+0000] {logging_mixin.py:188} INFO - [2024-04-05T09:38:06.711+0000] {dag.py:3834} INFO - Setting next_dagrun for example_sla_dag to 2024-04-05 09:36:00+00:00, run_after=2024-04-05 09:38:00+00:00
[2024-04-05T09:38:06.832+0000] {processor.py:183} INFO - Processing /home/airflow/.local/lib/python3.8/site-packages/airflow/example_dags/example_sla_dag.py took 0.700 seconds
[2024-04-05T09:38:24.183+0000] {processor.py:161} INFO - Started process (PID=1022) to work on /home/airflow/.local/lib/python3.8/site-packages/airflow/example_dags/example_sla_dag.py
[2024-04-05T09:38:24.199+0000] {processor.py:830} INFO - Processing file /home/airflow/.local/lib/python3.8/site-packages/airflow/example_dags/example_sla_dag.py for tasks to queue
[2024-04-05T09:38:24.220+0000] {logging_mixin.py:188} INFO - [2024-04-05T09:38:24.219+0000] {dagbag.py:540} INFO - Filling up the DagBag from /home/airflow/.local/lib/python3.8/site-packages/airflow/example_dags/example_sla_dag.py
[2024-04-05T09:38:24.316+0000] {processor.py:840} INFO - DAG(s) 'example_sla_dag' retrieved from /home/airflow/.local/lib/python3.8/site-packages/airflow/example_dags/example_sla_dag.py
[2024-04-05T09:38:24.541+0000] {logging_mixin.py:188} INFO - [2024-04-05T09:38:24.534+0000] {dag.py:3047} INFO - Sync 1 DAGs
[2024-04-05T09:38:24.869+0000] {logging_mixin.py:188} INFO - [2024-04-05T09:38:24.868+0000] {dag.py:3834} INFO - Setting next_dagrun for example_sla_dag to 2024-04-05 09:36:00+00:00, run_after=2024-04-05 09:38:00+00:00
[2024-04-05T09:38:25.241+0000] {processor.py:183} INFO - Processing /home/airflow/.local/lib/python3.8/site-packages/airflow/example_dags/example_sla_dag.py took 1.107 seconds
