[2024-04-05T09:31:08.117+0000] {processor.py:161} INFO - Started process (PID=72) to work on /home/airflow/.local/lib/python3.8/site-packages/airflow/example_dags/example_latest_only_with_trigger.py
[2024-04-05T09:31:08.119+0000] {processor.py:830} INFO - Processing file /home/airflow/.local/lib/python3.8/site-packages/airflow/example_dags/example_latest_only_with_trigger.py for tasks to queue
[2024-04-05T09:31:08.123+0000] {logging_mixin.py:188} INFO - [2024-04-05T09:31:08.122+0000] {dagbag.py:540} INFO - Filling up the DagBag from /home/airflow/.local/lib/python3.8/site-packages/airflow/example_dags/example_latest_only_with_trigger.py
[2024-04-05T09:31:08.135+0000] {processor.py:840} INFO - DAG(s) 'latest_only_with_trigger' retrieved from /home/airflow/.local/lib/python3.8/site-packages/airflow/example_dags/example_latest_only_with_trigger.py
[2024-04-05T09:31:08.328+0000] {logging_mixin.py:188} INFO - [2024-04-05T09:31:08.328+0000] {dag.py:3047} INFO - Sync 1 DAGs
[2024-04-05T09:31:08.383+0000] {logging_mixin.py:188} INFO - [2024-04-05T09:31:08.379+0000] {dag.py:3834} INFO - Setting next_dagrun for latest_only_with_trigger to 2024-04-05 04:00:00+00:00, run_after=2024-04-05 08:00:00+00:00
[2024-04-05T09:31:08.427+0000] {processor.py:183} INFO - Processing /home/airflow/.local/lib/python3.8/site-packages/airflow/example_dags/example_latest_only_with_trigger.py took 0.317 seconds
[2024-04-05T09:31:38.988+0000] {processor.py:161} INFO - Started process (PID=127) to work on /home/airflow/.local/lib/python3.8/site-packages/airflow/example_dags/example_latest_only_with_trigger.py
[2024-04-05T09:31:38.990+0000] {processor.py:830} INFO - Processing file /home/airflow/.local/lib/python3.8/site-packages/airflow/example_dags/example_latest_only_with_trigger.py for tasks to queue
[2024-04-05T09:31:38.994+0000] {logging_mixin.py:188} INFO - [2024-04-05T09:31:38.993+0000] {dagbag.py:540} INFO - Filling up the DagBag from /home/airflow/.local/lib/python3.8/site-packages/airflow/example_dags/example_latest_only_with_trigger.py
[2024-04-05T09:31:39.001+0000] {processor.py:840} INFO - DAG(s) 'latest_only_with_trigger' retrieved from /home/airflow/.local/lib/python3.8/site-packages/airflow/example_dags/example_latest_only_with_trigger.py
[2024-04-05T09:31:39.028+0000] {logging_mixin.py:188} INFO - [2024-04-05T09:31:39.027+0000] {dag.py:3047} INFO - Sync 1 DAGs
[2024-04-05T09:31:39.074+0000] {logging_mixin.py:188} INFO - [2024-04-05T09:31:39.074+0000] {dag.py:3834} INFO - Setting next_dagrun for latest_only_with_trigger to 2024-04-05 04:00:00+00:00, run_after=2024-04-05 08:00:00+00:00
[2024-04-05T09:31:39.103+0000] {processor.py:183} INFO - Processing /home/airflow/.local/lib/python3.8/site-packages/airflow/example_dags/example_latest_only_with_trigger.py took 0.119 seconds
[2024-04-05T09:32:09.393+0000] {processor.py:161} INFO - Started process (PID=182) to work on /home/airflow/.local/lib/python3.8/site-packages/airflow/example_dags/example_latest_only_with_trigger.py
[2024-04-05T09:32:09.395+0000] {processor.py:830} INFO - Processing file /home/airflow/.local/lib/python3.8/site-packages/airflow/example_dags/example_latest_only_with_trigger.py for tasks to queue
[2024-04-05T09:32:09.398+0000] {logging_mixin.py:188} INFO - [2024-04-05T09:32:09.398+0000] {dagbag.py:540} INFO - Filling up the DagBag from /home/airflow/.local/lib/python3.8/site-packages/airflow/example_dags/example_latest_only_with_trigger.py
[2024-04-05T09:32:09.410+0000] {processor.py:840} INFO - DAG(s) 'latest_only_with_trigger' retrieved from /home/airflow/.local/lib/python3.8/site-packages/airflow/example_dags/example_latest_only_with_trigger.py
[2024-04-05T09:32:09.456+0000] {logging_mixin.py:188} INFO - [2024-04-05T09:32:09.455+0000] {dag.py:3047} INFO - Sync 1 DAGs
[2024-04-05T09:32:09.493+0000] {logging_mixin.py:188} INFO - [2024-04-05T09:32:09.493+0000] {dag.py:3834} INFO - Setting next_dagrun for latest_only_with_trigger to 2024-04-05 04:00:00+00:00, run_after=2024-04-05 08:00:00+00:00
[2024-04-05T09:32:09.527+0000] {processor.py:183} INFO - Processing /home/airflow/.local/lib/python3.8/site-packages/airflow/example_dags/example_latest_only_with_trigger.py took 0.143 seconds
[2024-04-05T09:32:39.716+0000] {processor.py:161} INFO - Started process (PID=237) to work on /home/airflow/.local/lib/python3.8/site-packages/airflow/example_dags/example_latest_only_with_trigger.py
[2024-04-05T09:32:39.718+0000] {processor.py:830} INFO - Processing file /home/airflow/.local/lib/python3.8/site-packages/airflow/example_dags/example_latest_only_with_trigger.py for tasks to queue
[2024-04-05T09:32:39.721+0000] {logging_mixin.py:188} INFO - [2024-04-05T09:32:39.720+0000] {dagbag.py:540} INFO - Filling up the DagBag from /home/airflow/.local/lib/python3.8/site-packages/airflow/example_dags/example_latest_only_with_trigger.py
[2024-04-05T09:32:39.729+0000] {processor.py:840} INFO - DAG(s) 'latest_only_with_trigger' retrieved from /home/airflow/.local/lib/python3.8/site-packages/airflow/example_dags/example_latest_only_with_trigger.py
[2024-04-05T09:32:39.765+0000] {logging_mixin.py:188} INFO - [2024-04-05T09:32:39.764+0000] {dag.py:3047} INFO - Sync 1 DAGs
[2024-04-05T09:32:39.815+0000] {logging_mixin.py:188} INFO - [2024-04-05T09:32:39.815+0000] {dag.py:3834} INFO - Setting next_dagrun for latest_only_with_trigger to 2024-04-05 04:00:00+00:00, run_after=2024-04-05 08:00:00+00:00
[2024-04-05T09:32:39.861+0000] {processor.py:183} INFO - Processing /home/airflow/.local/lib/python3.8/site-packages/airflow/example_dags/example_latest_only_with_trigger.py took 0.149 seconds
[2024-04-05T09:33:10.161+0000] {processor.py:161} INFO - Started process (PID=292) to work on /home/airflow/.local/lib/python3.8/site-packages/airflow/example_dags/example_latest_only_with_trigger.py
[2024-04-05T09:33:10.164+0000] {processor.py:830} INFO - Processing file /home/airflow/.local/lib/python3.8/site-packages/airflow/example_dags/example_latest_only_with_trigger.py for tasks to queue
[2024-04-05T09:33:10.168+0000] {logging_mixin.py:188} INFO - [2024-04-05T09:33:10.167+0000] {dagbag.py:540} INFO - Filling up the DagBag from /home/airflow/.local/lib/python3.8/site-packages/airflow/example_dags/example_latest_only_with_trigger.py
[2024-04-05T09:33:10.196+0000] {processor.py:840} INFO - DAG(s) 'latest_only_with_trigger' retrieved from /home/airflow/.local/lib/python3.8/site-packages/airflow/example_dags/example_latest_only_with_trigger.py
[2024-04-05T09:33:10.285+0000] {logging_mixin.py:188} INFO - [2024-04-05T09:33:10.285+0000] {dag.py:3047} INFO - Sync 1 DAGs
[2024-04-05T09:33:10.323+0000] {logging_mixin.py:188} INFO - [2024-04-05T09:33:10.323+0000] {dag.py:3834} INFO - Setting next_dagrun for latest_only_with_trigger to 2024-04-05 04:00:00+00:00, run_after=2024-04-05 08:00:00+00:00
[2024-04-05T09:33:10.349+0000] {processor.py:183} INFO - Processing /home/airflow/.local/lib/python3.8/site-packages/airflow/example_dags/example_latest_only_with_trigger.py took 0.197 seconds
[2024-04-05T09:33:40.941+0000] {processor.py:161} INFO - Started process (PID=347) to work on /home/airflow/.local/lib/python3.8/site-packages/airflow/example_dags/example_latest_only_with_trigger.py
[2024-04-05T09:33:40.942+0000] {processor.py:830} INFO - Processing file /home/airflow/.local/lib/python3.8/site-packages/airflow/example_dags/example_latest_only_with_trigger.py for tasks to queue
[2024-04-05T09:33:40.944+0000] {logging_mixin.py:188} INFO - [2024-04-05T09:33:40.944+0000] {dagbag.py:540} INFO - Filling up the DagBag from /home/airflow/.local/lib/python3.8/site-packages/airflow/example_dags/example_latest_only_with_trigger.py
[2024-04-05T09:33:40.952+0000] {processor.py:840} INFO - DAG(s) 'latest_only_with_trigger' retrieved from /home/airflow/.local/lib/python3.8/site-packages/airflow/example_dags/example_latest_only_with_trigger.py
[2024-04-05T09:33:40.976+0000] {logging_mixin.py:188} INFO - [2024-04-05T09:33:40.976+0000] {dag.py:3047} INFO - Sync 1 DAGs
[2024-04-05T09:33:41.002+0000] {logging_mixin.py:188} INFO - [2024-04-05T09:33:41.002+0000] {dag.py:3834} INFO - Setting next_dagrun for latest_only_with_trigger to 2024-04-05 04:00:00+00:00, run_after=2024-04-05 08:00:00+00:00
[2024-04-05T09:33:41.022+0000] {processor.py:183} INFO - Processing /home/airflow/.local/lib/python3.8/site-packages/airflow/example_dags/example_latest_only_with_trigger.py took 0.086 seconds
[2024-04-05T09:34:11.196+0000] {processor.py:161} INFO - Started process (PID=402) to work on /home/airflow/.local/lib/python3.8/site-packages/airflow/example_dags/example_latest_only_with_trigger.py
[2024-04-05T09:34:11.199+0000] {processor.py:830} INFO - Processing file /home/airflow/.local/lib/python3.8/site-packages/airflow/example_dags/example_latest_only_with_trigger.py for tasks to queue
[2024-04-05T09:34:11.207+0000] {logging_mixin.py:188} INFO - [2024-04-05T09:34:11.207+0000] {dagbag.py:540} INFO - Filling up the DagBag from /home/airflow/.local/lib/python3.8/site-packages/airflow/example_dags/example_latest_only_with_trigger.py
[2024-04-05T09:34:11.215+0000] {processor.py:840} INFO - DAG(s) 'latest_only_with_trigger' retrieved from /home/airflow/.local/lib/python3.8/site-packages/airflow/example_dags/example_latest_only_with_trigger.py
[2024-04-05T09:34:11.256+0000] {logging_mixin.py:188} INFO - [2024-04-05T09:34:11.255+0000] {dag.py:3047} INFO - Sync 1 DAGs
[2024-04-05T09:34:11.316+0000] {logging_mixin.py:188} INFO - [2024-04-05T09:34:11.315+0000] {dag.py:3834} INFO - Setting next_dagrun for latest_only_with_trigger to 2024-04-05 04:00:00+00:00, run_after=2024-04-05 08:00:00+00:00
[2024-04-05T09:34:11.370+0000] {processor.py:183} INFO - Processing /home/airflow/.local/lib/python3.8/site-packages/airflow/example_dags/example_latest_only_with_trigger.py took 0.181 seconds
[2024-04-05T09:34:41.426+0000] {processor.py:161} INFO - Started process (PID=457) to work on /home/airflow/.local/lib/python3.8/site-packages/airflow/example_dags/example_latest_only_with_trigger.py
[2024-04-05T09:34:41.428+0000] {processor.py:830} INFO - Processing file /home/airflow/.local/lib/python3.8/site-packages/airflow/example_dags/example_latest_only_with_trigger.py for tasks to queue
[2024-04-05T09:34:41.430+0000] {logging_mixin.py:188} INFO - [2024-04-05T09:34:41.430+0000] {dagbag.py:540} INFO - Filling up the DagBag from /home/airflow/.local/lib/python3.8/site-packages/airflow/example_dags/example_latest_only_with_trigger.py
[2024-04-05T09:34:41.439+0000] {processor.py:840} INFO - DAG(s) 'latest_only_with_trigger' retrieved from /home/airflow/.local/lib/python3.8/site-packages/airflow/example_dags/example_latest_only_with_trigger.py
[2024-04-05T09:34:41.469+0000] {logging_mixin.py:188} INFO - [2024-04-05T09:34:41.469+0000] {dag.py:3047} INFO - Sync 1 DAGs
[2024-04-05T09:34:41.500+0000] {logging_mixin.py:188} INFO - [2024-04-05T09:34:41.500+0000] {dag.py:3834} INFO - Setting next_dagrun for latest_only_with_trigger to 2024-04-05 04:00:00+00:00, run_after=2024-04-05 08:00:00+00:00
[2024-04-05T09:34:41.525+0000] {processor.py:183} INFO - Processing /home/airflow/.local/lib/python3.8/site-packages/airflow/example_dags/example_latest_only_with_trigger.py took 0.104 seconds
[2024-04-05T09:35:11.645+0000] {processor.py:161} INFO - Started process (PID=512) to work on /home/airflow/.local/lib/python3.8/site-packages/airflow/example_dags/example_latest_only_with_trigger.py
[2024-04-05T09:35:11.646+0000] {processor.py:830} INFO - Processing file /home/airflow/.local/lib/python3.8/site-packages/airflow/example_dags/example_latest_only_with_trigger.py for tasks to queue
[2024-04-05T09:35:11.650+0000] {logging_mixin.py:188} INFO - [2024-04-05T09:35:11.649+0000] {dagbag.py:540} INFO - Filling up the DagBag from /home/airflow/.local/lib/python3.8/site-packages/airflow/example_dags/example_latest_only_with_trigger.py
[2024-04-05T09:35:11.659+0000] {processor.py:840} INFO - DAG(s) 'latest_only_with_trigger' retrieved from /home/airflow/.local/lib/python3.8/site-packages/airflow/example_dags/example_latest_only_with_trigger.py
[2024-04-05T09:35:11.692+0000] {logging_mixin.py:188} INFO - [2024-04-05T09:35:11.692+0000] {dag.py:3047} INFO - Sync 1 DAGs
[2024-04-05T09:35:11.742+0000] {logging_mixin.py:188} INFO - [2024-04-05T09:35:11.742+0000] {dag.py:3834} INFO - Setting next_dagrun for latest_only_with_trigger to 2024-04-05 04:00:00+00:00, run_after=2024-04-05 08:00:00+00:00
[2024-04-05T09:35:11.781+0000] {processor.py:183} INFO - Processing /home/airflow/.local/lib/python3.8/site-packages/airflow/example_dags/example_latest_only_with_trigger.py took 0.141 seconds
[2024-04-05T09:35:42.001+0000] {processor.py:161} INFO - Started process (PID=576) to work on /home/airflow/.local/lib/python3.8/site-packages/airflow/example_dags/example_latest_only_with_trigger.py
[2024-04-05T09:35:42.003+0000] {processor.py:830} INFO - Processing file /home/airflow/.local/lib/python3.8/site-packages/airflow/example_dags/example_latest_only_with_trigger.py for tasks to queue
[2024-04-05T09:35:42.005+0000] {logging_mixin.py:188} INFO - [2024-04-05T09:35:42.005+0000] {dagbag.py:540} INFO - Filling up the DagBag from /home/airflow/.local/lib/python3.8/site-packages/airflow/example_dags/example_latest_only_with_trigger.py
[2024-04-05T09:35:42.015+0000] {processor.py:840} INFO - DAG(s) 'latest_only_with_trigger' retrieved from /home/airflow/.local/lib/python3.8/site-packages/airflow/example_dags/example_latest_only_with_trigger.py
[2024-04-05T09:35:42.047+0000] {logging_mixin.py:188} INFO - [2024-04-05T09:35:42.047+0000] {dag.py:3047} INFO - Sync 1 DAGs
[2024-04-05T09:35:42.079+0000] {logging_mixin.py:188} INFO - [2024-04-05T09:35:42.078+0000] {dag.py:3834} INFO - Setting next_dagrun for latest_only_with_trigger to 2024-04-05 04:00:00+00:00, run_after=2024-04-05 08:00:00+00:00
[2024-04-05T09:35:42.102+0000] {processor.py:183} INFO - Processing /home/airflow/.local/lib/python3.8/site-packages/airflow/example_dags/example_latest_only_with_trigger.py took 0.105 seconds
[2024-04-05T09:35:51.700+0000] {processor.py:161} INFO - Started process (PID=643) to work on /home/airflow/.local/lib/python3.8/site-packages/airflow/example_dags/example_latest_only_with_trigger.py
[2024-04-05T09:35:51.707+0000] {processor.py:830} INFO - Processing file /home/airflow/.local/lib/python3.8/site-packages/airflow/example_dags/example_latest_only_with_trigger.py for tasks to queue
[2024-04-05T09:35:51.712+0000] {logging_mixin.py:188} INFO - [2024-04-05T09:35:51.711+0000] {dagbag.py:540} INFO - Filling up the DagBag from /home/airflow/.local/lib/python3.8/site-packages/airflow/example_dags/example_latest_only_with_trigger.py
[2024-04-05T09:35:51.734+0000] {processor.py:840} INFO - DAG(s) 'latest_only_with_trigger' retrieved from /home/airflow/.local/lib/python3.8/site-packages/airflow/example_dags/example_latest_only_with_trigger.py
[2024-04-05T09:35:51.946+0000] {logging_mixin.py:188} INFO - [2024-04-05T09:35:51.945+0000] {dag.py:3047} INFO - Sync 1 DAGs
[2024-04-05T09:35:52.112+0000] {logging_mixin.py:188} INFO - [2024-04-05T09:35:52.110+0000] {dag.py:3834} INFO - Setting next_dagrun for latest_only_with_trigger to 2024-04-05 04:00:00+00:00, run_after=2024-04-05 08:00:00+00:00
[2024-04-05T09:35:52.217+0000] {processor.py:183} INFO - Processing /home/airflow/.local/lib/python3.8/site-packages/airflow/example_dags/example_latest_only_with_trigger.py took 0.529 seconds
[2024-04-05T09:36:20.816+0000] {processor.py:161} INFO - Started process (PID=706) to work on /home/airflow/.local/lib/python3.8/site-packages/airflow/example_dags/example_latest_only_with_trigger.py
[2024-04-05T09:36:20.828+0000] {processor.py:830} INFO - Processing file /home/airflow/.local/lib/python3.8/site-packages/airflow/example_dags/example_latest_only_with_trigger.py for tasks to queue
[2024-04-05T09:36:20.841+0000] {logging_mixin.py:188} INFO - [2024-04-05T09:36:20.840+0000] {dagbag.py:540} INFO - Filling up the DagBag from /home/airflow/.local/lib/python3.8/site-packages/airflow/example_dags/example_latest_only_with_trigger.py
[2024-04-05T09:36:20.884+0000] {processor.py:840} INFO - DAG(s) 'latest_only_with_trigger' retrieved from /home/airflow/.local/lib/python3.8/site-packages/airflow/example_dags/example_latest_only_with_trigger.py
[2024-04-05T09:36:21.044+0000] {logging_mixin.py:188} INFO - [2024-04-05T09:36:21.043+0000] {dag.py:3047} INFO - Sync 1 DAGs
[2024-04-05T09:36:21.293+0000] {logging_mixin.py:188} INFO - [2024-04-05T09:36:21.291+0000] {dag.py:3834} INFO - Setting next_dagrun for latest_only_with_trigger to 2024-04-05 04:00:00+00:00, run_after=2024-04-05 08:00:00+00:00
[2024-04-05T09:36:21.549+0000] {processor.py:183} INFO - Processing /home/airflow/.local/lib/python3.8/site-packages/airflow/example_dags/example_latest_only_with_trigger.py took 0.752 seconds
[2024-04-05T09:36:45.717+0000] {processor.py:161} INFO - Started process (PID=763) to work on /home/airflow/.local/lib/python3.8/site-packages/airflow/example_dags/example_latest_only_with_trigger.py
[2024-04-05T09:36:45.720+0000] {processor.py:830} INFO - Processing file /home/airflow/.local/lib/python3.8/site-packages/airflow/example_dags/example_latest_only_with_trigger.py for tasks to queue
[2024-04-05T09:36:45.739+0000] {logging_mixin.py:188} INFO - [2024-04-05T09:36:45.737+0000] {dagbag.py:540} INFO - Filling up the DagBag from /home/airflow/.local/lib/python3.8/site-packages/airflow/example_dags/example_latest_only_with_trigger.py
[2024-04-05T09:36:45.806+0000] {processor.py:840} INFO - DAG(s) 'latest_only_with_trigger' retrieved from /home/airflow/.local/lib/python3.8/site-packages/airflow/example_dags/example_latest_only_with_trigger.py
[2024-04-05T09:36:45.959+0000] {logging_mixin.py:188} INFO - [2024-04-05T09:36:45.958+0000] {dag.py:3047} INFO - Sync 1 DAGs
[2024-04-05T09:36:46.231+0000] {logging_mixin.py:188} INFO - [2024-04-05T09:36:46.231+0000] {dag.py:3834} INFO - Setting next_dagrun for latest_only_with_trigger to 2024-04-05 04:00:00+00:00, run_after=2024-04-05 08:00:00+00:00
[2024-04-05T09:36:46.512+0000] {processor.py:183} INFO - Processing /home/airflow/.local/lib/python3.8/site-packages/airflow/example_dags/example_latest_only_with_trigger.py took 0.857 seconds
[2024-04-05T09:37:04.900+0000] {processor.py:161} INFO - Started process (PID=814) to work on /home/airflow/.local/lib/python3.8/site-packages/airflow/example_dags/example_latest_only_with_trigger.py
[2024-04-05T09:37:04.918+0000] {processor.py:830} INFO - Processing file /home/airflow/.local/lib/python3.8/site-packages/airflow/example_dags/example_latest_only_with_trigger.py for tasks to queue
[2024-04-05T09:37:04.950+0000] {logging_mixin.py:188} INFO - [2024-04-05T09:37:04.948+0000] {dagbag.py:540} INFO - Filling up the DagBag from /home/airflow/.local/lib/python3.8/site-packages/airflow/example_dags/example_latest_only_with_trigger.py
[2024-04-05T09:37:05.047+0000] {processor.py:840} INFO - DAG(s) 'latest_only_with_trigger' retrieved from /home/airflow/.local/lib/python3.8/site-packages/airflow/example_dags/example_latest_only_with_trigger.py
[2024-04-05T09:37:05.307+0000] {logging_mixin.py:188} INFO - [2024-04-05T09:37:05.306+0000] {dag.py:3047} INFO - Sync 1 DAGs
[2024-04-05T09:37:05.513+0000] {logging_mixin.py:188} INFO - [2024-04-05T09:37:05.499+0000] {dag.py:3834} INFO - Setting next_dagrun for latest_only_with_trigger to 2024-04-05 04:00:00+00:00, run_after=2024-04-05 08:00:00+00:00
[2024-04-05T09:37:05.695+0000] {processor.py:183} INFO - Processing /home/airflow/.local/lib/python3.8/site-packages/airflow/example_dags/example_latest_only_with_trigger.py took 0.845 seconds
[2024-04-05T09:37:18.763+0000] {processor.py:161} INFO - Started process (PID=863) to work on /home/airflow/.local/lib/python3.8/site-packages/airflow/example_dags/example_latest_only_with_trigger.py
[2024-04-05T09:37:18.767+0000] {processor.py:830} INFO - Processing file /home/airflow/.local/lib/python3.8/site-packages/airflow/example_dags/example_latest_only_with_trigger.py for tasks to queue
[2024-04-05T09:37:18.775+0000] {logging_mixin.py:188} INFO - [2024-04-05T09:37:18.773+0000] {dagbag.py:540} INFO - Filling up the DagBag from /home/airflow/.local/lib/python3.8/site-packages/airflow/example_dags/example_latest_only_with_trigger.py
[2024-04-05T09:37:18.827+0000] {processor.py:840} INFO - DAG(s) 'latest_only_with_trigger' retrieved from /home/airflow/.local/lib/python3.8/site-packages/airflow/example_dags/example_latest_only_with_trigger.py
[2024-04-05T09:37:18.941+0000] {logging_mixin.py:188} INFO - [2024-04-05T09:37:18.940+0000] {dag.py:3047} INFO - Sync 1 DAGs
[2024-04-05T09:37:19.152+0000] {logging_mixin.py:188} INFO - [2024-04-05T09:37:19.141+0000] {dag.py:3834} INFO - Setting next_dagrun for latest_only_with_trigger to 2024-04-05 04:00:00+00:00, run_after=2024-04-05 08:00:00+00:00
[2024-04-05T09:37:19.414+0000] {processor.py:183} INFO - Processing /home/airflow/.local/lib/python3.8/site-packages/airflow/example_dags/example_latest_only_with_trigger.py took 0.667 seconds
[2024-04-05T09:37:49.293+0000] {processor.py:161} INFO - Started process (PID=926) to work on /home/airflow/.local/lib/python3.8/site-packages/airflow/example_dags/example_latest_only_with_trigger.py
[2024-04-05T09:37:49.311+0000] {processor.py:830} INFO - Processing file /home/airflow/.local/lib/python3.8/site-packages/airflow/example_dags/example_latest_only_with_trigger.py for tasks to queue
[2024-04-05T09:37:49.330+0000] {logging_mixin.py:188} INFO - [2024-04-05T09:37:49.328+0000] {dagbag.py:540} INFO - Filling up the DagBag from /home/airflow/.local/lib/python3.8/site-packages/airflow/example_dags/example_latest_only_with_trigger.py
[2024-04-05T09:37:49.384+0000] {processor.py:840} INFO - DAG(s) 'latest_only_with_trigger' retrieved from /home/airflow/.local/lib/python3.8/site-packages/airflow/example_dags/example_latest_only_with_trigger.py
[2024-04-05T09:37:49.682+0000] {logging_mixin.py:188} INFO - [2024-04-05T09:37:49.671+0000] {dag.py:3047} INFO - Sync 1 DAGs
[2024-04-05T09:37:49.883+0000] {logging_mixin.py:188} INFO - [2024-04-05T09:37:49.881+0000] {dag.py:3834} INFO - Setting next_dagrun for latest_only_with_trigger to 2024-04-05 04:00:00+00:00, run_after=2024-04-05 08:00:00+00:00
[2024-04-05T09:37:50.300+0000] {processor.py:183} INFO - Processing /home/airflow/.local/lib/python3.8/site-packages/airflow/example_dags/example_latest_only_with_trigger.py took 1.052 seconds
[2024-04-05T09:38:05.944+0000] {processor.py:161} INFO - Started process (PID=972) to work on /home/airflow/.local/lib/python3.8/site-packages/airflow/example_dags/example_latest_only_with_trigger.py
[2024-04-05T09:38:05.960+0000] {processor.py:830} INFO - Processing file /home/airflow/.local/lib/python3.8/site-packages/airflow/example_dags/example_latest_only_with_trigger.py for tasks to queue
[2024-04-05T09:38:05.971+0000] {logging_mixin.py:188} INFO - [2024-04-05T09:38:05.969+0000] {dagbag.py:540} INFO - Filling up the DagBag from /home/airflow/.local/lib/python3.8/site-packages/airflow/example_dags/example_latest_only_with_trigger.py
[2024-04-05T09:38:06.038+0000] {processor.py:840} INFO - DAG(s) 'latest_only_with_trigger' retrieved from /home/airflow/.local/lib/python3.8/site-packages/airflow/example_dags/example_latest_only_with_trigger.py
[2024-04-05T09:38:06.272+0000] {logging_mixin.py:188} INFO - [2024-04-05T09:38:06.270+0000] {dag.py:3047} INFO - Sync 1 DAGs
[2024-04-05T09:38:06.508+0000] {logging_mixin.py:188} INFO - [2024-04-05T09:38:06.507+0000] {dag.py:3834} INFO - Setting next_dagrun for latest_only_with_trigger to 2024-04-05 04:00:00+00:00, run_after=2024-04-05 08:00:00+00:00
[2024-04-05T09:38:06.622+0000] {processor.py:183} INFO - Processing /home/airflow/.local/lib/python3.8/site-packages/airflow/example_dags/example_latest_only_with_trigger.py took 0.707 seconds
[2024-04-05T09:38:25.749+0000] {processor.py:161} INFO - Started process (PID=1025) to work on /home/airflow/.local/lib/python3.8/site-packages/airflow/example_dags/example_latest_only_with_trigger.py
[2024-04-05T09:38:25.783+0000] {processor.py:830} INFO - Processing file /home/airflow/.local/lib/python3.8/site-packages/airflow/example_dags/example_latest_only_with_trigger.py for tasks to queue
[2024-04-05T09:38:25.807+0000] {logging_mixin.py:188} INFO - [2024-04-05T09:38:25.797+0000] {dagbag.py:540} INFO - Filling up the DagBag from /home/airflow/.local/lib/python3.8/site-packages/airflow/example_dags/example_latest_only_with_trigger.py
[2024-04-05T09:38:25.861+0000] {processor.py:840} INFO - DAG(s) 'latest_only_with_trigger' retrieved from /home/airflow/.local/lib/python3.8/site-packages/airflow/example_dags/example_latest_only_with_trigger.py
[2024-04-05T09:38:26.142+0000] {logging_mixin.py:188} INFO - [2024-04-05T09:38:26.128+0000] {dag.py:3047} INFO - Sync 1 DAGs
[2024-04-05T09:38:26.316+0000] {logging_mixin.py:188} INFO - [2024-04-05T09:38:26.316+0000] {dag.py:3834} INFO - Setting next_dagrun for latest_only_with_trigger to 2024-04-05 04:00:00+00:00, run_after=2024-04-05 08:00:00+00:00
[2024-04-05T09:38:26.598+0000] {processor.py:183} INFO - Processing /home/airflow/.local/lib/python3.8/site-packages/airflow/example_dags/example_latest_only_with_trigger.py took 0.900 seconds
