[2024-04-05T09:31:10.937+0000] {processor.py:161} INFO - Started process (PID=88) to work on /home/airflow/.local/lib/python3.8/site-packages/airflow/example_dags/example_branch_operator.py
[2024-04-05T09:31:10.938+0000] {processor.py:830} INFO - Processing file /home/airflow/.local/lib/python3.8/site-packages/airflow/example_dags/example_branch_operator.py for tasks to queue
[2024-04-05T09:31:10.941+0000] {logging_mixin.py:188} INFO - [2024-04-05T09:31:10.940+0000] {dagbag.py:540} INFO - Filling up the DagBag from /home/airflow/.local/lib/python3.8/site-packages/airflow/example_dags/example_branch_operator.py
[2024-04-05T09:31:10.969+0000] {processor.py:840} INFO - DAG(s) 'example_branch_operator' retrieved from /home/airflow/.local/lib/python3.8/site-packages/airflow/example_dags/example_branch_operator.py
[2024-04-05T09:31:11.139+0000] {logging_mixin.py:188} INFO - [2024-04-05T09:31:11.139+0000] {dag.py:3047} INFO - Sync 1 DAGs
[2024-04-05T09:31:11.177+0000] {logging_mixin.py:188} INFO - [2024-04-05T09:31:11.177+0000] {dag.py:3834} INFO - Setting next_dagrun for example_branch_operator to 2024-04-04 00:00:00+00:00, run_after=2024-04-05 00:00:00+00:00
[2024-04-05T09:31:11.203+0000] {processor.py:183} INFO - Processing /home/airflow/.local/lib/python3.8/site-packages/airflow/example_dags/example_branch_operator.py took 0.271 seconds
[2024-04-05T09:31:42.183+0000] {processor.py:161} INFO - Started process (PID=143) to work on /home/airflow/.local/lib/python3.8/site-packages/airflow/example_dags/example_branch_operator.py
[2024-04-05T09:31:42.186+0000] {processor.py:830} INFO - Processing file /home/airflow/.local/lib/python3.8/site-packages/airflow/example_dags/example_branch_operator.py for tasks to queue
[2024-04-05T09:31:42.189+0000] {logging_mixin.py:188} INFO - [2024-04-05T09:31:42.189+0000] {dagbag.py:540} INFO - Filling up the DagBag from /home/airflow/.local/lib/python3.8/site-packages/airflow/example_dags/example_branch_operator.py
[2024-04-05T09:31:42.220+0000] {processor.py:840} INFO - DAG(s) 'example_branch_operator' retrieved from /home/airflow/.local/lib/python3.8/site-packages/airflow/example_dags/example_branch_operator.py
[2024-04-05T09:31:42.266+0000] {logging_mixin.py:188} INFO - [2024-04-05T09:31:42.266+0000] {dag.py:3047} INFO - Sync 1 DAGs
[2024-04-05T09:31:42.306+0000] {logging_mixin.py:188} INFO - [2024-04-05T09:31:42.306+0000] {dag.py:3834} INFO - Setting next_dagrun for example_branch_operator to 2024-04-04 00:00:00+00:00, run_after=2024-04-05 00:00:00+00:00
[2024-04-05T09:31:42.347+0000] {processor.py:183} INFO - Processing /home/airflow/.local/lib/python3.8/site-packages/airflow/example_dags/example_branch_operator.py took 0.171 seconds
[2024-04-05T09:32:12.562+0000] {processor.py:161} INFO - Started process (PID=198) to work on /home/airflow/.local/lib/python3.8/site-packages/airflow/example_dags/example_branch_operator.py
[2024-04-05T09:32:12.565+0000] {processor.py:830} INFO - Processing file /home/airflow/.local/lib/python3.8/site-packages/airflow/example_dags/example_branch_operator.py for tasks to queue
[2024-04-05T09:32:12.568+0000] {logging_mixin.py:188} INFO - [2024-04-05T09:32:12.568+0000] {dagbag.py:540} INFO - Filling up the DagBag from /home/airflow/.local/lib/python3.8/site-packages/airflow/example_dags/example_branch_operator.py
[2024-04-05T09:32:12.615+0000] {processor.py:840} INFO - DAG(s) 'example_branch_operator' retrieved from /home/airflow/.local/lib/python3.8/site-packages/airflow/example_dags/example_branch_operator.py
[2024-04-05T09:32:12.703+0000] {logging_mixin.py:188} INFO - [2024-04-05T09:32:12.702+0000] {dag.py:3047} INFO - Sync 1 DAGs
[2024-04-05T09:32:12.774+0000] {logging_mixin.py:188} INFO - [2024-04-05T09:32:12.773+0000] {dag.py:3834} INFO - Setting next_dagrun for example_branch_operator to 2024-04-04 00:00:00+00:00, run_after=2024-04-05 00:00:00+00:00
[2024-04-05T09:32:12.821+0000] {processor.py:183} INFO - Processing /home/airflow/.local/lib/python3.8/site-packages/airflow/example_dags/example_branch_operator.py took 0.267 seconds
[2024-04-05T09:32:43.028+0000] {processor.py:161} INFO - Started process (PID=253) to work on /home/airflow/.local/lib/python3.8/site-packages/airflow/example_dags/example_branch_operator.py
[2024-04-05T09:32:43.030+0000] {processor.py:830} INFO - Processing file /home/airflow/.local/lib/python3.8/site-packages/airflow/example_dags/example_branch_operator.py for tasks to queue
[2024-04-05T09:32:43.033+0000] {logging_mixin.py:188} INFO - [2024-04-05T09:32:43.032+0000] {dagbag.py:540} INFO - Filling up the DagBag from /home/airflow/.local/lib/python3.8/site-packages/airflow/example_dags/example_branch_operator.py
[2024-04-05T09:32:43.056+0000] {processor.py:840} INFO - DAG(s) 'example_branch_operator' retrieved from /home/airflow/.local/lib/python3.8/site-packages/airflow/example_dags/example_branch_operator.py
[2024-04-05T09:32:43.094+0000] {logging_mixin.py:188} INFO - [2024-04-05T09:32:43.094+0000] {dag.py:3047} INFO - Sync 1 DAGs
[2024-04-05T09:32:43.142+0000] {logging_mixin.py:188} INFO - [2024-04-05T09:32:43.142+0000] {dag.py:3834} INFO - Setting next_dagrun for example_branch_operator to 2024-04-04 00:00:00+00:00, run_after=2024-04-05 00:00:00+00:00
[2024-04-05T09:32:43.184+0000] {processor.py:183} INFO - Processing /home/airflow/.local/lib/python3.8/site-packages/airflow/example_dags/example_branch_operator.py took 0.160 seconds
[2024-04-05T09:33:13.408+0000] {processor.py:161} INFO - Started process (PID=309) to work on /home/airflow/.local/lib/python3.8/site-packages/airflow/example_dags/example_branch_operator.py
[2024-04-05T09:33:13.410+0000] {processor.py:830} INFO - Processing file /home/airflow/.local/lib/python3.8/site-packages/airflow/example_dags/example_branch_operator.py for tasks to queue
[2024-04-05T09:33:13.413+0000] {logging_mixin.py:188} INFO - [2024-04-05T09:33:13.413+0000] {dagbag.py:540} INFO - Filling up the DagBag from /home/airflow/.local/lib/python3.8/site-packages/airflow/example_dags/example_branch_operator.py
[2024-04-05T09:33:13.441+0000] {processor.py:840} INFO - DAG(s) 'example_branch_operator' retrieved from /home/airflow/.local/lib/python3.8/site-packages/airflow/example_dags/example_branch_operator.py
[2024-04-05T09:33:13.486+0000] {logging_mixin.py:188} INFO - [2024-04-05T09:33:13.485+0000] {dag.py:3047} INFO - Sync 1 DAGs
[2024-04-05T09:33:13.528+0000] {logging_mixin.py:188} INFO - [2024-04-05T09:33:13.527+0000] {dag.py:3834} INFO - Setting next_dagrun for example_branch_operator to 2024-04-04 00:00:00+00:00, run_after=2024-04-05 00:00:00+00:00
[2024-04-05T09:33:13.558+0000] {processor.py:183} INFO - Processing /home/airflow/.local/lib/python3.8/site-packages/airflow/example_dags/example_branch_operator.py took 0.154 seconds
[2024-04-05T09:33:44.128+0000] {processor.py:161} INFO - Started process (PID=364) to work on /home/airflow/.local/lib/python3.8/site-packages/airflow/example_dags/example_branch_operator.py
[2024-04-05T09:33:44.129+0000] {processor.py:830} INFO - Processing file /home/airflow/.local/lib/python3.8/site-packages/airflow/example_dags/example_branch_operator.py for tasks to queue
[2024-04-05T09:33:44.132+0000] {logging_mixin.py:188} INFO - [2024-04-05T09:33:44.131+0000] {dagbag.py:540} INFO - Filling up the DagBag from /home/airflow/.local/lib/python3.8/site-packages/airflow/example_dags/example_branch_operator.py
[2024-04-05T09:33:44.156+0000] {processor.py:840} INFO - DAG(s) 'example_branch_operator' retrieved from /home/airflow/.local/lib/python3.8/site-packages/airflow/example_dags/example_branch_operator.py
[2024-04-05T09:33:44.194+0000] {logging_mixin.py:188} INFO - [2024-04-05T09:33:44.193+0000] {dag.py:3047} INFO - Sync 1 DAGs
[2024-04-05T09:33:44.224+0000] {logging_mixin.py:188} INFO - [2024-04-05T09:33:44.224+0000] {dag.py:3834} INFO - Setting next_dagrun for example_branch_operator to 2024-04-04 00:00:00+00:00, run_after=2024-04-05 00:00:00+00:00
[2024-04-05T09:33:44.248+0000] {processor.py:183} INFO - Processing /home/airflow/.local/lib/python3.8/site-packages/airflow/example_dags/example_branch_operator.py took 0.125 seconds
[2024-04-05T09:34:14.839+0000] {processor.py:161} INFO - Started process (PID=419) to work on /home/airflow/.local/lib/python3.8/site-packages/airflow/example_dags/example_branch_operator.py
[2024-04-05T09:34:14.840+0000] {processor.py:830} INFO - Processing file /home/airflow/.local/lib/python3.8/site-packages/airflow/example_dags/example_branch_operator.py for tasks to queue
[2024-04-05T09:34:14.845+0000] {logging_mixin.py:188} INFO - [2024-04-05T09:34:14.843+0000] {dagbag.py:540} INFO - Filling up the DagBag from /home/airflow/.local/lib/python3.8/site-packages/airflow/example_dags/example_branch_operator.py
[2024-04-05T09:34:14.874+0000] {processor.py:840} INFO - DAG(s) 'example_branch_operator' retrieved from /home/airflow/.local/lib/python3.8/site-packages/airflow/example_dags/example_branch_operator.py
[2024-04-05T09:34:14.930+0000] {logging_mixin.py:188} INFO - [2024-04-05T09:34:14.930+0000] {dag.py:3047} INFO - Sync 1 DAGs
[2024-04-05T09:34:14.971+0000] {logging_mixin.py:188} INFO - [2024-04-05T09:34:14.970+0000] {dag.py:3834} INFO - Setting next_dagrun for example_branch_operator to 2024-04-04 00:00:00+00:00, run_after=2024-04-05 00:00:00+00:00
[2024-04-05T09:34:15.004+0000] {processor.py:183} INFO - Processing /home/airflow/.local/lib/python3.8/site-packages/airflow/example_dags/example_branch_operator.py took 0.170 seconds
[2024-04-05T09:34:45.576+0000] {processor.py:161} INFO - Started process (PID=473) to work on /home/airflow/.local/lib/python3.8/site-packages/airflow/example_dags/example_branch_operator.py
[2024-04-05T09:34:45.578+0000] {processor.py:830} INFO - Processing file /home/airflow/.local/lib/python3.8/site-packages/airflow/example_dags/example_branch_operator.py for tasks to queue
[2024-04-05T09:34:45.587+0000] {logging_mixin.py:188} INFO - [2024-04-05T09:34:45.584+0000] {dagbag.py:540} INFO - Filling up the DagBag from /home/airflow/.local/lib/python3.8/site-packages/airflow/example_dags/example_branch_operator.py
[2024-04-05T09:34:45.616+0000] {processor.py:840} INFO - DAG(s) 'example_branch_operator' retrieved from /home/airflow/.local/lib/python3.8/site-packages/airflow/example_dags/example_branch_operator.py
[2024-04-05T09:34:45.663+0000] {logging_mixin.py:188} INFO - [2024-04-05T09:34:45.663+0000] {dag.py:3047} INFO - Sync 1 DAGs
[2024-04-05T09:34:45.698+0000] {logging_mixin.py:188} INFO - [2024-04-05T09:34:45.697+0000] {dag.py:3834} INFO - Setting next_dagrun for example_branch_operator to 2024-04-04 00:00:00+00:00, run_after=2024-04-05 00:00:00+00:00
[2024-04-05T09:34:45.722+0000] {processor.py:183} INFO - Processing /home/airflow/.local/lib/python3.8/site-packages/airflow/example_dags/example_branch_operator.py took 0.154 seconds
[2024-04-05T09:35:15.775+0000] {processor.py:161} INFO - Started process (PID=527) to work on /home/airflow/.local/lib/python3.8/site-packages/airflow/example_dags/example_branch_operator.py
[2024-04-05T09:35:15.777+0000] {processor.py:830} INFO - Processing file /home/airflow/.local/lib/python3.8/site-packages/airflow/example_dags/example_branch_operator.py for tasks to queue
[2024-04-05T09:35:15.780+0000] {logging_mixin.py:188} INFO - [2024-04-05T09:35:15.780+0000] {dagbag.py:540} INFO - Filling up the DagBag from /home/airflow/.local/lib/python3.8/site-packages/airflow/example_dags/example_branch_operator.py
[2024-04-05T09:35:15.805+0000] {processor.py:840} INFO - DAG(s) 'example_branch_operator' retrieved from /home/airflow/.local/lib/python3.8/site-packages/airflow/example_dags/example_branch_operator.py
[2024-04-05T09:35:15.846+0000] {logging_mixin.py:188} INFO - [2024-04-05T09:35:15.846+0000] {dag.py:3047} INFO - Sync 1 DAGs
[2024-04-05T09:35:15.878+0000] {logging_mixin.py:188} INFO - [2024-04-05T09:35:15.878+0000] {dag.py:3834} INFO - Setting next_dagrun for example_branch_operator to 2024-04-04 00:00:00+00:00, run_after=2024-04-05 00:00:00+00:00
[2024-04-05T09:35:15.904+0000] {processor.py:183} INFO - Processing /home/airflow/.local/lib/python3.8/site-packages/airflow/example_dags/example_branch_operator.py took 0.133 seconds
[2024-04-05T09:35:46.494+0000] {processor.py:161} INFO - Started process (PID=611) to work on /home/airflow/.local/lib/python3.8/site-packages/airflow/example_dags/example_branch_operator.py
[2024-04-05T09:35:46.497+0000] {processor.py:830} INFO - Processing file /home/airflow/.local/lib/python3.8/site-packages/airflow/example_dags/example_branch_operator.py for tasks to queue
[2024-04-05T09:35:46.501+0000] {logging_mixin.py:188} INFO - [2024-04-05T09:35:46.501+0000] {dagbag.py:540} INFO - Filling up the DagBag from /home/airflow/.local/lib/python3.8/site-packages/airflow/example_dags/example_branch_operator.py
[2024-04-05T09:35:46.546+0000] {processor.py:840} INFO - DAG(s) 'example_branch_operator' retrieved from /home/airflow/.local/lib/python3.8/site-packages/airflow/example_dags/example_branch_operator.py
[2024-04-05T09:35:46.615+0000] {logging_mixin.py:188} INFO - [2024-04-05T09:35:46.614+0000] {dag.py:3047} INFO - Sync 1 DAGs
[2024-04-05T09:35:46.667+0000] {logging_mixin.py:188} INFO - [2024-04-05T09:35:46.666+0000] {dag.py:3834} INFO - Setting next_dagrun for example_branch_operator to 2024-04-04 00:00:00+00:00, run_after=2024-04-05 00:00:00+00:00
[2024-04-05T09:35:46.708+0000] {processor.py:183} INFO - Processing /home/airflow/.local/lib/python3.8/site-packages/airflow/example_dags/example_branch_operator.py took 0.222 seconds
[2024-04-05T09:35:56.728+0000] {processor.py:161} INFO - Started process (PID=659) to work on /home/airflow/.local/lib/python3.8/site-packages/airflow/example_dags/example_branch_operator.py
[2024-04-05T09:35:56.733+0000] {processor.py:830} INFO - Processing file /home/airflow/.local/lib/python3.8/site-packages/airflow/example_dags/example_branch_operator.py for tasks to queue
[2024-04-05T09:35:56.746+0000] {logging_mixin.py:188} INFO - [2024-04-05T09:35:56.745+0000] {dagbag.py:540} INFO - Filling up the DagBag from /home/airflow/.local/lib/python3.8/site-packages/airflow/example_dags/example_branch_operator.py
[2024-04-05T09:35:56.794+0000] {processor.py:840} INFO - DAG(s) 'example_branch_operator' retrieved from /home/airflow/.local/lib/python3.8/site-packages/airflow/example_dags/example_branch_operator.py
[2024-04-05T09:35:57.134+0000] {logging_mixin.py:188} INFO - [2024-04-05T09:35:57.133+0000] {dag.py:3047} INFO - Sync 1 DAGs
[2024-04-05T09:35:57.229+0000] {logging_mixin.py:188} INFO - [2024-04-05T09:35:57.221+0000] {dag.py:3834} INFO - Setting next_dagrun for example_branch_operator to 2024-04-04 00:00:00+00:00, run_after=2024-04-05 00:00:00+00:00
[2024-04-05T09:35:57.351+0000] {processor.py:183} INFO - Processing /home/airflow/.local/lib/python3.8/site-packages/airflow/example_dags/example_branch_operator.py took 0.634 seconds
[2024-04-05T09:36:30.859+0000] {processor.py:161} INFO - Started process (PID=730) to work on /home/airflow/.local/lib/python3.8/site-packages/airflow/example_dags/example_branch_operator.py
[2024-04-05T09:36:30.868+0000] {processor.py:830} INFO - Processing file /home/airflow/.local/lib/python3.8/site-packages/airflow/example_dags/example_branch_operator.py for tasks to queue
[2024-04-05T09:36:30.901+0000] {logging_mixin.py:188} INFO - [2024-04-05T09:36:30.899+0000] {dagbag.py:540} INFO - Filling up the DagBag from /home/airflow/.local/lib/python3.8/site-packages/airflow/example_dags/example_branch_operator.py
[2024-04-05T09:36:31.071+0000] {processor.py:840} INFO - DAG(s) 'example_branch_operator' retrieved from /home/airflow/.local/lib/python3.8/site-packages/airflow/example_dags/example_branch_operator.py
[2024-04-05T09:36:32.326+0000] {logging_mixin.py:188} INFO - [2024-04-05T09:36:32.325+0000] {dag.py:3047} INFO - Sync 1 DAGs
[2024-04-05T09:36:32.468+0000] {logging_mixin.py:188} INFO - [2024-04-05T09:36:32.467+0000] {dag.py:3834} INFO - Setting next_dagrun for example_branch_operator to 2024-04-04 00:00:00+00:00, run_after=2024-04-05 00:00:00+00:00
[2024-04-05T09:36:32.603+0000] {processor.py:183} INFO - Processing /home/airflow/.local/lib/python3.8/site-packages/airflow/example_dags/example_branch_operator.py took 1.776 seconds
[2024-04-05T09:36:55.164+0000] {processor.py:161} INFO - Started process (PID=785) to work on /home/airflow/.local/lib/python3.8/site-packages/airflow/example_dags/example_branch_operator.py
[2024-04-05T09:36:55.176+0000] {processor.py:830} INFO - Processing file /home/airflow/.local/lib/python3.8/site-packages/airflow/example_dags/example_branch_operator.py for tasks to queue
[2024-04-05T09:36:55.214+0000] {logging_mixin.py:188} INFO - [2024-04-05T09:36:55.211+0000] {dagbag.py:540} INFO - Filling up the DagBag from /home/airflow/.local/lib/python3.8/site-packages/airflow/example_dags/example_branch_operator.py
[2024-04-05T09:36:55.458+0000] {processor.py:840} INFO - DAG(s) 'example_branch_operator' retrieved from /home/airflow/.local/lib/python3.8/site-packages/airflow/example_dags/example_branch_operator.py
[2024-04-05T09:36:55.614+0000] {logging_mixin.py:188} INFO - [2024-04-05T09:36:55.613+0000] {dag.py:3047} INFO - Sync 1 DAGs
[2024-04-05T09:36:55.837+0000] {logging_mixin.py:188} INFO - [2024-04-05T09:36:55.836+0000] {dag.py:3834} INFO - Setting next_dagrun for example_branch_operator to 2024-04-04 00:00:00+00:00, run_after=2024-04-05 00:00:00+00:00
[2024-04-05T09:36:56.066+0000] {processor.py:183} INFO - Processing /home/airflow/.local/lib/python3.8/site-packages/airflow/example_dags/example_branch_operator.py took 0.962 seconds
[2024-04-05T09:37:15.014+0000] {processor.py:161} INFO - Started process (PID=850) to work on /home/airflow/.local/lib/python3.8/site-packages/airflow/example_dags/example_branch_operator.py
[2024-04-05T09:37:15.026+0000] {processor.py:830} INFO - Processing file /home/airflow/.local/lib/python3.8/site-packages/airflow/example_dags/example_branch_operator.py for tasks to queue
[2024-04-05T09:37:15.043+0000] {logging_mixin.py:188} INFO - [2024-04-05T09:37:15.042+0000] {dagbag.py:540} INFO - Filling up the DagBag from /home/airflow/.local/lib/python3.8/site-packages/airflow/example_dags/example_branch_operator.py
[2024-04-05T09:37:15.154+0000] {processor.py:840} INFO - DAG(s) 'example_branch_operator' retrieved from /home/airflow/.local/lib/python3.8/site-packages/airflow/example_dags/example_branch_operator.py
[2024-04-05T09:37:15.380+0000] {logging_mixin.py:188} INFO - [2024-04-05T09:37:15.378+0000] {dag.py:3047} INFO - Sync 1 DAGs
[2024-04-05T09:37:15.545+0000] {logging_mixin.py:188} INFO - [2024-04-05T09:37:15.544+0000] {dag.py:3834} INFO - Setting next_dagrun for example_branch_operator to 2024-04-04 00:00:00+00:00, run_after=2024-04-05 00:00:00+00:00
[2024-04-05T09:37:15.723+0000] {processor.py:183} INFO - Processing /home/airflow/.local/lib/python3.8/site-packages/airflow/example_dags/example_branch_operator.py took 0.724 seconds
[2024-04-05T09:37:43.562+0000] {processor.py:161} INFO - Started process (PID=914) to work on /home/airflow/.local/lib/python3.8/site-packages/airflow/example_dags/example_branch_operator.py
[2024-04-05T09:37:43.570+0000] {processor.py:830} INFO - Processing file /home/airflow/.local/lib/python3.8/site-packages/airflow/example_dags/example_branch_operator.py for tasks to queue
[2024-04-05T09:37:43.592+0000] {logging_mixin.py:188} INFO - [2024-04-05T09:37:43.588+0000] {dagbag.py:540} INFO - Filling up the DagBag from /home/airflow/.local/lib/python3.8/site-packages/airflow/example_dags/example_branch_operator.py
[2024-04-05T09:37:43.868+0000] {processor.py:840} INFO - DAG(s) 'example_branch_operator' retrieved from /home/airflow/.local/lib/python3.8/site-packages/airflow/example_dags/example_branch_operator.py
[2024-04-05T09:37:45.063+0000] {logging_mixin.py:188} INFO - [2024-04-05T09:37:45.062+0000] {dag.py:3047} INFO - Sync 1 DAGs
[2024-04-05T09:37:45.272+0000] {logging_mixin.py:188} INFO - [2024-04-05T09:37:45.267+0000] {dag.py:3834} INFO - Setting next_dagrun for example_branch_operator to 2024-04-04 00:00:00+00:00, run_after=2024-04-05 00:00:00+00:00
[2024-04-05T09:37:45.465+0000] {processor.py:183} INFO - Processing /home/airflow/.local/lib/python3.8/site-packages/airflow/example_dags/example_branch_operator.py took 1.935 seconds
[2024-04-05T09:38:07.265+0000] {processor.py:161} INFO - Started process (PID=978) to work on /home/airflow/.local/lib/python3.8/site-packages/airflow/example_dags/example_branch_operator.py
[2024-04-05T09:38:07.269+0000] {processor.py:830} INFO - Processing file /home/airflow/.local/lib/python3.8/site-packages/airflow/example_dags/example_branch_operator.py for tasks to queue
[2024-04-05T09:38:07.278+0000] {logging_mixin.py:188} INFO - [2024-04-05T09:38:07.277+0000] {dagbag.py:540} INFO - Filling up the DagBag from /home/airflow/.local/lib/python3.8/site-packages/airflow/example_dags/example_branch_operator.py
[2024-04-05T09:38:07.520+0000] {processor.py:840} INFO - DAG(s) 'example_branch_operator' retrieved from /home/airflow/.local/lib/python3.8/site-packages/airflow/example_dags/example_branch_operator.py
[2024-04-05T09:38:07.560+0000] {logging_mixin.py:188} INFO - [2024-04-05T09:38:07.559+0000] {dag.py:3047} INFO - Sync 1 DAGs
[2024-04-05T09:38:07.725+0000] {logging_mixin.py:188} INFO - [2024-04-05T09:38:07.724+0000] {dag.py:3834} INFO - Setting next_dagrun for example_branch_operator to 2024-04-04 00:00:00+00:00, run_after=2024-04-05 00:00:00+00:00
[2024-04-05T09:38:07.791+0000] {processor.py:183} INFO - Processing /home/airflow/.local/lib/python3.8/site-packages/airflow/example_dags/example_branch_operator.py took 0.544 seconds
[2024-04-05T09:38:28.568+0000] {processor.py:161} INFO - Started process (PID=1029) to work on /home/airflow/.local/lib/python3.8/site-packages/airflow/example_dags/example_branch_operator.py
[2024-04-05T09:38:28.579+0000] {processor.py:830} INFO - Processing file /home/airflow/.local/lib/python3.8/site-packages/airflow/example_dags/example_branch_operator.py for tasks to queue
[2024-04-05T09:38:28.586+0000] {logging_mixin.py:188} INFO - [2024-04-05T09:38:28.584+0000] {dagbag.py:540} INFO - Filling up the DagBag from /home/airflow/.local/lib/python3.8/site-packages/airflow/example_dags/example_branch_operator.py
[2024-04-05T09:38:28.742+0000] {processor.py:840} INFO - DAG(s) 'example_branch_operator' retrieved from /home/airflow/.local/lib/python3.8/site-packages/airflow/example_dags/example_branch_operator.py
[2024-04-05T09:38:28.982+0000] {logging_mixin.py:188} INFO - [2024-04-05T09:38:28.981+0000] {dag.py:3047} INFO - Sync 1 DAGs
[2024-04-05T09:38:29.093+0000] {logging_mixin.py:188} INFO - [2024-04-05T09:38:29.092+0000] {dag.py:3834} INFO - Setting next_dagrun for example_branch_operator to 2024-04-04 00:00:00+00:00, run_after=2024-04-05 00:00:00+00:00
[2024-04-05T09:38:29.312+0000] {processor.py:183} INFO - Processing /home/airflow/.local/lib/python3.8/site-packages/airflow/example_dags/example_branch_operator.py took 0.754 seconds
