[2024-04-05T09:31:09.514+0000] {processor.py:161} INFO - Started process (PID=78) to work on /home/airflow/.local/lib/python3.8/site-packages/airflow/example_dags/example_complex.py
[2024-04-05T09:31:09.515+0000] {processor.py:830} INFO - Processing file /home/airflow/.local/lib/python3.8/site-packages/airflow/example_dags/example_complex.py for tasks to queue
[2024-04-05T09:31:09.519+0000] {logging_mixin.py:188} INFO - [2024-04-05T09:31:09.518+0000] {dagbag.py:540} INFO - Filling up the DagBag from /home/airflow/.local/lib/python3.8/site-packages/airflow/example_dags/example_complex.py
[2024-04-05T09:31:09.537+0000] {processor.py:840} INFO - DAG(s) 'example_complex' retrieved from /home/airflow/.local/lib/python3.8/site-packages/airflow/example_dags/example_complex.py
[2024-04-05T09:31:09.713+0000] {logging_mixin.py:188} INFO - [2024-04-05T09:31:09.712+0000] {dag.py:3047} INFO - Sync 1 DAGs
[2024-04-05T09:31:09.730+0000] {logging_mixin.py:188} INFO - [2024-04-05T09:31:09.729+0000] {dag.py:3834} INFO - Setting next_dagrun for example_complex to None, run_after=None
[2024-04-05T09:31:09.754+0000] {processor.py:183} INFO - Processing /home/airflow/.local/lib/python3.8/site-packages/airflow/example_dags/example_complex.py took 0.244 seconds
[2024-04-05T09:31:40.693+0000] {processor.py:161} INFO - Started process (PID=133) to work on /home/airflow/.local/lib/python3.8/site-packages/airflow/example_dags/example_complex.py
[2024-04-05T09:31:40.695+0000] {processor.py:830} INFO - Processing file /home/airflow/.local/lib/python3.8/site-packages/airflow/example_dags/example_complex.py for tasks to queue
[2024-04-05T09:31:40.702+0000] {logging_mixin.py:188} INFO - [2024-04-05T09:31:40.700+0000] {dagbag.py:540} INFO - Filling up the DagBag from /home/airflow/.local/lib/python3.8/site-packages/airflow/example_dags/example_complex.py
[2024-04-05T09:31:40.736+0000] {processor.py:840} INFO - DAG(s) 'example_complex' retrieved from /home/airflow/.local/lib/python3.8/site-packages/airflow/example_dags/example_complex.py
[2024-04-05T09:31:40.818+0000] {logging_mixin.py:188} INFO - [2024-04-05T09:31:40.817+0000] {dag.py:3047} INFO - Sync 1 DAGs
[2024-04-05T09:31:40.860+0000] {logging_mixin.py:188} INFO - [2024-04-05T09:31:40.859+0000] {dag.py:3834} INFO - Setting next_dagrun for example_complex to None, run_after=None
[2024-04-05T09:31:40.928+0000] {processor.py:183} INFO - Processing /home/airflow/.local/lib/python3.8/site-packages/airflow/example_dags/example_complex.py took 0.247 seconds
[2024-04-05T09:32:11.141+0000] {processor.py:161} INFO - Started process (PID=188) to work on /home/airflow/.local/lib/python3.8/site-packages/airflow/example_dags/example_complex.py
[2024-04-05T09:32:11.145+0000] {processor.py:830} INFO - Processing file /home/airflow/.local/lib/python3.8/site-packages/airflow/example_dags/example_complex.py for tasks to queue
[2024-04-05T09:32:11.150+0000] {logging_mixin.py:188} INFO - [2024-04-05T09:32:11.149+0000] {dagbag.py:540} INFO - Filling up the DagBag from /home/airflow/.local/lib/python3.8/site-packages/airflow/example_dags/example_complex.py
[2024-04-05T09:32:11.183+0000] {processor.py:840} INFO - DAG(s) 'example_complex' retrieved from /home/airflow/.local/lib/python3.8/site-packages/airflow/example_dags/example_complex.py
[2024-04-05T09:32:11.281+0000] {logging_mixin.py:188} INFO - [2024-04-05T09:32:11.280+0000] {dag.py:3047} INFO - Sync 1 DAGs
[2024-04-05T09:32:11.304+0000] {logging_mixin.py:188} INFO - [2024-04-05T09:32:11.303+0000] {dag.py:3834} INFO - Setting next_dagrun for example_complex to None, run_after=None
[2024-04-05T09:32:11.343+0000] {processor.py:183} INFO - Processing /home/airflow/.local/lib/python3.8/site-packages/airflow/example_dags/example_complex.py took 0.223 seconds
[2024-04-05T09:32:42.193+0000] {processor.py:161} INFO - Started process (PID=243) to work on /home/airflow/.local/lib/python3.8/site-packages/airflow/example_dags/example_complex.py
[2024-04-05T09:32:42.194+0000] {processor.py:830} INFO - Processing file /home/airflow/.local/lib/python3.8/site-packages/airflow/example_dags/example_complex.py for tasks to queue
[2024-04-05T09:32:42.197+0000] {logging_mixin.py:188} INFO - [2024-04-05T09:32:42.197+0000] {dagbag.py:540} INFO - Filling up the DagBag from /home/airflow/.local/lib/python3.8/site-packages/airflow/example_dags/example_complex.py
[2024-04-05T09:32:42.212+0000] {processor.py:840} INFO - DAG(s) 'example_complex' retrieved from /home/airflow/.local/lib/python3.8/site-packages/airflow/example_dags/example_complex.py
[2024-04-05T09:32:42.266+0000] {logging_mixin.py:188} INFO - [2024-04-05T09:32:42.265+0000] {dag.py:3047} INFO - Sync 1 DAGs
[2024-04-05T09:32:42.281+0000] {logging_mixin.py:188} INFO - [2024-04-05T09:32:42.281+0000] {dag.py:3834} INFO - Setting next_dagrun for example_complex to None, run_after=None
[2024-04-05T09:32:42.307+0000] {processor.py:183} INFO - Processing /home/airflow/.local/lib/python3.8/site-packages/airflow/example_dags/example_complex.py took 0.120 seconds
[2024-04-05T09:33:12.714+0000] {processor.py:161} INFO - Started process (PID=298) to work on /home/airflow/.local/lib/python3.8/site-packages/airflow/example_dags/example_complex.py
[2024-04-05T09:33:12.715+0000] {processor.py:830} INFO - Processing file /home/airflow/.local/lib/python3.8/site-packages/airflow/example_dags/example_complex.py for tasks to queue
[2024-04-05T09:33:12.717+0000] {logging_mixin.py:188} INFO - [2024-04-05T09:33:12.717+0000] {dagbag.py:540} INFO - Filling up the DagBag from /home/airflow/.local/lib/python3.8/site-packages/airflow/example_dags/example_complex.py
[2024-04-05T09:33:12.730+0000] {processor.py:840} INFO - DAG(s) 'example_complex' retrieved from /home/airflow/.local/lib/python3.8/site-packages/airflow/example_dags/example_complex.py
[2024-04-05T09:33:12.766+0000] {logging_mixin.py:188} INFO - [2024-04-05T09:33:12.766+0000] {dag.py:3047} INFO - Sync 1 DAGs
[2024-04-05T09:33:12.779+0000] {logging_mixin.py:188} INFO - [2024-04-05T09:33:12.779+0000] {dag.py:3834} INFO - Setting next_dagrun for example_complex to None, run_after=None
[2024-04-05T09:33:12.801+0000] {processor.py:183} INFO - Processing /home/airflow/.local/lib/python3.8/site-packages/airflow/example_dags/example_complex.py took 0.091 seconds
[2024-04-05T09:33:43.420+0000] {processor.py:161} INFO - Started process (PID=353) to work on /home/airflow/.local/lib/python3.8/site-packages/airflow/example_dags/example_complex.py
[2024-04-05T09:33:43.421+0000] {processor.py:830} INFO - Processing file /home/airflow/.local/lib/python3.8/site-packages/airflow/example_dags/example_complex.py for tasks to queue
[2024-04-05T09:33:43.424+0000] {logging_mixin.py:188} INFO - [2024-04-05T09:33:43.424+0000] {dagbag.py:540} INFO - Filling up the DagBag from /home/airflow/.local/lib/python3.8/site-packages/airflow/example_dags/example_complex.py
[2024-04-05T09:33:43.439+0000] {processor.py:840} INFO - DAG(s) 'example_complex' retrieved from /home/airflow/.local/lib/python3.8/site-packages/airflow/example_dags/example_complex.py
[2024-04-05T09:33:43.484+0000] {logging_mixin.py:188} INFO - [2024-04-05T09:33:43.483+0000] {dag.py:3047} INFO - Sync 1 DAGs
[2024-04-05T09:33:43.499+0000] {logging_mixin.py:188} INFO - [2024-04-05T09:33:43.499+0000] {dag.py:3834} INFO - Setting next_dagrun for example_complex to None, run_after=None
[2024-04-05T09:33:43.528+0000] {processor.py:183} INFO - Processing /home/airflow/.local/lib/python3.8/site-packages/airflow/example_dags/example_complex.py took 0.112 seconds
[2024-04-05T09:34:13.795+0000] {processor.py:161} INFO - Started process (PID=408) to work on /home/airflow/.local/lib/python3.8/site-packages/airflow/example_dags/example_complex.py
[2024-04-05T09:34:13.799+0000] {processor.py:830} INFO - Processing file /home/airflow/.local/lib/python3.8/site-packages/airflow/example_dags/example_complex.py for tasks to queue
[2024-04-05T09:34:13.802+0000] {logging_mixin.py:188} INFO - [2024-04-05T09:34:13.802+0000] {dagbag.py:540} INFO - Filling up the DagBag from /home/airflow/.local/lib/python3.8/site-packages/airflow/example_dags/example_complex.py
[2024-04-05T09:34:13.820+0000] {processor.py:840} INFO - DAG(s) 'example_complex' retrieved from /home/airflow/.local/lib/python3.8/site-packages/airflow/example_dags/example_complex.py
[2024-04-05T09:34:13.896+0000] {logging_mixin.py:188} INFO - [2024-04-05T09:34:13.895+0000] {dag.py:3047} INFO - Sync 1 DAGs
[2024-04-05T09:34:13.920+0000] {logging_mixin.py:188} INFO - [2024-04-05T09:34:13.920+0000] {dag.py:3834} INFO - Setting next_dagrun for example_complex to None, run_after=None
[2024-04-05T09:34:13.976+0000] {processor.py:183} INFO - Processing /home/airflow/.local/lib/python3.8/site-packages/airflow/example_dags/example_complex.py took 0.191 seconds
[2024-04-05T09:34:44.782+0000] {processor.py:161} INFO - Started process (PID=463) to work on /home/airflow/.local/lib/python3.8/site-packages/airflow/example_dags/example_complex.py
[2024-04-05T09:34:44.784+0000] {processor.py:830} INFO - Processing file /home/airflow/.local/lib/python3.8/site-packages/airflow/example_dags/example_complex.py for tasks to queue
[2024-04-05T09:34:44.786+0000] {logging_mixin.py:188} INFO - [2024-04-05T09:34:44.786+0000] {dagbag.py:540} INFO - Filling up the DagBag from /home/airflow/.local/lib/python3.8/site-packages/airflow/example_dags/example_complex.py
[2024-04-05T09:34:44.803+0000] {processor.py:840} INFO - DAG(s) 'example_complex' retrieved from /home/airflow/.local/lib/python3.8/site-packages/airflow/example_dags/example_complex.py
[2024-04-05T09:34:44.846+0000] {logging_mixin.py:188} INFO - [2024-04-05T09:34:44.845+0000] {dag.py:3047} INFO - Sync 1 DAGs
[2024-04-05T09:34:44.862+0000] {logging_mixin.py:188} INFO - [2024-04-05T09:34:44.862+0000] {dag.py:3834} INFO - Setting next_dagrun for example_complex to None, run_after=None
[2024-04-05T09:34:44.892+0000] {processor.py:183} INFO - Processing /home/airflow/.local/lib/python3.8/site-packages/airflow/example_dags/example_complex.py took 0.113 seconds
[2024-04-05T09:35:15.095+0000] {processor.py:161} INFO - Started process (PID=518) to work on /home/airflow/.local/lib/python3.8/site-packages/airflow/example_dags/example_complex.py
[2024-04-05T09:35:15.097+0000] {processor.py:830} INFO - Processing file /home/airflow/.local/lib/python3.8/site-packages/airflow/example_dags/example_complex.py for tasks to queue
[2024-04-05T09:35:15.099+0000] {logging_mixin.py:188} INFO - [2024-04-05T09:35:15.099+0000] {dagbag.py:540} INFO - Filling up the DagBag from /home/airflow/.local/lib/python3.8/site-packages/airflow/example_dags/example_complex.py
[2024-04-05T09:35:15.112+0000] {processor.py:840} INFO - DAG(s) 'example_complex' retrieved from /home/airflow/.local/lib/python3.8/site-packages/airflow/example_dags/example_complex.py
[2024-04-05T09:35:15.155+0000] {logging_mixin.py:188} INFO - [2024-04-05T09:35:15.154+0000] {dag.py:3047} INFO - Sync 1 DAGs
[2024-04-05T09:35:15.171+0000] {logging_mixin.py:188} INFO - [2024-04-05T09:35:15.171+0000] {dag.py:3834} INFO - Setting next_dagrun for example_complex to None, run_after=None
[2024-04-05T09:35:15.194+0000] {processor.py:183} INFO - Processing /home/airflow/.local/lib/python3.8/site-packages/airflow/example_dags/example_complex.py took 0.104 seconds
[2024-04-05T09:35:45.350+0000] {processor.py:161} INFO - Started process (PID=597) to work on /home/airflow/.local/lib/python3.8/site-packages/airflow/example_dags/example_complex.py
[2024-04-05T09:35:45.352+0000] {processor.py:830} INFO - Processing file /home/airflow/.local/lib/python3.8/site-packages/airflow/example_dags/example_complex.py for tasks to queue
[2024-04-05T09:35:45.355+0000] {logging_mixin.py:188} INFO - [2024-04-05T09:35:45.354+0000] {dagbag.py:540} INFO - Filling up the DagBag from /home/airflow/.local/lib/python3.8/site-packages/airflow/example_dags/example_complex.py
[2024-04-05T09:35:45.383+0000] {processor.py:840} INFO - DAG(s) 'example_complex' retrieved from /home/airflow/.local/lib/python3.8/site-packages/airflow/example_dags/example_complex.py
[2024-04-05T09:35:45.445+0000] {logging_mixin.py:188} INFO - [2024-04-05T09:35:45.445+0000] {dag.py:3047} INFO - Sync 1 DAGs
[2024-04-05T09:35:45.467+0000] {logging_mixin.py:188} INFO - [2024-04-05T09:35:45.466+0000] {dag.py:3834} INFO - Setting next_dagrun for example_complex to None, run_after=None
[2024-04-05T09:35:45.511+0000] {processor.py:183} INFO - Processing /home/airflow/.local/lib/python3.8/site-packages/airflow/example_dags/example_complex.py took 0.169 seconds
[2024-04-05T09:35:53.430+0000] {processor.py:161} INFO - Started process (PID=649) to work on /home/airflow/.local/lib/python3.8/site-packages/airflow/example_dags/example_complex.py
[2024-04-05T09:35:53.435+0000] {processor.py:830} INFO - Processing file /home/airflow/.local/lib/python3.8/site-packages/airflow/example_dags/example_complex.py for tasks to queue
[2024-04-05T09:35:53.442+0000] {logging_mixin.py:188} INFO - [2024-04-05T09:35:53.441+0000] {dagbag.py:540} INFO - Filling up the DagBag from /home/airflow/.local/lib/python3.8/site-packages/airflow/example_dags/example_complex.py
[2024-04-05T09:35:53.506+0000] {processor.py:840} INFO - DAG(s) 'example_complex' retrieved from /home/airflow/.local/lib/python3.8/site-packages/airflow/example_dags/example_complex.py
[2024-04-05T09:35:53.709+0000] {logging_mixin.py:188} INFO - [2024-04-05T09:35:53.708+0000] {dag.py:3047} INFO - Sync 1 DAGs
[2024-04-05T09:35:53.780+0000] {logging_mixin.py:188} INFO - [2024-04-05T09:35:53.779+0000] {dag.py:3834} INFO - Setting next_dagrun for example_complex to None, run_after=None
[2024-04-05T09:35:53.865+0000] {processor.py:183} INFO - Processing /home/airflow/.local/lib/python3.8/site-packages/airflow/example_dags/example_complex.py took 0.451 seconds
[2024-04-05T09:36:24.273+0000] {processor.py:161} INFO - Started process (PID=716) to work on /home/airflow/.local/lib/python3.8/site-packages/airflow/example_dags/example_complex.py
[2024-04-05T09:36:24.290+0000] {processor.py:830} INFO - Processing file /home/airflow/.local/lib/python3.8/site-packages/airflow/example_dags/example_complex.py for tasks to queue
[2024-04-05T09:36:24.333+0000] {logging_mixin.py:188} INFO - [2024-04-05T09:36:24.330+0000] {dagbag.py:540} INFO - Filling up the DagBag from /home/airflow/.local/lib/python3.8/site-packages/airflow/example_dags/example_complex.py
[2024-04-05T09:36:24.555+0000] {processor.py:840} INFO - DAG(s) 'example_complex' retrieved from /home/airflow/.local/lib/python3.8/site-packages/airflow/example_dags/example_complex.py
[2024-04-05T09:36:24.938+0000] {logging_mixin.py:188} INFO - [2024-04-05T09:36:24.925+0000] {dag.py:3047} INFO - Sync 1 DAGs
[2024-04-05T09:36:25.061+0000] {logging_mixin.py:188} INFO - [2024-04-05T09:36:25.059+0000] {dag.py:3834} INFO - Setting next_dagrun for example_complex to None, run_after=None
[2024-04-05T09:36:25.259+0000] {processor.py:183} INFO - Processing /home/airflow/.local/lib/python3.8/site-packages/airflow/example_dags/example_complex.py took 1.020 seconds
[2024-04-05T09:36:49.148+0000] {processor.py:161} INFO - Started process (PID=772) to work on /home/airflow/.local/lib/python3.8/site-packages/airflow/example_dags/example_complex.py
[2024-04-05T09:36:49.170+0000] {processor.py:830} INFO - Processing file /home/airflow/.local/lib/python3.8/site-packages/airflow/example_dags/example_complex.py for tasks to queue
[2024-04-05T09:36:49.191+0000] {logging_mixin.py:188} INFO - [2024-04-05T09:36:49.190+0000] {dagbag.py:540} INFO - Filling up the DagBag from /home/airflow/.local/lib/python3.8/site-packages/airflow/example_dags/example_complex.py
[2024-04-05T09:36:49.284+0000] {processor.py:840} INFO - DAG(s) 'example_complex' retrieved from /home/airflow/.local/lib/python3.8/site-packages/airflow/example_dags/example_complex.py
[2024-04-05T09:36:49.551+0000] {logging_mixin.py:188} INFO - [2024-04-05T09:36:49.550+0000] {dag.py:3047} INFO - Sync 1 DAGs
[2024-04-05T09:36:49.657+0000] {logging_mixin.py:188} INFO - [2024-04-05T09:36:49.656+0000] {dag.py:3834} INFO - Setting next_dagrun for example_complex to None, run_after=None
[2024-04-05T09:36:49.853+0000] {processor.py:183} INFO - Processing /home/airflow/.local/lib/python3.8/site-packages/airflow/example_dags/example_complex.py took 0.738 seconds
[2024-04-05T09:37:08.608+0000] {processor.py:161} INFO - Started process (PID=830) to work on /home/airflow/.local/lib/python3.8/site-packages/airflow/example_dags/example_complex.py
[2024-04-05T09:37:08.635+0000] {processor.py:830} INFO - Processing file /home/airflow/.local/lib/python3.8/site-packages/airflow/example_dags/example_complex.py for tasks to queue
[2024-04-05T09:37:08.667+0000] {logging_mixin.py:188} INFO - [2024-04-05T09:37:08.665+0000] {dagbag.py:540} INFO - Filling up the DagBag from /home/airflow/.local/lib/python3.8/site-packages/airflow/example_dags/example_complex.py
[2024-04-05T09:37:08.821+0000] {processor.py:840} INFO - DAG(s) 'example_complex' retrieved from /home/airflow/.local/lib/python3.8/site-packages/airflow/example_dags/example_complex.py
[2024-04-05T09:37:09.164+0000] {logging_mixin.py:188} INFO - [2024-04-05T09:37:09.150+0000] {dag.py:3047} INFO - Sync 1 DAGs
[2024-04-05T09:37:09.301+0000] {logging_mixin.py:188} INFO - [2024-04-05T09:37:09.300+0000] {dag.py:3834} INFO - Setting next_dagrun for example_complex to None, run_after=None
[2024-04-05T09:37:09.507+0000] {processor.py:183} INFO - Processing /home/airflow/.local/lib/python3.8/site-packages/airflow/example_dags/example_complex.py took 0.945 seconds
[2024-04-05T09:37:27.572+0000] {processor.py:161} INFO - Started process (PID=879) to work on /home/airflow/.local/lib/python3.8/site-packages/airflow/example_dags/example_complex.py
[2024-04-05T09:37:27.590+0000] {processor.py:830} INFO - Processing file /home/airflow/.local/lib/python3.8/site-packages/airflow/example_dags/example_complex.py for tasks to queue
[2024-04-05T09:37:27.604+0000] {logging_mixin.py:188} INFO - [2024-04-05T09:37:27.603+0000] {dagbag.py:540} INFO - Filling up the DagBag from /home/airflow/.local/lib/python3.8/site-packages/airflow/example_dags/example_complex.py
[2024-04-05T09:37:27.713+0000] {processor.py:840} INFO - DAG(s) 'example_complex' retrieved from /home/airflow/.local/lib/python3.8/site-packages/airflow/example_dags/example_complex.py
[2024-04-05T09:37:28.051+0000] {logging_mixin.py:188} INFO - [2024-04-05T09:37:28.050+0000] {dag.py:3047} INFO - Sync 1 DAGs
[2024-04-05T09:37:28.145+0000] {logging_mixin.py:188} INFO - [2024-04-05T09:37:28.144+0000] {dag.py:3834} INFO - Setting next_dagrun for example_complex to None, run_after=None
[2024-04-05T09:37:28.337+0000] {processor.py:183} INFO - Processing /home/airflow/.local/lib/python3.8/site-packages/airflow/example_dags/example_complex.py took 0.820 seconds
[2024-04-05T09:37:54.602+0000] {processor.py:161} INFO - Started process (PID=937) to work on /home/airflow/.local/lib/python3.8/site-packages/airflow/example_dags/example_complex.py
[2024-04-05T09:37:54.637+0000] {processor.py:830} INFO - Processing file /home/airflow/.local/lib/python3.8/site-packages/airflow/example_dags/example_complex.py for tasks to queue
[2024-04-05T09:37:54.666+0000] {logging_mixin.py:188} INFO - [2024-04-05T09:37:54.664+0000] {dagbag.py:540} INFO - Filling up the DagBag from /home/airflow/.local/lib/python3.8/site-packages/airflow/example_dags/example_complex.py
[2024-04-05T09:37:54.888+0000] {processor.py:840} INFO - DAG(s) 'example_complex' retrieved from /home/airflow/.local/lib/python3.8/site-packages/airflow/example_dags/example_complex.py
[2024-04-05T09:37:55.320+0000] {logging_mixin.py:188} INFO - [2024-04-05T09:37:55.313+0000] {dag.py:3047} INFO - Sync 1 DAGs
[2024-04-05T09:37:55.553+0000] {logging_mixin.py:188} INFO - [2024-04-05T09:37:55.552+0000] {dag.py:3834} INFO - Setting next_dagrun for example_complex to None, run_after=None
[2024-04-05T09:37:55.761+0000] {processor.py:183} INFO - Processing /home/airflow/.local/lib/python3.8/site-packages/airflow/example_dags/example_complex.py took 1.210 seconds
[2024-04-05T09:38:08.230+0000] {processor.py:161} INFO - Started process (PID=984) to work on /home/airflow/.local/lib/python3.8/site-packages/airflow/example_dags/example_complex.py
[2024-04-05T09:38:08.249+0000] {processor.py:830} INFO - Processing file /home/airflow/.local/lib/python3.8/site-packages/airflow/example_dags/example_complex.py for tasks to queue
[2024-04-05T09:38:08.264+0000] {logging_mixin.py:188} INFO - [2024-04-05T09:38:08.263+0000] {dagbag.py:540} INFO - Filling up the DagBag from /home/airflow/.local/lib/python3.8/site-packages/airflow/example_dags/example_complex.py
[2024-04-05T09:38:08.333+0000] {processor.py:840} INFO - DAG(s) 'example_complex' retrieved from /home/airflow/.local/lib/python3.8/site-packages/airflow/example_dags/example_complex.py
[2024-04-05T09:38:08.591+0000] {logging_mixin.py:188} INFO - [2024-04-05T09:38:08.590+0000] {dag.py:3047} INFO - Sync 1 DAGs
[2024-04-05T09:38:08.683+0000] {logging_mixin.py:188} INFO - [2024-04-05T09:38:08.680+0000] {dag.py:3834} INFO - Setting next_dagrun for example_complex to None, run_after=None
[2024-04-05T09:38:08.782+0000] {processor.py:183} INFO - Processing /home/airflow/.local/lib/python3.8/site-packages/airflow/example_dags/example_complex.py took 0.590 seconds
[2024-04-05T09:38:32.597+0000] {processor.py:161} INFO - Started process (PID=1039) to work on /home/airflow/.local/lib/python3.8/site-packages/airflow/example_dags/example_complex.py
[2024-04-05T09:38:32.611+0000] {processor.py:830} INFO - Processing file /home/airflow/.local/lib/python3.8/site-packages/airflow/example_dags/example_complex.py for tasks to queue
[2024-04-05T09:38:32.684+0000] {logging_mixin.py:188} INFO - [2024-04-05T09:38:32.626+0000] {dagbag.py:540} INFO - Filling up the DagBag from /home/airflow/.local/lib/python3.8/site-packages/airflow/example_dags/example_complex.py
[2024-04-05T09:38:32.831+0000] {processor.py:840} INFO - DAG(s) 'example_complex' retrieved from /home/airflow/.local/lib/python3.8/site-packages/airflow/example_dags/example_complex.py
[2024-04-05T09:38:33.129+0000] {logging_mixin.py:188} INFO - [2024-04-05T09:38:33.119+0000] {dag.py:3047} INFO - Sync 1 DAGs
[2024-04-05T09:38:33.268+0000] {logging_mixin.py:188} INFO - [2024-04-05T09:38:33.263+0000] {dag.py:3834} INFO - Setting next_dagrun for example_complex to None, run_after=None
[2024-04-05T09:38:33.450+0000] {processor.py:183} INFO - Processing /home/airflow/.local/lib/python3.8/site-packages/airflow/example_dags/example_complex.py took 0.869 seconds
