[2024-04-05T09:31:05.189+0000] {processor.py:161} INFO - Started process (PID=58) to work on /home/airflow/.local/lib/python3.8/site-packages/airflow/example_dags/example_short_circuit_operator.py
[2024-04-05T09:31:05.192+0000] {processor.py:830} INFO - Processing file /home/airflow/.local/lib/python3.8/site-packages/airflow/example_dags/example_short_circuit_operator.py for tasks to queue
[2024-04-05T09:31:05.196+0000] {logging_mixin.py:188} INFO - [2024-04-05T09:31:05.196+0000] {dagbag.py:540} INFO - Filling up the DagBag from /home/airflow/.local/lib/python3.8/site-packages/airflow/example_dags/example_short_circuit_operator.py
[2024-04-05T09:31:05.228+0000] {processor.py:840} INFO - DAG(s) 'example_short_circuit_operator' retrieved from /home/airflow/.local/lib/python3.8/site-packages/airflow/example_dags/example_short_circuit_operator.py
[2024-04-05T09:31:05.582+0000] {logging_mixin.py:188} INFO - [2024-04-05T09:31:05.581+0000] {dag.py:3047} INFO - Sync 1 DAGs
[2024-04-05T09:31:05.636+0000] {logging_mixin.py:188} INFO - [2024-04-05T09:31:05.635+0000] {dag.py:3834} INFO - Setting next_dagrun for example_short_circuit_operator to 2024-04-04 00:00:00+00:00, run_after=2024-04-05 00:00:00+00:00
[2024-04-05T09:31:05.690+0000] {processor.py:183} INFO - Processing /home/airflow/.local/lib/python3.8/site-packages/airflow/example_dags/example_short_circuit_operator.py took 0.509 seconds
[2024-04-05T09:31:35.789+0000] {processor.py:161} INFO - Started process (PID=113) to work on /home/airflow/.local/lib/python3.8/site-packages/airflow/example_dags/example_short_circuit_operator.py
[2024-04-05T09:31:35.791+0000] {processor.py:830} INFO - Processing file /home/airflow/.local/lib/python3.8/site-packages/airflow/example_dags/example_short_circuit_operator.py for tasks to queue
[2024-04-05T09:31:35.794+0000] {logging_mixin.py:188} INFO - [2024-04-05T09:31:35.793+0000] {dagbag.py:540} INFO - Filling up the DagBag from /home/airflow/.local/lib/python3.8/site-packages/airflow/example_dags/example_short_circuit_operator.py
[2024-04-05T09:31:35.805+0000] {processor.py:840} INFO - DAG(s) 'example_short_circuit_operator' retrieved from /home/airflow/.local/lib/python3.8/site-packages/airflow/example_dags/example_short_circuit_operator.py
[2024-04-05T09:31:35.835+0000] {logging_mixin.py:188} INFO - [2024-04-05T09:31:35.835+0000] {dag.py:3047} INFO - Sync 1 DAGs
[2024-04-05T09:31:35.867+0000] {logging_mixin.py:188} INFO - [2024-04-05T09:31:35.867+0000] {dag.py:3834} INFO - Setting next_dagrun for example_short_circuit_operator to 2024-04-04 00:00:00+00:00, run_after=2024-04-05 00:00:00+00:00
[2024-04-05T09:31:35.894+0000] {processor.py:183} INFO - Processing /home/airflow/.local/lib/python3.8/site-packages/airflow/example_dags/example_short_circuit_operator.py took 0.108 seconds
[2024-04-05T09:32:06.239+0000] {processor.py:161} INFO - Started process (PID=168) to work on /home/airflow/.local/lib/python3.8/site-packages/airflow/example_dags/example_short_circuit_operator.py
[2024-04-05T09:32:06.241+0000] {processor.py:830} INFO - Processing file /home/airflow/.local/lib/python3.8/site-packages/airflow/example_dags/example_short_circuit_operator.py for tasks to queue
[2024-04-05T09:32:06.244+0000] {logging_mixin.py:188} INFO - [2024-04-05T09:32:06.244+0000] {dagbag.py:540} INFO - Filling up the DagBag from /home/airflow/.local/lib/python3.8/site-packages/airflow/example_dags/example_short_circuit_operator.py
[2024-04-05T09:32:06.254+0000] {processor.py:840} INFO - DAG(s) 'example_short_circuit_operator' retrieved from /home/airflow/.local/lib/python3.8/site-packages/airflow/example_dags/example_short_circuit_operator.py
[2024-04-05T09:32:06.286+0000] {logging_mixin.py:188} INFO - [2024-04-05T09:32:06.286+0000] {dag.py:3047} INFO - Sync 1 DAGs
[2024-04-05T09:32:06.314+0000] {logging_mixin.py:188} INFO - [2024-04-05T09:32:06.313+0000] {dag.py:3834} INFO - Setting next_dagrun for example_short_circuit_operator to 2024-04-04 00:00:00+00:00, run_after=2024-04-05 00:00:00+00:00
[2024-04-05T09:32:06.335+0000] {processor.py:183} INFO - Processing /home/airflow/.local/lib/python3.8/site-packages/airflow/example_dags/example_short_circuit_operator.py took 0.100 seconds
[2024-04-05T09:32:37.104+0000] {processor.py:161} INFO - Started process (PID=223) to work on /home/airflow/.local/lib/python3.8/site-packages/airflow/example_dags/example_short_circuit_operator.py
[2024-04-05T09:32:37.105+0000] {processor.py:830} INFO - Processing file /home/airflow/.local/lib/python3.8/site-packages/airflow/example_dags/example_short_circuit_operator.py for tasks to queue
[2024-04-05T09:32:37.108+0000] {logging_mixin.py:188} INFO - [2024-04-05T09:32:37.107+0000] {dagbag.py:540} INFO - Filling up the DagBag from /home/airflow/.local/lib/python3.8/site-packages/airflow/example_dags/example_short_circuit_operator.py
[2024-04-05T09:32:37.124+0000] {processor.py:840} INFO - DAG(s) 'example_short_circuit_operator' retrieved from /home/airflow/.local/lib/python3.8/site-packages/airflow/example_dags/example_short_circuit_operator.py
[2024-04-05T09:32:37.163+0000] {logging_mixin.py:188} INFO - [2024-04-05T09:32:37.163+0000] {dag.py:3047} INFO - Sync 1 DAGs
[2024-04-05T09:32:37.197+0000] {logging_mixin.py:188} INFO - [2024-04-05T09:32:37.197+0000] {dag.py:3834} INFO - Setting next_dagrun for example_short_circuit_operator to 2024-04-04 00:00:00+00:00, run_after=2024-04-05 00:00:00+00:00
[2024-04-05T09:32:37.222+0000] {processor.py:183} INFO - Processing /home/airflow/.local/lib/python3.8/site-packages/airflow/example_dags/example_short_circuit_operator.py took 0.123 seconds
[2024-04-05T09:33:07.587+0000] {processor.py:161} INFO - Started process (PID=278) to work on /home/airflow/.local/lib/python3.8/site-packages/airflow/example_dags/example_short_circuit_operator.py
[2024-04-05T09:33:07.589+0000] {processor.py:830} INFO - Processing file /home/airflow/.local/lib/python3.8/site-packages/airflow/example_dags/example_short_circuit_operator.py for tasks to queue
[2024-04-05T09:33:07.594+0000] {logging_mixin.py:188} INFO - [2024-04-05T09:33:07.593+0000] {dagbag.py:540} INFO - Filling up the DagBag from /home/airflow/.local/lib/python3.8/site-packages/airflow/example_dags/example_short_circuit_operator.py
[2024-04-05T09:33:07.604+0000] {processor.py:840} INFO - DAG(s) 'example_short_circuit_operator' retrieved from /home/airflow/.local/lib/python3.8/site-packages/airflow/example_dags/example_short_circuit_operator.py
[2024-04-05T09:33:07.634+0000] {logging_mixin.py:188} INFO - [2024-04-05T09:33:07.634+0000] {dag.py:3047} INFO - Sync 1 DAGs
[2024-04-05T09:33:07.660+0000] {logging_mixin.py:188} INFO - [2024-04-05T09:33:07.660+0000] {dag.py:3834} INFO - Setting next_dagrun for example_short_circuit_operator to 2024-04-04 00:00:00+00:00, run_after=2024-04-05 00:00:00+00:00
[2024-04-05T09:33:07.684+0000] {processor.py:183} INFO - Processing /home/airflow/.local/lib/python3.8/site-packages/airflow/example_dags/example_short_circuit_operator.py took 0.103 seconds
[2024-04-05T09:33:37.755+0000] {processor.py:161} INFO - Started process (PID=333) to work on /home/airflow/.local/lib/python3.8/site-packages/airflow/example_dags/example_short_circuit_operator.py
[2024-04-05T09:33:37.756+0000] {processor.py:830} INFO - Processing file /home/airflow/.local/lib/python3.8/site-packages/airflow/example_dags/example_short_circuit_operator.py for tasks to queue
[2024-04-05T09:33:37.759+0000] {logging_mixin.py:188} INFO - [2024-04-05T09:33:37.759+0000] {dagbag.py:540} INFO - Filling up the DagBag from /home/airflow/.local/lib/python3.8/site-packages/airflow/example_dags/example_short_circuit_operator.py
[2024-04-05T09:33:37.774+0000] {processor.py:840} INFO - DAG(s) 'example_short_circuit_operator' retrieved from /home/airflow/.local/lib/python3.8/site-packages/airflow/example_dags/example_short_circuit_operator.py
[2024-04-05T09:33:37.816+0000] {logging_mixin.py:188} INFO - [2024-04-05T09:33:37.815+0000] {dag.py:3047} INFO - Sync 1 DAGs
[2024-04-05T09:33:37.843+0000] {logging_mixin.py:188} INFO - [2024-04-05T09:33:37.843+0000] {dag.py:3834} INFO - Setting next_dagrun for example_short_circuit_operator to 2024-04-04 00:00:00+00:00, run_after=2024-04-05 00:00:00+00:00
[2024-04-05T09:33:37.878+0000] {processor.py:183} INFO - Processing /home/airflow/.local/lib/python3.8/site-packages/airflow/example_dags/example_short_circuit_operator.py took 0.127 seconds
[2024-04-05T09:34:08.779+0000] {processor.py:161} INFO - Started process (PID=388) to work on /home/airflow/.local/lib/python3.8/site-packages/airflow/example_dags/example_short_circuit_operator.py
[2024-04-05T09:34:08.787+0000] {processor.py:830} INFO - Processing file /home/airflow/.local/lib/python3.8/site-packages/airflow/example_dags/example_short_circuit_operator.py for tasks to queue
[2024-04-05T09:34:08.791+0000] {logging_mixin.py:188} INFO - [2024-04-05T09:34:08.791+0000] {dagbag.py:540} INFO - Filling up the DagBag from /home/airflow/.local/lib/python3.8/site-packages/airflow/example_dags/example_short_circuit_operator.py
[2024-04-05T09:34:08.815+0000] {processor.py:840} INFO - DAG(s) 'example_short_circuit_operator' retrieved from /home/airflow/.local/lib/python3.8/site-packages/airflow/example_dags/example_short_circuit_operator.py
[2024-04-05T09:34:08.881+0000] {logging_mixin.py:188} INFO - [2024-04-05T09:34:08.880+0000] {dag.py:3047} INFO - Sync 1 DAGs
[2024-04-05T09:34:08.946+0000] {logging_mixin.py:188} INFO - [2024-04-05T09:34:08.945+0000] {dag.py:3834} INFO - Setting next_dagrun for example_short_circuit_operator to 2024-04-04 00:00:00+00:00, run_after=2024-04-05 00:00:00+00:00
[2024-04-05T09:34:08.988+0000] {processor.py:183} INFO - Processing /home/airflow/.local/lib/python3.8/site-packages/airflow/example_dags/example_short_circuit_operator.py took 0.217 seconds
[2024-04-05T09:34:39.276+0000] {processor.py:161} INFO - Started process (PID=443) to work on /home/airflow/.local/lib/python3.8/site-packages/airflow/example_dags/example_short_circuit_operator.py
[2024-04-05T09:34:39.279+0000] {processor.py:830} INFO - Processing file /home/airflow/.local/lib/python3.8/site-packages/airflow/example_dags/example_short_circuit_operator.py for tasks to queue
[2024-04-05T09:34:39.283+0000] {logging_mixin.py:188} INFO - [2024-04-05T09:34:39.282+0000] {dagbag.py:540} INFO - Filling up the DagBag from /home/airflow/.local/lib/python3.8/site-packages/airflow/example_dags/example_short_circuit_operator.py
[2024-04-05T09:34:39.295+0000] {processor.py:840} INFO - DAG(s) 'example_short_circuit_operator' retrieved from /home/airflow/.local/lib/python3.8/site-packages/airflow/example_dags/example_short_circuit_operator.py
[2024-04-05T09:34:39.329+0000] {logging_mixin.py:188} INFO - [2024-04-05T09:34:39.328+0000] {dag.py:3047} INFO - Sync 1 DAGs
[2024-04-05T09:34:39.361+0000] {logging_mixin.py:188} INFO - [2024-04-05T09:34:39.361+0000] {dag.py:3834} INFO - Setting next_dagrun for example_short_circuit_operator to 2024-04-04 00:00:00+00:00, run_after=2024-04-05 00:00:00+00:00
[2024-04-05T09:34:39.390+0000] {processor.py:183} INFO - Processing /home/airflow/.local/lib/python3.8/site-packages/airflow/example_dags/example_short_circuit_operator.py took 0.121 seconds
[2024-04-05T09:35:09.630+0000] {processor.py:161} INFO - Started process (PID=498) to work on /home/airflow/.local/lib/python3.8/site-packages/airflow/example_dags/example_short_circuit_operator.py
[2024-04-05T09:35:09.632+0000] {processor.py:830} INFO - Processing file /home/airflow/.local/lib/python3.8/site-packages/airflow/example_dags/example_short_circuit_operator.py for tasks to queue
[2024-04-05T09:35:09.635+0000] {logging_mixin.py:188} INFO - [2024-04-05T09:35:09.634+0000] {dagbag.py:540} INFO - Filling up the DagBag from /home/airflow/.local/lib/python3.8/site-packages/airflow/example_dags/example_short_circuit_operator.py
[2024-04-05T09:35:09.645+0000] {processor.py:840} INFO - DAG(s) 'example_short_circuit_operator' retrieved from /home/airflow/.local/lib/python3.8/site-packages/airflow/example_dags/example_short_circuit_operator.py
[2024-04-05T09:35:09.677+0000] {logging_mixin.py:188} INFO - [2024-04-05T09:35:09.676+0000] {dag.py:3047} INFO - Sync 1 DAGs
[2024-04-05T09:35:09.705+0000] {logging_mixin.py:188} INFO - [2024-04-05T09:35:09.704+0000] {dag.py:3834} INFO - Setting next_dagrun for example_short_circuit_operator to 2024-04-04 00:00:00+00:00, run_after=2024-04-05 00:00:00+00:00
[2024-04-05T09:35:09.730+0000] {processor.py:183} INFO - Processing /home/airflow/.local/lib/python3.8/site-packages/airflow/example_dags/example_short_circuit_operator.py took 0.106 seconds
[2024-04-05T09:35:40.734+0000] {processor.py:161} INFO - Started process (PID=560) to work on /home/airflow/.local/lib/python3.8/site-packages/airflow/example_dags/example_short_circuit_operator.py
[2024-04-05T09:35:40.735+0000] {processor.py:830} INFO - Processing file /home/airflow/.local/lib/python3.8/site-packages/airflow/example_dags/example_short_circuit_operator.py for tasks to queue
[2024-04-05T09:35:40.738+0000] {logging_mixin.py:188} INFO - [2024-04-05T09:35:40.737+0000] {dagbag.py:540} INFO - Filling up the DagBag from /home/airflow/.local/lib/python3.8/site-packages/airflow/example_dags/example_short_circuit_operator.py
[2024-04-05T09:35:40.751+0000] {processor.py:840} INFO - DAG(s) 'example_short_circuit_operator' retrieved from /home/airflow/.local/lib/python3.8/site-packages/airflow/example_dags/example_short_circuit_operator.py
[2024-04-05T09:35:40.786+0000] {logging_mixin.py:188} INFO - [2024-04-05T09:35:40.786+0000] {dag.py:3047} INFO - Sync 1 DAGs
[2024-04-05T09:35:40.825+0000] {logging_mixin.py:188} INFO - [2024-04-05T09:35:40.824+0000] {dag.py:3834} INFO - Setting next_dagrun for example_short_circuit_operator to 2024-04-04 00:00:00+00:00, run_after=2024-04-05 00:00:00+00:00
[2024-04-05T09:35:40.851+0000] {processor.py:183} INFO - Processing /home/airflow/.local/lib/python3.8/site-packages/airflow/example_dags/example_short_circuit_operator.py took 0.122 seconds
[2024-04-05T09:35:48.921+0000] {processor.py:161} INFO - Started process (PID=623) to work on /home/airflow/.local/lib/python3.8/site-packages/airflow/example_dags/example_short_circuit_operator.py
[2024-04-05T09:35:48.923+0000] {processor.py:830} INFO - Processing file /home/airflow/.local/lib/python3.8/site-packages/airflow/example_dags/example_short_circuit_operator.py for tasks to queue
[2024-04-05T09:35:48.925+0000] {logging_mixin.py:188} INFO - [2024-04-05T09:35:48.925+0000] {dagbag.py:540} INFO - Filling up the DagBag from /home/airflow/.local/lib/python3.8/site-packages/airflow/example_dags/example_short_circuit_operator.py
[2024-04-05T09:35:48.941+0000] {processor.py:840} INFO - DAG(s) 'example_short_circuit_operator' retrieved from /home/airflow/.local/lib/python3.8/site-packages/airflow/example_dags/example_short_circuit_operator.py
[2024-04-05T09:35:48.986+0000] {logging_mixin.py:188} INFO - [2024-04-05T09:35:48.986+0000] {dag.py:3047} INFO - Sync 1 DAGs
[2024-04-05T09:35:49.018+0000] {logging_mixin.py:188} INFO - [2024-04-05T09:35:49.018+0000] {dag.py:3834} INFO - Setting next_dagrun for example_short_circuit_operator to 2024-04-04 00:00:00+00:00, run_after=2024-04-05 00:00:00+00:00
[2024-04-05T09:35:49.046+0000] {processor.py:183} INFO - Processing /home/airflow/.local/lib/python3.8/site-packages/airflow/example_dags/example_short_circuit_operator.py took 0.129 seconds
[2024-04-05T09:36:11.023+0000] {processor.py:161} INFO - Started process (PID=684) to work on /home/airflow/.local/lib/python3.8/site-packages/airflow/example_dags/example_short_circuit_operator.py
[2024-04-05T09:36:11.041+0000] {processor.py:830} INFO - Processing file /home/airflow/.local/lib/python3.8/site-packages/airflow/example_dags/example_short_circuit_operator.py for tasks to queue
[2024-04-05T09:36:11.054+0000] {logging_mixin.py:188} INFO - [2024-04-05T09:36:11.051+0000] {dagbag.py:540} INFO - Filling up the DagBag from /home/airflow/.local/lib/python3.8/site-packages/airflow/example_dags/example_short_circuit_operator.py
[2024-04-05T09:36:11.098+0000] {processor.py:840} INFO - DAG(s) 'example_short_circuit_operator' retrieved from /home/airflow/.local/lib/python3.8/site-packages/airflow/example_dags/example_short_circuit_operator.py
[2024-04-05T09:36:11.307+0000] {logging_mixin.py:188} INFO - [2024-04-05T09:36:11.297+0000] {dag.py:3047} INFO - Sync 1 DAGs
[2024-04-05T09:36:11.506+0000] {logging_mixin.py:188} INFO - [2024-04-05T09:36:11.504+0000] {dag.py:3834} INFO - Setting next_dagrun for example_short_circuit_operator to 2024-04-04 00:00:00+00:00, run_after=2024-04-05 00:00:00+00:00
[2024-04-05T09:36:11.649+0000] {processor.py:183} INFO - Processing /home/airflow/.local/lib/python3.8/site-packages/airflow/example_dags/example_short_circuit_operator.py took 0.643 seconds
[2024-04-05T09:36:29.559+0000] {processor.py:161} INFO - Started process (PID=728) to work on /home/airflow/.local/lib/python3.8/site-packages/airflow/example_dags/example_short_circuit_operator.py
[2024-04-05T09:36:29.583+0000] {processor.py:830} INFO - Processing file /home/airflow/.local/lib/python3.8/site-packages/airflow/example_dags/example_short_circuit_operator.py for tasks to queue
[2024-04-05T09:36:29.602+0000] {logging_mixin.py:188} INFO - [2024-04-05T09:36:29.600+0000] {dagbag.py:540} INFO - Filling up the DagBag from /home/airflow/.local/lib/python3.8/site-packages/airflow/example_dags/example_short_circuit_operator.py
[2024-04-05T09:36:29.699+0000] {processor.py:840} INFO - DAG(s) 'example_short_circuit_operator' retrieved from /home/airflow/.local/lib/python3.8/site-packages/airflow/example_dags/example_short_circuit_operator.py
[2024-04-05T09:36:29.947+0000] {logging_mixin.py:188} INFO - [2024-04-05T09:36:29.936+0000] {dag.py:3047} INFO - Sync 1 DAGs
[2024-04-05T09:36:30.251+0000] {logging_mixin.py:188} INFO - [2024-04-05T09:36:30.250+0000] {dag.py:3834} INFO - Setting next_dagrun for example_short_circuit_operator to 2024-04-04 00:00:00+00:00, run_after=2024-04-05 00:00:00+00:00
[2024-04-05T09:36:30.503+0000] {processor.py:183} INFO - Processing /home/airflow/.local/lib/python3.8/site-packages/airflow/example_dags/example_short_circuit_operator.py took 0.971 seconds
[2024-04-05T09:36:55.637+0000] {processor.py:161} INFO - Started process (PID=786) to work on /home/airflow/.local/lib/python3.8/site-packages/airflow/example_dags/example_short_circuit_operator.py
[2024-04-05T09:36:55.668+0000] {processor.py:830} INFO - Processing file /home/airflow/.local/lib/python3.8/site-packages/airflow/example_dags/example_short_circuit_operator.py for tasks to queue
[2024-04-05T09:36:55.688+0000] {logging_mixin.py:188} INFO - [2024-04-05T09:36:55.687+0000] {dagbag.py:540} INFO - Filling up the DagBag from /home/airflow/.local/lib/python3.8/site-packages/airflow/example_dags/example_short_circuit_operator.py
[2024-04-05T09:36:55.771+0000] {processor.py:840} INFO - DAG(s) 'example_short_circuit_operator' retrieved from /home/airflow/.local/lib/python3.8/site-packages/airflow/example_dags/example_short_circuit_operator.py
[2024-04-05T09:36:56.070+0000] {logging_mixin.py:188} INFO - [2024-04-05T09:36:56.061+0000] {dag.py:3047} INFO - Sync 1 DAGs
[2024-04-05T09:36:56.425+0000] {logging_mixin.py:188} INFO - [2024-04-05T09:36:56.422+0000] {dag.py:3834} INFO - Setting next_dagrun for example_short_circuit_operator to 2024-04-04 00:00:00+00:00, run_after=2024-04-05 00:00:00+00:00
[2024-04-05T09:36:56.741+0000] {processor.py:183} INFO - Processing /home/airflow/.local/lib/python3.8/site-packages/airflow/example_dags/example_short_circuit_operator.py took 1.152 seconds
[2024-04-05T09:37:08.672+0000] {processor.py:161} INFO - Started process (PID=831) to work on /home/airflow/.local/lib/python3.8/site-packages/airflow/example_dags/example_short_circuit_operator.py
[2024-04-05T09:37:08.681+0000] {processor.py:830} INFO - Processing file /home/airflow/.local/lib/python3.8/site-packages/airflow/example_dags/example_short_circuit_operator.py for tasks to queue
[2024-04-05T09:37:08.713+0000] {logging_mixin.py:188} INFO - [2024-04-05T09:37:08.711+0000] {dagbag.py:540} INFO - Filling up the DagBag from /home/airflow/.local/lib/python3.8/site-packages/airflow/example_dags/example_short_circuit_operator.py
[2024-04-05T09:37:08.770+0000] {processor.py:840} INFO - DAG(s) 'example_short_circuit_operator' retrieved from /home/airflow/.local/lib/python3.8/site-packages/airflow/example_dags/example_short_circuit_operator.py
[2024-04-05T09:37:08.988+0000] {logging_mixin.py:188} INFO - [2024-04-05T09:37:08.983+0000] {dag.py:3047} INFO - Sync 1 DAGs
[2024-04-05T09:37:09.240+0000] {logging_mixin.py:188} INFO - [2024-04-05T09:37:09.237+0000] {dag.py:3834} INFO - Setting next_dagrun for example_short_circuit_operator to 2024-04-04 00:00:00+00:00, run_after=2024-04-05 00:00:00+00:00
[2024-04-05T09:37:09.413+0000] {processor.py:183} INFO - Processing /home/airflow/.local/lib/python3.8/site-packages/airflow/example_dags/example_short_circuit_operator.py took 0.763 seconds
[2024-04-05T09:37:31.421+0000] {processor.py:161} INFO - Started process (PID=885) to work on /home/airflow/.local/lib/python3.8/site-packages/airflow/example_dags/example_short_circuit_operator.py
[2024-04-05T09:37:31.449+0000] {processor.py:830} INFO - Processing file /home/airflow/.local/lib/python3.8/site-packages/airflow/example_dags/example_short_circuit_operator.py for tasks to queue
[2024-04-05T09:37:31.467+0000] {logging_mixin.py:188} INFO - [2024-04-05T09:37:31.466+0000] {dagbag.py:540} INFO - Filling up the DagBag from /home/airflow/.local/lib/python3.8/site-packages/airflow/example_dags/example_short_circuit_operator.py
[2024-04-05T09:37:31.572+0000] {processor.py:840} INFO - DAG(s) 'example_short_circuit_operator' retrieved from /home/airflow/.local/lib/python3.8/site-packages/airflow/example_dags/example_short_circuit_operator.py
[2024-04-05T09:37:31.892+0000] {logging_mixin.py:188} INFO - [2024-04-05T09:37:31.891+0000] {dag.py:3047} INFO - Sync 1 DAGs
[2024-04-05T09:37:32.231+0000] {logging_mixin.py:188} INFO - [2024-04-05T09:37:32.231+0000] {dag.py:3834} INFO - Setting next_dagrun for example_short_circuit_operator to 2024-04-04 00:00:00+00:00, run_after=2024-04-05 00:00:00+00:00
[2024-04-05T09:37:32.468+0000] {processor.py:183} INFO - Processing /home/airflow/.local/lib/python3.8/site-packages/airflow/example_dags/example_short_circuit_operator.py took 1.086 seconds
[2024-04-05T09:37:54.428+0000] {processor.py:161} INFO - Started process (PID=936) to work on /home/airflow/.local/lib/python3.8/site-packages/airflow/example_dags/example_short_circuit_operator.py
[2024-04-05T09:37:54.457+0000] {processor.py:830} INFO - Processing file /home/airflow/.local/lib/python3.8/site-packages/airflow/example_dags/example_short_circuit_operator.py for tasks to queue
[2024-04-05T09:37:54.484+0000] {logging_mixin.py:188} INFO - [2024-04-05T09:37:54.482+0000] {dagbag.py:540} INFO - Filling up the DagBag from /home/airflow/.local/lib/python3.8/site-packages/airflow/example_dags/example_short_circuit_operator.py
[2024-04-05T09:37:54.624+0000] {processor.py:840} INFO - DAG(s) 'example_short_circuit_operator' retrieved from /home/airflow/.local/lib/python3.8/site-packages/airflow/example_dags/example_short_circuit_operator.py
[2024-04-05T09:37:55.017+0000] {logging_mixin.py:188} INFO - [2024-04-05T09:37:55.015+0000] {dag.py:3047} INFO - Sync 1 DAGs
[2024-04-05T09:37:55.390+0000] {logging_mixin.py:188} INFO - [2024-04-05T09:37:55.388+0000] {dag.py:3834} INFO - Setting next_dagrun for example_short_circuit_operator to 2024-04-04 00:00:00+00:00, run_after=2024-04-05 00:00:00+00:00
[2024-04-05T09:37:55.704+0000] {processor.py:183} INFO - Processing /home/airflow/.local/lib/python3.8/site-packages/airflow/example_dags/example_short_circuit_operator.py took 1.330 seconds
[2024-04-05T09:38:12.010+0000] {processor.py:161} INFO - Started process (PID=997) to work on /home/airflow/.local/lib/python3.8/site-packages/airflow/example_dags/example_short_circuit_operator.py
[2024-04-05T09:38:12.025+0000] {processor.py:830} INFO - Processing file /home/airflow/.local/lib/python3.8/site-packages/airflow/example_dags/example_short_circuit_operator.py for tasks to queue
[2024-04-05T09:38:12.070+0000] {logging_mixin.py:188} INFO - [2024-04-05T09:38:12.069+0000] {dagbag.py:540} INFO - Filling up the DagBag from /home/airflow/.local/lib/python3.8/site-packages/airflow/example_dags/example_short_circuit_operator.py
[2024-04-05T09:38:12.118+0000] {processor.py:840} INFO - DAG(s) 'example_short_circuit_operator' retrieved from /home/airflow/.local/lib/python3.8/site-packages/airflow/example_dags/example_short_circuit_operator.py
[2024-04-05T09:38:12.283+0000] {logging_mixin.py:188} INFO - [2024-04-05T09:38:12.282+0000] {dag.py:3047} INFO - Sync 1 DAGs
[2024-04-05T09:38:12.482+0000] {logging_mixin.py:188} INFO - [2024-04-05T09:38:12.479+0000] {dag.py:3834} INFO - Setting next_dagrun for example_short_circuit_operator to 2024-04-04 00:00:00+00:00, run_after=2024-04-05 00:00:00+00:00
[2024-04-05T09:38:12.669+0000] {processor.py:183} INFO - Processing /home/airflow/.local/lib/python3.8/site-packages/airflow/example_dags/example_short_circuit_operator.py took 0.686 seconds
[2024-04-05T09:38:34.446+0000] {processor.py:161} INFO - Started process (PID=1043) to work on /home/airflow/.local/lib/python3.8/site-packages/airflow/example_dags/example_short_circuit_operator.py
[2024-04-05T09:38:34.459+0000] {processor.py:830} INFO - Processing file /home/airflow/.local/lib/python3.8/site-packages/airflow/example_dags/example_short_circuit_operator.py for tasks to queue
[2024-04-05T09:38:34.494+0000] {logging_mixin.py:188} INFO - [2024-04-05T09:38:34.482+0000] {dagbag.py:540} INFO - Filling up the DagBag from /home/airflow/.local/lib/python3.8/site-packages/airflow/example_dags/example_short_circuit_operator.py
[2024-04-05T09:38:34.625+0000] {processor.py:840} INFO - DAG(s) 'example_short_circuit_operator' retrieved from /home/airflow/.local/lib/python3.8/site-packages/airflow/example_dags/example_short_circuit_operator.py
[2024-04-05T09:38:34.935+0000] {logging_mixin.py:188} INFO - [2024-04-05T09:38:34.933+0000] {dag.py:3047} INFO - Sync 1 DAGs
[2024-04-05T09:38:35.263+0000] {logging_mixin.py:188} INFO - [2024-04-05T09:38:35.262+0000] {dag.py:3834} INFO - Setting next_dagrun for example_short_circuit_operator to 2024-04-04 00:00:00+00:00, run_after=2024-04-05 00:00:00+00:00
[2024-04-05T09:38:35.512+0000] {processor.py:183} INFO - Processing /home/airflow/.local/lib/python3.8/site-packages/airflow/example_dags/example_short_circuit_operator.py took 1.126 seconds
