[2024-04-05T09:31:02.977+0000] {processor.py:161} INFO - Started process (PID=47) to work on /home/airflow/.local/lib/python3.8/site-packages/airflow/example_dags/example_dag_decorator.py
[2024-04-05T09:31:02.987+0000] {processor.py:830} INFO - Processing file /home/airflow/.local/lib/python3.8/site-packages/airflow/example_dags/example_dag_decorator.py for tasks to queue
[2024-04-05T09:31:02.996+0000] {logging_mixin.py:188} INFO - [2024-04-05T09:31:02.995+0000] {dagbag.py:540} INFO - Filling up the DagBag from /home/airflow/.local/lib/python3.8/site-packages/airflow/example_dags/example_dag_decorator.py
[2024-04-05T09:31:03.935+0000] {processor.py:840} INFO - DAG(s) 'example_dag_decorator' retrieved from /home/airflow/.local/lib/python3.8/site-packages/airflow/example_dags/example_dag_decorator.py
[2024-04-05T09:31:04.282+0000] {logging_mixin.py:188} INFO - [2024-04-05T09:31:04.281+0000] {dag.py:3047} INFO - Sync 1 DAGs
[2024-04-05T09:31:04.342+0000] {logging_mixin.py:188} INFO - [2024-04-05T09:31:04.340+0000] {dag.py:3834} INFO - Setting next_dagrun for example_dag_decorator to None, run_after=None
[2024-04-05T09:31:04.459+0000] {processor.py:183} INFO - Processing /home/airflow/.local/lib/python3.8/site-packages/airflow/example_dags/example_dag_decorator.py took 1.495 seconds
[2024-04-05T09:31:34.649+0000] {processor.py:161} INFO - Started process (PID=109) to work on /home/airflow/.local/lib/python3.8/site-packages/airflow/example_dags/example_dag_decorator.py
[2024-04-05T09:31:34.651+0000] {processor.py:830} INFO - Processing file /home/airflow/.local/lib/python3.8/site-packages/airflow/example_dags/example_dag_decorator.py for tasks to queue
[2024-04-05T09:31:34.656+0000] {logging_mixin.py:188} INFO - [2024-04-05T09:31:34.655+0000] {dagbag.py:540} INFO - Filling up the DagBag from /home/airflow/.local/lib/python3.8/site-packages/airflow/example_dags/example_dag_decorator.py
[2024-04-05T09:31:34.837+0000] {processor.py:840} INFO - DAG(s) 'example_dag_decorator' retrieved from /home/airflow/.local/lib/python3.8/site-packages/airflow/example_dags/example_dag_decorator.py
[2024-04-05T09:31:34.977+0000] {logging_mixin.py:188} INFO - [2024-04-05T09:31:34.977+0000] {dag.py:3047} INFO - Sync 1 DAGs
[2024-04-05T09:31:34.991+0000] {logging_mixin.py:188} INFO - [2024-04-05T09:31:34.990+0000] {dag.py:3834} INFO - Setting next_dagrun for example_dag_decorator to None, run_after=None
[2024-04-05T09:31:35.012+0000] {processor.py:183} INFO - Processing /home/airflow/.local/lib/python3.8/site-packages/airflow/example_dags/example_dag_decorator.py took 0.371 seconds
[2024-04-05T09:32:05.722+0000] {processor.py:161} INFO - Started process (PID=164) to work on /home/airflow/.local/lib/python3.8/site-packages/airflow/example_dags/example_dag_decorator.py
[2024-04-05T09:32:05.724+0000] {processor.py:830} INFO - Processing file /home/airflow/.local/lib/python3.8/site-packages/airflow/example_dags/example_dag_decorator.py for tasks to queue
[2024-04-05T09:32:05.725+0000] {logging_mixin.py:188} INFO - [2024-04-05T09:32:05.725+0000] {dagbag.py:540} INFO - Filling up the DagBag from /home/airflow/.local/lib/python3.8/site-packages/airflow/example_dags/example_dag_decorator.py
[2024-04-05T09:32:05.914+0000] {processor.py:840} INFO - DAG(s) 'example_dag_decorator' retrieved from /home/airflow/.local/lib/python3.8/site-packages/airflow/example_dags/example_dag_decorator.py
[2024-04-05T09:32:06.045+0000] {logging_mixin.py:188} INFO - [2024-04-05T09:32:06.045+0000] {dag.py:3047} INFO - Sync 1 DAGs
[2024-04-05T09:32:06.057+0000] {logging_mixin.py:188} INFO - [2024-04-05T09:32:06.057+0000] {dag.py:3834} INFO - Setting next_dagrun for example_dag_decorator to None, run_after=None
[2024-04-05T09:32:06.077+0000] {processor.py:183} INFO - Processing /home/airflow/.local/lib/python3.8/site-packages/airflow/example_dags/example_dag_decorator.py took 0.358 seconds
[2024-04-05T09:32:36.674+0000] {processor.py:161} INFO - Started process (PID=219) to work on /home/airflow/.local/lib/python3.8/site-packages/airflow/example_dags/example_dag_decorator.py
[2024-04-05T09:32:36.676+0000] {processor.py:830} INFO - Processing file /home/airflow/.local/lib/python3.8/site-packages/airflow/example_dags/example_dag_decorator.py for tasks to queue
[2024-04-05T09:32:36.679+0000] {logging_mixin.py:188} INFO - [2024-04-05T09:32:36.679+0000] {dagbag.py:540} INFO - Filling up the DagBag from /home/airflow/.local/lib/python3.8/site-packages/airflow/example_dags/example_dag_decorator.py
[2024-04-05T09:32:36.831+0000] {processor.py:840} INFO - DAG(s) 'example_dag_decorator' retrieved from /home/airflow/.local/lib/python3.8/site-packages/airflow/example_dags/example_dag_decorator.py
[2024-04-05T09:32:37.006+0000] {logging_mixin.py:188} INFO - [2024-04-05T09:32:37.005+0000] {dag.py:3047} INFO - Sync 1 DAGs
[2024-04-05T09:32:37.023+0000] {logging_mixin.py:188} INFO - [2024-04-05T09:32:37.022+0000] {dag.py:3834} INFO - Setting next_dagrun for example_dag_decorator to None, run_after=None
[2024-04-05T09:32:37.054+0000] {processor.py:183} INFO - Processing /home/airflow/.local/lib/python3.8/site-packages/airflow/example_dags/example_dag_decorator.py took 0.384 seconds
[2024-04-05T09:33:07.200+0000] {processor.py:161} INFO - Started process (PID=274) to work on /home/airflow/.local/lib/python3.8/site-packages/airflow/example_dags/example_dag_decorator.py
[2024-04-05T09:33:07.201+0000] {processor.py:830} INFO - Processing file /home/airflow/.local/lib/python3.8/site-packages/airflow/example_dags/example_dag_decorator.py for tasks to queue
[2024-04-05T09:33:07.204+0000] {logging_mixin.py:188} INFO - [2024-04-05T09:33:07.204+0000] {dagbag.py:540} INFO - Filling up the DagBag from /home/airflow/.local/lib/python3.8/site-packages/airflow/example_dags/example_dag_decorator.py
[2024-04-05T09:33:07.354+0000] {processor.py:840} INFO - DAG(s) 'example_dag_decorator' retrieved from /home/airflow/.local/lib/python3.8/site-packages/airflow/example_dags/example_dag_decorator.py
[2024-04-05T09:33:07.502+0000] {logging_mixin.py:188} INFO - [2024-04-05T09:33:07.502+0000] {dag.py:3047} INFO - Sync 1 DAGs
[2024-04-05T09:33:07.516+0000] {logging_mixin.py:188} INFO - [2024-04-05T09:33:07.516+0000] {dag.py:3834} INFO - Setting next_dagrun for example_dag_decorator to None, run_after=None
[2024-04-05T09:33:07.544+0000] {processor.py:183} INFO - Processing /home/airflow/.local/lib/python3.8/site-packages/airflow/example_dags/example_dag_decorator.py took 0.348 seconds
[2024-04-05T09:33:37.613+0000] {processor.py:161} INFO - Started process (PID=331) to work on /home/airflow/.local/lib/python3.8/site-packages/airflow/example_dags/example_dag_decorator.py
[2024-04-05T09:33:37.614+0000] {processor.py:830} INFO - Processing file /home/airflow/.local/lib/python3.8/site-packages/airflow/example_dags/example_dag_decorator.py for tasks to queue
[2024-04-05T09:33:37.616+0000] {logging_mixin.py:188} INFO - [2024-04-05T09:33:37.616+0000] {dagbag.py:540} INFO - Filling up the DagBag from /home/airflow/.local/lib/python3.8/site-packages/airflow/example_dags/example_dag_decorator.py
[2024-04-05T09:33:37.748+0000] {processor.py:840} INFO - DAG(s) 'example_dag_decorator' retrieved from /home/airflow/.local/lib/python3.8/site-packages/airflow/example_dags/example_dag_decorator.py
[2024-04-05T09:33:37.919+0000] {logging_mixin.py:188} INFO - [2024-04-05T09:33:37.919+0000] {dag.py:3047} INFO - Sync 1 DAGs
[2024-04-05T09:33:37.932+0000] {logging_mixin.py:188} INFO - [2024-04-05T09:33:37.932+0000] {dag.py:3834} INFO - Setting next_dagrun for example_dag_decorator to None, run_after=None
[2024-04-05T09:33:37.958+0000] {processor.py:183} INFO - Processing /home/airflow/.local/lib/python3.8/site-packages/airflow/example_dags/example_dag_decorator.py took 0.349 seconds
[2024-04-05T09:34:08.017+0000] {processor.py:161} INFO - Started process (PID=384) to work on /home/airflow/.local/lib/python3.8/site-packages/airflow/example_dags/example_dag_decorator.py
[2024-04-05T09:34:08.019+0000] {processor.py:830} INFO - Processing file /home/airflow/.local/lib/python3.8/site-packages/airflow/example_dags/example_dag_decorator.py for tasks to queue
[2024-04-05T09:34:08.022+0000] {logging_mixin.py:188} INFO - [2024-04-05T09:34:08.021+0000] {dagbag.py:540} INFO - Filling up the DagBag from /home/airflow/.local/lib/python3.8/site-packages/airflow/example_dags/example_dag_decorator.py
[2024-04-05T09:34:08.179+0000] {processor.py:840} INFO - DAG(s) 'example_dag_decorator' retrieved from /home/airflow/.local/lib/python3.8/site-packages/airflow/example_dags/example_dag_decorator.py
[2024-04-05T09:34:08.522+0000] {logging_mixin.py:188} INFO - [2024-04-05T09:34:08.521+0000] {dag.py:3047} INFO - Sync 1 DAGs
[2024-04-05T09:34:08.583+0000] {logging_mixin.py:188} INFO - [2024-04-05T09:34:08.581+0000] {dag.py:3834} INFO - Setting next_dagrun for example_dag_decorator to None, run_after=None
[2024-04-05T09:34:08.681+0000] {processor.py:183} INFO - Processing /home/airflow/.local/lib/python3.8/site-packages/airflow/example_dags/example_dag_decorator.py took 0.669 seconds
[2024-04-05T09:34:38.764+0000] {processor.py:161} INFO - Started process (PID=441) to work on /home/airflow/.local/lib/python3.8/site-packages/airflow/example_dags/example_dag_decorator.py
[2024-04-05T09:34:38.768+0000] {processor.py:830} INFO - Processing file /home/airflow/.local/lib/python3.8/site-packages/airflow/example_dags/example_dag_decorator.py for tasks to queue
[2024-04-05T09:34:38.771+0000] {logging_mixin.py:188} INFO - [2024-04-05T09:34:38.771+0000] {dagbag.py:540} INFO - Filling up the DagBag from /home/airflow/.local/lib/python3.8/site-packages/airflow/example_dags/example_dag_decorator.py
[2024-04-05T09:34:38.977+0000] {processor.py:840} INFO - DAG(s) 'example_dag_decorator' retrieved from /home/airflow/.local/lib/python3.8/site-packages/airflow/example_dags/example_dag_decorator.py
[2024-04-05T09:34:39.170+0000] {logging_mixin.py:188} INFO - [2024-04-05T09:34:39.170+0000] {dag.py:3047} INFO - Sync 1 DAGs
[2024-04-05T09:34:39.188+0000] {logging_mixin.py:188} INFO - [2024-04-05T09:34:39.188+0000] {dag.py:3834} INFO - Setting next_dagrun for example_dag_decorator to None, run_after=None
[2024-04-05T09:34:39.220+0000] {processor.py:183} INFO - Processing /home/airflow/.local/lib/python3.8/site-packages/airflow/example_dags/example_dag_decorator.py took 0.467 seconds
[2024-04-05T09:35:09.261+0000] {processor.py:161} INFO - Started process (PID=496) to work on /home/airflow/.local/lib/python3.8/site-packages/airflow/example_dags/example_dag_decorator.py
[2024-04-05T09:35:09.263+0000] {processor.py:830} INFO - Processing file /home/airflow/.local/lib/python3.8/site-packages/airflow/example_dags/example_dag_decorator.py for tasks to queue
[2024-04-05T09:35:09.266+0000] {logging_mixin.py:188} INFO - [2024-04-05T09:35:09.265+0000] {dagbag.py:540} INFO - Filling up the DagBag from /home/airflow/.local/lib/python3.8/site-packages/airflow/example_dags/example_dag_decorator.py
[2024-04-05T09:35:09.414+0000] {processor.py:840} INFO - DAG(s) 'example_dag_decorator' retrieved from /home/airflow/.local/lib/python3.8/site-packages/airflow/example_dags/example_dag_decorator.py
[2024-04-05T09:35:09.547+0000] {logging_mixin.py:188} INFO - [2024-04-05T09:35:09.546+0000] {dag.py:3047} INFO - Sync 1 DAGs
[2024-04-05T09:35:09.561+0000] {logging_mixin.py:188} INFO - [2024-04-05T09:35:09.561+0000] {dag.py:3834} INFO - Setting next_dagrun for example_dag_decorator to None, run_after=None
[2024-04-05T09:35:09.584+0000] {processor.py:183} INFO - Processing /home/airflow/.local/lib/python3.8/site-packages/airflow/example_dags/example_dag_decorator.py took 0.330 seconds
[2024-04-05T09:35:40.594+0000] {processor.py:161} INFO - Started process (PID=558) to work on /home/airflow/.local/lib/python3.8/site-packages/airflow/example_dags/example_dag_decorator.py
[2024-04-05T09:35:40.596+0000] {processor.py:830} INFO - Processing file /home/airflow/.local/lib/python3.8/site-packages/airflow/example_dags/example_dag_decorator.py for tasks to queue
[2024-04-05T09:35:40.599+0000] {logging_mixin.py:188} INFO - [2024-04-05T09:35:40.598+0000] {dagbag.py:540} INFO - Filling up the DagBag from /home/airflow/.local/lib/python3.8/site-packages/airflow/example_dags/example_dag_decorator.py
[2024-04-05T09:35:40.757+0000] {processor.py:840} INFO - DAG(s) 'example_dag_decorator' retrieved from /home/airflow/.local/lib/python3.8/site-packages/airflow/example_dags/example_dag_decorator.py
[2024-04-05T09:35:40.929+0000] {logging_mixin.py:188} INFO - [2024-04-05T09:35:40.929+0000] {dag.py:3047} INFO - Sync 1 DAGs
[2024-04-05T09:35:40.946+0000] {logging_mixin.py:188} INFO - [2024-04-05T09:35:40.946+0000] {dag.py:3834} INFO - Setting next_dagrun for example_dag_decorator to None, run_after=None
[2024-04-05T09:35:40.998+0000] {processor.py:183} INFO - Processing /home/airflow/.local/lib/python3.8/site-packages/airflow/example_dags/example_dag_decorator.py took 0.409 seconds
[2024-04-05T09:35:47.490+0000] {processor.py:161} INFO - Started process (PID=618) to work on /home/airflow/.local/lib/python3.8/site-packages/airflow/example_dags/example_dag_decorator.py
[2024-04-05T09:35:47.492+0000] {processor.py:830} INFO - Processing file /home/airflow/.local/lib/python3.8/site-packages/airflow/example_dags/example_dag_decorator.py for tasks to queue
[2024-04-05T09:35:47.495+0000] {logging_mixin.py:188} INFO - [2024-04-05T09:35:47.495+0000] {dagbag.py:540} INFO - Filling up the DagBag from /home/airflow/.local/lib/python3.8/site-packages/airflow/example_dags/example_dag_decorator.py
[2024-04-05T09:35:47.688+0000] {processor.py:840} INFO - DAG(s) 'example_dag_decorator' retrieved from /home/airflow/.local/lib/python3.8/site-packages/airflow/example_dags/example_dag_decorator.py
[2024-04-05T09:35:47.712+0000] {logging_mixin.py:188} INFO - [2024-04-05T09:35:47.712+0000] {dag.py:3047} INFO - Sync 1 DAGs
[2024-04-05T09:35:47.736+0000] {logging_mixin.py:188} INFO - [2024-04-05T09:35:47.735+0000] {dag.py:3834} INFO - Setting next_dagrun for example_dag_decorator to None, run_after=None
[2024-04-05T09:35:47.772+0000] {processor.py:183} INFO - Processing /home/airflow/.local/lib/python3.8/site-packages/airflow/example_dags/example_dag_decorator.py took 0.286 seconds
[2024-04-05T09:36:11.720+0000] {processor.py:161} INFO - Started process (PID=685) to work on /home/airflow/.local/lib/python3.8/site-packages/airflow/example_dags/example_dag_decorator.py
[2024-04-05T09:36:11.724+0000] {processor.py:830} INFO - Processing file /home/airflow/.local/lib/python3.8/site-packages/airflow/example_dags/example_dag_decorator.py for tasks to queue
[2024-04-05T09:36:11.764+0000] {logging_mixin.py:188} INFO - [2024-04-05T09:36:11.763+0000] {dagbag.py:540} INFO - Filling up the DagBag from /home/airflow/.local/lib/python3.8/site-packages/airflow/example_dags/example_dag_decorator.py
[2024-04-05T09:36:12.492+0000] {processor.py:840} INFO - DAG(s) 'example_dag_decorator' retrieved from /home/airflow/.local/lib/python3.8/site-packages/airflow/example_dags/example_dag_decorator.py
[2024-04-05T09:36:13.602+0000] {logging_mixin.py:188} INFO - [2024-04-05T09:36:13.601+0000] {dag.py:3047} INFO - Sync 1 DAGs
[2024-04-05T09:36:13.678+0000] {logging_mixin.py:188} INFO - [2024-04-05T09:36:13.677+0000] {dag.py:3834} INFO - Setting next_dagrun for example_dag_decorator to None, run_after=None
[2024-04-05T09:36:13.831+0000] {processor.py:183} INFO - Processing /home/airflow/.local/lib/python3.8/site-packages/airflow/example_dags/example_dag_decorator.py took 2.132 seconds
[2024-04-05T09:36:22.343+0000] {processor.py:161} INFO - Started process (PID=711) to work on /home/airflow/.local/lib/python3.8/site-packages/airflow/example_dags/example_dag_decorator.py
[2024-04-05T09:36:22.350+0000] {processor.py:830} INFO - Processing file /home/airflow/.local/lib/python3.8/site-packages/airflow/example_dags/example_dag_decorator.py for tasks to queue
[2024-04-05T09:36:22.374+0000] {logging_mixin.py:188} INFO - [2024-04-05T09:36:22.371+0000] {dagbag.py:540} INFO - Filling up the DagBag from /home/airflow/.local/lib/python3.8/site-packages/airflow/example_dags/example_dag_decorator.py
[2024-04-05T09:36:23.396+0000] {processor.py:840} INFO - DAG(s) 'example_dag_decorator' retrieved from /home/airflow/.local/lib/python3.8/site-packages/airflow/example_dags/example_dag_decorator.py
[2024-04-05T09:36:23.489+0000] {logging_mixin.py:188} INFO - [2024-04-05T09:36:23.484+0000] {dag.py:3047} INFO - Sync 1 DAGs
[2024-04-05T09:36:23.645+0000] {logging_mixin.py:188} INFO - [2024-04-05T09:36:23.645+0000] {dag.py:3834} INFO - Setting next_dagrun for example_dag_decorator to None, run_after=None
[2024-04-05T09:36:23.870+0000] {processor.py:183} INFO - Processing /home/airflow/.local/lib/python3.8/site-packages/airflow/example_dags/example_dag_decorator.py took 1.564 seconds
[2024-04-05T09:36:51.260+0000] {processor.py:161} INFO - Started process (PID=778) to work on /home/airflow/.local/lib/python3.8/site-packages/airflow/example_dags/example_dag_decorator.py
[2024-04-05T09:36:51.279+0000] {processor.py:830} INFO - Processing file /home/airflow/.local/lib/python3.8/site-packages/airflow/example_dags/example_dag_decorator.py for tasks to queue
[2024-04-05T09:36:51.295+0000] {logging_mixin.py:188} INFO - [2024-04-05T09:36:51.293+0000] {dagbag.py:540} INFO - Filling up the DagBag from /home/airflow/.local/lib/python3.8/site-packages/airflow/example_dags/example_dag_decorator.py
[2024-04-05T09:36:52.741+0000] {processor.py:840} INFO - DAG(s) 'example_dag_decorator' retrieved from /home/airflow/.local/lib/python3.8/site-packages/airflow/example_dags/example_dag_decorator.py
[2024-04-05T09:36:54.243+0000] {logging_mixin.py:188} INFO - [2024-04-05T09:36:54.230+0000] {dag.py:3047} INFO - Sync 1 DAGs
[2024-04-05T09:36:54.410+0000] {logging_mixin.py:188} INFO - [2024-04-05T09:36:54.410+0000] {dag.py:3834} INFO - Setting next_dagrun for example_dag_decorator to None, run_after=None
[2024-04-05T09:36:54.651+0000] {processor.py:183} INFO - Processing /home/airflow/.local/lib/python3.8/site-packages/airflow/example_dags/example_dag_decorator.py took 3.433 seconds
[2024-04-05T09:37:04.806+0000] {processor.py:161} INFO - Started process (PID=813) to work on /home/airflow/.local/lib/python3.8/site-packages/airflow/example_dags/example_dag_decorator.py
[2024-04-05T09:37:04.821+0000] {processor.py:830} INFO - Processing file /home/airflow/.local/lib/python3.8/site-packages/airflow/example_dags/example_dag_decorator.py for tasks to queue
[2024-04-05T09:37:04.843+0000] {logging_mixin.py:188} INFO - [2024-04-05T09:37:04.841+0000] {dagbag.py:540} INFO - Filling up the DagBag from /home/airflow/.local/lib/python3.8/site-packages/airflow/example_dags/example_dag_decorator.py
[2024-04-05T09:37:06.592+0000] {processor.py:840} INFO - DAG(s) 'example_dag_decorator' retrieved from /home/airflow/.local/lib/python3.8/site-packages/airflow/example_dags/example_dag_decorator.py
[2024-04-05T09:37:06.679+0000] {logging_mixin.py:188} INFO - [2024-04-05T09:37:06.678+0000] {dag.py:3047} INFO - Sync 1 DAGs
[2024-04-05T09:37:06.818+0000] {logging_mixin.py:188} INFO - [2024-04-05T09:37:06.817+0000] {dag.py:3834} INFO - Setting next_dagrun for example_dag_decorator to None, run_after=None
[2024-04-05T09:37:06.979+0000] {processor.py:183} INFO - Processing /home/airflow/.local/lib/python3.8/site-packages/airflow/example_dags/example_dag_decorator.py took 2.202 seconds
[2024-04-05T09:37:27.050+0000] {processor.py:161} INFO - Started process (PID=878) to work on /home/airflow/.local/lib/python3.8/site-packages/airflow/example_dags/example_dag_decorator.py
[2024-04-05T09:37:27.056+0000] {processor.py:830} INFO - Processing file /home/airflow/.local/lib/python3.8/site-packages/airflow/example_dags/example_dag_decorator.py for tasks to queue
[2024-04-05T09:37:27.082+0000] {logging_mixin.py:188} INFO - [2024-04-05T09:37:27.071+0000] {dagbag.py:540} INFO - Filling up the DagBag from /home/airflow/.local/lib/python3.8/site-packages/airflow/example_dags/example_dag_decorator.py
[2024-04-05T09:37:27.965+0000] {processor.py:840} INFO - DAG(s) 'example_dag_decorator' retrieved from /home/airflow/.local/lib/python3.8/site-packages/airflow/example_dags/example_dag_decorator.py
[2024-04-05T09:37:28.135+0000] {logging_mixin.py:188} INFO - [2024-04-05T09:37:28.134+0000] {dag.py:3047} INFO - Sync 1 DAGs
[2024-04-05T09:37:28.244+0000] {logging_mixin.py:188} INFO - [2024-04-05T09:37:28.242+0000] {dag.py:3834} INFO - Setting next_dagrun for example_dag_decorator to None, run_after=None
[2024-04-05T09:37:28.395+0000] {processor.py:183} INFO - Processing /home/airflow/.local/lib/python3.8/site-packages/airflow/example_dags/example_dag_decorator.py took 1.361 seconds
[2024-04-05T09:37:48.680+0000] {processor.py:161} INFO - Started process (PID=925) to work on /home/airflow/.local/lib/python3.8/site-packages/airflow/example_dags/example_dag_decorator.py
[2024-04-05T09:37:48.712+0000] {processor.py:830} INFO - Processing file /home/airflow/.local/lib/python3.8/site-packages/airflow/example_dags/example_dag_decorator.py for tasks to queue
[2024-04-05T09:37:48.732+0000] {logging_mixin.py:188} INFO - [2024-04-05T09:37:48.731+0000] {dagbag.py:540} INFO - Filling up the DagBag from /home/airflow/.local/lib/python3.8/site-packages/airflow/example_dags/example_dag_decorator.py
[2024-04-05T09:37:50.377+0000] {processor.py:840} INFO - DAG(s) 'example_dag_decorator' retrieved from /home/airflow/.local/lib/python3.8/site-packages/airflow/example_dags/example_dag_decorator.py
[2024-04-05T09:37:51.893+0000] {logging_mixin.py:188} INFO - [2024-04-05T09:37:51.892+0000] {dag.py:3047} INFO - Sync 1 DAGs
[2024-04-05T09:37:52.012+0000] {logging_mixin.py:188} INFO - [2024-04-05T09:37:52.011+0000] {dag.py:3834} INFO - Setting next_dagrun for example_dag_decorator to None, run_after=None
[2024-04-05T09:37:52.257+0000] {processor.py:183} INFO - Processing /home/airflow/.local/lib/python3.8/site-packages/airflow/example_dags/example_dag_decorator.py took 3.622 seconds
[2024-04-05T09:38:08.360+0000] {processor.py:161} INFO - Started process (PID=986) to work on /home/airflow/.local/lib/python3.8/site-packages/airflow/example_dags/example_dag_decorator.py
[2024-04-05T09:38:08.364+0000] {processor.py:830} INFO - Processing file /home/airflow/.local/lib/python3.8/site-packages/airflow/example_dags/example_dag_decorator.py for tasks to queue
[2024-04-05T09:38:08.380+0000] {logging_mixin.py:188} INFO - [2024-04-05T09:38:08.379+0000] {dagbag.py:540} INFO - Filling up the DagBag from /home/airflow/.local/lib/python3.8/site-packages/airflow/example_dags/example_dag_decorator.py
[2024-04-05T09:38:09.110+0000] {processor.py:840} INFO - DAG(s) 'example_dag_decorator' retrieved from /home/airflow/.local/lib/python3.8/site-packages/airflow/example_dags/example_dag_decorator.py
[2024-04-05T09:38:09.178+0000] {logging_mixin.py:188} INFO - [2024-04-05T09:38:09.177+0000] {dag.py:3047} INFO - Sync 1 DAGs
[2024-04-05T09:38:09.297+0000] {logging_mixin.py:188} INFO - [2024-04-05T09:38:09.296+0000] {dag.py:3834} INFO - Setting next_dagrun for example_dag_decorator to None, run_after=None
[2024-04-05T09:38:09.508+0000] {processor.py:183} INFO - Processing /home/airflow/.local/lib/python3.8/site-packages/airflow/example_dags/example_dag_decorator.py took 1.162 seconds
[2024-04-05T09:38:31.081+0000] {processor.py:161} INFO - Started process (PID=1035) to work on /home/airflow/.local/lib/python3.8/site-packages/airflow/example_dags/example_dag_decorator.py
[2024-04-05T09:38:31.084+0000] {processor.py:830} INFO - Processing file /home/airflow/.local/lib/python3.8/site-packages/airflow/example_dags/example_dag_decorator.py for tasks to queue
[2024-04-05T09:38:31.100+0000] {logging_mixin.py:188} INFO - [2024-04-05T09:38:31.099+0000] {dagbag.py:540} INFO - Filling up the DagBag from /home/airflow/.local/lib/python3.8/site-packages/airflow/example_dags/example_dag_decorator.py
[2024-04-05T09:38:32.009+0000] {processor.py:840} INFO - DAG(s) 'example_dag_decorator' retrieved from /home/airflow/.local/lib/python3.8/site-packages/airflow/example_dags/example_dag_decorator.py
[2024-04-05T09:38:32.308+0000] {logging_mixin.py:188} INFO - [2024-04-05T09:38:32.306+0000] {dag.py:3047} INFO - Sync 1 DAGs
[2024-04-05T09:38:32.491+0000] {logging_mixin.py:188} INFO - [2024-04-05T09:38:32.490+0000] {dag.py:3834} INFO - Setting next_dagrun for example_dag_decorator to None, run_after=None
[2024-04-05T09:38:32.827+0000] {processor.py:183} INFO - Processing /home/airflow/.local/lib/python3.8/site-packages/airflow/example_dags/example_dag_decorator.py took 1.782 seconds
[2024-04-05T09:38:44.028+0000] {processor.py:161} INFO - Started process (PID=1067) to work on /home/airflow/.local/lib/python3.8/site-packages/airflow/example_dags/example_dag_decorator.py
[2024-04-05T09:38:44.078+0000] {processor.py:830} INFO - Processing file /home/airflow/.local/lib/python3.8/site-packages/airflow/example_dags/example_dag_decorator.py for tasks to queue
