[2024-04-05T09:31:06.605+0000] {processor.py:161} INFO - Started process (PID=63) to work on /home/airflow/.local/lib/python3.8/site-packages/airflow/example_dags/example_setup_teardown.py
[2024-04-05T09:31:06.607+0000] {processor.py:830} INFO - Processing file /home/airflow/.local/lib/python3.8/site-packages/airflow/example_dags/example_setup_teardown.py for tasks to queue
[2024-04-05T09:31:06.612+0000] {logging_mixin.py:188} INFO - [2024-04-05T09:31:06.611+0000] {dagbag.py:540} INFO - Filling up the DagBag from /home/airflow/.local/lib/python3.8/site-packages/airflow/example_dags/example_setup_teardown.py
[2024-04-05T09:31:06.633+0000] {processor.py:840} INFO - DAG(s) 'example_setup_teardown' retrieved from /home/airflow/.local/lib/python3.8/site-packages/airflow/example_dags/example_setup_teardown.py
[2024-04-05T09:31:06.854+0000] {logging_mixin.py:188} INFO - [2024-04-05T09:31:06.854+0000] {dag.py:3047} INFO - Sync 1 DAGs
[2024-04-05T09:31:06.913+0000] {logging_mixin.py:188} INFO - [2024-04-05T09:31:06.913+0000] {dag.py:3834} INFO - Setting next_dagrun for example_setup_teardown to 2024-04-04 00:00:00+00:00, run_after=2024-04-05 00:00:00+00:00
[2024-04-05T09:31:06.948+0000] {processor.py:183} INFO - Processing /home/airflow/.local/lib/python3.8/site-packages/airflow/example_dags/example_setup_teardown.py took 0.349 seconds
[2024-04-05T09:31:37.148+0000] {processor.py:161} INFO - Started process (PID=118) to work on /home/airflow/.local/lib/python3.8/site-packages/airflow/example_dags/example_setup_teardown.py
[2024-04-05T09:31:37.151+0000] {processor.py:830} INFO - Processing file /home/airflow/.local/lib/python3.8/site-packages/airflow/example_dags/example_setup_teardown.py for tasks to queue
[2024-04-05T09:31:37.153+0000] {logging_mixin.py:188} INFO - [2024-04-05T09:31:37.152+0000] {dagbag.py:540} INFO - Filling up the DagBag from /home/airflow/.local/lib/python3.8/site-packages/airflow/example_dags/example_setup_teardown.py
[2024-04-05T09:31:37.161+0000] {processor.py:840} INFO - DAG(s) 'example_setup_teardown' retrieved from /home/airflow/.local/lib/python3.8/site-packages/airflow/example_dags/example_setup_teardown.py
[2024-04-05T09:31:37.191+0000] {logging_mixin.py:188} INFO - [2024-04-05T09:31:37.190+0000] {dag.py:3047} INFO - Sync 1 DAGs
[2024-04-05T09:31:37.219+0000] {logging_mixin.py:188} INFO - [2024-04-05T09:31:37.219+0000] {dag.py:3834} INFO - Setting next_dagrun for example_setup_teardown to 2024-04-04 00:00:00+00:00, run_after=2024-04-05 00:00:00+00:00
[2024-04-05T09:31:37.244+0000] {processor.py:183} INFO - Processing /home/airflow/.local/lib/python3.8/site-packages/airflow/example_dags/example_setup_teardown.py took 0.100 seconds
[2024-04-05T09:32:07.482+0000] {processor.py:161} INFO - Started process (PID=173) to work on /home/airflow/.local/lib/python3.8/site-packages/airflow/example_dags/example_setup_teardown.py
[2024-04-05T09:32:07.484+0000] {processor.py:830} INFO - Processing file /home/airflow/.local/lib/python3.8/site-packages/airflow/example_dags/example_setup_teardown.py for tasks to queue
[2024-04-05T09:32:07.486+0000] {logging_mixin.py:188} INFO - [2024-04-05T09:32:07.486+0000] {dagbag.py:540} INFO - Filling up the DagBag from /home/airflow/.local/lib/python3.8/site-packages/airflow/example_dags/example_setup_teardown.py
[2024-04-05T09:32:07.493+0000] {processor.py:840} INFO - DAG(s) 'example_setup_teardown' retrieved from /home/airflow/.local/lib/python3.8/site-packages/airflow/example_dags/example_setup_teardown.py
[2024-04-05T09:32:07.519+0000] {logging_mixin.py:188} INFO - [2024-04-05T09:32:07.518+0000] {dag.py:3047} INFO - Sync 1 DAGs
[2024-04-05T09:32:07.542+0000] {logging_mixin.py:188} INFO - [2024-04-05T09:32:07.542+0000] {dag.py:3834} INFO - Setting next_dagrun for example_setup_teardown to 2024-04-04 00:00:00+00:00, run_after=2024-04-05 00:00:00+00:00
[2024-04-05T09:32:07.569+0000] {processor.py:183} INFO - Processing /home/airflow/.local/lib/python3.8/site-packages/airflow/example_dags/example_setup_teardown.py took 0.091 seconds
[2024-04-05T09:32:38.674+0000] {processor.py:161} INFO - Started process (PID=228) to work on /home/airflow/.local/lib/python3.8/site-packages/airflow/example_dags/example_setup_teardown.py
[2024-04-05T09:32:38.676+0000] {processor.py:830} INFO - Processing file /home/airflow/.local/lib/python3.8/site-packages/airflow/example_dags/example_setup_teardown.py for tasks to queue
[2024-04-05T09:32:38.680+0000] {logging_mixin.py:188} INFO - [2024-04-05T09:32:38.679+0000] {dagbag.py:540} INFO - Filling up the DagBag from /home/airflow/.local/lib/python3.8/site-packages/airflow/example_dags/example_setup_teardown.py
[2024-04-05T09:32:38.694+0000] {processor.py:840} INFO - DAG(s) 'example_setup_teardown' retrieved from /home/airflow/.local/lib/python3.8/site-packages/airflow/example_dags/example_setup_teardown.py
[2024-04-05T09:32:38.731+0000] {logging_mixin.py:188} INFO - [2024-04-05T09:32:38.730+0000] {dag.py:3047} INFO - Sync 1 DAGs
[2024-04-05T09:32:38.787+0000] {logging_mixin.py:188} INFO - [2024-04-05T09:32:38.786+0000] {dag.py:3834} INFO - Setting next_dagrun for example_setup_teardown to 2024-04-04 00:00:00+00:00, run_after=2024-04-05 00:00:00+00:00
[2024-04-05T09:32:38.830+0000] {processor.py:183} INFO - Processing /home/airflow/.local/lib/python3.8/site-packages/airflow/example_dags/example_setup_teardown.py took 0.163 seconds
[2024-04-05T09:33:08.906+0000] {processor.py:161} INFO - Started process (PID=283) to work on /home/airflow/.local/lib/python3.8/site-packages/airflow/example_dags/example_setup_teardown.py
[2024-04-05T09:33:08.908+0000] {processor.py:830} INFO - Processing file /home/airflow/.local/lib/python3.8/site-packages/airflow/example_dags/example_setup_teardown.py for tasks to queue
[2024-04-05T09:33:08.911+0000] {logging_mixin.py:188} INFO - [2024-04-05T09:33:08.910+0000] {dagbag.py:540} INFO - Filling up the DagBag from /home/airflow/.local/lib/python3.8/site-packages/airflow/example_dags/example_setup_teardown.py
[2024-04-05T09:33:08.928+0000] {processor.py:840} INFO - DAG(s) 'example_setup_teardown' retrieved from /home/airflow/.local/lib/python3.8/site-packages/airflow/example_dags/example_setup_teardown.py
[2024-04-05T09:33:08.970+0000] {logging_mixin.py:188} INFO - [2024-04-05T09:33:08.970+0000] {dag.py:3047} INFO - Sync 1 DAGs
[2024-04-05T09:33:09.016+0000] {logging_mixin.py:188} INFO - [2024-04-05T09:33:09.016+0000] {dag.py:3834} INFO - Setting next_dagrun for example_setup_teardown to 2024-04-04 00:00:00+00:00, run_after=2024-04-05 00:00:00+00:00
[2024-04-05T09:33:09.056+0000] {processor.py:183} INFO - Processing /home/airflow/.local/lib/python3.8/site-packages/airflow/example_dags/example_setup_teardown.py took 0.156 seconds
[2024-04-05T09:33:39.153+0000] {processor.py:161} INFO - Started process (PID=338) to work on /home/airflow/.local/lib/python3.8/site-packages/airflow/example_dags/example_setup_teardown.py
[2024-04-05T09:33:39.154+0000] {processor.py:830} INFO - Processing file /home/airflow/.local/lib/python3.8/site-packages/airflow/example_dags/example_setup_teardown.py for tasks to queue
[2024-04-05T09:33:39.157+0000] {logging_mixin.py:188} INFO - [2024-04-05T09:33:39.157+0000] {dagbag.py:540} INFO - Filling up the DagBag from /home/airflow/.local/lib/python3.8/site-packages/airflow/example_dags/example_setup_teardown.py
[2024-04-05T09:33:39.166+0000] {processor.py:840} INFO - DAG(s) 'example_setup_teardown' retrieved from /home/airflow/.local/lib/python3.8/site-packages/airflow/example_dags/example_setup_teardown.py
[2024-04-05T09:33:39.195+0000] {logging_mixin.py:188} INFO - [2024-04-05T09:33:39.194+0000] {dag.py:3047} INFO - Sync 1 DAGs
[2024-04-05T09:33:39.231+0000] {logging_mixin.py:188} INFO - [2024-04-05T09:33:39.230+0000] {dag.py:3834} INFO - Setting next_dagrun for example_setup_teardown to 2024-04-04 00:00:00+00:00, run_after=2024-04-05 00:00:00+00:00
[2024-04-05T09:33:39.264+0000] {processor.py:183} INFO - Processing /home/airflow/.local/lib/python3.8/site-packages/airflow/example_dags/example_setup_teardown.py took 0.115 seconds
[2024-04-05T09:34:10.370+0000] {processor.py:161} INFO - Started process (PID=393) to work on /home/airflow/.local/lib/python3.8/site-packages/airflow/example_dags/example_setup_teardown.py
[2024-04-05T09:34:10.372+0000] {processor.py:830} INFO - Processing file /home/airflow/.local/lib/python3.8/site-packages/airflow/example_dags/example_setup_teardown.py for tasks to queue
[2024-04-05T09:34:10.378+0000] {logging_mixin.py:188} INFO - [2024-04-05T09:34:10.377+0000] {dagbag.py:540} INFO - Filling up the DagBag from /home/airflow/.local/lib/python3.8/site-packages/airflow/example_dags/example_setup_teardown.py
[2024-04-05T09:34:10.395+0000] {processor.py:840} INFO - DAG(s) 'example_setup_teardown' retrieved from /home/airflow/.local/lib/python3.8/site-packages/airflow/example_dags/example_setup_teardown.py
[2024-04-05T09:34:10.442+0000] {logging_mixin.py:188} INFO - [2024-04-05T09:34:10.441+0000] {dag.py:3047} INFO - Sync 1 DAGs
[2024-04-05T09:34:10.479+0000] {logging_mixin.py:188} INFO - [2024-04-05T09:34:10.478+0000] {dag.py:3834} INFO - Setting next_dagrun for example_setup_teardown to 2024-04-04 00:00:00+00:00, run_after=2024-04-05 00:00:00+00:00
[2024-04-05T09:34:10.525+0000] {processor.py:183} INFO - Processing /home/airflow/.local/lib/python3.8/site-packages/airflow/example_dags/example_setup_teardown.py took 0.163 seconds
[2024-04-05T09:34:40.711+0000] {processor.py:161} INFO - Started process (PID=448) to work on /home/airflow/.local/lib/python3.8/site-packages/airflow/example_dags/example_setup_teardown.py
[2024-04-05T09:34:40.712+0000] {processor.py:830} INFO - Processing file /home/airflow/.local/lib/python3.8/site-packages/airflow/example_dags/example_setup_teardown.py for tasks to queue
[2024-04-05T09:34:40.716+0000] {logging_mixin.py:188} INFO - [2024-04-05T09:34:40.715+0000] {dagbag.py:540} INFO - Filling up the DagBag from /home/airflow/.local/lib/python3.8/site-packages/airflow/example_dags/example_setup_teardown.py
[2024-04-05T09:34:40.728+0000] {processor.py:840} INFO - DAG(s) 'example_setup_teardown' retrieved from /home/airflow/.local/lib/python3.8/site-packages/airflow/example_dags/example_setup_teardown.py
[2024-04-05T09:34:40.757+0000] {logging_mixin.py:188} INFO - [2024-04-05T09:34:40.757+0000] {dag.py:3047} INFO - Sync 1 DAGs
[2024-04-05T09:34:40.790+0000] {logging_mixin.py:188} INFO - [2024-04-05T09:34:40.789+0000] {dag.py:3834} INFO - Setting next_dagrun for example_setup_teardown to 2024-04-04 00:00:00+00:00, run_after=2024-04-05 00:00:00+00:00
[2024-04-05T09:34:40.818+0000] {processor.py:183} INFO - Processing /home/airflow/.local/lib/python3.8/site-packages/airflow/example_dags/example_setup_teardown.py took 0.112 seconds
[2024-04-05T09:35:10.912+0000] {processor.py:161} INFO - Started process (PID=503) to work on /home/airflow/.local/lib/python3.8/site-packages/airflow/example_dags/example_setup_teardown.py
[2024-04-05T09:35:10.914+0000] {processor.py:830} INFO - Processing file /home/airflow/.local/lib/python3.8/site-packages/airflow/example_dags/example_setup_teardown.py for tasks to queue
[2024-04-05T09:35:10.917+0000] {logging_mixin.py:188} INFO - [2024-04-05T09:35:10.916+0000] {dagbag.py:540} INFO - Filling up the DagBag from /home/airflow/.local/lib/python3.8/site-packages/airflow/example_dags/example_setup_teardown.py
[2024-04-05T09:35:10.926+0000] {processor.py:840} INFO - DAG(s) 'example_setup_teardown' retrieved from /home/airflow/.local/lib/python3.8/site-packages/airflow/example_dags/example_setup_teardown.py
[2024-04-05T09:35:10.958+0000] {logging_mixin.py:188} INFO - [2024-04-05T09:35:10.958+0000] {dag.py:3047} INFO - Sync 1 DAGs
[2024-04-05T09:35:10.991+0000] {logging_mixin.py:188} INFO - [2024-04-05T09:35:10.991+0000] {dag.py:3834} INFO - Setting next_dagrun for example_setup_teardown to 2024-04-04 00:00:00+00:00, run_after=2024-04-05 00:00:00+00:00
[2024-04-05T09:35:11.023+0000] {processor.py:183} INFO - Processing /home/airflow/.local/lib/python3.8/site-packages/airflow/example_dags/example_setup_teardown.py took 0.116 seconds
[2024-04-05T09:35:41.287+0000] {processor.py:161} INFO - Started process (PID=566) to work on /home/airflow/.local/lib/python3.8/site-packages/airflow/example_dags/example_setup_teardown.py
[2024-04-05T09:35:41.289+0000] {processor.py:830} INFO - Processing file /home/airflow/.local/lib/python3.8/site-packages/airflow/example_dags/example_setup_teardown.py for tasks to queue
[2024-04-05T09:35:41.292+0000] {logging_mixin.py:188} INFO - [2024-04-05T09:35:41.291+0000] {dagbag.py:540} INFO - Filling up the DagBag from /home/airflow/.local/lib/python3.8/site-packages/airflow/example_dags/example_setup_teardown.py
[2024-04-05T09:35:41.301+0000] {processor.py:840} INFO - DAG(s) 'example_setup_teardown' retrieved from /home/airflow/.local/lib/python3.8/site-packages/airflow/example_dags/example_setup_teardown.py
[2024-04-05T09:35:41.330+0000] {logging_mixin.py:188} INFO - [2024-04-05T09:35:41.329+0000] {dag.py:3047} INFO - Sync 1 DAGs
[2024-04-05T09:35:41.365+0000] {logging_mixin.py:188} INFO - [2024-04-05T09:35:41.365+0000] {dag.py:3834} INFO - Setting next_dagrun for example_setup_teardown to 2024-04-04 00:00:00+00:00, run_after=2024-04-05 00:00:00+00:00
[2024-04-05T09:35:41.390+0000] {processor.py:183} INFO - Processing /home/airflow/.local/lib/python3.8/site-packages/airflow/example_dags/example_setup_teardown.py took 0.107 seconds
[2024-04-05T09:35:50.233+0000] {processor.py:161} INFO - Started process (PID=628) to work on /home/airflow/.local/lib/python3.8/site-packages/airflow/example_dags/example_setup_teardown.py
[2024-04-05T09:35:50.235+0000] {processor.py:830} INFO - Processing file /home/airflow/.local/lib/python3.8/site-packages/airflow/example_dags/example_setup_teardown.py for tasks to queue
[2024-04-05T09:35:50.238+0000] {logging_mixin.py:188} INFO - [2024-04-05T09:35:50.237+0000] {dagbag.py:540} INFO - Filling up the DagBag from /home/airflow/.local/lib/python3.8/site-packages/airflow/example_dags/example_setup_teardown.py
[2024-04-05T09:35:50.246+0000] {processor.py:840} INFO - DAG(s) 'example_setup_teardown' retrieved from /home/airflow/.local/lib/python3.8/site-packages/airflow/example_dags/example_setup_teardown.py
[2024-04-05T09:35:50.287+0000] {logging_mixin.py:188} INFO - [2024-04-05T09:35:50.287+0000] {dag.py:3047} INFO - Sync 1 DAGs
[2024-04-05T09:35:50.327+0000] {logging_mixin.py:188} INFO - [2024-04-05T09:35:50.326+0000] {dag.py:3834} INFO - Setting next_dagrun for example_setup_teardown to 2024-04-04 00:00:00+00:00, run_after=2024-04-05 00:00:00+00:00
[2024-04-05T09:35:50.364+0000] {processor.py:183} INFO - Processing /home/airflow/.local/lib/python3.8/site-packages/airflow/example_dags/example_setup_teardown.py took 0.135 seconds
[2024-04-05T09:36:14.288+0000] {processor.py:161} INFO - Started process (PID=690) to work on /home/airflow/.local/lib/python3.8/site-packages/airflow/example_dags/example_setup_teardown.py
[2024-04-05T09:36:14.306+0000] {processor.py:830} INFO - Processing file /home/airflow/.local/lib/python3.8/site-packages/airflow/example_dags/example_setup_teardown.py for tasks to queue
[2024-04-05T09:36:14.313+0000] {logging_mixin.py:188} INFO - [2024-04-05T09:36:14.312+0000] {dagbag.py:540} INFO - Filling up the DagBag from /home/airflow/.local/lib/python3.8/site-packages/airflow/example_dags/example_setup_teardown.py
[2024-04-05T09:36:14.375+0000] {processor.py:840} INFO - DAG(s) 'example_setup_teardown' retrieved from /home/airflow/.local/lib/python3.8/site-packages/airflow/example_dags/example_setup_teardown.py
[2024-04-05T09:36:14.629+0000] {logging_mixin.py:188} INFO - [2024-04-05T09:36:14.617+0000] {dag.py:3047} INFO - Sync 1 DAGs
[2024-04-05T09:36:14.955+0000] {logging_mixin.py:188} INFO - [2024-04-05T09:36:14.954+0000] {dag.py:3834} INFO - Setting next_dagrun for example_setup_teardown to 2024-04-04 00:00:00+00:00, run_after=2024-04-05 00:00:00+00:00
[2024-04-05T09:36:15.218+0000] {processor.py:183} INFO - Processing /home/airflow/.local/lib/python3.8/site-packages/airflow/example_dags/example_setup_teardown.py took 0.961 seconds
[2024-04-05T09:36:36.454+0000] {processor.py:161} INFO - Started process (PID=747) to work on /home/airflow/.local/lib/python3.8/site-packages/airflow/example_dags/example_setup_teardown.py
[2024-04-05T09:36:36.475+0000] {processor.py:830} INFO - Processing file /home/airflow/.local/lib/python3.8/site-packages/airflow/example_dags/example_setup_teardown.py for tasks to queue
[2024-04-05T09:36:36.496+0000] {logging_mixin.py:188} INFO - [2024-04-05T09:36:36.492+0000] {dagbag.py:540} INFO - Filling up the DagBag from /home/airflow/.local/lib/python3.8/site-packages/airflow/example_dags/example_setup_teardown.py
[2024-04-05T09:36:36.583+0000] {processor.py:840} INFO - DAG(s) 'example_setup_teardown' retrieved from /home/airflow/.local/lib/python3.8/site-packages/airflow/example_dags/example_setup_teardown.py
[2024-04-05T09:36:36.725+0000] {logging_mixin.py:188} INFO - [2024-04-05T09:36:36.723+0000] {dag.py:3047} INFO - Sync 1 DAGs
[2024-04-05T09:36:36.928+0000] {logging_mixin.py:188} INFO - [2024-04-05T09:36:36.926+0000] {dag.py:3834} INFO - Setting next_dagrun for example_setup_teardown to 2024-04-04 00:00:00+00:00, run_after=2024-04-05 00:00:00+00:00
[2024-04-05T09:36:37.088+0000] {processor.py:183} INFO - Processing /home/airflow/.local/lib/python3.8/site-packages/airflow/example_dags/example_setup_teardown.py took 0.658 seconds
[2024-04-05T09:36:59.073+0000] {processor.py:161} INFO - Started process (PID=797) to work on /home/airflow/.local/lib/python3.8/site-packages/airflow/example_dags/example_setup_teardown.py
[2024-04-05T09:36:59.092+0000] {processor.py:830} INFO - Processing file /home/airflow/.local/lib/python3.8/site-packages/airflow/example_dags/example_setup_teardown.py for tasks to queue
[2024-04-05T09:36:59.118+0000] {logging_mixin.py:188} INFO - [2024-04-05T09:36:59.110+0000] {dagbag.py:540} INFO - Filling up the DagBag from /home/airflow/.local/lib/python3.8/site-packages/airflow/example_dags/example_setup_teardown.py
[2024-04-05T09:36:59.177+0000] {processor.py:840} INFO - DAG(s) 'example_setup_teardown' retrieved from /home/airflow/.local/lib/python3.8/site-packages/airflow/example_dags/example_setup_teardown.py
[2024-04-05T09:36:59.447+0000] {logging_mixin.py:188} INFO - [2024-04-05T09:36:59.433+0000] {dag.py:3047} INFO - Sync 1 DAGs
[2024-04-05T09:36:59.741+0000] {logging_mixin.py:188} INFO - [2024-04-05T09:36:59.738+0000] {dag.py:3834} INFO - Setting next_dagrun for example_setup_teardown to 2024-04-04 00:00:00+00:00, run_after=2024-04-05 00:00:00+00:00
[2024-04-05T09:37:00.092+0000] {processor.py:183} INFO - Processing /home/airflow/.local/lib/python3.8/site-packages/airflow/example_dags/example_setup_teardown.py took 1.050 seconds
[2024-04-05T09:37:12.022+0000] {processor.py:161} INFO - Started process (PID=840) to work on /home/airflow/.local/lib/python3.8/site-packages/airflow/example_dags/example_setup_teardown.py
[2024-04-05T09:37:12.028+0000] {processor.py:830} INFO - Processing file /home/airflow/.local/lib/python3.8/site-packages/airflow/example_dags/example_setup_teardown.py for tasks to queue
[2024-04-05T09:37:12.075+0000] {logging_mixin.py:188} INFO - [2024-04-05T09:37:12.072+0000] {dagbag.py:540} INFO - Filling up the DagBag from /home/airflow/.local/lib/python3.8/site-packages/airflow/example_dags/example_setup_teardown.py
[2024-04-05T09:37:12.169+0000] {processor.py:840} INFO - DAG(s) 'example_setup_teardown' retrieved from /home/airflow/.local/lib/python3.8/site-packages/airflow/example_dags/example_setup_teardown.py
[2024-04-05T09:37:12.420+0000] {logging_mixin.py:188} INFO - [2024-04-05T09:37:12.405+0000] {dag.py:3047} INFO - Sync 1 DAGs
[2024-04-05T09:37:12.845+0000] {logging_mixin.py:188} INFO - [2024-04-05T09:37:12.845+0000] {dag.py:3834} INFO - Setting next_dagrun for example_setup_teardown to 2024-04-04 00:00:00+00:00, run_after=2024-04-05 00:00:00+00:00
[2024-04-05T09:37:13.080+0000] {processor.py:183} INFO - Processing /home/airflow/.local/lib/python3.8/site-packages/airflow/example_dags/example_setup_teardown.py took 1.081 seconds
[2024-04-05T09:37:37.853+0000] {processor.py:161} INFO - Started process (PID=902) to work on /home/airflow/.local/lib/python3.8/site-packages/airflow/example_dags/example_setup_teardown.py
[2024-04-05T09:37:37.864+0000] {processor.py:830} INFO - Processing file /home/airflow/.local/lib/python3.8/site-packages/airflow/example_dags/example_setup_teardown.py for tasks to queue
[2024-04-05T09:37:37.886+0000] {logging_mixin.py:188} INFO - [2024-04-05T09:37:37.882+0000] {dagbag.py:540} INFO - Filling up the DagBag from /home/airflow/.local/lib/python3.8/site-packages/airflow/example_dags/example_setup_teardown.py
[2024-04-05T09:37:37.959+0000] {processor.py:840} INFO - DAG(s) 'example_setup_teardown' retrieved from /home/airflow/.local/lib/python3.8/site-packages/airflow/example_dags/example_setup_teardown.py
[2024-04-05T09:37:38.145+0000] {logging_mixin.py:188} INFO - [2024-04-05T09:37:38.142+0000] {dag.py:3047} INFO - Sync 1 DAGs
[2024-04-05T09:37:38.421+0000] {logging_mixin.py:188} INFO - [2024-04-05T09:37:38.418+0000] {dag.py:3834} INFO - Setting next_dagrun for example_setup_teardown to 2024-04-04 00:00:00+00:00, run_after=2024-04-05 00:00:00+00:00
[2024-04-05T09:37:38.636+0000] {processor.py:183} INFO - Processing /home/airflow/.local/lib/python3.8/site-packages/airflow/example_dags/example_setup_teardown.py took 0.849 seconds
[2024-04-05T09:37:59.251+0000] {processor.py:161} INFO - Started process (PID=947) to work on /home/airflow/.local/lib/python3.8/site-packages/airflow/example_dags/example_setup_teardown.py
[2024-04-05T09:37:59.272+0000] {processor.py:830} INFO - Processing file /home/airflow/.local/lib/python3.8/site-packages/airflow/example_dags/example_setup_teardown.py for tasks to queue
[2024-04-05T09:37:59.299+0000] {logging_mixin.py:188} INFO - [2024-04-05T09:37:59.296+0000] {dagbag.py:540} INFO - Filling up the DagBag from /home/airflow/.local/lib/python3.8/site-packages/airflow/example_dags/example_setup_teardown.py
[2024-04-05T09:37:59.368+0000] {processor.py:840} INFO - DAG(s) 'example_setup_teardown' retrieved from /home/airflow/.local/lib/python3.8/site-packages/airflow/example_dags/example_setup_teardown.py
[2024-04-05T09:37:59.583+0000] {logging_mixin.py:188} INFO - [2024-04-05T09:37:59.582+0000] {dag.py:3047} INFO - Sync 1 DAGs
[2024-04-05T09:37:59.899+0000] {logging_mixin.py:188} INFO - [2024-04-05T09:37:59.898+0000] {dag.py:3834} INFO - Setting next_dagrun for example_setup_teardown to 2024-04-04 00:00:00+00:00, run_after=2024-04-05 00:00:00+00:00
[2024-04-05T09:38:00.160+0000] {processor.py:183} INFO - Processing /home/airflow/.local/lib/python3.8/site-packages/airflow/example_dags/example_setup_teardown.py took 0.961 seconds
[2024-04-05T09:38:15.515+0000] {processor.py:161} INFO - Started process (PID=1005) to work on /home/airflow/.local/lib/python3.8/site-packages/airflow/example_dags/example_setup_teardown.py
[2024-04-05T09:38:15.557+0000] {processor.py:830} INFO - Processing file /home/airflow/.local/lib/python3.8/site-packages/airflow/example_dags/example_setup_teardown.py for tasks to queue
[2024-04-05T09:38:15.596+0000] {logging_mixin.py:188} INFO - [2024-04-05T09:38:15.595+0000] {dagbag.py:540} INFO - Filling up the DagBag from /home/airflow/.local/lib/python3.8/site-packages/airflow/example_dags/example_setup_teardown.py
[2024-04-05T09:38:15.651+0000] {processor.py:840} INFO - DAG(s) 'example_setup_teardown' retrieved from /home/airflow/.local/lib/python3.8/site-packages/airflow/example_dags/example_setup_teardown.py
[2024-04-05T09:38:15.847+0000] {logging_mixin.py:188} INFO - [2024-04-05T09:38:15.844+0000] {dag.py:3047} INFO - Sync 1 DAGs
[2024-04-05T09:38:16.239+0000] {logging_mixin.py:188} INFO - [2024-04-05T09:38:16.236+0000] {dag.py:3834} INFO - Setting next_dagrun for example_setup_teardown to 2024-04-04 00:00:00+00:00, run_after=2024-04-05 00:00:00+00:00
[2024-04-05T09:38:16.718+0000] {processor.py:183} INFO - Processing /home/airflow/.local/lib/python3.8/site-packages/airflow/example_dags/example_setup_teardown.py took 1.237 seconds
[2024-04-05T09:38:37.916+0000] {processor.py:161} INFO - Started process (PID=1055) to work on /home/airflow/.local/lib/python3.8/site-packages/airflow/example_dags/example_setup_teardown.py
[2024-04-05T09:38:37.923+0000] {processor.py:830} INFO - Processing file /home/airflow/.local/lib/python3.8/site-packages/airflow/example_dags/example_setup_teardown.py for tasks to queue
[2024-04-05T09:38:37.956+0000] {logging_mixin.py:188} INFO - [2024-04-05T09:38:37.954+0000] {dagbag.py:540} INFO - Filling up the DagBag from /home/airflow/.local/lib/python3.8/site-packages/airflow/example_dags/example_setup_teardown.py
[2024-04-05T09:38:38.008+0000] {processor.py:840} INFO - DAG(s) 'example_setup_teardown' retrieved from /home/airflow/.local/lib/python3.8/site-packages/airflow/example_dags/example_setup_teardown.py
[2024-04-05T09:38:38.236+0000] {logging_mixin.py:188} INFO - [2024-04-05T09:38:38.235+0000] {dag.py:3047} INFO - Sync 1 DAGs
[2024-04-05T09:38:38.397+0000] {logging_mixin.py:188} INFO - [2024-04-05T09:38:38.397+0000] {dag.py:3834} INFO - Setting next_dagrun for example_setup_teardown to 2024-04-04 00:00:00+00:00, run_after=2024-04-05 00:00:00+00:00
[2024-04-05T09:38:38.604+0000] {processor.py:183} INFO - Processing /home/airflow/.local/lib/python3.8/site-packages/airflow/example_dags/example_setup_teardown.py took 0.719 seconds
