[2024-04-05T09:31:03.813+0000] {processor.py:161} INFO - Started process (PID=54) to work on /home/airflow/.local/lib/python3.8/site-packages/airflow/example_dags/example_nested_branch_dag.py
[2024-04-05T09:31:03.819+0000] {processor.py:830} INFO - Processing file /home/airflow/.local/lib/python3.8/site-packages/airflow/example_dags/example_nested_branch_dag.py for tasks to queue
[2024-04-05T09:31:03.827+0000] {logging_mixin.py:188} INFO - [2024-04-05T09:31:03.825+0000] {dagbag.py:540} INFO - Filling up the DagBag from /home/airflow/.local/lib/python3.8/site-packages/airflow/example_dags/example_nested_branch_dag.py
[2024-04-05T09:31:03.858+0000] {processor.py:840} INFO - DAG(s) 'example_nested_branch_dag' retrieved from /home/airflow/.local/lib/python3.8/site-packages/airflow/example_dags/example_nested_branch_dag.py
[2024-04-05T09:31:04.124+0000] {logging_mixin.py:188} INFO - [2024-04-05T09:31:04.123+0000] {dag.py:3047} INFO - Sync 1 DAGs
[2024-04-05T09:31:04.215+0000] {logging_mixin.py:188} INFO - [2024-04-05T09:31:04.214+0000] {dag.py:3834} INFO - Setting next_dagrun for example_nested_branch_dag to 2024-04-04 00:00:00+00:00, run_after=2024-04-05 00:00:00+00:00
[2024-04-05T09:31:04.320+0000] {processor.py:183} INFO - Processing /home/airflow/.local/lib/python3.8/site-packages/airflow/example_dags/example_nested_branch_dag.py took 0.520 seconds
[2024-04-05T09:31:34.450+0000] {processor.py:161} INFO - Started process (PID=108) to work on /home/airflow/.local/lib/python3.8/site-packages/airflow/example_dags/example_nested_branch_dag.py
[2024-04-05T09:31:34.453+0000] {processor.py:830} INFO - Processing file /home/airflow/.local/lib/python3.8/site-packages/airflow/example_dags/example_nested_branch_dag.py for tasks to queue
[2024-04-05T09:31:34.457+0000] {logging_mixin.py:188} INFO - [2024-04-05T09:31:34.456+0000] {dagbag.py:540} INFO - Filling up the DagBag from /home/airflow/.local/lib/python3.8/site-packages/airflow/example_dags/example_nested_branch_dag.py
[2024-04-05T09:31:34.482+0000] {processor.py:840} INFO - DAG(s) 'example_nested_branch_dag' retrieved from /home/airflow/.local/lib/python3.8/site-packages/airflow/example_dags/example_nested_branch_dag.py
[2024-04-05T09:31:34.514+0000] {logging_mixin.py:188} INFO - [2024-04-05T09:31:34.514+0000] {dag.py:3047} INFO - Sync 1 DAGs
[2024-04-05T09:31:34.552+0000] {logging_mixin.py:188} INFO - [2024-04-05T09:31:34.552+0000] {dag.py:3834} INFO - Setting next_dagrun for example_nested_branch_dag to 2024-04-04 00:00:00+00:00, run_after=2024-04-05 00:00:00+00:00
[2024-04-05T09:31:34.591+0000] {processor.py:183} INFO - Processing /home/airflow/.local/lib/python3.8/site-packages/airflow/example_dags/example_nested_branch_dag.py took 0.146 seconds
[2024-04-05T09:32:04.719+0000] {processor.py:161} INFO - Started process (PID=163) to work on /home/airflow/.local/lib/python3.8/site-packages/airflow/example_dags/example_nested_branch_dag.py
[2024-04-05T09:32:04.720+0000] {processor.py:830} INFO - Processing file /home/airflow/.local/lib/python3.8/site-packages/airflow/example_dags/example_nested_branch_dag.py for tasks to queue
[2024-04-05T09:32:04.722+0000] {logging_mixin.py:188} INFO - [2024-04-05T09:32:04.722+0000] {dagbag.py:540} INFO - Filling up the DagBag from /home/airflow/.local/lib/python3.8/site-packages/airflow/example_dags/example_nested_branch_dag.py
[2024-04-05T09:32:04.733+0000] {processor.py:840} INFO - DAG(s) 'example_nested_branch_dag' retrieved from /home/airflow/.local/lib/python3.8/site-packages/airflow/example_dags/example_nested_branch_dag.py
[2024-04-05T09:32:04.760+0000] {logging_mixin.py:188} INFO - [2024-04-05T09:32:04.760+0000] {dag.py:3047} INFO - Sync 1 DAGs
[2024-04-05T09:32:04.785+0000] {logging_mixin.py:188} INFO - [2024-04-05T09:32:04.785+0000] {dag.py:3834} INFO - Setting next_dagrun for example_nested_branch_dag to 2024-04-04 00:00:00+00:00, run_after=2024-04-05 00:00:00+00:00
[2024-04-05T09:32:04.811+0000] {processor.py:183} INFO - Processing /home/airflow/.local/lib/python3.8/site-packages/airflow/example_dags/example_nested_branch_dag.py took 0.095 seconds
[2024-04-05T09:32:35.460+0000] {processor.py:161} INFO - Started process (PID=218) to work on /home/airflow/.local/lib/python3.8/site-packages/airflow/example_dags/example_nested_branch_dag.py
[2024-04-05T09:32:35.462+0000] {processor.py:830} INFO - Processing file /home/airflow/.local/lib/python3.8/site-packages/airflow/example_dags/example_nested_branch_dag.py for tasks to queue
[2024-04-05T09:32:35.466+0000] {logging_mixin.py:188} INFO - [2024-04-05T09:32:35.465+0000] {dagbag.py:540} INFO - Filling up the DagBag from /home/airflow/.local/lib/python3.8/site-packages/airflow/example_dags/example_nested_branch_dag.py
[2024-04-05T09:32:35.493+0000] {processor.py:840} INFO - DAG(s) 'example_nested_branch_dag' retrieved from /home/airflow/.local/lib/python3.8/site-packages/airflow/example_dags/example_nested_branch_dag.py
[2024-04-05T09:32:35.533+0000] {logging_mixin.py:188} INFO - [2024-04-05T09:32:35.533+0000] {dag.py:3047} INFO - Sync 1 DAGs
[2024-04-05T09:32:35.588+0000] {logging_mixin.py:188} INFO - [2024-04-05T09:32:35.587+0000] {dag.py:3834} INFO - Setting next_dagrun for example_nested_branch_dag to 2024-04-04 00:00:00+00:00, run_after=2024-04-05 00:00:00+00:00
[2024-04-05T09:32:35.627+0000] {processor.py:183} INFO - Processing /home/airflow/.local/lib/python3.8/site-packages/airflow/example_dags/example_nested_branch_dag.py took 0.173 seconds
[2024-04-05T09:33:05.992+0000] {processor.py:161} INFO - Started process (PID=273) to work on /home/airflow/.local/lib/python3.8/site-packages/airflow/example_dags/example_nested_branch_dag.py
[2024-04-05T09:33:05.994+0000] {processor.py:830} INFO - Processing file /home/airflow/.local/lib/python3.8/site-packages/airflow/example_dags/example_nested_branch_dag.py for tasks to queue
[2024-04-05T09:33:05.996+0000] {logging_mixin.py:188} INFO - [2024-04-05T09:33:05.996+0000] {dagbag.py:540} INFO - Filling up the DagBag from /home/airflow/.local/lib/python3.8/site-packages/airflow/example_dags/example_nested_branch_dag.py
[2024-04-05T09:33:06.017+0000] {processor.py:840} INFO - DAG(s) 'example_nested_branch_dag' retrieved from /home/airflow/.local/lib/python3.8/site-packages/airflow/example_dags/example_nested_branch_dag.py
[2024-04-05T09:33:06.062+0000] {logging_mixin.py:188} INFO - [2024-04-05T09:33:06.061+0000] {dag.py:3047} INFO - Sync 1 DAGs
[2024-04-05T09:33:06.107+0000] {logging_mixin.py:188} INFO - [2024-04-05T09:33:06.107+0000] {dag.py:3834} INFO - Setting next_dagrun for example_nested_branch_dag to 2024-04-04 00:00:00+00:00, run_after=2024-04-05 00:00:00+00:00
[2024-04-05T09:33:06.152+0000] {processor.py:183} INFO - Processing /home/airflow/.local/lib/python3.8/site-packages/airflow/example_dags/example_nested_branch_dag.py took 0.166 seconds
[2024-04-05T09:33:36.356+0000] {processor.py:161} INFO - Started process (PID=328) to work on /home/airflow/.local/lib/python3.8/site-packages/airflow/example_dags/example_nested_branch_dag.py
[2024-04-05T09:33:36.357+0000] {processor.py:830} INFO - Processing file /home/airflow/.local/lib/python3.8/site-packages/airflow/example_dags/example_nested_branch_dag.py for tasks to queue
[2024-04-05T09:33:36.359+0000] {logging_mixin.py:188} INFO - [2024-04-05T09:33:36.359+0000] {dagbag.py:540} INFO - Filling up the DagBag from /home/airflow/.local/lib/python3.8/site-packages/airflow/example_dags/example_nested_branch_dag.py
[2024-04-05T09:33:36.371+0000] {processor.py:840} INFO - DAG(s) 'example_nested_branch_dag' retrieved from /home/airflow/.local/lib/python3.8/site-packages/airflow/example_dags/example_nested_branch_dag.py
[2024-04-05T09:33:36.395+0000] {logging_mixin.py:188} INFO - [2024-04-05T09:33:36.395+0000] {dag.py:3047} INFO - Sync 1 DAGs
[2024-04-05T09:33:36.421+0000] {logging_mixin.py:188} INFO - [2024-04-05T09:33:36.421+0000] {dag.py:3834} INFO - Setting next_dagrun for example_nested_branch_dag to 2024-04-04 00:00:00+00:00, run_after=2024-04-05 00:00:00+00:00
[2024-04-05T09:33:36.450+0000] {processor.py:183} INFO - Processing /home/airflow/.local/lib/python3.8/site-packages/airflow/example_dags/example_nested_branch_dag.py took 0.097 seconds
[2024-04-05T09:34:06.803+0000] {processor.py:161} INFO - Started process (PID=383) to work on /home/airflow/.local/lib/python3.8/site-packages/airflow/example_dags/example_nested_branch_dag.py
[2024-04-05T09:34:06.805+0000] {processor.py:830} INFO - Processing file /home/airflow/.local/lib/python3.8/site-packages/airflow/example_dags/example_nested_branch_dag.py for tasks to queue
[2024-04-05T09:34:06.808+0000] {logging_mixin.py:188} INFO - [2024-04-05T09:34:06.807+0000] {dagbag.py:540} INFO - Filling up the DagBag from /home/airflow/.local/lib/python3.8/site-packages/airflow/example_dags/example_nested_branch_dag.py
[2024-04-05T09:34:06.832+0000] {processor.py:840} INFO - DAG(s) 'example_nested_branch_dag' retrieved from /home/airflow/.local/lib/python3.8/site-packages/airflow/example_dags/example_nested_branch_dag.py
[2024-04-05T09:34:06.877+0000] {logging_mixin.py:188} INFO - [2024-04-05T09:34:06.876+0000] {dag.py:3047} INFO - Sync 1 DAGs
[2024-04-05T09:34:06.932+0000] {logging_mixin.py:188} INFO - [2024-04-05T09:34:06.932+0000] {dag.py:3834} INFO - Setting next_dagrun for example_nested_branch_dag to 2024-04-04 00:00:00+00:00, run_after=2024-04-05 00:00:00+00:00
[2024-04-05T09:34:06.981+0000] {processor.py:183} INFO - Processing /home/airflow/.local/lib/python3.8/site-packages/airflow/example_dags/example_nested_branch_dag.py took 0.182 seconds
[2024-04-05T09:34:37.156+0000] {processor.py:161} INFO - Started process (PID=438) to work on /home/airflow/.local/lib/python3.8/site-packages/airflow/example_dags/example_nested_branch_dag.py
[2024-04-05T09:34:37.159+0000] {processor.py:830} INFO - Processing file /home/airflow/.local/lib/python3.8/site-packages/airflow/example_dags/example_nested_branch_dag.py for tasks to queue
[2024-04-05T09:34:37.164+0000] {logging_mixin.py:188} INFO - [2024-04-05T09:34:37.163+0000] {dagbag.py:540} INFO - Filling up the DagBag from /home/airflow/.local/lib/python3.8/site-packages/airflow/example_dags/example_nested_branch_dag.py
[2024-04-05T09:34:37.194+0000] {processor.py:840} INFO - DAG(s) 'example_nested_branch_dag' retrieved from /home/airflow/.local/lib/python3.8/site-packages/airflow/example_dags/example_nested_branch_dag.py
[2024-04-05T09:34:37.263+0000] {logging_mixin.py:188} INFO - [2024-04-05T09:34:37.262+0000] {dag.py:3047} INFO - Sync 1 DAGs
[2024-04-05T09:34:37.433+0000] {logging_mixin.py:188} INFO - [2024-04-05T09:34:37.431+0000] {dag.py:3834} INFO - Setting next_dagrun for example_nested_branch_dag to 2024-04-04 00:00:00+00:00, run_after=2024-04-05 00:00:00+00:00
[2024-04-05T09:34:37.508+0000] {processor.py:183} INFO - Processing /home/airflow/.local/lib/python3.8/site-packages/airflow/example_dags/example_nested_branch_dag.py took 0.359 seconds
[2024-04-05T09:35:07.998+0000] {processor.py:161} INFO - Started process (PID=493) to work on /home/airflow/.local/lib/python3.8/site-packages/airflow/example_dags/example_nested_branch_dag.py
[2024-04-05T09:35:08.000+0000] {processor.py:830} INFO - Processing file /home/airflow/.local/lib/python3.8/site-packages/airflow/example_dags/example_nested_branch_dag.py for tasks to queue
[2024-04-05T09:35:08.002+0000] {logging_mixin.py:188} INFO - [2024-04-05T09:35:08.002+0000] {dagbag.py:540} INFO - Filling up the DagBag from /home/airflow/.local/lib/python3.8/site-packages/airflow/example_dags/example_nested_branch_dag.py
[2024-04-05T09:35:08.017+0000] {processor.py:840} INFO - DAG(s) 'example_nested_branch_dag' retrieved from /home/airflow/.local/lib/python3.8/site-packages/airflow/example_dags/example_nested_branch_dag.py
[2024-04-05T09:35:08.047+0000] {logging_mixin.py:188} INFO - [2024-04-05T09:35:08.047+0000] {dag.py:3047} INFO - Sync 1 DAGs
[2024-04-05T09:35:08.077+0000] {logging_mixin.py:188} INFO - [2024-04-05T09:35:08.076+0000] {dag.py:3834} INFO - Setting next_dagrun for example_nested_branch_dag to 2024-04-04 00:00:00+00:00, run_after=2024-04-05 00:00:00+00:00
[2024-04-05T09:35:08.104+0000] {processor.py:183} INFO - Processing /home/airflow/.local/lib/python3.8/site-packages/airflow/example_dags/example_nested_branch_dag.py took 0.110 seconds
[2024-04-05T09:35:38.389+0000] {processor.py:161} INFO - Started process (PID=555) to work on /home/airflow/.local/lib/python3.8/site-packages/airflow/example_dags/example_nested_branch_dag.py
[2024-04-05T09:35:38.390+0000] {processor.py:830} INFO - Processing file /home/airflow/.local/lib/python3.8/site-packages/airflow/example_dags/example_nested_branch_dag.py for tasks to queue
[2024-04-05T09:35:38.395+0000] {logging_mixin.py:188} INFO - [2024-04-05T09:35:38.394+0000] {dagbag.py:540} INFO - Filling up the DagBag from /home/airflow/.local/lib/python3.8/site-packages/airflow/example_dags/example_nested_branch_dag.py
[2024-04-05T09:35:38.410+0000] {processor.py:840} INFO - DAG(s) 'example_nested_branch_dag' retrieved from /home/airflow/.local/lib/python3.8/site-packages/airflow/example_dags/example_nested_branch_dag.py
[2024-04-05T09:35:38.439+0000] {logging_mixin.py:188} INFO - [2024-04-05T09:35:38.438+0000] {dag.py:3047} INFO - Sync 1 DAGs
[2024-04-05T09:35:38.473+0000] {logging_mixin.py:188} INFO - [2024-04-05T09:35:38.473+0000] {dag.py:3834} INFO - Setting next_dagrun for example_nested_branch_dag to 2024-04-04 00:00:00+00:00, run_after=2024-04-05 00:00:00+00:00
[2024-04-05T09:35:38.502+0000] {processor.py:183} INFO - Processing /home/airflow/.local/lib/python3.8/site-packages/airflow/example_dags/example_nested_branch_dag.py took 0.119 seconds
[2024-04-05T09:35:47.819+0000] {processor.py:161} INFO - Started process (PID=619) to work on /home/airflow/.local/lib/python3.8/site-packages/airflow/example_dags/example_nested_branch_dag.py
[2024-04-05T09:35:47.821+0000] {processor.py:830} INFO - Processing file /home/airflow/.local/lib/python3.8/site-packages/airflow/example_dags/example_nested_branch_dag.py for tasks to queue
[2024-04-05T09:35:47.824+0000] {logging_mixin.py:188} INFO - [2024-04-05T09:35:47.823+0000] {dagbag.py:540} INFO - Filling up the DagBag from /home/airflow/.local/lib/python3.8/site-packages/airflow/example_dags/example_nested_branch_dag.py
[2024-04-05T09:35:47.846+0000] {processor.py:840} INFO - DAG(s) 'example_nested_branch_dag' retrieved from /home/airflow/.local/lib/python3.8/site-packages/airflow/example_dags/example_nested_branch_dag.py
[2024-04-05T09:35:47.885+0000] {logging_mixin.py:188} INFO - [2024-04-05T09:35:47.885+0000] {dag.py:3047} INFO - Sync 1 DAGs
[2024-04-05T09:35:47.924+0000] {logging_mixin.py:188} INFO - [2024-04-05T09:35:47.924+0000] {dag.py:3834} INFO - Setting next_dagrun for example_nested_branch_dag to 2024-04-04 00:00:00+00:00, run_after=2024-04-05 00:00:00+00:00
[2024-04-05T09:35:47.954+0000] {processor.py:183} INFO - Processing /home/airflow/.local/lib/python3.8/site-packages/airflow/example_dags/example_nested_branch_dag.py took 0.139 seconds
[2024-04-05T09:36:08.936+0000] {processor.py:161} INFO - Started process (PID=680) to work on /home/airflow/.local/lib/python3.8/site-packages/airflow/example_dags/example_nested_branch_dag.py
[2024-04-05T09:36:08.941+0000] {processor.py:830} INFO - Processing file /home/airflow/.local/lib/python3.8/site-packages/airflow/example_dags/example_nested_branch_dag.py for tasks to queue
[2024-04-05T09:36:08.947+0000] {logging_mixin.py:188} INFO - [2024-04-05T09:36:08.946+0000] {dagbag.py:540} INFO - Filling up the DagBag from /home/airflow/.local/lib/python3.8/site-packages/airflow/example_dags/example_nested_branch_dag.py
[2024-04-05T09:36:08.989+0000] {processor.py:840} INFO - DAG(s) 'example_nested_branch_dag' retrieved from /home/airflow/.local/lib/python3.8/site-packages/airflow/example_dags/example_nested_branch_dag.py
[2024-04-05T09:36:09.060+0000] {logging_mixin.py:188} INFO - [2024-04-05T09:36:09.059+0000] {dag.py:3047} INFO - Sync 1 DAGs
[2024-04-05T09:36:09.174+0000] {logging_mixin.py:188} INFO - [2024-04-05T09:36:09.173+0000] {dag.py:3834} INFO - Setting next_dagrun for example_nested_branch_dag to 2024-04-04 00:00:00+00:00, run_after=2024-04-05 00:00:00+00:00
[2024-04-05T09:36:09.244+0000] {processor.py:183} INFO - Processing /home/airflow/.local/lib/python3.8/site-packages/airflow/example_dags/example_nested_branch_dag.py took 0.322 seconds
[2024-04-05T09:36:24.125+0000] {processor.py:161} INFO - Started process (PID=715) to work on /home/airflow/.local/lib/python3.8/site-packages/airflow/example_dags/example_nested_branch_dag.py
[2024-04-05T09:36:24.161+0000] {processor.py:830} INFO - Processing file /home/airflow/.local/lib/python3.8/site-packages/airflow/example_dags/example_nested_branch_dag.py for tasks to queue
[2024-04-05T09:36:24.191+0000] {logging_mixin.py:188} INFO - [2024-04-05T09:36:24.190+0000] {dagbag.py:540} INFO - Filling up the DagBag from /home/airflow/.local/lib/python3.8/site-packages/airflow/example_dags/example_nested_branch_dag.py
[2024-04-05T09:36:24.345+0000] {processor.py:840} INFO - DAG(s) 'example_nested_branch_dag' retrieved from /home/airflow/.local/lib/python3.8/site-packages/airflow/example_dags/example_nested_branch_dag.py
[2024-04-05T09:36:24.604+0000] {logging_mixin.py:188} INFO - [2024-04-05T09:36:24.603+0000] {dag.py:3047} INFO - Sync 1 DAGs
[2024-04-05T09:36:24.844+0000] {logging_mixin.py:188} INFO - [2024-04-05T09:36:24.843+0000] {dag.py:3834} INFO - Setting next_dagrun for example_nested_branch_dag to 2024-04-04 00:00:00+00:00, run_after=2024-04-05 00:00:00+00:00
[2024-04-05T09:36:25.101+0000] {processor.py:183} INFO - Processing /home/airflow/.local/lib/python3.8/site-packages/airflow/example_dags/example_nested_branch_dag.py took 1.026 seconds
[2024-04-05T09:36:47.977+0000] {processor.py:161} INFO - Started process (PID=768) to work on /home/airflow/.local/lib/python3.8/site-packages/airflow/example_dags/example_nested_branch_dag.py
[2024-04-05T09:36:48.005+0000] {processor.py:830} INFO - Processing file /home/airflow/.local/lib/python3.8/site-packages/airflow/example_dags/example_nested_branch_dag.py for tasks to queue
[2024-04-05T09:36:48.022+0000] {logging_mixin.py:188} INFO - [2024-04-05T09:36:48.013+0000] {dagbag.py:540} INFO - Filling up the DagBag from /home/airflow/.local/lib/python3.8/site-packages/airflow/example_dags/example_nested_branch_dag.py
[2024-04-05T09:36:48.137+0000] {processor.py:840} INFO - DAG(s) 'example_nested_branch_dag' retrieved from /home/airflow/.local/lib/python3.8/site-packages/airflow/example_dags/example_nested_branch_dag.py
[2024-04-05T09:36:48.334+0000] {logging_mixin.py:188} INFO - [2024-04-05T09:36:48.332+0000] {dag.py:3047} INFO - Sync 1 DAGs
[2024-04-05T09:36:48.629+0000] {logging_mixin.py:188} INFO - [2024-04-05T09:36:48.618+0000] {dag.py:3834} INFO - Setting next_dagrun for example_nested_branch_dag to 2024-04-04 00:00:00+00:00, run_after=2024-04-05 00:00:00+00:00
[2024-04-05T09:36:48.865+0000] {processor.py:183} INFO - Processing /home/airflow/.local/lib/python3.8/site-packages/airflow/example_dags/example_nested_branch_dag.py took 0.934 seconds
[2024-04-05T09:37:05.679+0000] {processor.py:161} INFO - Started process (PID=822) to work on /home/airflow/.local/lib/python3.8/site-packages/airflow/example_dags/example_nested_branch_dag.py
[2024-04-05T09:37:05.684+0000] {processor.py:830} INFO - Processing file /home/airflow/.local/lib/python3.8/site-packages/airflow/example_dags/example_nested_branch_dag.py for tasks to queue
[2024-04-05T09:37:05.705+0000] {logging_mixin.py:188} INFO - [2024-04-05T09:37:05.704+0000] {dagbag.py:540} INFO - Filling up the DagBag from /home/airflow/.local/lib/python3.8/site-packages/airflow/example_dags/example_nested_branch_dag.py
[2024-04-05T09:37:05.802+0000] {processor.py:840} INFO - DAG(s) 'example_nested_branch_dag' retrieved from /home/airflow/.local/lib/python3.8/site-packages/airflow/example_dags/example_nested_branch_dag.py
[2024-04-05T09:37:06.176+0000] {logging_mixin.py:188} INFO - [2024-04-05T09:37:06.175+0000] {dag.py:3047} INFO - Sync 1 DAGs
[2024-04-05T09:37:06.433+0000] {logging_mixin.py:188} INFO - [2024-04-05T09:37:06.422+0000] {dag.py:3834} INFO - Setting next_dagrun for example_nested_branch_dag to 2024-04-04 00:00:00+00:00, run_after=2024-04-05 00:00:00+00:00
[2024-04-05T09:37:06.668+0000] {processor.py:183} INFO - Processing /home/airflow/.local/lib/python3.8/site-packages/airflow/example_dags/example_nested_branch_dag.py took 1.024 seconds
[2024-04-05T09:37:24.585+0000] {processor.py:161} INFO - Started process (PID=873) to work on /home/airflow/.local/lib/python3.8/site-packages/airflow/example_dags/example_nested_branch_dag.py
[2024-04-05T09:37:24.652+0000] {processor.py:830} INFO - Processing file /home/airflow/.local/lib/python3.8/site-packages/airflow/example_dags/example_nested_branch_dag.py for tasks to queue
[2024-04-05T09:37:24.675+0000] {logging_mixin.py:188} INFO - [2024-04-05T09:37:24.670+0000] {dagbag.py:540} INFO - Filling up the DagBag from /home/airflow/.local/lib/python3.8/site-packages/airflow/example_dags/example_nested_branch_dag.py
[2024-04-05T09:37:24.787+0000] {processor.py:840} INFO - DAG(s) 'example_nested_branch_dag' retrieved from /home/airflow/.local/lib/python3.8/site-packages/airflow/example_dags/example_nested_branch_dag.py
[2024-04-05T09:37:25.029+0000] {logging_mixin.py:188} INFO - [2024-04-05T09:37:25.020+0000] {dag.py:3047} INFO - Sync 1 DAGs
[2024-04-05T09:37:25.306+0000] {logging_mixin.py:188} INFO - [2024-04-05T09:37:25.305+0000] {dag.py:3834} INFO - Setting next_dagrun for example_nested_branch_dag to 2024-04-04 00:00:00+00:00, run_after=2024-04-05 00:00:00+00:00
[2024-04-05T09:37:25.541+0000] {processor.py:183} INFO - Processing /home/airflow/.local/lib/python3.8/site-packages/airflow/example_dags/example_nested_branch_dag.py took 0.978 seconds
[2024-04-05T09:37:50.919+0000] {processor.py:161} INFO - Started process (PID=928) to work on /home/airflow/.local/lib/python3.8/site-packages/airflow/example_dags/example_nested_branch_dag.py
[2024-04-05T09:37:50.954+0000] {processor.py:830} INFO - Processing file /home/airflow/.local/lib/python3.8/site-packages/airflow/example_dags/example_nested_branch_dag.py for tasks to queue
[2024-04-05T09:37:50.978+0000] {logging_mixin.py:188} INFO - [2024-04-05T09:37:50.975+0000] {dagbag.py:540} INFO - Filling up the DagBag from /home/airflow/.local/lib/python3.8/site-packages/airflow/example_dags/example_nested_branch_dag.py
[2024-04-05T09:37:51.152+0000] {processor.py:840} INFO - DAG(s) 'example_nested_branch_dag' retrieved from /home/airflow/.local/lib/python3.8/site-packages/airflow/example_dags/example_nested_branch_dag.py
[2024-04-05T09:37:51.463+0000] {logging_mixin.py:188} INFO - [2024-04-05T09:37:51.462+0000] {dag.py:3047} INFO - Sync 1 DAGs
[2024-04-05T09:37:51.812+0000] {logging_mixin.py:188} INFO - [2024-04-05T09:37:51.809+0000] {dag.py:3834} INFO - Setting next_dagrun for example_nested_branch_dag to 2024-04-04 00:00:00+00:00, run_after=2024-04-05 00:00:00+00:00
[2024-04-05T09:37:52.037+0000] {processor.py:183} INFO - Processing /home/airflow/.local/lib/python3.8/site-packages/airflow/example_dags/example_nested_branch_dag.py took 1.149 seconds
[2024-04-05T09:38:08.580+0000] {processor.py:161} INFO - Started process (PID=987) to work on /home/airflow/.local/lib/python3.8/site-packages/airflow/example_dags/example_nested_branch_dag.py
[2024-04-05T09:38:08.585+0000] {processor.py:830} INFO - Processing file /home/airflow/.local/lib/python3.8/site-packages/airflow/example_dags/example_nested_branch_dag.py for tasks to queue
[2024-04-05T09:38:08.591+0000] {logging_mixin.py:188} INFO - [2024-04-05T09:38:08.590+0000] {dagbag.py:540} INFO - Filling up the DagBag from /home/airflow/.local/lib/python3.8/site-packages/airflow/example_dags/example_nested_branch_dag.py
[2024-04-05T09:38:08.649+0000] {processor.py:840} INFO - DAG(s) 'example_nested_branch_dag' retrieved from /home/airflow/.local/lib/python3.8/site-packages/airflow/example_dags/example_nested_branch_dag.py
[2024-04-05T09:38:08.780+0000] {logging_mixin.py:188} INFO - [2024-04-05T09:38:08.779+0000] {dag.py:3047} INFO - Sync 1 DAGs
[2024-04-05T09:38:09.036+0000] {logging_mixin.py:188} INFO - [2024-04-05T09:38:09.032+0000] {dag.py:3834} INFO - Setting next_dagrun for example_nested_branch_dag to 2024-04-04 00:00:00+00:00, run_after=2024-04-05 00:00:00+00:00
[2024-04-05T09:38:09.149+0000] {processor.py:183} INFO - Processing /home/airflow/.local/lib/python3.8/site-packages/airflow/example_dags/example_nested_branch_dag.py took 0.582 seconds
[2024-04-05T09:38:31.359+0000] {processor.py:161} INFO - Started process (PID=1037) to work on /home/airflow/.local/lib/python3.8/site-packages/airflow/example_dags/example_nested_branch_dag.py
[2024-04-05T09:38:31.372+0000] {processor.py:830} INFO - Processing file /home/airflow/.local/lib/python3.8/site-packages/airflow/example_dags/example_nested_branch_dag.py for tasks to queue
[2024-04-05T09:38:31.385+0000] {logging_mixin.py:188} INFO - [2024-04-05T09:38:31.384+0000] {dagbag.py:540} INFO - Filling up the DagBag from /home/airflow/.local/lib/python3.8/site-packages/airflow/example_dags/example_nested_branch_dag.py
[2024-04-05T09:38:31.504+0000] {processor.py:840} INFO - DAG(s) 'example_nested_branch_dag' retrieved from /home/airflow/.local/lib/python3.8/site-packages/airflow/example_dags/example_nested_branch_dag.py
[2024-04-05T09:38:31.686+0000] {logging_mixin.py:188} INFO - [2024-04-05T09:38:31.684+0000] {dag.py:3047} INFO - Sync 1 DAGs
[2024-04-05T09:38:31.897+0000] {logging_mixin.py:188} INFO - [2024-04-05T09:38:31.885+0000] {dag.py:3834} INFO - Setting next_dagrun for example_nested_branch_dag to 2024-04-04 00:00:00+00:00, run_after=2024-04-05 00:00:00+00:00
[2024-04-05T09:38:32.139+0000] {processor.py:183} INFO - Processing /home/airflow/.local/lib/python3.8/site-packages/airflow/example_dags/example_nested_branch_dag.py took 0.801 seconds
