[2024-04-05T09:31:08.831+0000] {processor.py:161} INFO - Started process (PID=75) to work on /home/airflow/.local/lib/python3.8/site-packages/airflow/example_dags/example_task_group.py
[2024-04-05T09:31:08.832+0000] {processor.py:830} INFO - Processing file /home/airflow/.local/lib/python3.8/site-packages/airflow/example_dags/example_task_group.py for tasks to queue
[2024-04-05T09:31:08.846+0000] {logging_mixin.py:188} INFO - [2024-04-05T09:31:08.836+0000] {dagbag.py:540} INFO - Filling up the DagBag from /home/airflow/.local/lib/python3.8/site-packages/airflow/example_dags/example_task_group.py
[2024-04-05T09:31:08.863+0000] {processor.py:840} INFO - DAG(s) 'example_task_group' retrieved from /home/airflow/.local/lib/python3.8/site-packages/airflow/example_dags/example_task_group.py
[2024-04-05T09:31:09.155+0000] {logging_mixin.py:188} INFO - [2024-04-05T09:31:09.154+0000] {dag.py:3047} INFO - Sync 1 DAGs
[2024-04-05T09:31:09.190+0000] {logging_mixin.py:188} INFO - [2024-04-05T09:31:09.189+0000] {dag.py:3834} INFO - Setting next_dagrun for example_task_group to 2024-04-04 00:00:00+00:00, run_after=2024-04-05 00:00:00+00:00
[2024-04-05T09:31:09.226+0000] {processor.py:183} INFO - Processing /home/airflow/.local/lib/python3.8/site-packages/airflow/example_dags/example_task_group.py took 0.400 seconds
[2024-04-05T09:31:39.286+0000] {processor.py:161} INFO - Started process (PID=130) to work on /home/airflow/.local/lib/python3.8/site-packages/airflow/example_dags/example_task_group.py
[2024-04-05T09:31:39.288+0000] {processor.py:830} INFO - Processing file /home/airflow/.local/lib/python3.8/site-packages/airflow/example_dags/example_task_group.py for tasks to queue
[2024-04-05T09:31:39.291+0000] {logging_mixin.py:188} INFO - [2024-04-05T09:31:39.290+0000] {dagbag.py:540} INFO - Filling up the DagBag from /home/airflow/.local/lib/python3.8/site-packages/airflow/example_dags/example_task_group.py
[2024-04-05T09:31:39.305+0000] {processor.py:840} INFO - DAG(s) 'example_task_group' retrieved from /home/airflow/.local/lib/python3.8/site-packages/airflow/example_dags/example_task_group.py
[2024-04-05T09:31:39.336+0000] {logging_mixin.py:188} INFO - [2024-04-05T09:31:39.336+0000] {dag.py:3047} INFO - Sync 1 DAGs
[2024-04-05T09:31:39.364+0000] {logging_mixin.py:188} INFO - [2024-04-05T09:31:39.364+0000] {dag.py:3834} INFO - Setting next_dagrun for example_task_group to 2024-04-04 00:00:00+00:00, run_after=2024-04-05 00:00:00+00:00
[2024-04-05T09:31:39.388+0000] {processor.py:183} INFO - Processing /home/airflow/.local/lib/python3.8/site-packages/airflow/example_dags/example_task_group.py took 0.108 seconds
[2024-04-05T09:32:09.684+0000] {processor.py:161} INFO - Started process (PID=185) to work on /home/airflow/.local/lib/python3.8/site-packages/airflow/example_dags/example_task_group.py
[2024-04-05T09:32:09.686+0000] {processor.py:830} INFO - Processing file /home/airflow/.local/lib/python3.8/site-packages/airflow/example_dags/example_task_group.py for tasks to queue
[2024-04-05T09:32:09.689+0000] {logging_mixin.py:188} INFO - [2024-04-05T09:32:09.688+0000] {dagbag.py:540} INFO - Filling up the DagBag from /home/airflow/.local/lib/python3.8/site-packages/airflow/example_dags/example_task_group.py
[2024-04-05T09:32:09.704+0000] {processor.py:840} INFO - DAG(s) 'example_task_group' retrieved from /home/airflow/.local/lib/python3.8/site-packages/airflow/example_dags/example_task_group.py
[2024-04-05T09:32:09.739+0000] {logging_mixin.py:188} INFO - [2024-04-05T09:32:09.738+0000] {dag.py:3047} INFO - Sync 1 DAGs
[2024-04-05T09:32:09.774+0000] {logging_mixin.py:188} INFO - [2024-04-05T09:32:09.774+0000] {dag.py:3834} INFO - Setting next_dagrun for example_task_group to 2024-04-04 00:00:00+00:00, run_after=2024-04-05 00:00:00+00:00
[2024-04-05T09:32:09.801+0000] {processor.py:183} INFO - Processing /home/airflow/.local/lib/python3.8/site-packages/airflow/example_dags/example_task_group.py took 0.124 seconds
[2024-04-05T09:32:39.991+0000] {processor.py:161} INFO - Started process (PID=240) to work on /home/airflow/.local/lib/python3.8/site-packages/airflow/example_dags/example_task_group.py
[2024-04-05T09:32:39.994+0000] {processor.py:830} INFO - Processing file /home/airflow/.local/lib/python3.8/site-packages/airflow/example_dags/example_task_group.py for tasks to queue
[2024-04-05T09:32:40.000+0000] {logging_mixin.py:188} INFO - [2024-04-05T09:32:39.999+0000] {dagbag.py:540} INFO - Filling up the DagBag from /home/airflow/.local/lib/python3.8/site-packages/airflow/example_dags/example_task_group.py
[2024-04-05T09:32:40.028+0000] {processor.py:840} INFO - DAG(s) 'example_task_group' retrieved from /home/airflow/.local/lib/python3.8/site-packages/airflow/example_dags/example_task_group.py
[2024-04-05T09:32:40.074+0000] {logging_mixin.py:188} INFO - [2024-04-05T09:32:40.073+0000] {dag.py:3047} INFO - Sync 1 DAGs
[2024-04-05T09:32:40.111+0000] {logging_mixin.py:188} INFO - [2024-04-05T09:32:40.111+0000] {dag.py:3834} INFO - Setting next_dagrun for example_task_group to 2024-04-04 00:00:00+00:00, run_after=2024-04-05 00:00:00+00:00
[2024-04-05T09:32:40.136+0000] {processor.py:183} INFO - Processing /home/airflow/.local/lib/python3.8/site-packages/airflow/example_dags/example_task_group.py took 0.156 seconds
[2024-04-05T09:33:10.562+0000] {processor.py:161} INFO - Started process (PID=295) to work on /home/airflow/.local/lib/python3.8/site-packages/airflow/example_dags/example_task_group.py
[2024-04-05T09:33:10.563+0000] {processor.py:830} INFO - Processing file /home/airflow/.local/lib/python3.8/site-packages/airflow/example_dags/example_task_group.py for tasks to queue
[2024-04-05T09:33:10.566+0000] {logging_mixin.py:188} INFO - [2024-04-05T09:33:10.565+0000] {dagbag.py:540} INFO - Filling up the DagBag from /home/airflow/.local/lib/python3.8/site-packages/airflow/example_dags/example_task_group.py
[2024-04-05T09:33:10.576+0000] {processor.py:840} INFO - DAG(s) 'example_task_group' retrieved from /home/airflow/.local/lib/python3.8/site-packages/airflow/example_dags/example_task_group.py
[2024-04-05T09:33:10.605+0000] {logging_mixin.py:188} INFO - [2024-04-05T09:33:10.604+0000] {dag.py:3047} INFO - Sync 1 DAGs
[2024-04-05T09:33:10.633+0000] {logging_mixin.py:188} INFO - [2024-04-05T09:33:10.633+0000] {dag.py:3834} INFO - Setting next_dagrun for example_task_group to 2024-04-04 00:00:00+00:00, run_after=2024-04-05 00:00:00+00:00
[2024-04-05T09:33:10.661+0000] {processor.py:183} INFO - Processing /home/airflow/.local/lib/python3.8/site-packages/airflow/example_dags/example_task_group.py took 0.103 seconds
[2024-04-05T09:33:41.167+0000] {processor.py:161} INFO - Started process (PID=350) to work on /home/airflow/.local/lib/python3.8/site-packages/airflow/example_dags/example_task_group.py
[2024-04-05T09:33:41.169+0000] {processor.py:830} INFO - Processing file /home/airflow/.local/lib/python3.8/site-packages/airflow/example_dags/example_task_group.py for tasks to queue
[2024-04-05T09:33:41.171+0000] {logging_mixin.py:188} INFO - [2024-04-05T09:33:41.171+0000] {dagbag.py:540} INFO - Filling up the DagBag from /home/airflow/.local/lib/python3.8/site-packages/airflow/example_dags/example_task_group.py
[2024-04-05T09:33:41.181+0000] {processor.py:840} INFO - DAG(s) 'example_task_group' retrieved from /home/airflow/.local/lib/python3.8/site-packages/airflow/example_dags/example_task_group.py
[2024-04-05T09:33:41.217+0000] {logging_mixin.py:188} INFO - [2024-04-05T09:33:41.216+0000] {dag.py:3047} INFO - Sync 1 DAGs
[2024-04-05T09:33:41.257+0000] {logging_mixin.py:188} INFO - [2024-04-05T09:33:41.256+0000] {dag.py:3834} INFO - Setting next_dagrun for example_task_group to 2024-04-04 00:00:00+00:00, run_after=2024-04-05 00:00:00+00:00
[2024-04-05T09:33:41.279+0000] {processor.py:183} INFO - Processing /home/airflow/.local/lib/python3.8/site-packages/airflow/example_dags/example_task_group.py took 0.116 seconds
[2024-04-05T09:34:11.579+0000] {processor.py:161} INFO - Started process (PID=405) to work on /home/airflow/.local/lib/python3.8/site-packages/airflow/example_dags/example_task_group.py
[2024-04-05T09:34:11.582+0000] {processor.py:830} INFO - Processing file /home/airflow/.local/lib/python3.8/site-packages/airflow/example_dags/example_task_group.py for tasks to queue
[2024-04-05T09:34:11.586+0000] {logging_mixin.py:188} INFO - [2024-04-05T09:34:11.585+0000] {dagbag.py:540} INFO - Filling up the DagBag from /home/airflow/.local/lib/python3.8/site-packages/airflow/example_dags/example_task_group.py
[2024-04-05T09:34:11.598+0000] {processor.py:840} INFO - DAG(s) 'example_task_group' retrieved from /home/airflow/.local/lib/python3.8/site-packages/airflow/example_dags/example_task_group.py
[2024-04-05T09:34:11.636+0000] {logging_mixin.py:188} INFO - [2024-04-05T09:34:11.635+0000] {dag.py:3047} INFO - Sync 1 DAGs
[2024-04-05T09:34:11.673+0000] {logging_mixin.py:188} INFO - [2024-04-05T09:34:11.673+0000] {dag.py:3834} INFO - Setting next_dagrun for example_task_group to 2024-04-04 00:00:00+00:00, run_after=2024-04-05 00:00:00+00:00
[2024-04-05T09:34:11.709+0000] {processor.py:183} INFO - Processing /home/airflow/.local/lib/python3.8/site-packages/airflow/example_dags/example_task_group.py took 0.136 seconds
[2024-04-05T09:34:42.629+0000] {processor.py:161} INFO - Started process (PID=460) to work on /home/airflow/.local/lib/python3.8/site-packages/airflow/example_dags/example_task_group.py
[2024-04-05T09:34:42.630+0000] {processor.py:830} INFO - Processing file /home/airflow/.local/lib/python3.8/site-packages/airflow/example_dags/example_task_group.py for tasks to queue
[2024-04-05T09:34:42.633+0000] {logging_mixin.py:188} INFO - [2024-04-05T09:34:42.632+0000] {dagbag.py:540} INFO - Filling up the DagBag from /home/airflow/.local/lib/python3.8/site-packages/airflow/example_dags/example_task_group.py
[2024-04-05T09:34:42.646+0000] {processor.py:840} INFO - DAG(s) 'example_task_group' retrieved from /home/airflow/.local/lib/python3.8/site-packages/airflow/example_dags/example_task_group.py
[2024-04-05T09:34:42.676+0000] {logging_mixin.py:188} INFO - [2024-04-05T09:34:42.676+0000] {dag.py:3047} INFO - Sync 1 DAGs
[2024-04-05T09:34:42.705+0000] {logging_mixin.py:188} INFO - [2024-04-05T09:34:42.705+0000] {dag.py:3834} INFO - Setting next_dagrun for example_task_group to 2024-04-04 00:00:00+00:00, run_after=2024-04-05 00:00:00+00:00
[2024-04-05T09:34:42.728+0000] {processor.py:183} INFO - Processing /home/airflow/.local/lib/python3.8/site-packages/airflow/example_dags/example_task_group.py took 0.104 seconds
[2024-04-05T09:35:12.905+0000] {processor.py:161} INFO - Started process (PID=515) to work on /home/airflow/.local/lib/python3.8/site-packages/airflow/example_dags/example_task_group.py
[2024-04-05T09:35:12.908+0000] {processor.py:830} INFO - Processing file /home/airflow/.local/lib/python3.8/site-packages/airflow/example_dags/example_task_group.py for tasks to queue
[2024-04-05T09:35:12.912+0000] {logging_mixin.py:188} INFO - [2024-04-05T09:35:12.911+0000] {dagbag.py:540} INFO - Filling up the DagBag from /home/airflow/.local/lib/python3.8/site-packages/airflow/example_dags/example_task_group.py
[2024-04-05T09:35:12.925+0000] {processor.py:840} INFO - DAG(s) 'example_task_group' retrieved from /home/airflow/.local/lib/python3.8/site-packages/airflow/example_dags/example_task_group.py
[2024-04-05T09:35:12.970+0000] {logging_mixin.py:188} INFO - [2024-04-05T09:35:12.969+0000] {dag.py:3047} INFO - Sync 1 DAGs
[2024-04-05T09:35:13.013+0000] {logging_mixin.py:188} INFO - [2024-04-05T09:35:13.013+0000] {dag.py:3834} INFO - Setting next_dagrun for example_task_group to 2024-04-04 00:00:00+00:00, run_after=2024-04-05 00:00:00+00:00
[2024-04-05T09:35:13.042+0000] {processor.py:183} INFO - Processing /home/airflow/.local/lib/python3.8/site-packages/airflow/example_dags/example_task_group.py took 0.145 seconds
[2024-04-05T09:35:43.200+0000] {processor.py:161} INFO - Started process (PID=579) to work on /home/airflow/.local/lib/python3.8/site-packages/airflow/example_dags/example_task_group.py
[2024-04-05T09:35:43.201+0000] {processor.py:830} INFO - Processing file /home/airflow/.local/lib/python3.8/site-packages/airflow/example_dags/example_task_group.py for tasks to queue
[2024-04-05T09:35:43.203+0000] {logging_mixin.py:188} INFO - [2024-04-05T09:35:43.203+0000] {dagbag.py:540} INFO - Filling up the DagBag from /home/airflow/.local/lib/python3.8/site-packages/airflow/example_dags/example_task_group.py
[2024-04-05T09:35:43.216+0000] {processor.py:840} INFO - DAG(s) 'example_task_group' retrieved from /home/airflow/.local/lib/python3.8/site-packages/airflow/example_dags/example_task_group.py
[2024-04-05T09:35:43.244+0000] {logging_mixin.py:188} INFO - [2024-04-05T09:35:43.244+0000] {dag.py:3047} INFO - Sync 1 DAGs
[2024-04-05T09:35:43.272+0000] {logging_mixin.py:188} INFO - [2024-04-05T09:35:43.272+0000] {dag.py:3834} INFO - Setting next_dagrun for example_task_group to 2024-04-04 00:00:00+00:00, run_after=2024-04-05 00:00:00+00:00
[2024-04-05T09:35:43.296+0000] {processor.py:183} INFO - Processing /home/airflow/.local/lib/python3.8/site-packages/airflow/example_dags/example_task_group.py took 0.100 seconds
[2024-04-05T09:35:52.729+0000] {processor.py:161} INFO - Started process (PID=646) to work on /home/airflow/.local/lib/python3.8/site-packages/airflow/example_dags/example_task_group.py
[2024-04-05T09:35:52.733+0000] {processor.py:830} INFO - Processing file /home/airflow/.local/lib/python3.8/site-packages/airflow/example_dags/example_task_group.py for tasks to queue
[2024-04-05T09:35:52.738+0000] {logging_mixin.py:188} INFO - [2024-04-05T09:35:52.737+0000] {dagbag.py:540} INFO - Filling up the DagBag from /home/airflow/.local/lib/python3.8/site-packages/airflow/example_dags/example_task_group.py
[2024-04-05T09:35:52.763+0000] {processor.py:840} INFO - DAG(s) 'example_task_group' retrieved from /home/airflow/.local/lib/python3.8/site-packages/airflow/example_dags/example_task_group.py
[2024-04-05T09:35:52.861+0000] {logging_mixin.py:188} INFO - [2024-04-05T09:35:52.860+0000] {dag.py:3047} INFO - Sync 1 DAGs
[2024-04-05T09:35:52.942+0000] {logging_mixin.py:188} INFO - [2024-04-05T09:35:52.942+0000] {dag.py:3834} INFO - Setting next_dagrun for example_task_group to 2024-04-04 00:00:00+00:00, run_after=2024-04-05 00:00:00+00:00
[2024-04-05T09:35:53.012+0000] {processor.py:183} INFO - Processing /home/airflow/.local/lib/python3.8/site-packages/airflow/example_dags/example_task_group.py took 0.299 seconds
[2024-04-05T09:36:22.339+0000] {processor.py:161} INFO - Started process (PID=712) to work on /home/airflow/.local/lib/python3.8/site-packages/airflow/example_dags/example_task_group.py
[2024-04-05T09:36:22.371+0000] {processor.py:830} INFO - Processing file /home/airflow/.local/lib/python3.8/site-packages/airflow/example_dags/example_task_group.py for tasks to queue
[2024-04-05T09:36:22.398+0000] {logging_mixin.py:188} INFO - [2024-04-05T09:36:22.394+0000] {dagbag.py:540} INFO - Filling up the DagBag from /home/airflow/.local/lib/python3.8/site-packages/airflow/example_dags/example_task_group.py
[2024-04-05T09:36:22.512+0000] {processor.py:840} INFO - DAG(s) 'example_task_group' retrieved from /home/airflow/.local/lib/python3.8/site-packages/airflow/example_dags/example_task_group.py
[2024-04-05T09:36:22.881+0000] {logging_mixin.py:188} INFO - [2024-04-05T09:36:22.880+0000] {dag.py:3047} INFO - Sync 1 DAGs
[2024-04-05T09:36:23.088+0000] {logging_mixin.py:188} INFO - [2024-04-05T09:36:23.087+0000] {dag.py:3834} INFO - Setting next_dagrun for example_task_group to 2024-04-04 00:00:00+00:00, run_after=2024-04-05 00:00:00+00:00
[2024-04-05T09:36:23.350+0000] {processor.py:183} INFO - Processing /home/airflow/.local/lib/python3.8/site-packages/airflow/example_dags/example_task_group.py took 1.039 seconds
[2024-04-05T09:36:47.514+0000] {processor.py:161} INFO - Started process (PID=767) to work on /home/airflow/.local/lib/python3.8/site-packages/airflow/example_dags/example_task_group.py
[2024-04-05T09:36:47.518+0000] {processor.py:830} INFO - Processing file /home/airflow/.local/lib/python3.8/site-packages/airflow/example_dags/example_task_group.py for tasks to queue
[2024-04-05T09:36:47.536+0000] {logging_mixin.py:188} INFO - [2024-04-05T09:36:47.535+0000] {dagbag.py:540} INFO - Filling up the DagBag from /home/airflow/.local/lib/python3.8/site-packages/airflow/example_dags/example_task_group.py
[2024-04-05T09:36:47.596+0000] {processor.py:840} INFO - DAG(s) 'example_task_group' retrieved from /home/airflow/.local/lib/python3.8/site-packages/airflow/example_dags/example_task_group.py
[2024-04-05T09:36:47.860+0000] {logging_mixin.py:188} INFO - [2024-04-05T09:36:47.859+0000] {dag.py:3047} INFO - Sync 1 DAGs
[2024-04-05T09:36:48.063+0000] {logging_mixin.py:188} INFO - [2024-04-05T09:36:48.058+0000] {dag.py:3834} INFO - Setting next_dagrun for example_task_group to 2024-04-04 00:00:00+00:00, run_after=2024-04-05 00:00:00+00:00
[2024-04-05T09:36:48.235+0000] {processor.py:183} INFO - Processing /home/airflow/.local/lib/python3.8/site-packages/airflow/example_dags/example_task_group.py took 0.756 seconds
[2024-04-05T09:37:06.801+0000] {processor.py:161} INFO - Started process (PID=824) to work on /home/airflow/.local/lib/python3.8/site-packages/airflow/example_dags/example_task_group.py
[2024-04-05T09:37:06.821+0000] {processor.py:830} INFO - Processing file /home/airflow/.local/lib/python3.8/site-packages/airflow/example_dags/example_task_group.py for tasks to queue
[2024-04-05T09:37:06.831+0000] {logging_mixin.py:188} INFO - [2024-04-05T09:37:06.830+0000] {dagbag.py:540} INFO - Filling up the DagBag from /home/airflow/.local/lib/python3.8/site-packages/airflow/example_dags/example_task_group.py
[2024-04-05T09:37:06.894+0000] {processor.py:840} INFO - DAG(s) 'example_task_group' retrieved from /home/airflow/.local/lib/python3.8/site-packages/airflow/example_dags/example_task_group.py
[2024-04-05T09:37:07.151+0000] {logging_mixin.py:188} INFO - [2024-04-05T09:37:07.150+0000] {dag.py:3047} INFO - Sync 1 DAGs
[2024-04-05T09:37:07.356+0000] {logging_mixin.py:188} INFO - [2024-04-05T09:37:07.355+0000] {dag.py:3834} INFO - Setting next_dagrun for example_task_group to 2024-04-04 00:00:00+00:00, run_after=2024-04-05 00:00:00+00:00
[2024-04-05T09:37:07.576+0000] {processor.py:183} INFO - Processing /home/airflow/.local/lib/python3.8/site-packages/airflow/example_dags/example_task_group.py took 0.796 seconds
[2024-04-05T09:37:23.785+0000] {processor.py:161} INFO - Started process (PID=872) to work on /home/airflow/.local/lib/python3.8/site-packages/airflow/example_dags/example_task_group.py
[2024-04-05T09:37:23.797+0000] {processor.py:830} INFO - Processing file /home/airflow/.local/lib/python3.8/site-packages/airflow/example_dags/example_task_group.py for tasks to queue
[2024-04-05T09:37:23.819+0000] {logging_mixin.py:188} INFO - [2024-04-05T09:37:23.817+0000] {dagbag.py:540} INFO - Filling up the DagBag from /home/airflow/.local/lib/python3.8/site-packages/airflow/example_dags/example_task_group.py
[2024-04-05T09:37:23.974+0000] {processor.py:840} INFO - DAG(s) 'example_task_group' retrieved from /home/airflow/.local/lib/python3.8/site-packages/airflow/example_dags/example_task_group.py
[2024-04-05T09:37:24.285+0000] {logging_mixin.py:188} INFO - [2024-04-05T09:37:24.284+0000] {dag.py:3047} INFO - Sync 1 DAGs
[2024-04-05T09:37:24.551+0000] {logging_mixin.py:188} INFO - [2024-04-05T09:37:24.549+0000] {dag.py:3834} INFO - Setting next_dagrun for example_task_group to 2024-04-04 00:00:00+00:00, run_after=2024-04-05 00:00:00+00:00
[2024-04-05T09:37:24.742+0000] {processor.py:183} INFO - Processing /home/airflow/.local/lib/python3.8/site-packages/airflow/example_dags/example_task_group.py took 1.007 seconds
[2024-04-05T09:37:52.395+0000] {processor.py:161} INFO - Started process (PID=930) to work on /home/airflow/.local/lib/python3.8/site-packages/airflow/example_dags/example_task_group.py
[2024-04-05T09:37:52.461+0000] {processor.py:830} INFO - Processing file /home/airflow/.local/lib/python3.8/site-packages/airflow/example_dags/example_task_group.py for tasks to queue
[2024-04-05T09:37:52.486+0000] {logging_mixin.py:188} INFO - [2024-04-05T09:37:52.485+0000] {dagbag.py:540} INFO - Filling up the DagBag from /home/airflow/.local/lib/python3.8/site-packages/airflow/example_dags/example_task_group.py
[2024-04-05T09:37:52.583+0000] {processor.py:840} INFO - DAG(s) 'example_task_group' retrieved from /home/airflow/.local/lib/python3.8/site-packages/airflow/example_dags/example_task_group.py
[2024-04-05T09:37:52.843+0000] {logging_mixin.py:188} INFO - [2024-04-05T09:37:52.842+0000] {dag.py:3047} INFO - Sync 1 DAGs
[2024-04-05T09:37:53.080+0000] {logging_mixin.py:188} INFO - [2024-04-05T09:37:53.079+0000] {dag.py:3834} INFO - Setting next_dagrun for example_task_group to 2024-04-04 00:00:00+00:00, run_after=2024-04-05 00:00:00+00:00
[2024-04-05T09:37:53.323+0000] {processor.py:183} INFO - Processing /home/airflow/.local/lib/python3.8/site-packages/airflow/example_dags/example_task_group.py took 0.998 seconds
[2024-04-05T09:38:07.279+0000] {processor.py:161} INFO - Started process (PID=979) to work on /home/airflow/.local/lib/python3.8/site-packages/airflow/example_dags/example_task_group.py
[2024-04-05T09:38:07.282+0000] {processor.py:830} INFO - Processing file /home/airflow/.local/lib/python3.8/site-packages/airflow/example_dags/example_task_group.py for tasks to queue
[2024-04-05T09:38:07.298+0000] {logging_mixin.py:188} INFO - [2024-04-05T09:38:07.292+0000] {dagbag.py:540} INFO - Filling up the DagBag from /home/airflow/.local/lib/python3.8/site-packages/airflow/example_dags/example_task_group.py
[2024-04-05T09:38:07.379+0000] {processor.py:840} INFO - DAG(s) 'example_task_group' retrieved from /home/airflow/.local/lib/python3.8/site-packages/airflow/example_dags/example_task_group.py
[2024-04-05T09:38:07.564+0000] {logging_mixin.py:188} INFO - [2024-04-05T09:38:07.563+0000] {dag.py:3047} INFO - Sync 1 DAGs
[2024-04-05T09:38:07.691+0000] {logging_mixin.py:188} INFO - [2024-04-05T09:38:07.690+0000] {dag.py:3834} INFO - Setting next_dagrun for example_task_group to 2024-04-04 00:00:00+00:00, run_after=2024-04-05 00:00:00+00:00
[2024-04-05T09:38:07.778+0000] {processor.py:183} INFO - Processing /home/airflow/.local/lib/python3.8/site-packages/airflow/example_dags/example_task_group.py took 0.512 seconds
[2024-04-05T09:38:29.038+0000] {processor.py:161} INFO - Started process (PID=1030) to work on /home/airflow/.local/lib/python3.8/site-packages/airflow/example_dags/example_task_group.py
[2024-04-05T09:38:29.044+0000] {processor.py:830} INFO - Processing file /home/airflow/.local/lib/python3.8/site-packages/airflow/example_dags/example_task_group.py for tasks to queue
[2024-04-05T09:38:29.050+0000] {logging_mixin.py:188} INFO - [2024-04-05T09:38:29.049+0000] {dagbag.py:540} INFO - Filling up the DagBag from /home/airflow/.local/lib/python3.8/site-packages/airflow/example_dags/example_task_group.py
[2024-04-05T09:38:29.077+0000] {processor.py:840} INFO - DAG(s) 'example_task_group' retrieved from /home/airflow/.local/lib/python3.8/site-packages/airflow/example_dags/example_task_group.py
[2024-04-05T09:38:29.269+0000] {logging_mixin.py:188} INFO - [2024-04-05T09:38:29.268+0000] {dag.py:3047} INFO - Sync 1 DAGs
[2024-04-05T09:38:29.476+0000] {logging_mixin.py:188} INFO - [2024-04-05T09:38:29.475+0000] {dag.py:3834} INFO - Setting next_dagrun for example_task_group to 2024-04-04 00:00:00+00:00, run_after=2024-04-05 00:00:00+00:00
[2024-04-05T09:38:29.668+0000] {processor.py:183} INFO - Processing /home/airflow/.local/lib/python3.8/site-packages/airflow/example_dags/example_task_group.py took 0.640 seconds
