[2024-04-05T09:31:05.763+0000] {processor.py:161} INFO - Started process (PID=60) to work on /home/airflow/.local/lib/python3.8/site-packages/airflow/example_dags/example_sensor_decorator.py
[2024-04-05T09:31:05.768+0000] {processor.py:830} INFO - Processing file /home/airflow/.local/lib/python3.8/site-packages/airflow/example_dags/example_sensor_decorator.py for tasks to queue
[2024-04-05T09:31:05.775+0000] {logging_mixin.py:188} INFO - [2024-04-05T09:31:05.773+0000] {dagbag.py:540} INFO - Filling up the DagBag from /home/airflow/.local/lib/python3.8/site-packages/airflow/example_dags/example_sensor_decorator.py
[2024-04-05T09:31:05.794+0000] {processor.py:840} INFO - DAG(s) 'example_sensor_decorator' retrieved from /home/airflow/.local/lib/python3.8/site-packages/airflow/example_dags/example_sensor_decorator.py
[2024-04-05T09:31:06.023+0000] {logging_mixin.py:188} INFO - [2024-04-05T09:31:06.023+0000] {dag.py:3047} INFO - Sync 1 DAGs
[2024-04-05T09:31:06.043+0000] {logging_mixin.py:188} INFO - [2024-04-05T09:31:06.043+0000] {dag.py:3834} INFO - Setting next_dagrun for example_sensor_decorator to None, run_after=None
[2024-04-05T09:31:06.077+0000] {processor.py:183} INFO - Processing /home/airflow/.local/lib/python3.8/site-packages/airflow/example_dags/example_sensor_decorator.py took 0.323 seconds
[2024-04-05T09:31:36.919+0000] {processor.py:161} INFO - Started process (PID=115) to work on /home/airflow/.local/lib/python3.8/site-packages/airflow/example_dags/example_sensor_decorator.py
[2024-04-05T09:31:36.920+0000] {processor.py:830} INFO - Processing file /home/airflow/.local/lib/python3.8/site-packages/airflow/example_dags/example_sensor_decorator.py for tasks to queue
[2024-04-05T09:31:36.923+0000] {logging_mixin.py:188} INFO - [2024-04-05T09:31:36.923+0000] {dagbag.py:540} INFO - Filling up the DagBag from /home/airflow/.local/lib/python3.8/site-packages/airflow/example_dags/example_sensor_decorator.py
[2024-04-05T09:31:36.930+0000] {processor.py:840} INFO - DAG(s) 'example_sensor_decorator' retrieved from /home/airflow/.local/lib/python3.8/site-packages/airflow/example_dags/example_sensor_decorator.py
[2024-04-05T09:31:36.957+0000] {logging_mixin.py:188} INFO - [2024-04-05T09:31:36.956+0000] {dag.py:3047} INFO - Sync 1 DAGs
[2024-04-05T09:31:36.971+0000] {logging_mixin.py:188} INFO - [2024-04-05T09:31:36.970+0000] {dag.py:3834} INFO - Setting next_dagrun for example_sensor_decorator to None, run_after=None
[2024-04-05T09:31:36.994+0000] {processor.py:183} INFO - Processing /home/airflow/.local/lib/python3.8/site-packages/airflow/example_dags/example_sensor_decorator.py took 0.078 seconds
[2024-04-05T09:32:07.251+0000] {processor.py:161} INFO - Started process (PID=170) to work on /home/airflow/.local/lib/python3.8/site-packages/airflow/example_dags/example_sensor_decorator.py
[2024-04-05T09:32:07.252+0000] {processor.py:830} INFO - Processing file /home/airflow/.local/lib/python3.8/site-packages/airflow/example_dags/example_sensor_decorator.py for tasks to queue
[2024-04-05T09:32:07.255+0000] {logging_mixin.py:188} INFO - [2024-04-05T09:32:07.255+0000] {dagbag.py:540} INFO - Filling up the DagBag from /home/airflow/.local/lib/python3.8/site-packages/airflow/example_dags/example_sensor_decorator.py
[2024-04-05T09:32:07.265+0000] {processor.py:840} INFO - DAG(s) 'example_sensor_decorator' retrieved from /home/airflow/.local/lib/python3.8/site-packages/airflow/example_dags/example_sensor_decorator.py
[2024-04-05T09:32:07.291+0000] {logging_mixin.py:188} INFO - [2024-04-05T09:32:07.291+0000] {dag.py:3047} INFO - Sync 1 DAGs
[2024-04-05T09:32:07.307+0000] {logging_mixin.py:188} INFO - [2024-04-05T09:32:07.307+0000] {dag.py:3834} INFO - Setting next_dagrun for example_sensor_decorator to None, run_after=None
[2024-04-05T09:32:07.328+0000] {processor.py:183} INFO - Processing /home/airflow/.local/lib/python3.8/site-packages/airflow/example_dags/example_sensor_decorator.py took 0.081 seconds
[2024-04-05T09:32:38.205+0000] {processor.py:161} INFO - Started process (PID=225) to work on /home/airflow/.local/lib/python3.8/site-packages/airflow/example_dags/example_sensor_decorator.py
[2024-04-05T09:32:38.206+0000] {processor.py:830} INFO - Processing file /home/airflow/.local/lib/python3.8/site-packages/airflow/example_dags/example_sensor_decorator.py for tasks to queue
[2024-04-05T09:32:38.209+0000] {logging_mixin.py:188} INFO - [2024-04-05T09:32:38.209+0000] {dagbag.py:540} INFO - Filling up the DagBag from /home/airflow/.local/lib/python3.8/site-packages/airflow/example_dags/example_sensor_decorator.py
[2024-04-05T09:32:38.223+0000] {processor.py:840} INFO - DAG(s) 'example_sensor_decorator' retrieved from /home/airflow/.local/lib/python3.8/site-packages/airflow/example_dags/example_sensor_decorator.py
[2024-04-05T09:32:38.273+0000] {logging_mixin.py:188} INFO - [2024-04-05T09:32:38.273+0000] {dag.py:3047} INFO - Sync 1 DAGs
[2024-04-05T09:32:38.299+0000] {logging_mixin.py:188} INFO - [2024-04-05T09:32:38.298+0000] {dag.py:3834} INFO - Setting next_dagrun for example_sensor_decorator to None, run_after=None
[2024-04-05T09:32:38.339+0000] {processor.py:183} INFO - Processing /home/airflow/.local/lib/python3.8/site-packages/airflow/example_dags/example_sensor_decorator.py took 0.139 seconds
[2024-04-05T09:33:08.640+0000] {processor.py:161} INFO - Started process (PID=280) to work on /home/airflow/.local/lib/python3.8/site-packages/airflow/example_dags/example_sensor_decorator.py
[2024-04-05T09:33:08.641+0000] {processor.py:830} INFO - Processing file /home/airflow/.local/lib/python3.8/site-packages/airflow/example_dags/example_sensor_decorator.py for tasks to queue
[2024-04-05T09:33:08.644+0000] {logging_mixin.py:188} INFO - [2024-04-05T09:33:08.644+0000] {dagbag.py:540} INFO - Filling up the DagBag from /home/airflow/.local/lib/python3.8/site-packages/airflow/example_dags/example_sensor_decorator.py
[2024-04-05T09:33:08.652+0000] {processor.py:840} INFO - DAG(s) 'example_sensor_decorator' retrieved from /home/airflow/.local/lib/python3.8/site-packages/airflow/example_dags/example_sensor_decorator.py
[2024-04-05T09:33:08.676+0000] {logging_mixin.py:188} INFO - [2024-04-05T09:33:08.676+0000] {dag.py:3047} INFO - Sync 1 DAGs
[2024-04-05T09:33:08.691+0000] {logging_mixin.py:188} INFO - [2024-04-05T09:33:08.691+0000] {dag.py:3834} INFO - Setting next_dagrun for example_sensor_decorator to None, run_after=None
[2024-04-05T09:33:08.715+0000] {processor.py:183} INFO - Processing /home/airflow/.local/lib/python3.8/site-packages/airflow/example_dags/example_sensor_decorator.py took 0.079 seconds
[2024-04-05T09:33:38.925+0000] {processor.py:161} INFO - Started process (PID=335) to work on /home/airflow/.local/lib/python3.8/site-packages/airflow/example_dags/example_sensor_decorator.py
[2024-04-05T09:33:38.927+0000] {processor.py:830} INFO - Processing file /home/airflow/.local/lib/python3.8/site-packages/airflow/example_dags/example_sensor_decorator.py for tasks to queue
[2024-04-05T09:33:38.930+0000] {logging_mixin.py:188} INFO - [2024-04-05T09:33:38.930+0000] {dagbag.py:540} INFO - Filling up the DagBag from /home/airflow/.local/lib/python3.8/site-packages/airflow/example_dags/example_sensor_decorator.py
[2024-04-05T09:33:38.937+0000] {processor.py:840} INFO - DAG(s) 'example_sensor_decorator' retrieved from /home/airflow/.local/lib/python3.8/site-packages/airflow/example_dags/example_sensor_decorator.py
[2024-04-05T09:33:38.961+0000] {logging_mixin.py:188} INFO - [2024-04-05T09:33:38.961+0000] {dag.py:3047} INFO - Sync 1 DAGs
[2024-04-05T09:33:38.978+0000] {logging_mixin.py:188} INFO - [2024-04-05T09:33:38.978+0000] {dag.py:3834} INFO - Setting next_dagrun for example_sensor_decorator to None, run_after=None
[2024-04-05T09:33:39.003+0000] {processor.py:183} INFO - Processing /home/airflow/.local/lib/python3.8/site-packages/airflow/example_dags/example_sensor_decorator.py took 0.081 seconds
[2024-04-05T09:34:09.820+0000] {processor.py:161} INFO - Started process (PID=390) to work on /home/airflow/.local/lib/python3.8/site-packages/airflow/example_dags/example_sensor_decorator.py
[2024-04-05T09:34:09.823+0000] {processor.py:830} INFO - Processing file /home/airflow/.local/lib/python3.8/site-packages/airflow/example_dags/example_sensor_decorator.py for tasks to queue
[2024-04-05T09:34:09.834+0000] {logging_mixin.py:188} INFO - [2024-04-05T09:34:09.833+0000] {dagbag.py:540} INFO - Filling up the DagBag from /home/airflow/.local/lib/python3.8/site-packages/airflow/example_dags/example_sensor_decorator.py
[2024-04-05T09:34:09.854+0000] {processor.py:840} INFO - DAG(s) 'example_sensor_decorator' retrieved from /home/airflow/.local/lib/python3.8/site-packages/airflow/example_dags/example_sensor_decorator.py
[2024-04-05T09:34:09.915+0000] {logging_mixin.py:188} INFO - [2024-04-05T09:34:09.915+0000] {dag.py:3047} INFO - Sync 1 DAGs
[2024-04-05T09:34:09.949+0000] {logging_mixin.py:188} INFO - [2024-04-05T09:34:09.948+0000] {dag.py:3834} INFO - Setting next_dagrun for example_sensor_decorator to None, run_after=None
[2024-04-05T09:34:09.989+0000] {processor.py:183} INFO - Processing /home/airflow/.local/lib/python3.8/site-packages/airflow/example_dags/example_sensor_decorator.py took 0.187 seconds
[2024-04-05T09:34:40.436+0000] {processor.py:161} INFO - Started process (PID=445) to work on /home/airflow/.local/lib/python3.8/site-packages/airflow/example_dags/example_sensor_decorator.py
[2024-04-05T09:34:40.437+0000] {processor.py:830} INFO - Processing file /home/airflow/.local/lib/python3.8/site-packages/airflow/example_dags/example_sensor_decorator.py for tasks to queue
[2024-04-05T09:34:40.441+0000] {logging_mixin.py:188} INFO - [2024-04-05T09:34:40.440+0000] {dagbag.py:540} INFO - Filling up the DagBag from /home/airflow/.local/lib/python3.8/site-packages/airflow/example_dags/example_sensor_decorator.py
[2024-04-05T09:34:40.454+0000] {processor.py:840} INFO - DAG(s) 'example_sensor_decorator' retrieved from /home/airflow/.local/lib/python3.8/site-packages/airflow/example_dags/example_sensor_decorator.py
[2024-04-05T09:34:40.488+0000] {logging_mixin.py:188} INFO - [2024-04-05T09:34:40.487+0000] {dag.py:3047} INFO - Sync 1 DAGs
[2024-04-05T09:34:40.505+0000] {logging_mixin.py:188} INFO - [2024-04-05T09:34:40.504+0000] {dag.py:3834} INFO - Setting next_dagrun for example_sensor_decorator to None, run_after=None
[2024-04-05T09:34:40.530+0000] {processor.py:183} INFO - Processing /home/airflow/.local/lib/python3.8/site-packages/airflow/example_dags/example_sensor_decorator.py took 0.098 seconds
[2024-04-05T09:35:10.648+0000] {processor.py:161} INFO - Started process (PID=500) to work on /home/airflow/.local/lib/python3.8/site-packages/airflow/example_dags/example_sensor_decorator.py
[2024-04-05T09:35:10.650+0000] {processor.py:830} INFO - Processing file /home/airflow/.local/lib/python3.8/site-packages/airflow/example_dags/example_sensor_decorator.py for tasks to queue
[2024-04-05T09:35:10.654+0000] {logging_mixin.py:188} INFO - [2024-04-05T09:35:10.654+0000] {dagbag.py:540} INFO - Filling up the DagBag from /home/airflow/.local/lib/python3.8/site-packages/airflow/example_dags/example_sensor_decorator.py
[2024-04-05T09:35:10.663+0000] {processor.py:840} INFO - DAG(s) 'example_sensor_decorator' retrieved from /home/airflow/.local/lib/python3.8/site-packages/airflow/example_dags/example_sensor_decorator.py
[2024-04-05T09:35:10.690+0000] {logging_mixin.py:188} INFO - [2024-04-05T09:35:10.690+0000] {dag.py:3047} INFO - Sync 1 DAGs
[2024-04-05T09:35:10.708+0000] {logging_mixin.py:188} INFO - [2024-04-05T09:35:10.708+0000] {dag.py:3834} INFO - Setting next_dagrun for example_sensor_decorator to None, run_after=None
[2024-04-05T09:35:10.733+0000] {processor.py:183} INFO - Processing /home/airflow/.local/lib/python3.8/site-packages/airflow/example_dags/example_sensor_decorator.py took 0.091 seconds
[2024-04-05T09:35:41.059+0000] {processor.py:161} INFO - Started process (PID=563) to work on /home/airflow/.local/lib/python3.8/site-packages/airflow/example_dags/example_sensor_decorator.py
[2024-04-05T09:35:41.062+0000] {processor.py:830} INFO - Processing file /home/airflow/.local/lib/python3.8/site-packages/airflow/example_dags/example_sensor_decorator.py for tasks to queue
[2024-04-05T09:35:41.066+0000] {logging_mixin.py:188} INFO - [2024-04-05T09:35:41.065+0000] {dagbag.py:540} INFO - Filling up the DagBag from /home/airflow/.local/lib/python3.8/site-packages/airflow/example_dags/example_sensor_decorator.py
[2024-04-05T09:35:41.079+0000] {processor.py:840} INFO - DAG(s) 'example_sensor_decorator' retrieved from /home/airflow/.local/lib/python3.8/site-packages/airflow/example_dags/example_sensor_decorator.py
[2024-04-05T09:35:41.115+0000] {logging_mixin.py:188} INFO - [2024-04-05T09:35:41.114+0000] {dag.py:3047} INFO - Sync 1 DAGs
[2024-04-05T09:35:41.137+0000] {logging_mixin.py:188} INFO - [2024-04-05T09:35:41.137+0000] {dag.py:3834} INFO - Setting next_dagrun for example_sensor_decorator to None, run_after=None
[2024-04-05T09:35:41.164+0000] {processor.py:183} INFO - Processing /home/airflow/.local/lib/python3.8/site-packages/airflow/example_dags/example_sensor_decorator.py took 0.114 seconds
[2024-04-05T09:35:49.562+0000] {processor.py:161} INFO - Started process (PID=625) to work on /home/airflow/.local/lib/python3.8/site-packages/airflow/example_dags/example_sensor_decorator.py
[2024-04-05T09:35:49.565+0000] {processor.py:830} INFO - Processing file /home/airflow/.local/lib/python3.8/site-packages/airflow/example_dags/example_sensor_decorator.py for tasks to queue
[2024-04-05T09:35:49.573+0000] {logging_mixin.py:188} INFO - [2024-04-05T09:35:49.572+0000] {dagbag.py:540} INFO - Filling up the DagBag from /home/airflow/.local/lib/python3.8/site-packages/airflow/example_dags/example_sensor_decorator.py
[2024-04-05T09:35:49.598+0000] {processor.py:840} INFO - DAG(s) 'example_sensor_decorator' retrieved from /home/airflow/.local/lib/python3.8/site-packages/airflow/example_dags/example_sensor_decorator.py
[2024-04-05T09:35:49.676+0000] {logging_mixin.py:188} INFO - [2024-04-05T09:35:49.676+0000] {dag.py:3047} INFO - Sync 1 DAGs
[2024-04-05T09:35:49.699+0000] {logging_mixin.py:188} INFO - [2024-04-05T09:35:49.698+0000] {dag.py:3834} INFO - Setting next_dagrun for example_sensor_decorator to None, run_after=None
[2024-04-05T09:35:49.729+0000] {processor.py:183} INFO - Processing /home/airflow/.local/lib/python3.8/site-packages/airflow/example_dags/example_sensor_decorator.py took 0.176 seconds
[2024-04-05T09:36:12.627+0000] {processor.py:161} INFO - Started process (PID=687) to work on /home/airflow/.local/lib/python3.8/site-packages/airflow/example_dags/example_sensor_decorator.py
[2024-04-05T09:36:12.640+0000] {processor.py:830} INFO - Processing file /home/airflow/.local/lib/python3.8/site-packages/airflow/example_dags/example_sensor_decorator.py for tasks to queue
[2024-04-05T09:36:12.675+0000] {logging_mixin.py:188} INFO - [2024-04-05T09:36:12.673+0000] {dagbag.py:540} INFO - Filling up the DagBag from /home/airflow/.local/lib/python3.8/site-packages/airflow/example_dags/example_sensor_decorator.py
[2024-04-05T09:36:12.745+0000] {processor.py:840} INFO - DAG(s) 'example_sensor_decorator' retrieved from /home/airflow/.local/lib/python3.8/site-packages/airflow/example_dags/example_sensor_decorator.py
[2024-04-05T09:36:12.898+0000] {logging_mixin.py:188} INFO - [2024-04-05T09:36:12.897+0000] {dag.py:3047} INFO - Sync 1 DAGs
[2024-04-05T09:36:13.032+0000] {logging_mixin.py:188} INFO - [2024-04-05T09:36:13.031+0000] {dag.py:3834} INFO - Setting next_dagrun for example_sensor_decorator to None, run_after=None
[2024-04-05T09:36:13.299+0000] {processor.py:183} INFO - Processing /home/airflow/.local/lib/python3.8/site-packages/airflow/example_dags/example_sensor_decorator.py took 0.688 seconds
[2024-04-05T09:36:32.236+0000] {processor.py:161} INFO - Started process (PID=734) to work on /home/airflow/.local/lib/python3.8/site-packages/airflow/example_dags/example_sensor_decorator.py
[2024-04-05T09:36:32.251+0000] {processor.py:830} INFO - Processing file /home/airflow/.local/lib/python3.8/site-packages/airflow/example_dags/example_sensor_decorator.py for tasks to queue
[2024-04-05T09:36:32.271+0000] {logging_mixin.py:188} INFO - [2024-04-05T09:36:32.270+0000] {dagbag.py:540} INFO - Filling up the DagBag from /home/airflow/.local/lib/python3.8/site-packages/airflow/example_dags/example_sensor_decorator.py
[2024-04-05T09:36:32.326+0000] {processor.py:840} INFO - DAG(s) 'example_sensor_decorator' retrieved from /home/airflow/.local/lib/python3.8/site-packages/airflow/example_dags/example_sensor_decorator.py
[2024-04-05T09:36:32.488+0000] {logging_mixin.py:188} INFO - [2024-04-05T09:36:32.487+0000] {dag.py:3047} INFO - Sync 1 DAGs
[2024-04-05T09:36:32.589+0000] {logging_mixin.py:188} INFO - [2024-04-05T09:36:32.588+0000] {dag.py:3834} INFO - Setting next_dagrun for example_sensor_decorator to None, run_after=None
[2024-04-05T09:36:32.744+0000] {processor.py:183} INFO - Processing /home/airflow/.local/lib/python3.8/site-packages/airflow/example_dags/example_sensor_decorator.py took 0.532 seconds
[2024-04-05T09:36:57.018+0000] {processor.py:161} INFO - Started process (PID=791) to work on /home/airflow/.local/lib/python3.8/site-packages/airflow/example_dags/example_sensor_decorator.py
[2024-04-05T09:36:57.159+0000] {processor.py:830} INFO - Processing file /home/airflow/.local/lib/python3.8/site-packages/airflow/example_dags/example_sensor_decorator.py for tasks to queue
[2024-04-05T09:36:57.188+0000] {logging_mixin.py:188} INFO - [2024-04-05T09:36:57.181+0000] {dagbag.py:540} INFO - Filling up the DagBag from /home/airflow/.local/lib/python3.8/site-packages/airflow/example_dags/example_sensor_decorator.py
[2024-04-05T09:36:57.313+0000] {processor.py:840} INFO - DAG(s) 'example_sensor_decorator' retrieved from /home/airflow/.local/lib/python3.8/site-packages/airflow/example_dags/example_sensor_decorator.py
[2024-04-05T09:36:57.552+0000] {logging_mixin.py:188} INFO - [2024-04-05T09:36:57.551+0000] {dag.py:3047} INFO - Sync 1 DAGs
[2024-04-05T09:36:57.690+0000] {logging_mixin.py:188} INFO - [2024-04-05T09:36:57.690+0000] {dag.py:3834} INFO - Setting next_dagrun for example_sensor_decorator to None, run_after=None
[2024-04-05T09:36:57.881+0000] {processor.py:183} INFO - Processing /home/airflow/.local/lib/python3.8/site-packages/airflow/example_dags/example_sensor_decorator.py took 0.882 seconds
[2024-04-05T09:37:09.820+0000] {processor.py:161} INFO - Started process (PID=834) to work on /home/airflow/.local/lib/python3.8/site-packages/airflow/example_dags/example_sensor_decorator.py
[2024-04-05T09:37:09.834+0000] {processor.py:830} INFO - Processing file /home/airflow/.local/lib/python3.8/site-packages/airflow/example_dags/example_sensor_decorator.py for tasks to queue
[2024-04-05T09:37:09.857+0000] {logging_mixin.py:188} INFO - [2024-04-05T09:37:09.842+0000] {dagbag.py:540} INFO - Filling up the DagBag from /home/airflow/.local/lib/python3.8/site-packages/airflow/example_dags/example_sensor_decorator.py
[2024-04-05T09:37:09.946+0000] {processor.py:840} INFO - DAG(s) 'example_sensor_decorator' retrieved from /home/airflow/.local/lib/python3.8/site-packages/airflow/example_dags/example_sensor_decorator.py
[2024-04-05T09:37:10.088+0000] {logging_mixin.py:188} INFO - [2024-04-05T09:37:10.085+0000] {dag.py:3047} INFO - Sync 1 DAGs
[2024-04-05T09:37:10.225+0000] {logging_mixin.py:188} INFO - [2024-04-05T09:37:10.223+0000] {dag.py:3834} INFO - Setting next_dagrun for example_sensor_decorator to None, run_after=None
[2024-04-05T09:37:10.405+0000] {processor.py:183} INFO - Processing /home/airflow/.local/lib/python3.8/site-packages/airflow/example_dags/example_sensor_decorator.py took 0.617 seconds
[2024-04-05T09:37:34.188+0000] {processor.py:161} INFO - Started process (PID=889) to work on /home/airflow/.local/lib/python3.8/site-packages/airflow/example_dags/example_sensor_decorator.py
[2024-04-05T09:37:34.200+0000] {processor.py:830} INFO - Processing file /home/airflow/.local/lib/python3.8/site-packages/airflow/example_dags/example_sensor_decorator.py for tasks to queue
[2024-04-05T09:37:34.220+0000] {logging_mixin.py:188} INFO - [2024-04-05T09:37:34.217+0000] {dagbag.py:540} INFO - Filling up the DagBag from /home/airflow/.local/lib/python3.8/site-packages/airflow/example_dags/example_sensor_decorator.py
[2024-04-05T09:37:34.286+0000] {processor.py:840} INFO - DAG(s) 'example_sensor_decorator' retrieved from /home/airflow/.local/lib/python3.8/site-packages/airflow/example_dags/example_sensor_decorator.py
[2024-04-05T09:37:34.446+0000] {logging_mixin.py:188} INFO - [2024-04-05T09:37:34.443+0000] {dag.py:3047} INFO - Sync 1 DAGs
[2024-04-05T09:37:34.563+0000] {logging_mixin.py:188} INFO - [2024-04-05T09:37:34.562+0000] {dag.py:3834} INFO - Setting next_dagrun for example_sensor_decorator to None, run_after=None
[2024-04-05T09:37:34.755+0000] {processor.py:183} INFO - Processing /home/airflow/.local/lib/python3.8/site-packages/airflow/example_dags/example_sensor_decorator.py took 0.588 seconds
[2024-04-05T09:37:56.249+0000] {processor.py:161} INFO - Started process (PID=940) to work on /home/airflow/.local/lib/python3.8/site-packages/airflow/example_dags/example_sensor_decorator.py
[2024-04-05T09:37:56.267+0000] {processor.py:830} INFO - Processing file /home/airflow/.local/lib/python3.8/site-packages/airflow/example_dags/example_sensor_decorator.py for tasks to queue
[2024-04-05T09:37:56.287+0000] {logging_mixin.py:188} INFO - [2024-04-05T09:37:56.285+0000] {dagbag.py:540} INFO - Filling up the DagBag from /home/airflow/.local/lib/python3.8/site-packages/airflow/example_dags/example_sensor_decorator.py
[2024-04-05T09:37:56.385+0000] {processor.py:840} INFO - DAG(s) 'example_sensor_decorator' retrieved from /home/airflow/.local/lib/python3.8/site-packages/airflow/example_dags/example_sensor_decorator.py
[2024-04-05T09:37:56.687+0000] {logging_mixin.py:188} INFO - [2024-04-05T09:37:56.685+0000] {dag.py:3047} INFO - Sync 1 DAGs
[2024-04-05T09:37:56.878+0000] {logging_mixin.py:188} INFO - [2024-04-05T09:37:56.869+0000] {dag.py:3834} INFO - Setting next_dagrun for example_sensor_decorator to None, run_after=None
[2024-04-05T09:37:57.158+0000] {processor.py:183} INFO - Processing /home/airflow/.local/lib/python3.8/site-packages/airflow/example_dags/example_sensor_decorator.py took 0.949 seconds
[2024-04-05T09:38:13.028+0000] {processor.py:161} INFO - Started process (PID=999) to work on /home/airflow/.local/lib/python3.8/site-packages/airflow/example_dags/example_sensor_decorator.py
[2024-04-05T09:38:13.036+0000] {processor.py:830} INFO - Processing file /home/airflow/.local/lib/python3.8/site-packages/airflow/example_dags/example_sensor_decorator.py for tasks to queue
[2024-04-05T09:38:13.045+0000] {logging_mixin.py:188} INFO - [2024-04-05T09:38:13.044+0000] {dagbag.py:540} INFO - Filling up the DagBag from /home/airflow/.local/lib/python3.8/site-packages/airflow/example_dags/example_sensor_decorator.py
[2024-04-05T09:38:13.069+0000] {processor.py:840} INFO - DAG(s) 'example_sensor_decorator' retrieved from /home/airflow/.local/lib/python3.8/site-packages/airflow/example_dags/example_sensor_decorator.py
[2024-04-05T09:38:13.231+0000] {logging_mixin.py:188} INFO - [2024-04-05T09:38:13.230+0000] {dag.py:3047} INFO - Sync 1 DAGs
[2024-04-05T09:38:13.438+0000] {logging_mixin.py:188} INFO - [2024-04-05T09:38:13.437+0000] {dag.py:3834} INFO - Setting next_dagrun for example_sensor_decorator to None, run_after=None
[2024-04-05T09:38:13.661+0000] {processor.py:183} INFO - Processing /home/airflow/.local/lib/python3.8/site-packages/airflow/example_dags/example_sensor_decorator.py took 0.669 seconds
[2024-04-05T09:38:35.914+0000] {processor.py:161} INFO - Started process (PID=1046) to work on /home/airflow/.local/lib/python3.8/site-packages/airflow/example_dags/example_sensor_decorator.py
[2024-04-05T09:38:35.935+0000] {processor.py:830} INFO - Processing file /home/airflow/.local/lib/python3.8/site-packages/airflow/example_dags/example_sensor_decorator.py for tasks to queue
[2024-04-05T09:38:35.961+0000] {logging_mixin.py:188} INFO - [2024-04-05T09:38:35.960+0000] {dagbag.py:540} INFO - Filling up the DagBag from /home/airflow/.local/lib/python3.8/site-packages/airflow/example_dags/example_sensor_decorator.py
[2024-04-05T09:38:36.082+0000] {processor.py:840} INFO - DAG(s) 'example_sensor_decorator' retrieved from /home/airflow/.local/lib/python3.8/site-packages/airflow/example_dags/example_sensor_decorator.py
[2024-04-05T09:38:36.297+0000] {logging_mixin.py:188} INFO - [2024-04-05T09:38:36.297+0000] {dag.py:3047} INFO - Sync 1 DAGs
[2024-04-05T09:38:36.449+0000] {logging_mixin.py:188} INFO - [2024-04-05T09:38:36.448+0000] {dag.py:3834} INFO - Setting next_dagrun for example_sensor_decorator to None, run_after=None
[2024-04-05T09:38:36.649+0000] {processor.py:183} INFO - Processing /home/airflow/.local/lib/python3.8/site-packages/airflow/example_dags/example_sensor_decorator.py took 0.771 seconds
