[2024-04-05T09:31:01.666+0000] {processor.py:161} INFO - Started process (PID=43) to work on /home/airflow/.local/lib/python3.8/site-packages/airflow/example_dags/example_kubernetes_executor.py
[2024-04-05T09:31:01.669+0000] {processor.py:830} INFO - Processing file /home/airflow/.local/lib/python3.8/site-packages/airflow/example_dags/example_kubernetes_executor.py for tasks to queue
[2024-04-05T09:31:01.679+0000] {logging_mixin.py:188} INFO - [2024-04-05T09:31:01.678+0000] {dagbag.py:540} INFO - Filling up the DagBag from /home/airflow/.local/lib/python3.8/site-packages/airflow/example_dags/example_kubernetes_executor.py
[2024-04-05T09:31:01.725+0000] {processor.py:840} INFO - DAG(s) 'example_kubernetes_executor' retrieved from /home/airflow/.local/lib/python3.8/site-packages/airflow/example_dags/example_kubernetes_executor.py
[2024-04-05T09:31:02.118+0000] {logging_mixin.py:188} INFO - [2024-04-05T09:31:02.118+0000] {dag.py:3047} INFO - Sync 1 DAGs
[2024-04-05T09:31:02.170+0000] {logging_mixin.py:188} INFO - [2024-04-05T09:31:02.169+0000] {dag.py:3834} INFO - Setting next_dagrun for example_kubernetes_executor to None, run_after=None
[2024-04-05T09:31:02.251+0000] {processor.py:183} INFO - Processing /home/airflow/.local/lib/python3.8/site-packages/airflow/example_dags/example_kubernetes_executor.py took 0.593 seconds
[2024-04-05T09:31:32.826+0000] {processor.py:161} INFO - Started process (PID=98) to work on /home/airflow/.local/lib/python3.8/site-packages/airflow/example_dags/example_kubernetes_executor.py
[2024-04-05T09:31:32.829+0000] {processor.py:830} INFO - Processing file /home/airflow/.local/lib/python3.8/site-packages/airflow/example_dags/example_kubernetes_executor.py for tasks to queue
[2024-04-05T09:31:32.838+0000] {logging_mixin.py:188} INFO - [2024-04-05T09:31:32.837+0000] {dagbag.py:540} INFO - Filling up the DagBag from /home/airflow/.local/lib/python3.8/site-packages/airflow/example_dags/example_kubernetes_executor.py
[2024-04-05T09:31:32.891+0000] {processor.py:840} INFO - DAG(s) 'example_kubernetes_executor' retrieved from /home/airflow/.local/lib/python3.8/site-packages/airflow/example_dags/example_kubernetes_executor.py
[2024-04-05T09:31:32.980+0000] {logging_mixin.py:188} INFO - [2024-04-05T09:31:32.979+0000] {dag.py:3047} INFO - Sync 1 DAGs
[2024-04-05T09:31:33.006+0000] {logging_mixin.py:188} INFO - [2024-04-05T09:31:33.005+0000] {dag.py:3834} INFO - Setting next_dagrun for example_kubernetes_executor to None, run_after=None
[2024-04-05T09:31:33.049+0000] {processor.py:183} INFO - Processing /home/airflow/.local/lib/python3.8/site-packages/airflow/example_dags/example_kubernetes_executor.py took 0.234 seconds
[2024-04-05T09:32:03.325+0000] {processor.py:161} INFO - Started process (PID=159) to work on /home/airflow/.local/lib/python3.8/site-packages/airflow/example_dags/example_kubernetes_executor.py
[2024-04-05T09:32:03.327+0000] {processor.py:830} INFO - Processing file /home/airflow/.local/lib/python3.8/site-packages/airflow/example_dags/example_kubernetes_executor.py for tasks to queue
[2024-04-05T09:32:03.330+0000] {logging_mixin.py:188} INFO - [2024-04-05T09:32:03.329+0000] {dagbag.py:540} INFO - Filling up the DagBag from /home/airflow/.local/lib/python3.8/site-packages/airflow/example_dags/example_kubernetes_executor.py
[2024-04-05T09:32:03.356+0000] {processor.py:840} INFO - DAG(s) 'example_kubernetes_executor' retrieved from /home/airflow/.local/lib/python3.8/site-packages/airflow/example_dags/example_kubernetes_executor.py
[2024-04-05T09:32:03.411+0000] {logging_mixin.py:188} INFO - [2024-04-05T09:32:03.411+0000] {dag.py:3047} INFO - Sync 1 DAGs
[2024-04-05T09:32:03.424+0000] {logging_mixin.py:188} INFO - [2024-04-05T09:32:03.424+0000] {dag.py:3834} INFO - Setting next_dagrun for example_kubernetes_executor to None, run_after=None
[2024-04-05T09:32:03.447+0000] {processor.py:183} INFO - Processing /home/airflow/.local/lib/python3.8/site-packages/airflow/example_dags/example_kubernetes_executor.py took 0.128 seconds
[2024-04-05T09:32:34.163+0000] {processor.py:161} INFO - Started process (PID=214) to work on /home/airflow/.local/lib/python3.8/site-packages/airflow/example_dags/example_kubernetes_executor.py
[2024-04-05T09:32:34.164+0000] {processor.py:830} INFO - Processing file /home/airflow/.local/lib/python3.8/site-packages/airflow/example_dags/example_kubernetes_executor.py for tasks to queue
[2024-04-05T09:32:34.167+0000] {logging_mixin.py:188} INFO - [2024-04-05T09:32:34.166+0000] {dagbag.py:540} INFO - Filling up the DagBag from /home/airflow/.local/lib/python3.8/site-packages/airflow/example_dags/example_kubernetes_executor.py
[2024-04-05T09:32:34.183+0000] {processor.py:840} INFO - DAG(s) 'example_kubernetes_executor' retrieved from /home/airflow/.local/lib/python3.8/site-packages/airflow/example_dags/example_kubernetes_executor.py
[2024-04-05T09:32:34.233+0000] {logging_mixin.py:188} INFO - [2024-04-05T09:32:34.233+0000] {dag.py:3047} INFO - Sync 1 DAGs
[2024-04-05T09:32:34.250+0000] {logging_mixin.py:188} INFO - [2024-04-05T09:32:34.250+0000] {dag.py:3834} INFO - Setting next_dagrun for example_kubernetes_executor to None, run_after=None
[2024-04-05T09:32:34.273+0000] {processor.py:183} INFO - Processing /home/airflow/.local/lib/python3.8/site-packages/airflow/example_dags/example_kubernetes_executor.py took 0.113 seconds
[2024-04-05T09:33:04.581+0000] {processor.py:161} INFO - Started process (PID=269) to work on /home/airflow/.local/lib/python3.8/site-packages/airflow/example_dags/example_kubernetes_executor.py
[2024-04-05T09:33:04.582+0000] {processor.py:830} INFO - Processing file /home/airflow/.local/lib/python3.8/site-packages/airflow/example_dags/example_kubernetes_executor.py for tasks to queue
[2024-04-05T09:33:04.584+0000] {logging_mixin.py:188} INFO - [2024-04-05T09:33:04.584+0000] {dagbag.py:540} INFO - Filling up the DagBag from /home/airflow/.local/lib/python3.8/site-packages/airflow/example_dags/example_kubernetes_executor.py
[2024-04-05T09:33:04.606+0000] {processor.py:840} INFO - DAG(s) 'example_kubernetes_executor' retrieved from /home/airflow/.local/lib/python3.8/site-packages/airflow/example_dags/example_kubernetes_executor.py
[2024-04-05T09:33:04.670+0000] {logging_mixin.py:188} INFO - [2024-04-05T09:33:04.668+0000] {dag.py:3047} INFO - Sync 1 DAGs
[2024-04-05T09:33:04.696+0000] {logging_mixin.py:188} INFO - [2024-04-05T09:33:04.696+0000] {dag.py:3834} INFO - Setting next_dagrun for example_kubernetes_executor to None, run_after=None
[2024-04-05T09:33:04.756+0000] {processor.py:183} INFO - Processing /home/airflow/.local/lib/python3.8/site-packages/airflow/example_dags/example_kubernetes_executor.py took 0.180 seconds
[2024-04-05T09:33:34.966+0000] {processor.py:161} INFO - Started process (PID=324) to work on /home/airflow/.local/lib/python3.8/site-packages/airflow/example_dags/example_kubernetes_executor.py
[2024-04-05T09:33:34.968+0000] {processor.py:830} INFO - Processing file /home/airflow/.local/lib/python3.8/site-packages/airflow/example_dags/example_kubernetes_executor.py for tasks to queue
[2024-04-05T09:33:34.974+0000] {logging_mixin.py:188} INFO - [2024-04-05T09:33:34.973+0000] {dagbag.py:540} INFO - Filling up the DagBag from /home/airflow/.local/lib/python3.8/site-packages/airflow/example_dags/example_kubernetes_executor.py
[2024-04-05T09:33:34.999+0000] {processor.py:840} INFO - DAG(s) 'example_kubernetes_executor' retrieved from /home/airflow/.local/lib/python3.8/site-packages/airflow/example_dags/example_kubernetes_executor.py
[2024-04-05T09:33:35.077+0000] {logging_mixin.py:188} INFO - [2024-04-05T09:33:35.076+0000] {dag.py:3047} INFO - Sync 1 DAGs
[2024-04-05T09:33:35.101+0000] {logging_mixin.py:188} INFO - [2024-04-05T09:33:35.100+0000] {dag.py:3834} INFO - Setting next_dagrun for example_kubernetes_executor to None, run_after=None
[2024-04-05T09:33:35.148+0000] {processor.py:183} INFO - Processing /home/airflow/.local/lib/python3.8/site-packages/airflow/example_dags/example_kubernetes_executor.py took 0.189 seconds
[2024-04-05T09:34:05.427+0000] {processor.py:161} INFO - Started process (PID=379) to work on /home/airflow/.local/lib/python3.8/site-packages/airflow/example_dags/example_kubernetes_executor.py
[2024-04-05T09:34:05.429+0000] {processor.py:830} INFO - Processing file /home/airflow/.local/lib/python3.8/site-packages/airflow/example_dags/example_kubernetes_executor.py for tasks to queue
[2024-04-05T09:34:05.433+0000] {logging_mixin.py:188} INFO - [2024-04-05T09:34:05.432+0000] {dagbag.py:540} INFO - Filling up the DagBag from /home/airflow/.local/lib/python3.8/site-packages/airflow/example_dags/example_kubernetes_executor.py
[2024-04-05T09:34:05.463+0000] {processor.py:840} INFO - DAG(s) 'example_kubernetes_executor' retrieved from /home/airflow/.local/lib/python3.8/site-packages/airflow/example_dags/example_kubernetes_executor.py
[2024-04-05T09:34:05.549+0000] {logging_mixin.py:188} INFO - [2024-04-05T09:34:05.548+0000] {dag.py:3047} INFO - Sync 1 DAGs
[2024-04-05T09:34:05.576+0000] {logging_mixin.py:188} INFO - [2024-04-05T09:34:05.575+0000] {dag.py:3834} INFO - Setting next_dagrun for example_kubernetes_executor to None, run_after=None
[2024-04-05T09:34:05.619+0000] {processor.py:183} INFO - Processing /home/airflow/.local/lib/python3.8/site-packages/airflow/example_dags/example_kubernetes_executor.py took 0.197 seconds
[2024-04-05T09:34:36.356+0000] {processor.py:161} INFO - Started process (PID=434) to work on /home/airflow/.local/lib/python3.8/site-packages/airflow/example_dags/example_kubernetes_executor.py
[2024-04-05T09:34:36.359+0000] {processor.py:830} INFO - Processing file /home/airflow/.local/lib/python3.8/site-packages/airflow/example_dags/example_kubernetes_executor.py for tasks to queue
[2024-04-05T09:34:36.372+0000] {logging_mixin.py:188} INFO - [2024-04-05T09:34:36.371+0000] {dagbag.py:540} INFO - Filling up the DagBag from /home/airflow/.local/lib/python3.8/site-packages/airflow/example_dags/example_kubernetes_executor.py
[2024-04-05T09:34:36.430+0000] {processor.py:840} INFO - DAG(s) 'example_kubernetes_executor' retrieved from /home/airflow/.local/lib/python3.8/site-packages/airflow/example_dags/example_kubernetes_executor.py
[2024-04-05T09:34:36.546+0000] {logging_mixin.py:188} INFO - [2024-04-05T09:34:36.545+0000] {dag.py:3047} INFO - Sync 1 DAGs
[2024-04-05T09:34:36.582+0000] {logging_mixin.py:188} INFO - [2024-04-05T09:34:36.582+0000] {dag.py:3834} INFO - Setting next_dagrun for example_kubernetes_executor to None, run_after=None
[2024-04-05T09:34:36.678+0000] {processor.py:183} INFO - Processing /home/airflow/.local/lib/python3.8/site-packages/airflow/example_dags/example_kubernetes_executor.py took 0.332 seconds
[2024-04-05T09:35:06.780+0000] {processor.py:161} INFO - Started process (PID=489) to work on /home/airflow/.local/lib/python3.8/site-packages/airflow/example_dags/example_kubernetes_executor.py
[2024-04-05T09:35:06.782+0000] {processor.py:830} INFO - Processing file /home/airflow/.local/lib/python3.8/site-packages/airflow/example_dags/example_kubernetes_executor.py for tasks to queue
[2024-04-05T09:35:06.785+0000] {logging_mixin.py:188} INFO - [2024-04-05T09:35:06.785+0000] {dagbag.py:540} INFO - Filling up the DagBag from /home/airflow/.local/lib/python3.8/site-packages/airflow/example_dags/example_kubernetes_executor.py
[2024-04-05T09:35:06.809+0000] {processor.py:840} INFO - DAG(s) 'example_kubernetes_executor' retrieved from /home/airflow/.local/lib/python3.8/site-packages/airflow/example_dags/example_kubernetes_executor.py
[2024-04-05T09:35:06.862+0000] {logging_mixin.py:188} INFO - [2024-04-05T09:35:06.862+0000] {dag.py:3047} INFO - Sync 1 DAGs
[2024-04-05T09:35:06.877+0000] {logging_mixin.py:188} INFO - [2024-04-05T09:35:06.877+0000] {dag.py:3834} INFO - Setting next_dagrun for example_kubernetes_executor to None, run_after=None
[2024-04-05T09:35:06.900+0000] {processor.py:183} INFO - Processing /home/airflow/.local/lib/python3.8/site-packages/airflow/example_dags/example_kubernetes_executor.py took 0.126 seconds
[2024-04-05T09:35:36.986+0000] {processor.py:161} INFO - Started process (PID=551) to work on /home/airflow/.local/lib/python3.8/site-packages/airflow/example_dags/example_kubernetes_executor.py
[2024-04-05T09:35:36.988+0000] {processor.py:830} INFO - Processing file /home/airflow/.local/lib/python3.8/site-packages/airflow/example_dags/example_kubernetes_executor.py for tasks to queue
[2024-04-05T09:35:36.990+0000] {logging_mixin.py:188} INFO - [2024-04-05T09:35:36.989+0000] {dagbag.py:540} INFO - Filling up the DagBag from /home/airflow/.local/lib/python3.8/site-packages/airflow/example_dags/example_kubernetes_executor.py
[2024-04-05T09:35:37.010+0000] {processor.py:840} INFO - DAG(s) 'example_kubernetes_executor' retrieved from /home/airflow/.local/lib/python3.8/site-packages/airflow/example_dags/example_kubernetes_executor.py
[2024-04-05T09:35:37.063+0000] {logging_mixin.py:188} INFO - [2024-04-05T09:35:37.062+0000] {dag.py:3047} INFO - Sync 1 DAGs
[2024-04-05T09:35:37.077+0000] {logging_mixin.py:188} INFO - [2024-04-05T09:35:37.077+0000] {dag.py:3834} INFO - Setting next_dagrun for example_kubernetes_executor to None, run_after=None
[2024-04-05T09:35:37.099+0000] {processor.py:183} INFO - Processing /home/airflow/.local/lib/python3.8/site-packages/airflow/example_dags/example_kubernetes_executor.py took 0.116 seconds
[2024-04-05T09:35:46.430+0000] {processor.py:161} INFO - Started process (PID=609) to work on /home/airflow/.local/lib/python3.8/site-packages/airflow/example_dags/example_kubernetes_executor.py
[2024-04-05T09:35:46.433+0000] {processor.py:830} INFO - Processing file /home/airflow/.local/lib/python3.8/site-packages/airflow/example_dags/example_kubernetes_executor.py for tasks to queue
[2024-04-05T09:35:46.437+0000] {logging_mixin.py:188} INFO - [2024-04-05T09:35:46.436+0000] {dagbag.py:540} INFO - Filling up the DagBag from /home/airflow/.local/lib/python3.8/site-packages/airflow/example_dags/example_kubernetes_executor.py
[2024-04-05T09:35:46.485+0000] {processor.py:840} INFO - DAG(s) 'example_kubernetes_executor' retrieved from /home/airflow/.local/lib/python3.8/site-packages/airflow/example_dags/example_kubernetes_executor.py
[2024-04-05T09:35:46.586+0000] {logging_mixin.py:188} INFO - [2024-04-05T09:35:46.586+0000] {dag.py:3047} INFO - Sync 1 DAGs
[2024-04-05T09:35:46.615+0000] {logging_mixin.py:188} INFO - [2024-04-05T09:35:46.614+0000] {dag.py:3834} INFO - Setting next_dagrun for example_kubernetes_executor to None, run_after=None
[2024-04-05T09:35:46.653+0000] {processor.py:183} INFO - Processing /home/airflow/.local/lib/python3.8/site-packages/airflow/example_dags/example_kubernetes_executor.py took 0.234 seconds
[2024-04-05T09:36:07.319+0000] {processor.py:161} INFO - Started process (PID=676) to work on /home/airflow/.local/lib/python3.8/site-packages/airflow/example_dags/example_kubernetes_executor.py
[2024-04-05T09:36:07.320+0000] {processor.py:830} INFO - Processing file /home/airflow/.local/lib/python3.8/site-packages/airflow/example_dags/example_kubernetes_executor.py for tasks to queue
[2024-04-05T09:36:07.323+0000] {logging_mixin.py:188} INFO - [2024-04-05T09:36:07.323+0000] {dagbag.py:540} INFO - Filling up the DagBag from /home/airflow/.local/lib/python3.8/site-packages/airflow/example_dags/example_kubernetes_executor.py
[2024-04-05T09:36:07.345+0000] {processor.py:840} INFO - DAG(s) 'example_kubernetes_executor' retrieved from /home/airflow/.local/lib/python3.8/site-packages/airflow/example_dags/example_kubernetes_executor.py
[2024-04-05T09:36:07.409+0000] {logging_mixin.py:188} INFO - [2024-04-05T09:36:07.408+0000] {dag.py:3047} INFO - Sync 1 DAGs
[2024-04-05T09:36:07.435+0000] {logging_mixin.py:188} INFO - [2024-04-05T09:36:07.435+0000] {dag.py:3834} INFO - Setting next_dagrun for example_kubernetes_executor to None, run_after=None
[2024-04-05T09:36:07.462+0000] {processor.py:183} INFO - Processing /home/airflow/.local/lib/python3.8/site-packages/airflow/example_dags/example_kubernetes_executor.py took 0.150 seconds
[2024-04-05T09:36:18.834+0000] {processor.py:161} INFO - Started process (PID=701) to work on /home/airflow/.local/lib/python3.8/site-packages/airflow/example_dags/example_kubernetes_executor.py
[2024-04-05T09:36:18.838+0000] {processor.py:830} INFO - Processing file /home/airflow/.local/lib/python3.8/site-packages/airflow/example_dags/example_kubernetes_executor.py for tasks to queue
[2024-04-05T09:36:18.863+0000] {logging_mixin.py:188} INFO - [2024-04-05T09:36:18.859+0000] {dagbag.py:540} INFO - Filling up the DagBag from /home/airflow/.local/lib/python3.8/site-packages/airflow/example_dags/example_kubernetes_executor.py
[2024-04-05T09:36:19.112+0000] {processor.py:840} INFO - DAG(s) 'example_kubernetes_executor' retrieved from /home/airflow/.local/lib/python3.8/site-packages/airflow/example_dags/example_kubernetes_executor.py
[2024-04-05T09:36:19.677+0000] {logging_mixin.py:188} INFO - [2024-04-05T09:36:19.676+0000] {dag.py:3047} INFO - Sync 1 DAGs
[2024-04-05T09:36:19.841+0000] {logging_mixin.py:188} INFO - [2024-04-05T09:36:19.841+0000] {dag.py:3834} INFO - Setting next_dagrun for example_kubernetes_executor to None, run_after=None
[2024-04-05T09:36:20.014+0000] {processor.py:183} INFO - Processing /home/airflow/.local/lib/python3.8/site-packages/airflow/example_dags/example_kubernetes_executor.py took 1.214 seconds
[2024-04-05T09:36:43.160+0000] {processor.py:161} INFO - Started process (PID=758) to work on /home/airflow/.local/lib/python3.8/site-packages/airflow/example_dags/example_kubernetes_executor.py
[2024-04-05T09:36:43.188+0000] {processor.py:830} INFO - Processing file /home/airflow/.local/lib/python3.8/site-packages/airflow/example_dags/example_kubernetes_executor.py for tasks to queue
[2024-04-05T09:36:43.212+0000] {logging_mixin.py:188} INFO - [2024-04-05T09:36:43.211+0000] {dagbag.py:540} INFO - Filling up the DagBag from /home/airflow/.local/lib/python3.8/site-packages/airflow/example_dags/example_kubernetes_executor.py
[2024-04-05T09:36:43.358+0000] {processor.py:840} INFO - DAG(s) 'example_kubernetes_executor' retrieved from /home/airflow/.local/lib/python3.8/site-packages/airflow/example_dags/example_kubernetes_executor.py
[2024-04-05T09:36:43.726+0000] {logging_mixin.py:188} INFO - [2024-04-05T09:36:43.725+0000] {dag.py:3047} INFO - Sync 1 DAGs
[2024-04-05T09:36:43.932+0000] {logging_mixin.py:188} INFO - [2024-04-05T09:36:43.931+0000] {dag.py:3834} INFO - Setting next_dagrun for example_kubernetes_executor to None, run_after=None
[2024-04-05T09:36:44.167+0000] {processor.py:183} INFO - Processing /home/airflow/.local/lib/python3.8/site-packages/airflow/example_dags/example_kubernetes_executor.py took 1.043 seconds
[2024-04-05T09:37:02.296+0000] {processor.py:161} INFO - Started process (PID=806) to work on /home/airflow/.local/lib/python3.8/site-packages/airflow/example_dags/example_kubernetes_executor.py
[2024-04-05T09:37:02.320+0000] {processor.py:830} INFO - Processing file /home/airflow/.local/lib/python3.8/site-packages/airflow/example_dags/example_kubernetes_executor.py for tasks to queue
[2024-04-05T09:37:02.336+0000] {logging_mixin.py:188} INFO - [2024-04-05T09:37:02.335+0000] {dagbag.py:540} INFO - Filling up the DagBag from /home/airflow/.local/lib/python3.8/site-packages/airflow/example_dags/example_kubernetes_executor.py
[2024-04-05T09:37:02.467+0000] {processor.py:840} INFO - DAG(s) 'example_kubernetes_executor' retrieved from /home/airflow/.local/lib/python3.8/site-packages/airflow/example_dags/example_kubernetes_executor.py
[2024-04-05T09:37:02.867+0000] {logging_mixin.py:188} INFO - [2024-04-05T09:37:02.867+0000] {dag.py:3047} INFO - Sync 1 DAGs
[2024-04-05T09:37:02.977+0000] {logging_mixin.py:188} INFO - [2024-04-05T09:37:02.976+0000] {dag.py:3834} INFO - Setting next_dagrun for example_kubernetes_executor to None, run_after=None
[2024-04-05T09:37:03.140+0000] {processor.py:183} INFO - Processing /home/airflow/.local/lib/python3.8/site-packages/airflow/example_dags/example_kubernetes_executor.py took 0.865 seconds
[2024-04-05T09:37:18.773+0000] {processor.py:161} INFO - Started process (PID=864) to work on /home/airflow/.local/lib/python3.8/site-packages/airflow/example_dags/example_kubernetes_executor.py
[2024-04-05T09:37:18.784+0000] {processor.py:830} INFO - Processing file /home/airflow/.local/lib/python3.8/site-packages/airflow/example_dags/example_kubernetes_executor.py for tasks to queue
[2024-04-05T09:37:18.796+0000] {logging_mixin.py:188} INFO - [2024-04-05T09:37:18.795+0000] {dagbag.py:540} INFO - Filling up the DagBag from /home/airflow/.local/lib/python3.8/site-packages/airflow/example_dags/example_kubernetes_executor.py
[2024-04-05T09:37:18.918+0000] {processor.py:840} INFO - DAG(s) 'example_kubernetes_executor' retrieved from /home/airflow/.local/lib/python3.8/site-packages/airflow/example_dags/example_kubernetes_executor.py
[2024-04-05T09:37:19.254+0000] {logging_mixin.py:188} INFO - [2024-04-05T09:37:19.252+0000] {dag.py:3047} INFO - Sync 1 DAGs
[2024-04-05T09:37:19.457+0000] {logging_mixin.py:188} INFO - [2024-04-05T09:37:19.456+0000] {dag.py:3834} INFO - Setting next_dagrun for example_kubernetes_executor to None, run_after=None
[2024-04-05T09:37:19.645+0000] {processor.py:183} INFO - Processing /home/airflow/.local/lib/python3.8/site-packages/airflow/example_dags/example_kubernetes_executor.py took 0.884 seconds
[2024-04-05T09:37:39.773+0000] {processor.py:161} INFO - Started process (PID=904) to work on /home/airflow/.local/lib/python3.8/site-packages/airflow/example_dags/example_kubernetes_executor.py
[2024-04-05T09:37:39.793+0000] {processor.py:830} INFO - Processing file /home/airflow/.local/lib/python3.8/site-packages/airflow/example_dags/example_kubernetes_executor.py for tasks to queue
[2024-04-05T09:37:39.850+0000] {logging_mixin.py:188} INFO - [2024-04-05T09:37:39.835+0000] {dagbag.py:540} INFO - Filling up the DagBag from /home/airflow/.local/lib/python3.8/site-packages/airflow/example_dags/example_kubernetes_executor.py
[2024-04-05T09:37:40.043+0000] {processor.py:840} INFO - DAG(s) 'example_kubernetes_executor' retrieved from /home/airflow/.local/lib/python3.8/site-packages/airflow/example_dags/example_kubernetes_executor.py
[2024-04-05T09:37:40.419+0000] {logging_mixin.py:188} INFO - [2024-04-05T09:37:40.417+0000] {dag.py:3047} INFO - Sync 1 DAGs
[2024-04-05T09:37:40.541+0000] {logging_mixin.py:188} INFO - [2024-04-05T09:37:40.535+0000] {dag.py:3834} INFO - Setting next_dagrun for example_kubernetes_executor to None, run_after=None
[2024-04-05T09:37:40.792+0000] {processor.py:183} INFO - Processing /home/airflow/.local/lib/python3.8/site-packages/airflow/example_dags/example_kubernetes_executor.py took 1.068 seconds
[2024-04-05T09:37:59.187+0000] {processor.py:161} INFO - Started process (PID=946) to work on /home/airflow/.local/lib/python3.8/site-packages/airflow/example_dags/example_kubernetes_executor.py
[2024-04-05T09:37:59.201+0000] {processor.py:830} INFO - Processing file /home/airflow/.local/lib/python3.8/site-packages/airflow/example_dags/example_kubernetes_executor.py for tasks to queue
[2024-04-05T09:37:59.247+0000] {logging_mixin.py:188} INFO - [2024-04-05T09:37:59.245+0000] {dagbag.py:540} INFO - Filling up the DagBag from /home/airflow/.local/lib/python3.8/site-packages/airflow/example_dags/example_kubernetes_executor.py
[2024-04-05T09:37:59.432+0000] {processor.py:840} INFO - DAG(s) 'example_kubernetes_executor' retrieved from /home/airflow/.local/lib/python3.8/site-packages/airflow/example_dags/example_kubernetes_executor.py
[2024-04-05T09:37:59.912+0000] {logging_mixin.py:188} INFO - [2024-04-05T09:37:59.911+0000] {dag.py:3047} INFO - Sync 1 DAGs
[2024-04-05T09:38:00.060+0000] {logging_mixin.py:188} INFO - [2024-04-05T09:38:00.060+0000] {dag.py:3834} INFO - Setting next_dagrun for example_kubernetes_executor to None, run_after=None
[2024-04-05T09:38:00.287+0000] {processor.py:183} INFO - Processing /home/airflow/.local/lib/python3.8/site-packages/airflow/example_dags/example_kubernetes_executor.py took 1.135 seconds
[2024-04-05T09:38:19.375+0000] {processor.py:161} INFO - Started process (PID=1012) to work on /home/airflow/.local/lib/python3.8/site-packages/airflow/example_dags/example_kubernetes_executor.py
[2024-04-05T09:38:19.389+0000] {processor.py:830} INFO - Processing file /home/airflow/.local/lib/python3.8/site-packages/airflow/example_dags/example_kubernetes_executor.py for tasks to queue
[2024-04-05T09:38:19.405+0000] {logging_mixin.py:188} INFO - [2024-04-05T09:38:19.404+0000] {dagbag.py:540} INFO - Filling up the DagBag from /home/airflow/.local/lib/python3.8/site-packages/airflow/example_dags/example_kubernetes_executor.py
[2024-04-05T09:38:19.651+0000] {processor.py:840} INFO - DAG(s) 'example_kubernetes_executor' retrieved from /home/airflow/.local/lib/python3.8/site-packages/airflow/example_dags/example_kubernetes_executor.py
[2024-04-05T09:38:20.101+0000] {logging_mixin.py:188} INFO - [2024-04-05T09:38:20.088+0000] {dag.py:3047} INFO - Sync 1 DAGs
[2024-04-05T09:38:20.321+0000] {logging_mixin.py:188} INFO - [2024-04-05T09:38:20.320+0000] {dag.py:3834} INFO - Setting next_dagrun for example_kubernetes_executor to None, run_after=None
[2024-04-05T09:38:20.545+0000] {processor.py:183} INFO - Processing /home/airflow/.local/lib/python3.8/site-packages/airflow/example_dags/example_kubernetes_executor.py took 1.191 seconds
[2024-04-05T09:38:40.461+0000] {processor.py:161} INFO - Started process (PID=1061) to work on /home/airflow/.local/lib/python3.8/site-packages/airflow/example_dags/example_kubernetes_executor.py
[2024-04-05T09:38:40.476+0000] {processor.py:830} INFO - Processing file /home/airflow/.local/lib/python3.8/site-packages/airflow/example_dags/example_kubernetes_executor.py for tasks to queue
[2024-04-05T09:38:40.491+0000] {logging_mixin.py:188} INFO - [2024-04-05T09:38:40.487+0000] {dagbag.py:540} INFO - Filling up the DagBag from /home/airflow/.local/lib/python3.8/site-packages/airflow/example_dags/example_kubernetes_executor.py
[2024-04-05T09:38:40.671+0000] {processor.py:840} INFO - DAG(s) 'example_kubernetes_executor' retrieved from /home/airflow/.local/lib/python3.8/site-packages/airflow/example_dags/example_kubernetes_executor.py
[2024-04-05T09:38:41.334+0000] {logging_mixin.py:188} INFO - [2024-04-05T09:38:41.322+0000] {dag.py:3047} INFO - Sync 1 DAGs
[2024-04-05T09:38:41.509+0000] {logging_mixin.py:188} INFO - [2024-04-05T09:38:41.499+0000] {dag.py:3834} INFO - Setting next_dagrun for example_kubernetes_executor to None, run_after=None
[2024-04-05T09:38:41.788+0000] {processor.py:183} INFO - Processing /home/airflow/.local/lib/python3.8/site-packages/airflow/example_dags/example_kubernetes_executor.py took 1.356 seconds
