[2024-04-05T09:31:01.257+0000] {processor.py:161} INFO - Started process (PID=41) to work on /home/airflow/.local/lib/python3.8/site-packages/airflow/example_dags/example_python_operator.py
[2024-04-05T09:31:01.259+0000] {processor.py:830} INFO - Processing file /home/airflow/.local/lib/python3.8/site-packages/airflow/example_dags/example_python_operator.py for tasks to queue
[2024-04-05T09:31:01.262+0000] {logging_mixin.py:188} INFO - [2024-04-05T09:31:01.261+0000] {dagbag.py:540} INFO - Filling up the DagBag from /home/airflow/.local/lib/python3.8/site-packages/airflow/example_dags/example_python_operator.py
[2024-04-05T09:31:01.288+0000] {processor.py:840} INFO - DAG(s) 'example_python_operator' retrieved from /home/airflow/.local/lib/python3.8/site-packages/airflow/example_dags/example_python_operator.py
[2024-04-05T09:31:01.506+0000] {logging_mixin.py:188} INFO - [2024-04-05T09:31:01.505+0000] {dag.py:3047} INFO - Sync 1 DAGs
[2024-04-05T09:31:01.526+0000] {logging_mixin.py:188} INFO - [2024-04-05T09:31:01.525+0000] {dag.py:3834} INFO - Setting next_dagrun for example_python_operator to None, run_after=None
[2024-04-05T09:31:01.568+0000] {processor.py:183} INFO - Processing /home/airflow/.local/lib/python3.8/site-packages/airflow/example_dags/example_python_operator.py took 0.315 seconds
[2024-04-05T09:31:31.696+0000] {processor.py:161} INFO - Started process (PID=96) to work on /home/airflow/.local/lib/python3.8/site-packages/airflow/example_dags/example_python_operator.py
[2024-04-05T09:31:31.698+0000] {processor.py:830} INFO - Processing file /home/airflow/.local/lib/python3.8/site-packages/airflow/example_dags/example_python_operator.py for tasks to queue
[2024-04-05T09:31:31.702+0000] {logging_mixin.py:188} INFO - [2024-04-05T09:31:31.701+0000] {dagbag.py:540} INFO - Filling up the DagBag from /home/airflow/.local/lib/python3.8/site-packages/airflow/example_dags/example_python_operator.py
[2024-04-05T09:31:31.717+0000] {processor.py:840} INFO - DAG(s) 'example_python_operator' retrieved from /home/airflow/.local/lib/python3.8/site-packages/airflow/example_dags/example_python_operator.py
[2024-04-05T09:31:31.750+0000] {logging_mixin.py:188} INFO - [2024-04-05T09:31:31.749+0000] {dag.py:3047} INFO - Sync 1 DAGs
[2024-04-05T09:31:31.767+0000] {logging_mixin.py:188} INFO - [2024-04-05T09:31:31.766+0000] {dag.py:3834} INFO - Setting next_dagrun for example_python_operator to None, run_after=None
[2024-04-05T09:31:31.795+0000] {processor.py:183} INFO - Processing /home/airflow/.local/lib/python3.8/site-packages/airflow/example_dags/example_python_operator.py took 0.103 seconds
[2024-04-05T09:32:02.258+0000] {processor.py:161} INFO - Started process (PID=151) to work on /home/airflow/.local/lib/python3.8/site-packages/airflow/example_dags/example_python_operator.py
[2024-04-05T09:32:02.259+0000] {processor.py:830} INFO - Processing file /home/airflow/.local/lib/python3.8/site-packages/airflow/example_dags/example_python_operator.py for tasks to queue
[2024-04-05T09:32:02.262+0000] {logging_mixin.py:188} INFO - [2024-04-05T09:32:02.261+0000] {dagbag.py:540} INFO - Filling up the DagBag from /home/airflow/.local/lib/python3.8/site-packages/airflow/example_dags/example_python_operator.py
[2024-04-05T09:32:02.274+0000] {processor.py:840} INFO - DAG(s) 'example_python_operator' retrieved from /home/airflow/.local/lib/python3.8/site-packages/airflow/example_dags/example_python_operator.py
[2024-04-05T09:32:02.300+0000] {logging_mixin.py:188} INFO - [2024-04-05T09:32:02.299+0000] {dag.py:3047} INFO - Sync 1 DAGs
[2024-04-05T09:32:02.314+0000] {logging_mixin.py:188} INFO - [2024-04-05T09:32:02.314+0000] {dag.py:3834} INFO - Setting next_dagrun for example_python_operator to None, run_after=None
[2024-04-05T09:32:02.333+0000] {processor.py:183} INFO - Processing /home/airflow/.local/lib/python3.8/site-packages/airflow/example_dags/example_python_operator.py took 0.079 seconds
[2024-04-05T09:32:33.094+0000] {processor.py:161} INFO - Started process (PID=206) to work on /home/airflow/.local/lib/python3.8/site-packages/airflow/example_dags/example_python_operator.py
[2024-04-05T09:32:33.096+0000] {processor.py:830} INFO - Processing file /home/airflow/.local/lib/python3.8/site-packages/airflow/example_dags/example_python_operator.py for tasks to queue
[2024-04-05T09:32:33.098+0000] {logging_mixin.py:188} INFO - [2024-04-05T09:32:33.098+0000] {dagbag.py:540} INFO - Filling up the DagBag from /home/airflow/.local/lib/python3.8/site-packages/airflow/example_dags/example_python_operator.py
[2024-04-05T09:32:33.111+0000] {processor.py:840} INFO - DAG(s) 'example_python_operator' retrieved from /home/airflow/.local/lib/python3.8/site-packages/airflow/example_dags/example_python_operator.py
[2024-04-05T09:32:33.140+0000] {logging_mixin.py:188} INFO - [2024-04-05T09:32:33.140+0000] {dag.py:3047} INFO - Sync 1 DAGs
[2024-04-05T09:32:33.157+0000] {logging_mixin.py:188} INFO - [2024-04-05T09:32:33.156+0000] {dag.py:3834} INFO - Setting next_dagrun for example_python_operator to None, run_after=None
[2024-04-05T09:32:33.177+0000] {processor.py:183} INFO - Processing /home/airflow/.local/lib/python3.8/site-packages/airflow/example_dags/example_python_operator.py took 0.086 seconds
[2024-04-05T09:33:03.448+0000] {processor.py:161} INFO - Started process (PID=267) to work on /home/airflow/.local/lib/python3.8/site-packages/airflow/example_dags/example_python_operator.py
[2024-04-05T09:33:03.453+0000] {processor.py:830} INFO - Processing file /home/airflow/.local/lib/python3.8/site-packages/airflow/example_dags/example_python_operator.py for tasks to queue
[2024-04-05T09:33:03.458+0000] {logging_mixin.py:188} INFO - [2024-04-05T09:33:03.457+0000] {dagbag.py:540} INFO - Filling up the DagBag from /home/airflow/.local/lib/python3.8/site-packages/airflow/example_dags/example_python_operator.py
[2024-04-05T09:33:03.491+0000] {processor.py:840} INFO - DAG(s) 'example_python_operator' retrieved from /home/airflow/.local/lib/python3.8/site-packages/airflow/example_dags/example_python_operator.py
[2024-04-05T09:33:03.558+0000] {logging_mixin.py:188} INFO - [2024-04-05T09:33:03.558+0000] {dag.py:3047} INFO - Sync 1 DAGs
[2024-04-05T09:33:03.583+0000] {logging_mixin.py:188} INFO - [2024-04-05T09:33:03.582+0000] {dag.py:3834} INFO - Setting next_dagrun for example_python_operator to None, run_after=None
[2024-04-05T09:33:03.609+0000] {processor.py:183} INFO - Processing /home/airflow/.local/lib/python3.8/site-packages/airflow/example_dags/example_python_operator.py took 0.176 seconds
[2024-04-05T09:33:33.888+0000] {processor.py:161} INFO - Started process (PID=322) to work on /home/airflow/.local/lib/python3.8/site-packages/airflow/example_dags/example_python_operator.py
[2024-04-05T09:33:33.889+0000] {processor.py:830} INFO - Processing file /home/airflow/.local/lib/python3.8/site-packages/airflow/example_dags/example_python_operator.py for tasks to queue
[2024-04-05T09:33:33.891+0000] {logging_mixin.py:188} INFO - [2024-04-05T09:33:33.891+0000] {dagbag.py:540} INFO - Filling up the DagBag from /home/airflow/.local/lib/python3.8/site-packages/airflow/example_dags/example_python_operator.py
[2024-04-05T09:33:33.905+0000] {processor.py:840} INFO - DAG(s) 'example_python_operator' retrieved from /home/airflow/.local/lib/python3.8/site-packages/airflow/example_dags/example_python_operator.py
[2024-04-05T09:33:33.930+0000] {logging_mixin.py:188} INFO - [2024-04-05T09:33:33.930+0000] {dag.py:3047} INFO - Sync 1 DAGs
[2024-04-05T09:33:33.946+0000] {logging_mixin.py:188} INFO - [2024-04-05T09:33:33.946+0000] {dag.py:3834} INFO - Setting next_dagrun for example_python_operator to None, run_after=None
[2024-04-05T09:33:33.970+0000] {processor.py:183} INFO - Processing /home/airflow/.local/lib/python3.8/site-packages/airflow/example_dags/example_python_operator.py took 0.086 seconds
[2024-04-05T09:34:04.340+0000] {processor.py:161} INFO - Started process (PID=377) to work on /home/airflow/.local/lib/python3.8/site-packages/airflow/example_dags/example_python_operator.py
[2024-04-05T09:34:04.341+0000] {processor.py:830} INFO - Processing file /home/airflow/.local/lib/python3.8/site-packages/airflow/example_dags/example_python_operator.py for tasks to queue
[2024-04-05T09:34:04.344+0000] {logging_mixin.py:188} INFO - [2024-04-05T09:34:04.343+0000] {dagbag.py:540} INFO - Filling up the DagBag from /home/airflow/.local/lib/python3.8/site-packages/airflow/example_dags/example_python_operator.py
[2024-04-05T09:34:04.356+0000] {processor.py:840} INFO - DAG(s) 'example_python_operator' retrieved from /home/airflow/.local/lib/python3.8/site-packages/airflow/example_dags/example_python_operator.py
[2024-04-05T09:34:04.386+0000] {logging_mixin.py:188} INFO - [2024-04-05T09:34:04.386+0000] {dag.py:3047} INFO - Sync 1 DAGs
[2024-04-05T09:34:04.401+0000] {logging_mixin.py:188} INFO - [2024-04-05T09:34:04.400+0000] {dag.py:3834} INFO - Setting next_dagrun for example_python_operator to None, run_after=None
[2024-04-05T09:34:04.425+0000] {processor.py:183} INFO - Processing /home/airflow/.local/lib/python3.8/site-packages/airflow/example_dags/example_python_operator.py took 0.090 seconds
[2024-04-05T09:34:35.218+0000] {processor.py:161} INFO - Started process (PID=432) to work on /home/airflow/.local/lib/python3.8/site-packages/airflow/example_dags/example_python_operator.py
[2024-04-05T09:34:35.219+0000] {processor.py:830} INFO - Processing file /home/airflow/.local/lib/python3.8/site-packages/airflow/example_dags/example_python_operator.py for tasks to queue
[2024-04-05T09:34:35.224+0000] {logging_mixin.py:188} INFO - [2024-04-05T09:34:35.223+0000] {dagbag.py:540} INFO - Filling up the DagBag from /home/airflow/.local/lib/python3.8/site-packages/airflow/example_dags/example_python_operator.py
[2024-04-05T09:34:35.249+0000] {processor.py:840} INFO - DAG(s) 'example_python_operator' retrieved from /home/airflow/.local/lib/python3.8/site-packages/airflow/example_dags/example_python_operator.py
[2024-04-05T09:34:35.302+0000] {logging_mixin.py:188} INFO - [2024-04-05T09:34:35.301+0000] {dag.py:3047} INFO - Sync 1 DAGs
[2024-04-05T09:34:35.326+0000] {logging_mixin.py:188} INFO - [2024-04-05T09:34:35.325+0000] {dag.py:3834} INFO - Setting next_dagrun for example_python_operator to None, run_after=None
[2024-04-05T09:34:35.376+0000] {processor.py:183} INFO - Processing /home/airflow/.local/lib/python3.8/site-packages/airflow/example_dags/example_python_operator.py took 0.165 seconds
[2024-04-05T09:35:05.641+0000] {processor.py:161} INFO - Started process (PID=487) to work on /home/airflow/.local/lib/python3.8/site-packages/airflow/example_dags/example_python_operator.py
[2024-04-05T09:35:05.643+0000] {processor.py:830} INFO - Processing file /home/airflow/.local/lib/python3.8/site-packages/airflow/example_dags/example_python_operator.py for tasks to queue
[2024-04-05T09:35:05.645+0000] {logging_mixin.py:188} INFO - [2024-04-05T09:35:05.645+0000] {dagbag.py:540} INFO - Filling up the DagBag from /home/airflow/.local/lib/python3.8/site-packages/airflow/example_dags/example_python_operator.py
[2024-04-05T09:35:05.659+0000] {processor.py:840} INFO - DAG(s) 'example_python_operator' retrieved from /home/airflow/.local/lib/python3.8/site-packages/airflow/example_dags/example_python_operator.py
[2024-04-05T09:35:05.692+0000] {logging_mixin.py:188} INFO - [2024-04-05T09:35:05.692+0000] {dag.py:3047} INFO - Sync 1 DAGs
[2024-04-05T09:35:05.709+0000] {logging_mixin.py:188} INFO - [2024-04-05T09:35:05.709+0000] {dag.py:3834} INFO - Setting next_dagrun for example_python_operator to None, run_after=None
[2024-04-05T09:35:05.732+0000] {processor.py:183} INFO - Processing /home/airflow/.local/lib/python3.8/site-packages/airflow/example_dags/example_python_operator.py took 0.097 seconds
[2024-04-05T09:35:35.872+0000] {processor.py:161} INFO - Started process (PID=549) to work on /home/airflow/.local/lib/python3.8/site-packages/airflow/example_dags/example_python_operator.py
[2024-04-05T09:35:35.873+0000] {processor.py:830} INFO - Processing file /home/airflow/.local/lib/python3.8/site-packages/airflow/example_dags/example_python_operator.py for tasks to queue
[2024-04-05T09:35:35.875+0000] {logging_mixin.py:188} INFO - [2024-04-05T09:35:35.875+0000] {dagbag.py:540} INFO - Filling up the DagBag from /home/airflow/.local/lib/python3.8/site-packages/airflow/example_dags/example_python_operator.py
[2024-04-05T09:35:35.887+0000] {processor.py:840} INFO - DAG(s) 'example_python_operator' retrieved from /home/airflow/.local/lib/python3.8/site-packages/airflow/example_dags/example_python_operator.py
[2024-04-05T09:35:35.913+0000] {logging_mixin.py:188} INFO - [2024-04-05T09:35:35.913+0000] {dag.py:3047} INFO - Sync 1 DAGs
[2024-04-05T09:35:35.926+0000] {logging_mixin.py:188} INFO - [2024-04-05T09:35:35.926+0000] {dag.py:3834} INFO - Setting next_dagrun for example_python_operator to None, run_after=None
[2024-04-05T09:35:35.946+0000] {processor.py:183} INFO - Processing /home/airflow/.local/lib/python3.8/site-packages/airflow/example_dags/example_python_operator.py took 0.079 seconds
[2024-04-05T09:35:45.831+0000] {processor.py:161} INFO - Started process (PID=604) to work on /home/airflow/.local/lib/python3.8/site-packages/airflow/example_dags/example_python_operator.py
[2024-04-05T09:35:45.833+0000] {processor.py:830} INFO - Processing file /home/airflow/.local/lib/python3.8/site-packages/airflow/example_dags/example_python_operator.py for tasks to queue
[2024-04-05T09:35:45.838+0000] {logging_mixin.py:188} INFO - [2024-04-05T09:35:45.837+0000] {dagbag.py:540} INFO - Filling up the DagBag from /home/airflow/.local/lib/python3.8/site-packages/airflow/example_dags/example_python_operator.py
[2024-04-05T09:35:45.866+0000] {processor.py:840} INFO - DAG(s) 'example_python_operator' retrieved from /home/airflow/.local/lib/python3.8/site-packages/airflow/example_dags/example_python_operator.py
[2024-04-05T09:35:46.098+0000] {logging_mixin.py:188} INFO - [2024-04-05T09:35:46.097+0000] {dag.py:3047} INFO - Sync 1 DAGs
[2024-04-05T09:35:46.115+0000] {logging_mixin.py:188} INFO - [2024-04-05T09:35:46.115+0000] {dag.py:3834} INFO - Setting next_dagrun for example_python_operator to None, run_after=None
[2024-04-05T09:35:46.155+0000] {processor.py:183} INFO - Processing /home/airflow/.local/lib/python3.8/site-packages/airflow/example_dags/example_python_operator.py took 0.329 seconds
[2024-04-05T09:36:06.199+0000] {processor.py:161} INFO - Started process (PID=674) to work on /home/airflow/.local/lib/python3.8/site-packages/airflow/example_dags/example_python_operator.py
[2024-04-05T09:36:06.201+0000] {processor.py:830} INFO - Processing file /home/airflow/.local/lib/python3.8/site-packages/airflow/example_dags/example_python_operator.py for tasks to queue
[2024-04-05T09:36:06.205+0000] {logging_mixin.py:188} INFO - [2024-04-05T09:36:06.205+0000] {dagbag.py:540} INFO - Filling up the DagBag from /home/airflow/.local/lib/python3.8/site-packages/airflow/example_dags/example_python_operator.py
[2024-04-05T09:36:06.230+0000] {processor.py:840} INFO - DAG(s) 'example_python_operator' retrieved from /home/airflow/.local/lib/python3.8/site-packages/airflow/example_dags/example_python_operator.py
[2024-04-05T09:36:06.251+0000] {logging_mixin.py:188} INFO - [2024-04-05T09:36:06.250+0000] {dag.py:3047} INFO - Sync 1 DAGs
[2024-04-05T09:36:06.276+0000] {logging_mixin.py:188} INFO - [2024-04-05T09:36:06.275+0000] {dag.py:3834} INFO - Setting next_dagrun for example_python_operator to None, run_after=None
[2024-04-05T09:36:06.306+0000] {processor.py:183} INFO - Processing /home/airflow/.local/lib/python3.8/site-packages/airflow/example_dags/example_python_operator.py took 0.112 seconds
[2024-04-05T09:36:17.614+0000] {processor.py:161} INFO - Started process (PID=696) to work on /home/airflow/.local/lib/python3.8/site-packages/airflow/example_dags/example_python_operator.py
[2024-04-05T09:36:17.629+0000] {processor.py:830} INFO - Processing file /home/airflow/.local/lib/python3.8/site-packages/airflow/example_dags/example_python_operator.py for tasks to queue
[2024-04-05T09:36:17.644+0000] {logging_mixin.py:188} INFO - [2024-04-05T09:36:17.644+0000] {dagbag.py:540} INFO - Filling up the DagBag from /home/airflow/.local/lib/python3.8/site-packages/airflow/example_dags/example_python_operator.py
[2024-04-05T09:36:17.753+0000] {processor.py:840} INFO - DAG(s) 'example_python_operator' retrieved from /home/airflow/.local/lib/python3.8/site-packages/airflow/example_dags/example_python_operator.py
[2024-04-05T09:36:18.054+0000] {logging_mixin.py:188} INFO - [2024-04-05T09:36:18.051+0000] {dag.py:3047} INFO - Sync 1 DAGs
[2024-04-05T09:36:18.249+0000] {logging_mixin.py:188} INFO - [2024-04-05T09:36:18.248+0000] {dag.py:3834} INFO - Setting next_dagrun for example_python_operator to None, run_after=None
[2024-04-05T09:36:18.468+0000] {processor.py:183} INFO - Processing /home/airflow/.local/lib/python3.8/site-packages/airflow/example_dags/example_python_operator.py took 0.871 seconds
[2024-04-05T09:36:40.670+0000] {processor.py:161} INFO - Started process (PID=753) to work on /home/airflow/.local/lib/python3.8/site-packages/airflow/example_dags/example_python_operator.py
[2024-04-05T09:36:40.686+0000] {processor.py:830} INFO - Processing file /home/airflow/.local/lib/python3.8/site-packages/airflow/example_dags/example_python_operator.py for tasks to queue
[2024-04-05T09:36:40.711+0000] {logging_mixin.py:188} INFO - [2024-04-05T09:36:40.709+0000] {dagbag.py:540} INFO - Filling up the DagBag from /home/airflow/.local/lib/python3.8/site-packages/airflow/example_dags/example_python_operator.py
[2024-04-05T09:36:40.848+0000] {processor.py:840} INFO - DAG(s) 'example_python_operator' retrieved from /home/airflow/.local/lib/python3.8/site-packages/airflow/example_dags/example_python_operator.py
[2024-04-05T09:36:41.683+0000] {logging_mixin.py:188} INFO - [2024-04-05T09:36:41.681+0000] {dag.py:3047} INFO - Sync 1 DAGs
[2024-04-05T09:36:41.737+0000] {logging_mixin.py:188} INFO - [2024-04-05T09:36:41.736+0000] {dag.py:3834} INFO - Setting next_dagrun for example_python_operator to None, run_after=None
[2024-04-05T09:36:41.949+0000] {processor.py:183} INFO - Processing /home/airflow/.local/lib/python3.8/site-packages/airflow/example_dags/example_python_operator.py took 1.328 seconds
[2024-04-05T09:37:00.362+0000] {processor.py:161} INFO - Started process (PID=800) to work on /home/airflow/.local/lib/python3.8/site-packages/airflow/example_dags/example_python_operator.py
[2024-04-05T09:37:00.378+0000] {processor.py:830} INFO - Processing file /home/airflow/.local/lib/python3.8/site-packages/airflow/example_dags/example_python_operator.py for tasks to queue
[2024-04-05T09:37:00.414+0000] {logging_mixin.py:188} INFO - [2024-04-05T09:37:00.412+0000] {dagbag.py:540} INFO - Filling up the DagBag from /home/airflow/.local/lib/python3.8/site-packages/airflow/example_dags/example_python_operator.py
[2024-04-05T09:37:00.601+0000] {processor.py:840} INFO - DAG(s) 'example_python_operator' retrieved from /home/airflow/.local/lib/python3.8/site-packages/airflow/example_dags/example_python_operator.py
[2024-04-05T09:37:00.744+0000] {logging_mixin.py:188} INFO - [2024-04-05T09:37:00.734+0000] {dag.py:3047} INFO - Sync 1 DAGs
[2024-04-05T09:37:00.937+0000] {logging_mixin.py:188} INFO - [2024-04-05T09:37:00.936+0000] {dag.py:3834} INFO - Setting next_dagrun for example_python_operator to None, run_after=None
[2024-04-05T09:37:01.144+0000] {processor.py:183} INFO - Processing /home/airflow/.local/lib/python3.8/site-packages/airflow/example_dags/example_python_operator.py took 0.832 seconds
[2024-04-05T09:37:17.859+0000] {processor.py:161} INFO - Started process (PID=860) to work on /home/airflow/.local/lib/python3.8/site-packages/airflow/example_dags/example_python_operator.py
[2024-04-05T09:37:17.871+0000] {processor.py:830} INFO - Processing file /home/airflow/.local/lib/python3.8/site-packages/airflow/example_dags/example_python_operator.py for tasks to queue
[2024-04-05T09:37:17.892+0000] {logging_mixin.py:188} INFO - [2024-04-05T09:37:17.890+0000] {dagbag.py:540} INFO - Filling up the DagBag from /home/airflow/.local/lib/python3.8/site-packages/airflow/example_dags/example_python_operator.py
[2024-04-05T09:37:18.041+0000] {processor.py:840} INFO - DAG(s) 'example_python_operator' retrieved from /home/airflow/.local/lib/python3.8/site-packages/airflow/example_dags/example_python_operator.py
[2024-04-05T09:37:18.258+0000] {logging_mixin.py:188} INFO - [2024-04-05T09:37:18.256+0000] {dag.py:3047} INFO - Sync 1 DAGs
[2024-04-05T09:37:18.339+0000] {logging_mixin.py:188} INFO - [2024-04-05T09:37:18.338+0000] {dag.py:3834} INFO - Setting next_dagrun for example_python_operator to None, run_after=None
[2024-04-05T09:37:18.530+0000] {processor.py:183} INFO - Processing /home/airflow/.local/lib/python3.8/site-packages/airflow/example_dags/example_python_operator.py took 0.704 seconds
[2024-04-05T09:37:37.727+0000] {processor.py:161} INFO - Started process (PID=901) to work on /home/airflow/.local/lib/python3.8/site-packages/airflow/example_dags/example_python_operator.py
[2024-04-05T09:37:37.747+0000] {processor.py:830} INFO - Processing file /home/airflow/.local/lib/python3.8/site-packages/airflow/example_dags/example_python_operator.py for tasks to queue
[2024-04-05T09:37:37.761+0000] {logging_mixin.py:188} INFO - [2024-04-05T09:37:37.760+0000] {dagbag.py:540} INFO - Filling up the DagBag from /home/airflow/.local/lib/python3.8/site-packages/airflow/example_dags/example_python_operator.py
[2024-04-05T09:37:37.878+0000] {processor.py:840} INFO - DAG(s) 'example_python_operator' retrieved from /home/airflow/.local/lib/python3.8/site-packages/airflow/example_dags/example_python_operator.py
[2024-04-05T09:37:39.012+0000] {logging_mixin.py:188} INFO - [2024-04-05T09:37:39.011+0000] {dag.py:3047} INFO - Sync 1 DAGs
[2024-04-05T09:37:39.138+0000] {logging_mixin.py:188} INFO - [2024-04-05T09:37:39.124+0000] {dag.py:3834} INFO - Setting next_dagrun for example_python_operator to None, run_after=None
[2024-04-05T09:37:39.351+0000] {processor.py:183} INFO - Processing /home/airflow/.local/lib/python3.8/site-packages/airflow/example_dags/example_python_operator.py took 1.655 seconds
[2024-04-05T09:37:58.165+0000] {processor.py:161} INFO - Started process (PID=942) to work on /home/airflow/.local/lib/python3.8/site-packages/airflow/example_dags/example_python_operator.py
[2024-04-05T09:37:58.265+0000] {processor.py:830} INFO - Processing file /home/airflow/.local/lib/python3.8/site-packages/airflow/example_dags/example_python_operator.py for tasks to queue
[2024-04-05T09:37:58.285+0000] {logging_mixin.py:188} INFO - [2024-04-05T09:37:58.283+0000] {dagbag.py:540} INFO - Filling up the DagBag from /home/airflow/.local/lib/python3.8/site-packages/airflow/example_dags/example_python_operator.py
[2024-04-05T09:37:58.366+0000] {processor.py:840} INFO - DAG(s) 'example_python_operator' retrieved from /home/airflow/.local/lib/python3.8/site-packages/airflow/example_dags/example_python_operator.py
[2024-04-05T09:37:58.489+0000] {logging_mixin.py:188} INFO - [2024-04-05T09:37:58.483+0000] {dag.py:3047} INFO - Sync 1 DAGs
[2024-04-05T09:37:58.634+0000] {logging_mixin.py:188} INFO - [2024-04-05T09:37:58.633+0000] {dag.py:3834} INFO - Setting next_dagrun for example_python_operator to None, run_after=None
[2024-04-05T09:37:58.794+0000] {processor.py:183} INFO - Processing /home/airflow/.local/lib/python3.8/site-packages/airflow/example_dags/example_python_operator.py took 0.681 seconds
[2024-04-05T09:38:14.362+0000] {processor.py:161} INFO - Started process (PID=1003) to work on /home/airflow/.local/lib/python3.8/site-packages/airflow/example_dags/example_python_operator.py
[2024-04-05T09:38:14.376+0000] {processor.py:830} INFO - Processing file /home/airflow/.local/lib/python3.8/site-packages/airflow/example_dags/example_python_operator.py for tasks to queue
[2024-04-05T09:38:14.399+0000] {logging_mixin.py:188} INFO - [2024-04-05T09:38:14.398+0000] {dagbag.py:540} INFO - Filling up the DagBag from /home/airflow/.local/lib/python3.8/site-packages/airflow/example_dags/example_python_operator.py
[2024-04-05T09:38:14.508+0000] {processor.py:840} INFO - DAG(s) 'example_python_operator' retrieved from /home/airflow/.local/lib/python3.8/site-packages/airflow/example_dags/example_python_operator.py
[2024-04-05T09:38:14.771+0000] {logging_mixin.py:188} INFO - [2024-04-05T09:38:14.770+0000] {dag.py:3047} INFO - Sync 1 DAGs
[2024-04-05T09:38:14.901+0000] {logging_mixin.py:188} INFO - [2024-04-05T09:38:14.901+0000] {dag.py:3834} INFO - Setting next_dagrun for example_python_operator to None, run_after=None
[2024-04-05T09:38:15.158+0000] {processor.py:183} INFO - Processing /home/airflow/.local/lib/python3.8/site-packages/airflow/example_dags/example_python_operator.py took 0.828 seconds
[2024-04-05T09:38:38.126+0000] {processor.py:161} INFO - Started process (PID=1056) to work on /home/airflow/.local/lib/python3.8/site-packages/airflow/example_dags/example_python_operator.py
[2024-04-05T09:38:38.141+0000] {processor.py:830} INFO - Processing file /home/airflow/.local/lib/python3.8/site-packages/airflow/example_dags/example_python_operator.py for tasks to queue
[2024-04-05T09:38:38.158+0000] {logging_mixin.py:188} INFO - [2024-04-05T09:38:38.148+0000] {dagbag.py:540} INFO - Filling up the DagBag from /home/airflow/.local/lib/python3.8/site-packages/airflow/example_dags/example_python_operator.py
[2024-04-05T09:38:38.285+0000] {processor.py:840} INFO - DAG(s) 'example_python_operator' retrieved from /home/airflow/.local/lib/python3.8/site-packages/airflow/example_dags/example_python_operator.py
[2024-04-05T09:38:39.534+0000] {logging_mixin.py:188} INFO - [2024-04-05T09:38:39.533+0000] {dag.py:3047} INFO - Sync 1 DAGs
[2024-04-05T09:38:39.643+0000] {logging_mixin.py:188} INFO - [2024-04-05T09:38:39.640+0000] {dag.py:3834} INFO - Setting next_dagrun for example_python_operator to None, run_after=None
[2024-04-05T09:38:39.870+0000] {processor.py:183} INFO - Processing /home/airflow/.local/lib/python3.8/site-packages/airflow/example_dags/example_python_operator.py took 1.783 seconds
