[2024-04-05T09:31:02.893+0000] {processor.py:161} INFO - Started process (PID=46) to work on /home/airflow/.local/lib/python3.8/site-packages/airflow/example_dags/tutorial.py
[2024-04-05T09:31:02.899+0000] {processor.py:830} INFO - Processing file /home/airflow/.local/lib/python3.8/site-packages/airflow/example_dags/tutorial.py for tasks to queue
[2024-04-05T09:31:02.910+0000] {logging_mixin.py:188} INFO - [2024-04-05T09:31:02.904+0000] {dagbag.py:540} INFO - Filling up the DagBag from /home/airflow/.local/lib/python3.8/site-packages/airflow/example_dags/tutorial.py
[2024-04-05T09:31:02.947+0000] {processor.py:840} INFO - DAG(s) 'tutorial' retrieved from /home/airflow/.local/lib/python3.8/site-packages/airflow/example_dags/tutorial.py
[2024-04-05T09:31:03.458+0000] {logging_mixin.py:188} INFO - [2024-04-05T09:31:03.457+0000] {dag.py:3047} INFO - Sync 1 DAGs
[2024-04-05T09:31:03.540+0000] {logging_mixin.py:188} INFO - [2024-04-05T09:31:03.539+0000] {dag.py:3834} INFO - Setting next_dagrun for tutorial to 2024-04-04 00:00:00+00:00, run_after=2024-04-05 00:00:00+00:00
[2024-04-05T09:31:03.662+0000] {processor.py:183} INFO - Processing /home/airflow/.local/lib/python3.8/site-packages/airflow/example_dags/tutorial.py took 0.779 seconds
[2024-04-05T09:31:34.275+0000] {processor.py:161} INFO - Started process (PID=107) to work on /home/airflow/.local/lib/python3.8/site-packages/airflow/example_dags/tutorial.py
[2024-04-05T09:31:34.278+0000] {processor.py:830} INFO - Processing file /home/airflow/.local/lib/python3.8/site-packages/airflow/example_dags/tutorial.py for tasks to queue
[2024-04-05T09:31:34.281+0000] {logging_mixin.py:188} INFO - [2024-04-05T09:31:34.280+0000] {dagbag.py:540} INFO - Filling up the DagBag from /home/airflow/.local/lib/python3.8/site-packages/airflow/example_dags/tutorial.py
[2024-04-05T09:31:34.290+0000] {processor.py:840} INFO - DAG(s) 'tutorial' retrieved from /home/airflow/.local/lib/python3.8/site-packages/airflow/example_dags/tutorial.py
[2024-04-05T09:31:34.322+0000] {logging_mixin.py:188} INFO - [2024-04-05T09:31:34.321+0000] {dag.py:3047} INFO - Sync 1 DAGs
[2024-04-05T09:31:34.357+0000] {logging_mixin.py:188} INFO - [2024-04-05T09:31:34.357+0000] {dag.py:3834} INFO - Setting next_dagrun for tutorial to 2024-04-04 00:00:00+00:00, run_after=2024-04-05 00:00:00+00:00
[2024-04-05T09:31:34.389+0000] {processor.py:183} INFO - Processing /home/airflow/.local/lib/python3.8/site-packages/airflow/example_dags/tutorial.py took 0.120 seconds
[2024-04-05T09:32:04.593+0000] {processor.py:161} INFO - Started process (PID=162) to work on /home/airflow/.local/lib/python3.8/site-packages/airflow/example_dags/tutorial.py
[2024-04-05T09:32:04.594+0000] {processor.py:830} INFO - Processing file /home/airflow/.local/lib/python3.8/site-packages/airflow/example_dags/tutorial.py for tasks to queue
[2024-04-05T09:32:04.596+0000] {logging_mixin.py:188} INFO - [2024-04-05T09:32:04.596+0000] {dagbag.py:540} INFO - Filling up the DagBag from /home/airflow/.local/lib/python3.8/site-packages/airflow/example_dags/tutorial.py
[2024-04-05T09:32:04.603+0000] {processor.py:840} INFO - DAG(s) 'tutorial' retrieved from /home/airflow/.local/lib/python3.8/site-packages/airflow/example_dags/tutorial.py
[2024-04-05T09:32:04.628+0000] {logging_mixin.py:188} INFO - [2024-04-05T09:32:04.627+0000] {dag.py:3047} INFO - Sync 1 DAGs
[2024-04-05T09:32:04.654+0000] {logging_mixin.py:188} INFO - [2024-04-05T09:32:04.654+0000] {dag.py:3834} INFO - Setting next_dagrun for tutorial to 2024-04-04 00:00:00+00:00, run_after=2024-04-05 00:00:00+00:00
[2024-04-05T09:32:04.678+0000] {processor.py:183} INFO - Processing /home/airflow/.local/lib/python3.8/site-packages/airflow/example_dags/tutorial.py took 0.089 seconds
[2024-04-05T09:32:35.458+0000] {processor.py:161} INFO - Started process (PID=217) to work on /home/airflow/.local/lib/python3.8/site-packages/airflow/example_dags/tutorial.py
[2024-04-05T09:32:35.459+0000] {processor.py:830} INFO - Processing file /home/airflow/.local/lib/python3.8/site-packages/airflow/example_dags/tutorial.py for tasks to queue
[2024-04-05T09:32:35.463+0000] {logging_mixin.py:188} INFO - [2024-04-05T09:32:35.462+0000] {dagbag.py:540} INFO - Filling up the DagBag from /home/airflow/.local/lib/python3.8/site-packages/airflow/example_dags/tutorial.py
[2024-04-05T09:32:35.480+0000] {processor.py:840} INFO - DAG(s) 'tutorial' retrieved from /home/airflow/.local/lib/python3.8/site-packages/airflow/example_dags/tutorial.py
[2024-04-05T09:32:35.521+0000] {logging_mixin.py:188} INFO - [2024-04-05T09:32:35.520+0000] {dag.py:3047} INFO - Sync 1 DAGs
[2024-04-05T09:32:35.565+0000] {logging_mixin.py:188} INFO - [2024-04-05T09:32:35.564+0000] {dag.py:3834} INFO - Setting next_dagrun for tutorial to 2024-04-04 00:00:00+00:00, run_after=2024-04-05 00:00:00+00:00
[2024-04-05T09:32:35.610+0000] {processor.py:183} INFO - Processing /home/airflow/.local/lib/python3.8/site-packages/airflow/example_dags/tutorial.py took 0.159 seconds
[2024-04-05T09:33:05.990+0000] {processor.py:161} INFO - Started process (PID=272) to work on /home/airflow/.local/lib/python3.8/site-packages/airflow/example_dags/tutorial.py
[2024-04-05T09:33:05.992+0000] {processor.py:830} INFO - Processing file /home/airflow/.local/lib/python3.8/site-packages/airflow/example_dags/tutorial.py for tasks to queue
[2024-04-05T09:33:05.995+0000] {logging_mixin.py:188} INFO - [2024-04-05T09:33:05.995+0000] {dagbag.py:540} INFO - Filling up the DagBag from /home/airflow/.local/lib/python3.8/site-packages/airflow/example_dags/tutorial.py
[2024-04-05T09:33:06.010+0000] {processor.py:840} INFO - DAG(s) 'tutorial' retrieved from /home/airflow/.local/lib/python3.8/site-packages/airflow/example_dags/tutorial.py
[2024-04-05T09:33:06.051+0000] {logging_mixin.py:188} INFO - [2024-04-05T09:33:06.050+0000] {dag.py:3047} INFO - Sync 1 DAGs
[2024-04-05T09:33:06.096+0000] {logging_mixin.py:188} INFO - [2024-04-05T09:33:06.096+0000] {dag.py:3834} INFO - Setting next_dagrun for tutorial to 2024-04-04 00:00:00+00:00, run_after=2024-04-05 00:00:00+00:00
[2024-04-05T09:33:06.134+0000] {processor.py:183} INFO - Processing /home/airflow/.local/lib/python3.8/site-packages/airflow/example_dags/tutorial.py took 0.153 seconds
[2024-04-05T09:33:36.356+0000] {processor.py:161} INFO - Started process (PID=327) to work on /home/airflow/.local/lib/python3.8/site-packages/airflow/example_dags/tutorial.py
[2024-04-05T09:33:36.357+0000] {processor.py:830} INFO - Processing file /home/airflow/.local/lib/python3.8/site-packages/airflow/example_dags/tutorial.py for tasks to queue
[2024-04-05T09:33:36.359+0000] {logging_mixin.py:188} INFO - [2024-04-05T09:33:36.359+0000] {dagbag.py:540} INFO - Filling up the DagBag from /home/airflow/.local/lib/python3.8/site-packages/airflow/example_dags/tutorial.py
[2024-04-05T09:33:36.365+0000] {processor.py:840} INFO - DAG(s) 'tutorial' retrieved from /home/airflow/.local/lib/python3.8/site-packages/airflow/example_dags/tutorial.py
[2024-04-05T09:33:36.389+0000] {logging_mixin.py:188} INFO - [2024-04-05T09:33:36.389+0000] {dag.py:3047} INFO - Sync 1 DAGs
[2024-04-05T09:33:36.414+0000] {logging_mixin.py:188} INFO - [2024-04-05T09:33:36.414+0000] {dag.py:3834} INFO - Setting next_dagrun for tutorial to 2024-04-04 00:00:00+00:00, run_after=2024-04-05 00:00:00+00:00
[2024-04-05T09:33:36.437+0000] {processor.py:183} INFO - Processing /home/airflow/.local/lib/python3.8/site-packages/airflow/example_dags/tutorial.py took 0.084 seconds
[2024-04-05T09:34:06.802+0000] {processor.py:161} INFO - Started process (PID=382) to work on /home/airflow/.local/lib/python3.8/site-packages/airflow/example_dags/tutorial.py
[2024-04-05T09:34:06.804+0000] {processor.py:830} INFO - Processing file /home/airflow/.local/lib/python3.8/site-packages/airflow/example_dags/tutorial.py for tasks to queue
[2024-04-05T09:34:06.807+0000] {logging_mixin.py:188} INFO - [2024-04-05T09:34:06.807+0000] {dagbag.py:540} INFO - Filling up the DagBag from /home/airflow/.local/lib/python3.8/site-packages/airflow/example_dags/tutorial.py
[2024-04-05T09:34:06.820+0000] {processor.py:840} INFO - DAG(s) 'tutorial' retrieved from /home/airflow/.local/lib/python3.8/site-packages/airflow/example_dags/tutorial.py
[2024-04-05T09:34:06.868+0000] {logging_mixin.py:188} INFO - [2024-04-05T09:34:06.868+0000] {dag.py:3047} INFO - Sync 1 DAGs
[2024-04-05T09:34:06.914+0000] {logging_mixin.py:188} INFO - [2024-04-05T09:34:06.913+0000] {dag.py:3834} INFO - Setting next_dagrun for tutorial to 2024-04-04 00:00:00+00:00, run_after=2024-04-05 00:00:00+00:00
[2024-04-05T09:34:06.954+0000] {processor.py:183} INFO - Processing /home/airflow/.local/lib/python3.8/site-packages/airflow/example_dags/tutorial.py took 0.156 seconds
[2024-04-05T09:34:37.031+0000] {processor.py:161} INFO - Started process (PID=437) to work on /home/airflow/.local/lib/python3.8/site-packages/airflow/example_dags/tutorial.py
[2024-04-05T09:34:37.035+0000] {processor.py:830} INFO - Processing file /home/airflow/.local/lib/python3.8/site-packages/airflow/example_dags/tutorial.py for tasks to queue
[2024-04-05T09:34:37.042+0000] {logging_mixin.py:188} INFO - [2024-04-05T09:34:37.041+0000] {dagbag.py:540} INFO - Filling up the DagBag from /home/airflow/.local/lib/python3.8/site-packages/airflow/example_dags/tutorial.py
[2024-04-05T09:34:37.066+0000] {processor.py:840} INFO - DAG(s) 'tutorial' retrieved from /home/airflow/.local/lib/python3.8/site-packages/airflow/example_dags/tutorial.py
[2024-04-05T09:34:37.123+0000] {logging_mixin.py:188} INFO - [2024-04-05T09:34:37.122+0000] {dag.py:3047} INFO - Sync 1 DAGs
[2024-04-05T09:34:37.183+0000] {logging_mixin.py:188} INFO - [2024-04-05T09:34:37.182+0000] {dag.py:3834} INFO - Setting next_dagrun for tutorial to 2024-04-04 00:00:00+00:00, run_after=2024-04-05 00:00:00+00:00
[2024-04-05T09:34:37.230+0000] {processor.py:183} INFO - Processing /home/airflow/.local/lib/python3.8/site-packages/airflow/example_dags/tutorial.py took 0.208 seconds
[2024-04-05T09:35:07.987+0000] {processor.py:161} INFO - Started process (PID=492) to work on /home/airflow/.local/lib/python3.8/site-packages/airflow/example_dags/tutorial.py
[2024-04-05T09:35:07.989+0000] {processor.py:830} INFO - Processing file /home/airflow/.local/lib/python3.8/site-packages/airflow/example_dags/tutorial.py for tasks to queue
[2024-04-05T09:35:07.991+0000] {logging_mixin.py:188} INFO - [2024-04-05T09:35:07.991+0000] {dagbag.py:540} INFO - Filling up the DagBag from /home/airflow/.local/lib/python3.8/site-packages/airflow/example_dags/tutorial.py
[2024-04-05T09:35:07.998+0000] {processor.py:840} INFO - DAG(s) 'tutorial' retrieved from /home/airflow/.local/lib/python3.8/site-packages/airflow/example_dags/tutorial.py
[2024-04-05T09:35:08.025+0000] {logging_mixin.py:188} INFO - [2024-04-05T09:35:08.024+0000] {dag.py:3047} INFO - Sync 1 DAGs
[2024-04-05T09:35:08.054+0000] {logging_mixin.py:188} INFO - [2024-04-05T09:35:08.053+0000] {dag.py:3834} INFO - Setting next_dagrun for tutorial to 2024-04-04 00:00:00+00:00, run_after=2024-04-05 00:00:00+00:00
[2024-04-05T09:35:08.076+0000] {processor.py:183} INFO - Processing /home/airflow/.local/lib/python3.8/site-packages/airflow/example_dags/tutorial.py took 0.092 seconds
[2024-04-05T09:35:38.226+0000] {processor.py:161} INFO - Started process (PID=554) to work on /home/airflow/.local/lib/python3.8/site-packages/airflow/example_dags/tutorial.py
[2024-04-05T09:35:38.229+0000] {processor.py:830} INFO - Processing file /home/airflow/.local/lib/python3.8/site-packages/airflow/example_dags/tutorial.py for tasks to queue
[2024-04-05T09:35:38.231+0000] {logging_mixin.py:188} INFO - [2024-04-05T09:35:38.231+0000] {dagbag.py:540} INFO - Filling up the DagBag from /home/airflow/.local/lib/python3.8/site-packages/airflow/example_dags/tutorial.py
[2024-04-05T09:35:38.239+0000] {processor.py:840} INFO - DAG(s) 'tutorial' retrieved from /home/airflow/.local/lib/python3.8/site-packages/airflow/example_dags/tutorial.py
[2024-04-05T09:35:38.271+0000] {logging_mixin.py:188} INFO - [2024-04-05T09:35:38.270+0000] {dag.py:3047} INFO - Sync 1 DAGs
[2024-04-05T09:35:38.305+0000] {logging_mixin.py:188} INFO - [2024-04-05T09:35:38.304+0000] {dag.py:3834} INFO - Setting next_dagrun for tutorial to 2024-04-04 00:00:00+00:00, run_after=2024-04-05 00:00:00+00:00
[2024-04-05T09:35:38.330+0000] {processor.py:183} INFO - Processing /home/airflow/.local/lib/python3.8/site-packages/airflow/example_dags/tutorial.py took 0.109 seconds
[2024-04-05T09:35:47.298+0000] {processor.py:161} INFO - Started process (PID=617) to work on /home/airflow/.local/lib/python3.8/site-packages/airflow/example_dags/tutorial.py
[2024-04-05T09:35:47.300+0000] {processor.py:830} INFO - Processing file /home/airflow/.local/lib/python3.8/site-packages/airflow/example_dags/tutorial.py for tasks to queue
[2024-04-05T09:35:47.304+0000] {logging_mixin.py:188} INFO - [2024-04-05T09:35:47.304+0000] {dagbag.py:540} INFO - Filling up the DagBag from /home/airflow/.local/lib/python3.8/site-packages/airflow/example_dags/tutorial.py
[2024-04-05T09:35:47.323+0000] {processor.py:840} INFO - DAG(s) 'tutorial' retrieved from /home/airflow/.local/lib/python3.8/site-packages/airflow/example_dags/tutorial.py
[2024-04-05T09:35:47.368+0000] {logging_mixin.py:188} INFO - [2024-04-05T09:35:47.368+0000] {dag.py:3047} INFO - Sync 1 DAGs
[2024-04-05T09:35:47.412+0000] {logging_mixin.py:188} INFO - [2024-04-05T09:35:47.412+0000] {dag.py:3834} INFO - Setting next_dagrun for tutorial to 2024-04-04 00:00:00+00:00, run_after=2024-04-05 00:00:00+00:00
[2024-04-05T09:35:47.441+0000] {processor.py:183} INFO - Processing /home/airflow/.local/lib/python3.8/site-packages/airflow/example_dags/tutorial.py took 0.147 seconds
[2024-04-05T09:36:08.863+0000] {processor.py:161} INFO - Started process (PID=679) to work on /home/airflow/.local/lib/python3.8/site-packages/airflow/example_dags/tutorial.py
[2024-04-05T09:36:08.867+0000] {processor.py:830} INFO - Processing file /home/airflow/.local/lib/python3.8/site-packages/airflow/example_dags/tutorial.py for tasks to queue
[2024-04-05T09:36:08.874+0000] {logging_mixin.py:188} INFO - [2024-04-05T09:36:08.873+0000] {dagbag.py:540} INFO - Filling up the DagBag from /home/airflow/.local/lib/python3.8/site-packages/airflow/example_dags/tutorial.py
[2024-04-05T09:36:08.891+0000] {processor.py:840} INFO - DAG(s) 'tutorial' retrieved from /home/airflow/.local/lib/python3.8/site-packages/airflow/example_dags/tutorial.py
[2024-04-05T09:36:08.958+0000] {logging_mixin.py:188} INFO - [2024-04-05T09:36:08.957+0000] {dag.py:3047} INFO - Sync 1 DAGs
[2024-04-05T09:36:09.040+0000] {logging_mixin.py:188} INFO - [2024-04-05T09:36:09.040+0000] {dag.py:3834} INFO - Setting next_dagrun for tutorial to 2024-04-04 00:00:00+00:00, run_after=2024-04-05 00:00:00+00:00
[2024-04-05T09:36:09.097+0000] {processor.py:183} INFO - Processing /home/airflow/.local/lib/python3.8/site-packages/airflow/example_dags/tutorial.py took 0.246 seconds
[2024-04-05T09:36:21.372+0000] {processor.py:161} INFO - Started process (PID=709) to work on /home/airflow/.local/lib/python3.8/site-packages/airflow/example_dags/tutorial.py
[2024-04-05T09:36:21.387+0000] {processor.py:830} INFO - Processing file /home/airflow/.local/lib/python3.8/site-packages/airflow/example_dags/tutorial.py for tasks to queue
[2024-04-05T09:36:21.404+0000] {logging_mixin.py:188} INFO - [2024-04-05T09:36:21.402+0000] {dagbag.py:540} INFO - Filling up the DagBag from /home/airflow/.local/lib/python3.8/site-packages/airflow/example_dags/tutorial.py
[2024-04-05T09:36:21.458+0000] {processor.py:840} INFO - DAG(s) 'tutorial' retrieved from /home/airflow/.local/lib/python3.8/site-packages/airflow/example_dags/tutorial.py
[2024-04-05T09:36:21.673+0000] {logging_mixin.py:188} INFO - [2024-04-05T09:36:21.672+0000] {dag.py:3047} INFO - Sync 1 DAGs
[2024-04-05T09:36:21.832+0000] {logging_mixin.py:188} INFO - [2024-04-05T09:36:21.831+0000] {dag.py:3834} INFO - Setting next_dagrun for tutorial to 2024-04-04 00:00:00+00:00, run_after=2024-04-05 00:00:00+00:00
[2024-04-05T09:36:21.953+0000] {processor.py:183} INFO - Processing /home/airflow/.local/lib/python3.8/site-packages/airflow/example_dags/tutorial.py took 0.624 seconds
[2024-04-05T09:36:46.886+0000] {processor.py:161} INFO - Started process (PID=765) to work on /home/airflow/.local/lib/python3.8/site-packages/airflow/example_dags/tutorial.py
[2024-04-05T09:36:46.897+0000] {processor.py:830} INFO - Processing file /home/airflow/.local/lib/python3.8/site-packages/airflow/example_dags/tutorial.py for tasks to queue
[2024-04-05T09:36:46.919+0000] {logging_mixin.py:188} INFO - [2024-04-05T09:36:46.917+0000] {dagbag.py:540} INFO - Filling up the DagBag from /home/airflow/.local/lib/python3.8/site-packages/airflow/example_dags/tutorial.py
[2024-04-05T09:36:46.984+0000] {processor.py:840} INFO - DAG(s) 'tutorial' retrieved from /home/airflow/.local/lib/python3.8/site-packages/airflow/example_dags/tutorial.py
[2024-04-05T09:36:47.145+0000] {logging_mixin.py:188} INFO - [2024-04-05T09:36:47.144+0000] {dag.py:3047} INFO - Sync 1 DAGs
[2024-04-05T09:36:47.375+0000] {logging_mixin.py:188} INFO - [2024-04-05T09:36:47.374+0000] {dag.py:3834} INFO - Setting next_dagrun for tutorial to 2024-04-04 00:00:00+00:00, run_after=2024-04-05 00:00:00+00:00
[2024-04-05T09:36:47.589+0000] {processor.py:183} INFO - Processing /home/airflow/.local/lib/python3.8/site-packages/airflow/example_dags/tutorial.py took 0.729 seconds
[2024-04-05T09:37:04.525+0000] {processor.py:161} INFO - Started process (PID=812) to work on /home/airflow/.local/lib/python3.8/site-packages/airflow/example_dags/tutorial.py
[2024-04-05T09:37:04.530+0000] {processor.py:830} INFO - Processing file /home/airflow/.local/lib/python3.8/site-packages/airflow/example_dags/tutorial.py for tasks to queue
[2024-04-05T09:37:04.541+0000] {logging_mixin.py:188} INFO - [2024-04-05T09:37:04.540+0000] {dagbag.py:540} INFO - Filling up the DagBag from /home/airflow/.local/lib/python3.8/site-packages/airflow/example_dags/tutorial.py
[2024-04-05T09:37:04.656+0000] {processor.py:840} INFO - DAG(s) 'tutorial' retrieved from /home/airflow/.local/lib/python3.8/site-packages/airflow/example_dags/tutorial.py
[2024-04-05T09:37:04.871+0000] {logging_mixin.py:188} INFO - [2024-04-05T09:37:04.858+0000] {dag.py:3047} INFO - Sync 1 DAGs
[2024-04-05T09:37:05.181+0000] {logging_mixin.py:188} INFO - [2024-04-05T09:37:05.180+0000] {dag.py:3834} INFO - Setting next_dagrun for tutorial to 2024-04-04 00:00:00+00:00, run_after=2024-04-05 00:00:00+00:00
[2024-04-05T09:37:05.402+0000] {processor.py:183} INFO - Processing /home/airflow/.local/lib/python3.8/site-packages/airflow/example_dags/tutorial.py took 0.897 seconds
[2024-04-05T09:37:23.082+0000] {processor.py:161} INFO - Started process (PID=871) to work on /home/airflow/.local/lib/python3.8/site-packages/airflow/example_dags/tutorial.py
[2024-04-05T09:37:23.106+0000] {processor.py:830} INFO - Processing file /home/airflow/.local/lib/python3.8/site-packages/airflow/example_dags/tutorial.py for tasks to queue
[2024-04-05T09:37:23.123+0000] {logging_mixin.py:188} INFO - [2024-04-05T09:37:23.122+0000] {dagbag.py:540} INFO - Filling up the DagBag from /home/airflow/.local/lib/python3.8/site-packages/airflow/example_dags/tutorial.py
[2024-04-05T09:37:23.269+0000] {processor.py:840} INFO - DAG(s) 'tutorial' retrieved from /home/airflow/.local/lib/python3.8/site-packages/airflow/example_dags/tutorial.py
[2024-04-05T09:37:23.571+0000] {logging_mixin.py:188} INFO - [2024-04-05T09:37:23.567+0000] {dag.py:3047} INFO - Sync 1 DAGs
[2024-04-05T09:37:23.871+0000] {logging_mixin.py:188} INFO - [2024-04-05T09:37:23.870+0000] {dag.py:3834} INFO - Setting next_dagrun for tutorial to 2024-04-04 00:00:00+00:00, run_after=2024-04-05 00:00:00+00:00
[2024-04-05T09:37:24.340+0000] {processor.py:183} INFO - Processing /home/airflow/.local/lib/python3.8/site-packages/airflow/example_dags/tutorial.py took 1.368 seconds
[2024-04-05T09:37:47.323+0000] {processor.py:161} INFO - Started process (PID=923) to work on /home/airflow/.local/lib/python3.8/site-packages/airflow/example_dags/tutorial.py
[2024-04-05T09:37:47.450+0000] {processor.py:830} INFO - Processing file /home/airflow/.local/lib/python3.8/site-packages/airflow/example_dags/tutorial.py for tasks to queue
[2024-04-05T09:37:47.477+0000] {logging_mixin.py:188} INFO - [2024-04-05T09:37:47.476+0000] {dagbag.py:540} INFO - Filling up the DagBag from /home/airflow/.local/lib/python3.8/site-packages/airflow/example_dags/tutorial.py
[2024-04-05T09:37:47.590+0000] {processor.py:840} INFO - DAG(s) 'tutorial' retrieved from /home/airflow/.local/lib/python3.8/site-packages/airflow/example_dags/tutorial.py
[2024-04-05T09:37:47.845+0000] {logging_mixin.py:188} INFO - [2024-04-05T09:37:47.842+0000] {dag.py:3047} INFO - Sync 1 DAGs
[2024-04-05T09:37:48.142+0000] {logging_mixin.py:188} INFO - [2024-04-05T09:37:48.138+0000] {dag.py:3834} INFO - Setting next_dagrun for tutorial to 2024-04-04 00:00:00+00:00, run_after=2024-04-05 00:00:00+00:00
[2024-04-05T09:37:48.361+0000] {processor.py:183} INFO - Processing /home/airflow/.local/lib/python3.8/site-packages/airflow/example_dags/tutorial.py took 1.109 seconds
[2024-04-05T09:38:01.243+0000] {processor.py:161} INFO - Started process (PID=952) to work on /home/airflow/.local/lib/python3.8/site-packages/airflow/example_dags/tutorial.py
[2024-04-05T09:38:01.266+0000] {processor.py:830} INFO - Processing file /home/airflow/.local/lib/python3.8/site-packages/airflow/example_dags/tutorial.py for tasks to queue
[2024-04-05T09:38:01.299+0000] {logging_mixin.py:188} INFO - [2024-04-05T09:38:01.288+0000] {dagbag.py:540} INFO - Filling up the DagBag from /home/airflow/.local/lib/python3.8/site-packages/airflow/example_dags/tutorial.py
[2024-04-05T09:38:01.390+0000] {processor.py:840} INFO - DAG(s) 'tutorial' retrieved from /home/airflow/.local/lib/python3.8/site-packages/airflow/example_dags/tutorial.py
[2024-04-05T09:38:01.581+0000] {logging_mixin.py:188} INFO - [2024-04-05T09:38:01.579+0000] {dag.py:3047} INFO - Sync 1 DAGs
[2024-04-05T09:38:01.798+0000] {logging_mixin.py:188} INFO - [2024-04-05T09:38:01.797+0000] {dag.py:3834} INFO - Setting next_dagrun for tutorial to 2024-04-04 00:00:00+00:00, run_after=2024-04-05 00:00:00+00:00
[2024-04-05T09:38:02.050+0000] {processor.py:183} INFO - Processing /home/airflow/.local/lib/python3.8/site-packages/airflow/example_dags/tutorial.py took 0.855 seconds
[2024-04-05T09:38:23.244+0000] {processor.py:161} INFO - Started process (PID=1020) to work on /home/airflow/.local/lib/python3.8/site-packages/airflow/example_dags/tutorial.py
[2024-04-05T09:38:23.250+0000] {processor.py:830} INFO - Processing file /home/airflow/.local/lib/python3.8/site-packages/airflow/example_dags/tutorial.py for tasks to queue
[2024-04-05T09:38:23.263+0000] {logging_mixin.py:188} INFO - [2024-04-05T09:38:23.262+0000] {dagbag.py:540} INFO - Filling up the DagBag from /home/airflow/.local/lib/python3.8/site-packages/airflow/example_dags/tutorial.py
[2024-04-05T09:38:23.301+0000] {processor.py:840} INFO - DAG(s) 'tutorial' retrieved from /home/airflow/.local/lib/python3.8/site-packages/airflow/example_dags/tutorial.py
[2024-04-05T09:38:23.417+0000] {logging_mixin.py:188} INFO - [2024-04-05T09:38:23.407+0000] {dag.py:3047} INFO - Sync 1 DAGs
[2024-04-05T09:38:23.586+0000] {logging_mixin.py:188} INFO - [2024-04-05T09:38:23.585+0000] {dag.py:3834} INFO - Setting next_dagrun for tutorial to 2024-04-04 00:00:00+00:00, run_after=2024-04-05 00:00:00+00:00
[2024-04-05T09:38:23.744+0000] {processor.py:183} INFO - Processing /home/airflow/.local/lib/python3.8/site-packages/airflow/example_dags/tutorial.py took 0.517 seconds
[2024-04-05T09:38:43.498+0000] {processor.py:161} INFO - Started process (PID=1066) to work on /home/airflow/.local/lib/python3.8/site-packages/airflow/example_dags/tutorial.py
[2024-04-05T09:38:43.557+0000] {processor.py:830} INFO - Processing file /home/airflow/.local/lib/python3.8/site-packages/airflow/example_dags/tutorial.py for tasks to queue
[2024-04-05T09:38:43.601+0000] {logging_mixin.py:188} INFO - [2024-04-05T09:38:43.599+0000] {dagbag.py:540} INFO - Filling up the DagBag from /home/airflow/.local/lib/python3.8/site-packages/airflow/example_dags/tutorial.py
[2024-04-05T09:38:43.771+0000] {processor.py:840} INFO - DAG(s) 'tutorial' retrieved from /home/airflow/.local/lib/python3.8/site-packages/airflow/example_dags/tutorial.py
[2024-04-05T09:38:44.046+0000] {logging_mixin.py:188} INFO - [2024-04-05T09:38:44.045+0000] {dag.py:3047} INFO - Sync 1 DAGs
