[2024-04-05T09:31:10.357+0000] {processor.py:161} INFO - Started process (PID=84) to work on /home/airflow/.local/lib/python3.8/site-packages/airflow/example_dags/tutorial_dag.py
[2024-04-05T09:31:10.358+0000] {processor.py:830} INFO - Processing file /home/airflow/.local/lib/python3.8/site-packages/airflow/example_dags/tutorial_dag.py for tasks to queue
[2024-04-05T09:31:10.360+0000] {logging_mixin.py:188} INFO - [2024-04-05T09:31:10.360+0000] {dagbag.py:540} INFO - Filling up the DagBag from /home/airflow/.local/lib/python3.8/site-packages/airflow/example_dags/tutorial_dag.py
[2024-04-05T09:31:10.370+0000] {processor.py:840} INFO - DAG(s) 'tutorial_dag' retrieved from /home/airflow/.local/lib/python3.8/site-packages/airflow/example_dags/tutorial_dag.py
[2024-04-05T09:31:10.542+0000] {logging_mixin.py:188} INFO - [2024-04-05T09:31:10.541+0000] {dag.py:3047} INFO - Sync 1 DAGs
[2024-04-05T09:31:10.557+0000] {logging_mixin.py:188} INFO - [2024-04-05T09:31:10.556+0000] {dag.py:3834} INFO - Setting next_dagrun for tutorial_dag to None, run_after=None
[2024-04-05T09:31:10.591+0000] {processor.py:183} INFO - Processing /home/airflow/.local/lib/python3.8/site-packages/airflow/example_dags/tutorial_dag.py took 0.238 seconds
[2024-04-05T09:31:41.754+0000] {processor.py:161} INFO - Started process (PID=139) to work on /home/airflow/.local/lib/python3.8/site-packages/airflow/example_dags/tutorial_dag.py
[2024-04-05T09:31:41.757+0000] {processor.py:830} INFO - Processing file /home/airflow/.local/lib/python3.8/site-packages/airflow/example_dags/tutorial_dag.py for tasks to queue
[2024-04-05T09:31:41.766+0000] {logging_mixin.py:188} INFO - [2024-04-05T09:31:41.764+0000] {dagbag.py:540} INFO - Filling up the DagBag from /home/airflow/.local/lib/python3.8/site-packages/airflow/example_dags/tutorial_dag.py
[2024-04-05T09:31:41.792+0000] {processor.py:840} INFO - DAG(s) 'tutorial_dag' retrieved from /home/airflow/.local/lib/python3.8/site-packages/airflow/example_dags/tutorial_dag.py
[2024-04-05T09:31:41.849+0000] {logging_mixin.py:188} INFO - [2024-04-05T09:31:41.849+0000] {dag.py:3047} INFO - Sync 1 DAGs
[2024-04-05T09:31:41.888+0000] {logging_mixin.py:188} INFO - [2024-04-05T09:31:41.887+0000] {dag.py:3834} INFO - Setting next_dagrun for tutorial_dag to None, run_after=None
[2024-04-05T09:31:41.937+0000] {processor.py:183} INFO - Processing /home/airflow/.local/lib/python3.8/site-packages/airflow/example_dags/tutorial_dag.py took 0.192 seconds
[2024-04-05T09:32:12.064+0000] {processor.py:161} INFO - Started process (PID=194) to work on /home/airflow/.local/lib/python3.8/site-packages/airflow/example_dags/tutorial_dag.py
[2024-04-05T09:32:12.065+0000] {processor.py:830} INFO - Processing file /home/airflow/.local/lib/python3.8/site-packages/airflow/example_dags/tutorial_dag.py for tasks to queue
[2024-04-05T09:32:12.068+0000] {logging_mixin.py:188} INFO - [2024-04-05T09:32:12.067+0000] {dagbag.py:540} INFO - Filling up the DagBag from /home/airflow/.local/lib/python3.8/site-packages/airflow/example_dags/tutorial_dag.py
[2024-04-05T09:32:12.077+0000] {processor.py:840} INFO - DAG(s) 'tutorial_dag' retrieved from /home/airflow/.local/lib/python3.8/site-packages/airflow/example_dags/tutorial_dag.py
[2024-04-05T09:32:12.107+0000] {logging_mixin.py:188} INFO - [2024-04-05T09:32:12.106+0000] {dag.py:3047} INFO - Sync 1 DAGs
[2024-04-05T09:32:12.129+0000] {logging_mixin.py:188} INFO - [2024-04-05T09:32:12.128+0000] {dag.py:3834} INFO - Setting next_dagrun for tutorial_dag to None, run_after=None
[2024-04-05T09:32:12.189+0000] {processor.py:183} INFO - Processing /home/airflow/.local/lib/python3.8/site-packages/airflow/example_dags/tutorial_dag.py took 0.130 seconds
[2024-04-05T09:32:42.583+0000] {processor.py:161} INFO - Started process (PID=249) to work on /home/airflow/.local/lib/python3.8/site-packages/airflow/example_dags/tutorial_dag.py
[2024-04-05T09:32:42.584+0000] {processor.py:830} INFO - Processing file /home/airflow/.local/lib/python3.8/site-packages/airflow/example_dags/tutorial_dag.py for tasks to queue
[2024-04-05T09:32:42.587+0000] {logging_mixin.py:188} INFO - [2024-04-05T09:32:42.586+0000] {dagbag.py:540} INFO - Filling up the DagBag from /home/airflow/.local/lib/python3.8/site-packages/airflow/example_dags/tutorial_dag.py
[2024-04-05T09:32:42.595+0000] {processor.py:840} INFO - DAG(s) 'tutorial_dag' retrieved from /home/airflow/.local/lib/python3.8/site-packages/airflow/example_dags/tutorial_dag.py
[2024-04-05T09:32:42.623+0000] {logging_mixin.py:188} INFO - [2024-04-05T09:32:42.623+0000] {dag.py:3047} INFO - Sync 1 DAGs
[2024-04-05T09:32:42.640+0000] {logging_mixin.py:188} INFO - [2024-04-05T09:32:42.639+0000] {dag.py:3834} INFO - Setting next_dagrun for tutorial_dag to None, run_after=None
[2024-04-05T09:32:42.670+0000] {processor.py:183} INFO - Processing /home/airflow/.local/lib/python3.8/site-packages/airflow/example_dags/tutorial_dag.py took 0.092 seconds
[2024-04-05T09:33:13.061+0000] {processor.py:161} INFO - Started process (PID=304) to work on /home/airflow/.local/lib/python3.8/site-packages/airflow/example_dags/tutorial_dag.py
[2024-04-05T09:33:13.063+0000] {processor.py:830} INFO - Processing file /home/airflow/.local/lib/python3.8/site-packages/airflow/example_dags/tutorial_dag.py for tasks to queue
[2024-04-05T09:33:13.065+0000] {logging_mixin.py:188} INFO - [2024-04-05T09:33:13.065+0000] {dagbag.py:540} INFO - Filling up the DagBag from /home/airflow/.local/lib/python3.8/site-packages/airflow/example_dags/tutorial_dag.py
[2024-04-05T09:33:13.072+0000] {processor.py:840} INFO - DAG(s) 'tutorial_dag' retrieved from /home/airflow/.local/lib/python3.8/site-packages/airflow/example_dags/tutorial_dag.py
[2024-04-05T09:33:13.099+0000] {logging_mixin.py:188} INFO - [2024-04-05T09:33:13.098+0000] {dag.py:3047} INFO - Sync 1 DAGs
[2024-04-05T09:33:13.116+0000] {logging_mixin.py:188} INFO - [2024-04-05T09:33:13.115+0000] {dag.py:3834} INFO - Setting next_dagrun for tutorial_dag to None, run_after=None
[2024-04-05T09:33:13.146+0000] {processor.py:183} INFO - Processing /home/airflow/.local/lib/python3.8/site-packages/airflow/example_dags/tutorial_dag.py took 0.090 seconds
[2024-04-05T09:33:43.815+0000] {processor.py:161} INFO - Started process (PID=359) to work on /home/airflow/.local/lib/python3.8/site-packages/airflow/example_dags/tutorial_dag.py
[2024-04-05T09:33:43.816+0000] {processor.py:830} INFO - Processing file /home/airflow/.local/lib/python3.8/site-packages/airflow/example_dags/tutorial_dag.py for tasks to queue
[2024-04-05T09:33:43.819+0000] {logging_mixin.py:188} INFO - [2024-04-05T09:33:43.818+0000] {dagbag.py:540} INFO - Filling up the DagBag from /home/airflow/.local/lib/python3.8/site-packages/airflow/example_dags/tutorial_dag.py
[2024-04-05T09:33:43.826+0000] {processor.py:840} INFO - DAG(s) 'tutorial_dag' retrieved from /home/airflow/.local/lib/python3.8/site-packages/airflow/example_dags/tutorial_dag.py
[2024-04-05T09:33:43.855+0000] {logging_mixin.py:188} INFO - [2024-04-05T09:33:43.855+0000] {dag.py:3047} INFO - Sync 1 DAGs
[2024-04-05T09:33:43.877+0000] {logging_mixin.py:188} INFO - [2024-04-05T09:33:43.876+0000] {dag.py:3834} INFO - Setting next_dagrun for tutorial_dag to None, run_after=None
[2024-04-05T09:33:43.904+0000] {processor.py:183} INFO - Processing /home/airflow/.local/lib/python3.8/site-packages/airflow/example_dags/tutorial_dag.py took 0.094 seconds
[2024-04-05T09:34:14.445+0000] {processor.py:161} INFO - Started process (PID=414) to work on /home/airflow/.local/lib/python3.8/site-packages/airflow/example_dags/tutorial_dag.py
[2024-04-05T09:34:14.448+0000] {processor.py:830} INFO - Processing file /home/airflow/.local/lib/python3.8/site-packages/airflow/example_dags/tutorial_dag.py for tasks to queue
[2024-04-05T09:34:14.451+0000] {logging_mixin.py:188} INFO - [2024-04-05T09:34:14.450+0000] {dagbag.py:540} INFO - Filling up the DagBag from /home/airflow/.local/lib/python3.8/site-packages/airflow/example_dags/tutorial_dag.py
[2024-04-05T09:34:14.461+0000] {processor.py:840} INFO - DAG(s) 'tutorial_dag' retrieved from /home/airflow/.local/lib/python3.8/site-packages/airflow/example_dags/tutorial_dag.py
[2024-04-05T09:34:14.497+0000] {logging_mixin.py:188} INFO - [2024-04-05T09:34:14.497+0000] {dag.py:3047} INFO - Sync 1 DAGs
[2024-04-05T09:34:14.518+0000] {logging_mixin.py:188} INFO - [2024-04-05T09:34:14.518+0000] {dag.py:3834} INFO - Setting next_dagrun for tutorial_dag to None, run_after=None
[2024-04-05T09:34:14.553+0000] {processor.py:183} INFO - Processing /home/airflow/.local/lib/python3.8/site-packages/airflow/example_dags/tutorial_dag.py took 0.115 seconds
[2024-04-05T09:34:45.226+0000] {processor.py:161} INFO - Started process (PID=469) to work on /home/airflow/.local/lib/python3.8/site-packages/airflow/example_dags/tutorial_dag.py
[2024-04-05T09:34:45.229+0000] {processor.py:830} INFO - Processing file /home/airflow/.local/lib/python3.8/site-packages/airflow/example_dags/tutorial_dag.py for tasks to queue
[2024-04-05T09:34:45.232+0000] {logging_mixin.py:188} INFO - [2024-04-05T09:34:45.232+0000] {dagbag.py:540} INFO - Filling up the DagBag from /home/airflow/.local/lib/python3.8/site-packages/airflow/example_dags/tutorial_dag.py
[2024-04-05T09:34:45.242+0000] {processor.py:840} INFO - DAG(s) 'tutorial_dag' retrieved from /home/airflow/.local/lib/python3.8/site-packages/airflow/example_dags/tutorial_dag.py
[2024-04-05T09:34:45.269+0000] {logging_mixin.py:188} INFO - [2024-04-05T09:34:45.269+0000] {dag.py:3047} INFO - Sync 1 DAGs
[2024-04-05T09:34:45.287+0000] {logging_mixin.py:188} INFO - [2024-04-05T09:34:45.287+0000] {dag.py:3834} INFO - Setting next_dagrun for tutorial_dag to None, run_after=None
[2024-04-05T09:34:45.313+0000] {processor.py:183} INFO - Processing /home/airflow/.local/lib/python3.8/site-packages/airflow/example_dags/tutorial_dag.py took 0.092 seconds
[2024-04-05T09:35:15.463+0000] {processor.py:161} INFO - Started process (PID=524) to work on /home/airflow/.local/lib/python3.8/site-packages/airflow/example_dags/tutorial_dag.py
[2024-04-05T09:35:15.464+0000] {processor.py:830} INFO - Processing file /home/airflow/.local/lib/python3.8/site-packages/airflow/example_dags/tutorial_dag.py for tasks to queue
[2024-04-05T09:35:15.468+0000] {logging_mixin.py:188} INFO - [2024-04-05T09:35:15.467+0000] {dagbag.py:540} INFO - Filling up the DagBag from /home/airflow/.local/lib/python3.8/site-packages/airflow/example_dags/tutorial_dag.py
[2024-04-05T09:35:15.478+0000] {processor.py:840} INFO - DAG(s) 'tutorial_dag' retrieved from /home/airflow/.local/lib/python3.8/site-packages/airflow/example_dags/tutorial_dag.py
[2024-04-05T09:35:15.506+0000] {logging_mixin.py:188} INFO - [2024-04-05T09:35:15.506+0000] {dag.py:3047} INFO - Sync 1 DAGs
[2024-04-05T09:35:15.524+0000] {logging_mixin.py:188} INFO - [2024-04-05T09:35:15.524+0000] {dag.py:3834} INFO - Setting next_dagrun for tutorial_dag to None, run_after=None
[2024-04-05T09:35:15.554+0000] {processor.py:183} INFO - Processing /home/airflow/.local/lib/python3.8/site-packages/airflow/example_dags/tutorial_dag.py took 0.095 seconds
[2024-04-05T09:35:45.898+0000] {processor.py:161} INFO - Started process (PID=605) to work on /home/airflow/.local/lib/python3.8/site-packages/airflow/example_dags/tutorial_dag.py
[2024-04-05T09:35:45.901+0000] {processor.py:830} INFO - Processing file /home/airflow/.local/lib/python3.8/site-packages/airflow/example_dags/tutorial_dag.py for tasks to queue
[2024-04-05T09:35:45.905+0000] {logging_mixin.py:188} INFO - [2024-04-05T09:35:45.905+0000] {dagbag.py:540} INFO - Filling up the DagBag from /home/airflow/.local/lib/python3.8/site-packages/airflow/example_dags/tutorial_dag.py
[2024-04-05T09:35:45.921+0000] {processor.py:840} INFO - DAG(s) 'tutorial_dag' retrieved from /home/airflow/.local/lib/python3.8/site-packages/airflow/example_dags/tutorial_dag.py
[2024-04-05T09:35:45.960+0000] {logging_mixin.py:188} INFO - [2024-04-05T09:35:45.959+0000] {dag.py:3047} INFO - Sync 1 DAGs
[2024-04-05T09:35:45.985+0000] {logging_mixin.py:188} INFO - [2024-04-05T09:35:45.984+0000] {dag.py:3834} INFO - Setting next_dagrun for tutorial_dag to None, run_after=None
[2024-04-05T09:35:46.022+0000] {processor.py:183} INFO - Processing /home/airflow/.local/lib/python3.8/site-packages/airflow/example_dags/tutorial_dag.py took 0.130 seconds
[2024-04-05T09:35:55.583+0000] {processor.py:161} INFO - Started process (PID=655) to work on /home/airflow/.local/lib/python3.8/site-packages/airflow/example_dags/tutorial_dag.py
[2024-04-05T09:35:55.585+0000] {processor.py:830} INFO - Processing file /home/airflow/.local/lib/python3.8/site-packages/airflow/example_dags/tutorial_dag.py for tasks to queue
[2024-04-05T09:35:55.591+0000] {logging_mixin.py:188} INFO - [2024-04-05T09:35:55.590+0000] {dagbag.py:540} INFO - Filling up the DagBag from /home/airflow/.local/lib/python3.8/site-packages/airflow/example_dags/tutorial_dag.py
[2024-04-05T09:35:55.609+0000] {processor.py:840} INFO - DAG(s) 'tutorial_dag' retrieved from /home/airflow/.local/lib/python3.8/site-packages/airflow/example_dags/tutorial_dag.py
[2024-04-05T09:35:55.660+0000] {logging_mixin.py:188} INFO - [2024-04-05T09:35:55.659+0000] {dag.py:3047} INFO - Sync 1 DAGs
[2024-04-05T09:35:55.690+0000] {logging_mixin.py:188} INFO - [2024-04-05T09:35:55.690+0000] {dag.py:3834} INFO - Setting next_dagrun for tutorial_dag to None, run_after=None
[2024-04-05T09:35:55.742+0000] {processor.py:183} INFO - Processing /home/airflow/.local/lib/python3.8/site-packages/airflow/example_dags/tutorial_dag.py took 0.167 seconds
[2024-04-05T09:36:27.679+0000] {processor.py:161} INFO - Started process (PID=725) to work on /home/airflow/.local/lib/python3.8/site-packages/airflow/example_dags/tutorial_dag.py
[2024-04-05T09:36:27.691+0000] {processor.py:830} INFO - Processing file /home/airflow/.local/lib/python3.8/site-packages/airflow/example_dags/tutorial_dag.py for tasks to queue
[2024-04-05T09:36:27.736+0000] {logging_mixin.py:188} INFO - [2024-04-05T09:36:27.729+0000] {dagbag.py:540} INFO - Filling up the DagBag from /home/airflow/.local/lib/python3.8/site-packages/airflow/example_dags/tutorial_dag.py
[2024-04-05T09:36:27.809+0000] {processor.py:840} INFO - DAG(s) 'tutorial_dag' retrieved from /home/airflow/.local/lib/python3.8/site-packages/airflow/example_dags/tutorial_dag.py
[2024-04-05T09:36:27.982+0000] {logging_mixin.py:188} INFO - [2024-04-05T09:36:27.981+0000] {dag.py:3047} INFO - Sync 1 DAGs
[2024-04-05T09:36:28.104+0000] {logging_mixin.py:188} INFO - [2024-04-05T09:36:28.103+0000] {dag.py:3834} INFO - Setting next_dagrun for tutorial_dag to None, run_after=None
[2024-04-05T09:36:28.291+0000] {processor.py:183} INFO - Processing /home/airflow/.local/lib/python3.8/site-packages/airflow/example_dags/tutorial_dag.py took 0.639 seconds
[2024-04-05T09:36:52.438+0000] {processor.py:161} INFO - Started process (PID=780) to work on /home/airflow/.local/lib/python3.8/site-packages/airflow/example_dags/tutorial_dag.py
[2024-04-05T09:36:52.442+0000] {processor.py:830} INFO - Processing file /home/airflow/.local/lib/python3.8/site-packages/airflow/example_dags/tutorial_dag.py for tasks to queue
[2024-04-05T09:36:52.469+0000] {logging_mixin.py:188} INFO - [2024-04-05T09:36:52.458+0000] {dagbag.py:540} INFO - Filling up the DagBag from /home/airflow/.local/lib/python3.8/site-packages/airflow/example_dags/tutorial_dag.py
[2024-04-05T09:36:52.520+0000] {processor.py:840} INFO - DAG(s) 'tutorial_dag' retrieved from /home/airflow/.local/lib/python3.8/site-packages/airflow/example_dags/tutorial_dag.py
[2024-04-05T09:36:52.738+0000] {logging_mixin.py:188} INFO - [2024-04-05T09:36:52.737+0000] {dag.py:3047} INFO - Sync 1 DAGs
[2024-04-05T09:36:52.917+0000] {logging_mixin.py:188} INFO - [2024-04-05T09:36:52.914+0000] {dag.py:3834} INFO - Setting next_dagrun for tutorial_dag to None, run_after=None
[2024-04-05T09:36:53.155+0000] {processor.py:183} INFO - Processing /home/airflow/.local/lib/python3.8/site-packages/airflow/example_dags/tutorial_dag.py took 0.750 seconds
[2024-04-05T09:37:12.542+0000] {processor.py:161} INFO - Started process (PID=842) to work on /home/airflow/.local/lib/python3.8/site-packages/airflow/example_dags/tutorial_dag.py
[2024-04-05T09:37:12.585+0000] {processor.py:830} INFO - Processing file /home/airflow/.local/lib/python3.8/site-packages/airflow/example_dags/tutorial_dag.py for tasks to queue
[2024-04-05T09:37:12.620+0000] {logging_mixin.py:188} INFO - [2024-04-05T09:37:12.619+0000] {dagbag.py:540} INFO - Filling up the DagBag from /home/airflow/.local/lib/python3.8/site-packages/airflow/example_dags/tutorial_dag.py
[2024-04-05T09:37:12.730+0000] {processor.py:840} INFO - DAG(s) 'tutorial_dag' retrieved from /home/airflow/.local/lib/python3.8/site-packages/airflow/example_dags/tutorial_dag.py
[2024-04-05T09:37:12.989+0000] {logging_mixin.py:188} INFO - [2024-04-05T09:37:12.988+0000] {dag.py:3047} INFO - Sync 1 DAGs
[2024-04-05T09:37:13.135+0000] {logging_mixin.py:188} INFO - [2024-04-05T09:37:13.134+0000] {dag.py:3834} INFO - Setting next_dagrun for tutorial_dag to None, run_after=None
[2024-04-05T09:37:13.355+0000] {processor.py:183} INFO - Processing /home/airflow/.local/lib/python3.8/site-packages/airflow/example_dags/tutorial_dag.py took 0.848 seconds
[2024-04-05T09:37:34.990+0000] {processor.py:161} INFO - Started process (PID=890) to work on /home/airflow/.local/lib/python3.8/site-packages/airflow/example_dags/tutorial_dag.py
[2024-04-05T09:37:35.021+0000] {processor.py:830} INFO - Processing file /home/airflow/.local/lib/python3.8/site-packages/airflow/example_dags/tutorial_dag.py for tasks to queue
[2024-04-05T09:37:35.044+0000] {logging_mixin.py:188} INFO - [2024-04-05T09:37:35.041+0000] {dagbag.py:540} INFO - Filling up the DagBag from /home/airflow/.local/lib/python3.8/site-packages/airflow/example_dags/tutorial_dag.py
[2024-04-05T09:37:35.129+0000] {processor.py:840} INFO - DAG(s) 'tutorial_dag' retrieved from /home/airflow/.local/lib/python3.8/site-packages/airflow/example_dags/tutorial_dag.py
[2024-04-05T09:37:35.388+0000] {logging_mixin.py:188} INFO - [2024-04-05T09:37:35.387+0000] {dag.py:3047} INFO - Sync 1 DAGs
[2024-04-05T09:37:35.575+0000] {logging_mixin.py:188} INFO - [2024-04-05T09:37:35.573+0000] {dag.py:3834} INFO - Setting next_dagrun for tutorial_dag to None, run_after=None
[2024-04-05T09:37:35.922+0000] {processor.py:183} INFO - Processing /home/airflow/.local/lib/python3.8/site-packages/airflow/example_dags/tutorial_dag.py took 0.967 seconds
[2024-04-05T09:38:05.538+0000] {processor.py:161} INFO - Started process (PID=964) to work on /home/airflow/.local/lib/python3.8/site-packages/airflow/example_dags/tutorial_dag.py
[2024-04-05T09:38:05.545+0000] {processor.py:830} INFO - Processing file /home/airflow/.local/lib/python3.8/site-packages/airflow/example_dags/tutorial_dag.py for tasks to queue
[2024-04-05T09:38:05.558+0000] {logging_mixin.py:188} INFO - [2024-04-05T09:38:05.554+0000] {dagbag.py:540} INFO - Filling up the DagBag from /home/airflow/.local/lib/python3.8/site-packages/airflow/example_dags/tutorial_dag.py
[2024-04-05T09:38:05.615+0000] {processor.py:840} INFO - DAG(s) 'tutorial_dag' retrieved from /home/airflow/.local/lib/python3.8/site-packages/airflow/example_dags/tutorial_dag.py
[2024-04-05T09:38:05.841+0000] {logging_mixin.py:188} INFO - [2024-04-05T09:38:05.840+0000] {dag.py:3047} INFO - Sync 1 DAGs
[2024-04-05T09:38:06.025+0000] {logging_mixin.py:188} INFO - [2024-04-05T09:38:06.023+0000] {dag.py:3834} INFO - Setting next_dagrun for tutorial_dag to None, run_after=None
[2024-04-05T09:38:06.226+0000] {processor.py:183} INFO - Processing /home/airflow/.local/lib/python3.8/site-packages/airflow/example_dags/tutorial_dag.py took 0.710 seconds
[2024-04-05T09:38:18.321+0000] {processor.py:161} INFO - Started process (PID=1011) to work on /home/airflow/.local/lib/python3.8/site-packages/airflow/example_dags/tutorial_dag.py
[2024-04-05T09:38:18.330+0000] {processor.py:830} INFO - Processing file /home/airflow/.local/lib/python3.8/site-packages/airflow/example_dags/tutorial_dag.py for tasks to queue
[2024-04-05T09:38:18.363+0000] {logging_mixin.py:188} INFO - [2024-04-05T09:38:18.349+0000] {dagbag.py:540} INFO - Filling up the DagBag from /home/airflow/.local/lib/python3.8/site-packages/airflow/example_dags/tutorial_dag.py
[2024-04-05T09:38:18.419+0000] {processor.py:840} INFO - DAG(s) 'tutorial_dag' retrieved from /home/airflow/.local/lib/python3.8/site-packages/airflow/example_dags/tutorial_dag.py
[2024-04-05T09:38:18.726+0000] {logging_mixin.py:188} INFO - [2024-04-05T09:38:18.725+0000] {dag.py:3047} INFO - Sync 1 DAGs
[2024-04-05T09:38:18.890+0000] {logging_mixin.py:188} INFO - [2024-04-05T09:38:18.889+0000] {dag.py:3834} INFO - Setting next_dagrun for tutorial_dag to None, run_after=None
[2024-04-05T09:38:19.077+0000] {processor.py:183} INFO - Processing /home/airflow/.local/lib/python3.8/site-packages/airflow/example_dags/tutorial_dag.py took 0.803 seconds
