[2024-04-05T09:31:08.656+0000] {processor.py:161} INFO - Started process (PID=74) to work on /home/airflow/.local/lib/python3.8/site-packages/airflow/example_dags/tutorial_objectstorage.py
[2024-04-05T09:31:08.658+0000] {processor.py:830} INFO - Processing file /home/airflow/.local/lib/python3.8/site-packages/airflow/example_dags/tutorial_objectstorage.py for tasks to queue
[2024-04-05T09:31:08.663+0000] {logging_mixin.py:188} INFO - [2024-04-05T09:31:08.662+0000] {dagbag.py:540} INFO - Filling up the DagBag from /home/airflow/.local/lib/python3.8/site-packages/airflow/example_dags/tutorial_objectstorage.py
[2024-04-05T09:31:08.678+0000] {processor.py:840} INFO - DAG(s) 'tutorial_objectstorage' retrieved from /home/airflow/.local/lib/python3.8/site-packages/airflow/example_dags/tutorial_objectstorage.py
[2024-04-05T09:31:08.935+0000] {logging_mixin.py:188} INFO - [2024-04-05T09:31:08.934+0000] {dag.py:3047} INFO - Sync 1 DAGs
[2024-04-05T09:31:08.968+0000] {logging_mixin.py:188} INFO - [2024-04-05T09:31:08.967+0000] {dag.py:3834} INFO - Setting next_dagrun for tutorial_objectstorage to None, run_after=None
[2024-04-05T09:31:09.028+0000] {processor.py:183} INFO - Processing /home/airflow/.local/lib/python3.8/site-packages/airflow/example_dags/tutorial_objectstorage.py took 0.378 seconds
[2024-04-05T09:31:39.147+0000] {processor.py:161} INFO - Started process (PID=129) to work on /home/airflow/.local/lib/python3.8/site-packages/airflow/example_dags/tutorial_objectstorage.py
[2024-04-05T09:31:39.149+0000] {processor.py:830} INFO - Processing file /home/airflow/.local/lib/python3.8/site-packages/airflow/example_dags/tutorial_objectstorage.py for tasks to queue
[2024-04-05T09:31:39.152+0000] {logging_mixin.py:188} INFO - [2024-04-05T09:31:39.152+0000] {dagbag.py:540} INFO - Filling up the DagBag from /home/airflow/.local/lib/python3.8/site-packages/airflow/example_dags/tutorial_objectstorage.py
[2024-04-05T09:31:39.165+0000] {processor.py:840} INFO - DAG(s) 'tutorial_objectstorage' retrieved from /home/airflow/.local/lib/python3.8/site-packages/airflow/example_dags/tutorial_objectstorage.py
[2024-04-05T09:31:39.190+0000] {logging_mixin.py:188} INFO - [2024-04-05T09:31:39.189+0000] {dag.py:3047} INFO - Sync 1 DAGs
[2024-04-05T09:31:39.210+0000] {logging_mixin.py:188} INFO - [2024-04-05T09:31:39.210+0000] {dag.py:3834} INFO - Setting next_dagrun for tutorial_objectstorage to None, run_after=None
[2024-04-05T09:31:39.237+0000] {processor.py:183} INFO - Processing /home/airflow/.local/lib/python3.8/site-packages/airflow/example_dags/tutorial_objectstorage.py took 0.094 seconds
[2024-04-05T09:32:09.664+0000] {processor.py:161} INFO - Started process (PID=184) to work on /home/airflow/.local/lib/python3.8/site-packages/airflow/example_dags/tutorial_objectstorage.py
[2024-04-05T09:32:09.666+0000] {processor.py:830} INFO - Processing file /home/airflow/.local/lib/python3.8/site-packages/airflow/example_dags/tutorial_objectstorage.py for tasks to queue
[2024-04-05T09:32:09.669+0000] {logging_mixin.py:188} INFO - [2024-04-05T09:32:09.668+0000] {dagbag.py:540} INFO - Filling up the DagBag from /home/airflow/.local/lib/python3.8/site-packages/airflow/example_dags/tutorial_objectstorage.py
[2024-04-05T09:32:09.681+0000] {processor.py:840} INFO - DAG(s) 'tutorial_objectstorage' retrieved from /home/airflow/.local/lib/python3.8/site-packages/airflow/example_dags/tutorial_objectstorage.py
[2024-04-05T09:32:09.713+0000] {logging_mixin.py:188} INFO - [2024-04-05T09:32:09.713+0000] {dag.py:3047} INFO - Sync 1 DAGs
[2024-04-05T09:32:09.735+0000] {logging_mixin.py:188} INFO - [2024-04-05T09:32:09.735+0000] {dag.py:3834} INFO - Setting next_dagrun for tutorial_objectstorage to None, run_after=None
[2024-04-05T09:32:09.765+0000] {processor.py:183} INFO - Processing /home/airflow/.local/lib/python3.8/site-packages/airflow/example_dags/tutorial_objectstorage.py took 0.107 seconds
[2024-04-05T09:32:39.933+0000] {processor.py:161} INFO - Started process (PID=239) to work on /home/airflow/.local/lib/python3.8/site-packages/airflow/example_dags/tutorial_objectstorage.py
[2024-04-05T09:32:39.937+0000] {processor.py:830} INFO - Processing file /home/airflow/.local/lib/python3.8/site-packages/airflow/example_dags/tutorial_objectstorage.py for tasks to queue
[2024-04-05T09:32:39.946+0000] {logging_mixin.py:188} INFO - [2024-04-05T09:32:39.946+0000] {dagbag.py:540} INFO - Filling up the DagBag from /home/airflow/.local/lib/python3.8/site-packages/airflow/example_dags/tutorial_objectstorage.py
[2024-04-05T09:32:39.963+0000] {processor.py:840} INFO - DAG(s) 'tutorial_objectstorage' retrieved from /home/airflow/.local/lib/python3.8/site-packages/airflow/example_dags/tutorial_objectstorage.py
[2024-04-05T09:32:40.025+0000] {logging_mixin.py:188} INFO - [2024-04-05T09:32:40.024+0000] {dag.py:3047} INFO - Sync 1 DAGs
[2024-04-05T09:32:40.057+0000] {logging_mixin.py:188} INFO - [2024-04-05T09:32:40.056+0000] {dag.py:3834} INFO - Setting next_dagrun for tutorial_objectstorage to None, run_after=None
[2024-04-05T09:32:40.090+0000] {processor.py:183} INFO - Processing /home/airflow/.local/lib/python3.8/site-packages/airflow/example_dags/tutorial_objectstorage.py took 0.166 seconds
[2024-04-05T09:33:10.562+0000] {processor.py:161} INFO - Started process (PID=294) to work on /home/airflow/.local/lib/python3.8/site-packages/airflow/example_dags/tutorial_objectstorage.py
[2024-04-05T09:33:10.563+0000] {processor.py:830} INFO - Processing file /home/airflow/.local/lib/python3.8/site-packages/airflow/example_dags/tutorial_objectstorage.py for tasks to queue
[2024-04-05T09:33:10.566+0000] {logging_mixin.py:188} INFO - [2024-04-05T09:33:10.565+0000] {dagbag.py:540} INFO - Filling up the DagBag from /home/airflow/.local/lib/python3.8/site-packages/airflow/example_dags/tutorial_objectstorage.py
[2024-04-05T09:33:10.575+0000] {processor.py:840} INFO - DAG(s) 'tutorial_objectstorage' retrieved from /home/airflow/.local/lib/python3.8/site-packages/airflow/example_dags/tutorial_objectstorage.py
[2024-04-05T09:33:10.601+0000] {logging_mixin.py:188} INFO - [2024-04-05T09:33:10.601+0000] {dag.py:3047} INFO - Sync 1 DAGs
[2024-04-05T09:33:10.616+0000] {logging_mixin.py:188} INFO - [2024-04-05T09:33:10.616+0000] {dag.py:3834} INFO - Setting next_dagrun for tutorial_objectstorage to None, run_after=None
[2024-04-05T09:33:10.642+0000] {processor.py:183} INFO - Processing /home/airflow/.local/lib/python3.8/site-packages/airflow/example_dags/tutorial_objectstorage.py took 0.084 seconds
[2024-04-05T09:33:41.063+0000] {processor.py:161} INFO - Started process (PID=349) to work on /home/airflow/.local/lib/python3.8/site-packages/airflow/example_dags/tutorial_objectstorage.py
[2024-04-05T09:33:41.064+0000] {processor.py:830} INFO - Processing file /home/airflow/.local/lib/python3.8/site-packages/airflow/example_dags/tutorial_objectstorage.py for tasks to queue
[2024-04-05T09:33:41.067+0000] {logging_mixin.py:188} INFO - [2024-04-05T09:33:41.067+0000] {dagbag.py:540} INFO - Filling up the DagBag from /home/airflow/.local/lib/python3.8/site-packages/airflow/example_dags/tutorial_objectstorage.py
[2024-04-05T09:33:41.075+0000] {processor.py:840} INFO - DAG(s) 'tutorial_objectstorage' retrieved from /home/airflow/.local/lib/python3.8/site-packages/airflow/example_dags/tutorial_objectstorage.py
[2024-04-05T09:33:41.099+0000] {logging_mixin.py:188} INFO - [2024-04-05T09:33:41.099+0000] {dag.py:3047} INFO - Sync 1 DAGs
[2024-04-05T09:33:41.113+0000] {logging_mixin.py:188} INFO - [2024-04-05T09:33:41.113+0000] {dag.py:3834} INFO - Setting next_dagrun for tutorial_objectstorage to None, run_after=None
[2024-04-05T09:33:41.135+0000] {processor.py:183} INFO - Processing /home/airflow/.local/lib/python3.8/site-packages/airflow/example_dags/tutorial_objectstorage.py took 0.075 seconds
[2024-04-05T09:34:11.349+0000] {processor.py:161} INFO - Started process (PID=403) to work on /home/airflow/.local/lib/python3.8/site-packages/airflow/example_dags/tutorial_objectstorage.py
[2024-04-05T09:34:11.352+0000] {processor.py:830} INFO - Processing file /home/airflow/.local/lib/python3.8/site-packages/airflow/example_dags/tutorial_objectstorage.py for tasks to queue
[2024-04-05T09:34:11.356+0000] {logging_mixin.py:188} INFO - [2024-04-05T09:34:11.356+0000] {dagbag.py:540} INFO - Filling up the DagBag from /home/airflow/.local/lib/python3.8/site-packages/airflow/example_dags/tutorial_objectstorage.py
[2024-04-05T09:34:11.373+0000] {processor.py:840} INFO - DAG(s) 'tutorial_objectstorage' retrieved from /home/airflow/.local/lib/python3.8/site-packages/airflow/example_dags/tutorial_objectstorage.py
[2024-04-05T09:34:11.436+0000] {logging_mixin.py:188} INFO - [2024-04-05T09:34:11.436+0000] {dag.py:3047} INFO - Sync 1 DAGs
[2024-04-05T09:34:11.484+0000] {logging_mixin.py:188} INFO - [2024-04-05T09:34:11.483+0000] {dag.py:3834} INFO - Setting next_dagrun for tutorial_objectstorage to None, run_after=None
[2024-04-05T09:34:11.535+0000] {processor.py:183} INFO - Processing /home/airflow/.local/lib/python3.8/site-packages/airflow/example_dags/tutorial_objectstorage.py took 0.194 seconds
[2024-04-05T09:34:42.506+0000] {processor.py:161} INFO - Started process (PID=459) to work on /home/airflow/.local/lib/python3.8/site-packages/airflow/example_dags/tutorial_objectstorage.py
[2024-04-05T09:34:42.508+0000] {processor.py:830} INFO - Processing file /home/airflow/.local/lib/python3.8/site-packages/airflow/example_dags/tutorial_objectstorage.py for tasks to queue
[2024-04-05T09:34:42.510+0000] {logging_mixin.py:188} INFO - [2024-04-05T09:34:42.510+0000] {dagbag.py:540} INFO - Filling up the DagBag from /home/airflow/.local/lib/python3.8/site-packages/airflow/example_dags/tutorial_objectstorage.py
[2024-04-05T09:34:42.519+0000] {processor.py:840} INFO - DAG(s) 'tutorial_objectstorage' retrieved from /home/airflow/.local/lib/python3.8/site-packages/airflow/example_dags/tutorial_objectstorage.py
[2024-04-05T09:34:42.549+0000] {logging_mixin.py:188} INFO - [2024-04-05T09:34:42.549+0000] {dag.py:3047} INFO - Sync 1 DAGs
[2024-04-05T09:34:42.566+0000] {logging_mixin.py:188} INFO - [2024-04-05T09:34:42.565+0000] {dag.py:3834} INFO - Setting next_dagrun for tutorial_objectstorage to None, run_after=None
[2024-04-05T09:34:42.596+0000] {processor.py:183} INFO - Processing /home/airflow/.local/lib/python3.8/site-packages/airflow/example_dags/tutorial_objectstorage.py took 0.094 seconds
[2024-04-05T09:35:12.779+0000] {processor.py:161} INFO - Started process (PID=514) to work on /home/airflow/.local/lib/python3.8/site-packages/airflow/example_dags/tutorial_objectstorage.py
[2024-04-05T09:35:12.780+0000] {processor.py:830} INFO - Processing file /home/airflow/.local/lib/python3.8/site-packages/airflow/example_dags/tutorial_objectstorage.py for tasks to queue
[2024-04-05T09:35:12.783+0000] {logging_mixin.py:188} INFO - [2024-04-05T09:35:12.783+0000] {dagbag.py:540} INFO - Filling up the DagBag from /home/airflow/.local/lib/python3.8/site-packages/airflow/example_dags/tutorial_objectstorage.py
[2024-04-05T09:35:12.792+0000] {processor.py:840} INFO - DAG(s) 'tutorial_objectstorage' retrieved from /home/airflow/.local/lib/python3.8/site-packages/airflow/example_dags/tutorial_objectstorage.py
[2024-04-05T09:35:12.824+0000] {logging_mixin.py:188} INFO - [2024-04-05T09:35:12.824+0000] {dag.py:3047} INFO - Sync 1 DAGs
[2024-04-05T09:35:12.842+0000] {logging_mixin.py:188} INFO - [2024-04-05T09:35:12.842+0000] {dag.py:3834} INFO - Setting next_dagrun for tutorial_objectstorage to None, run_after=None
[2024-04-05T09:35:12.866+0000] {processor.py:183} INFO - Processing /home/airflow/.local/lib/python3.8/site-packages/airflow/example_dags/tutorial_objectstorage.py took 0.091 seconds
[2024-04-05T09:35:43.085+0000] {processor.py:161} INFO - Started process (PID=578) to work on /home/airflow/.local/lib/python3.8/site-packages/airflow/example_dags/tutorial_objectstorage.py
[2024-04-05T09:35:43.087+0000] {processor.py:830} INFO - Processing file /home/airflow/.local/lib/python3.8/site-packages/airflow/example_dags/tutorial_objectstorage.py for tasks to queue
[2024-04-05T09:35:43.089+0000] {logging_mixin.py:188} INFO - [2024-04-05T09:35:43.088+0000] {dagbag.py:540} INFO - Filling up the DagBag from /home/airflow/.local/lib/python3.8/site-packages/airflow/example_dags/tutorial_objectstorage.py
[2024-04-05T09:35:43.099+0000] {processor.py:840} INFO - DAG(s) 'tutorial_objectstorage' retrieved from /home/airflow/.local/lib/python3.8/site-packages/airflow/example_dags/tutorial_objectstorage.py
[2024-04-05T09:35:43.125+0000] {logging_mixin.py:188} INFO - [2024-04-05T09:35:43.125+0000] {dag.py:3047} INFO - Sync 1 DAGs
[2024-04-05T09:35:43.140+0000] {logging_mixin.py:188} INFO - [2024-04-05T09:35:43.140+0000] {dag.py:3834} INFO - Setting next_dagrun for tutorial_objectstorage to None, run_after=None
[2024-04-05T09:35:43.165+0000] {processor.py:183} INFO - Processing /home/airflow/.local/lib/python3.8/site-packages/airflow/example_dags/tutorial_objectstorage.py took 0.084 seconds
[2024-04-05T09:35:52.560+0000] {processor.py:161} INFO - Started process (PID=645) to work on /home/airflow/.local/lib/python3.8/site-packages/airflow/example_dags/tutorial_objectstorage.py
[2024-04-05T09:35:52.564+0000] {processor.py:830} INFO - Processing file /home/airflow/.local/lib/python3.8/site-packages/airflow/example_dags/tutorial_objectstorage.py for tasks to queue
[2024-04-05T09:35:52.571+0000] {logging_mixin.py:188} INFO - [2024-04-05T09:35:52.570+0000] {dagbag.py:540} INFO - Filling up the DagBag from /home/airflow/.local/lib/python3.8/site-packages/airflow/example_dags/tutorial_objectstorage.py
[2024-04-05T09:35:52.608+0000] {processor.py:840} INFO - DAG(s) 'tutorial_objectstorage' retrieved from /home/airflow/.local/lib/python3.8/site-packages/airflow/example_dags/tutorial_objectstorage.py
[2024-04-05T09:35:52.717+0000] {logging_mixin.py:188} INFO - [2024-04-05T09:35:52.716+0000] {dag.py:3047} INFO - Sync 1 DAGs
[2024-04-05T09:35:52.760+0000] {logging_mixin.py:188} INFO - [2024-04-05T09:35:52.759+0000] {dag.py:3834} INFO - Setting next_dagrun for tutorial_objectstorage to None, run_after=None
[2024-04-05T09:35:52.825+0000] {processor.py:183} INFO - Processing /home/airflow/.local/lib/python3.8/site-packages/airflow/example_dags/tutorial_objectstorage.py took 0.275 seconds
[2024-04-05T09:36:21.862+0000] {processor.py:161} INFO - Started process (PID=710) to work on /home/airflow/.local/lib/python3.8/site-packages/airflow/example_dags/tutorial_objectstorage.py
[2024-04-05T09:36:21.876+0000] {processor.py:830} INFO - Processing file /home/airflow/.local/lib/python3.8/site-packages/airflow/example_dags/tutorial_objectstorage.py for tasks to queue
[2024-04-05T09:36:21.885+0000] {logging_mixin.py:188} INFO - [2024-04-05T09:36:21.884+0000] {dagbag.py:540} INFO - Filling up the DagBag from /home/airflow/.local/lib/python3.8/site-packages/airflow/example_dags/tutorial_objectstorage.py
[2024-04-05T09:36:22.007+0000] {processor.py:840} INFO - DAG(s) 'tutorial_objectstorage' retrieved from /home/airflow/.local/lib/python3.8/site-packages/airflow/example_dags/tutorial_objectstorage.py
[2024-04-05T09:36:22.209+0000] {logging_mixin.py:188} INFO - [2024-04-05T09:36:22.206+0000] {dag.py:3047} INFO - Sync 1 DAGs
[2024-04-05T09:36:22.310+0000] {logging_mixin.py:188} INFO - [2024-04-05T09:36:22.309+0000] {dag.py:3834} INFO - Setting next_dagrun for tutorial_objectstorage to None, run_after=None
[2024-04-05T09:36:22.539+0000] {processor.py:183} INFO - Processing /home/airflow/.local/lib/python3.8/site-packages/airflow/example_dags/tutorial_objectstorage.py took 0.705 seconds
[2024-04-05T09:36:46.897+0000] {processor.py:161} INFO - Started process (PID=766) to work on /home/airflow/.local/lib/python3.8/site-packages/airflow/example_dags/tutorial_objectstorage.py
[2024-04-05T09:36:46.911+0000] {processor.py:830} INFO - Processing file /home/airflow/.local/lib/python3.8/site-packages/airflow/example_dags/tutorial_objectstorage.py for tasks to queue
[2024-04-05T09:36:46.931+0000] {logging_mixin.py:188} INFO - [2024-04-05T09:36:46.927+0000] {dagbag.py:540} INFO - Filling up the DagBag from /home/airflow/.local/lib/python3.8/site-packages/airflow/example_dags/tutorial_objectstorage.py
[2024-04-05T09:36:47.020+0000] {processor.py:840} INFO - DAG(s) 'tutorial_objectstorage' retrieved from /home/airflow/.local/lib/python3.8/site-packages/airflow/example_dags/tutorial_objectstorage.py
[2024-04-05T09:36:47.229+0000] {logging_mixin.py:188} INFO - [2024-04-05T09:36:47.228+0000] {dag.py:3047} INFO - Sync 1 DAGs
[2024-04-05T09:36:47.415+0000] {logging_mixin.py:188} INFO - [2024-04-05T09:36:47.413+0000] {dag.py:3834} INFO - Setting next_dagrun for tutorial_objectstorage to None, run_after=None
[2024-04-05T09:36:47.684+0000] {processor.py:183} INFO - Processing /home/airflow/.local/lib/python3.8/site-packages/airflow/example_dags/tutorial_objectstorage.py took 0.821 seconds
[2024-04-05T09:37:06.152+0000] {processor.py:161} INFO - Started process (PID=823) to work on /home/airflow/.local/lib/python3.8/site-packages/airflow/example_dags/tutorial_objectstorage.py
[2024-04-05T09:37:06.168+0000] {processor.py:830} INFO - Processing file /home/airflow/.local/lib/python3.8/site-packages/airflow/example_dags/tutorial_objectstorage.py for tasks to queue
[2024-04-05T09:37:06.200+0000] {logging_mixin.py:188} INFO - [2024-04-05T09:37:06.188+0000] {dagbag.py:540} INFO - Filling up the DagBag from /home/airflow/.local/lib/python3.8/site-packages/airflow/example_dags/tutorial_objectstorage.py
[2024-04-05T09:37:06.283+0000] {processor.py:840} INFO - DAG(s) 'tutorial_objectstorage' retrieved from /home/airflow/.local/lib/python3.8/site-packages/airflow/example_dags/tutorial_objectstorage.py
[2024-04-05T09:37:06.612+0000] {logging_mixin.py:188} INFO - [2024-04-05T09:37:06.599+0000] {dag.py:3047} INFO - Sync 1 DAGs
[2024-04-05T09:37:06.744+0000] {logging_mixin.py:188} INFO - [2024-04-05T09:37:06.743+0000] {dag.py:3834} INFO - Setting next_dagrun for tutorial_objectstorage to None, run_after=None
[2024-04-05T09:37:06.895+0000] {processor.py:183} INFO - Processing /home/airflow/.local/lib/python3.8/site-packages/airflow/example_dags/tutorial_objectstorage.py took 0.838 seconds
[2024-04-05T09:37:22.242+0000] {processor.py:161} INFO - Started process (PID=870) to work on /home/airflow/.local/lib/python3.8/site-packages/airflow/example_dags/tutorial_objectstorage.py
[2024-04-05T09:37:22.265+0000] {processor.py:830} INFO - Processing file /home/airflow/.local/lib/python3.8/site-packages/airflow/example_dags/tutorial_objectstorage.py for tasks to queue
[2024-04-05T09:37:22.281+0000] {logging_mixin.py:188} INFO - [2024-04-05T09:37:22.277+0000] {dagbag.py:540} INFO - Filling up the DagBag from /home/airflow/.local/lib/python3.8/site-packages/airflow/example_dags/tutorial_objectstorage.py
[2024-04-05T09:37:22.331+0000] {processor.py:840} INFO - DAG(s) 'tutorial_objectstorage' retrieved from /home/airflow/.local/lib/python3.8/site-packages/airflow/example_dags/tutorial_objectstorage.py
[2024-04-05T09:37:22.688+0000] {logging_mixin.py:188} INFO - [2024-04-05T09:37:22.687+0000] {dag.py:3047} INFO - Sync 1 DAGs
[2024-04-05T09:37:22.877+0000] {logging_mixin.py:188} INFO - [2024-04-05T09:37:22.876+0000] {dag.py:3834} INFO - Setting next_dagrun for tutorial_objectstorage to None, run_after=None
[2024-04-05T09:37:23.178+0000] {processor.py:183} INFO - Processing /home/airflow/.local/lib/python3.8/site-packages/airflow/example_dags/tutorial_objectstorage.py took 1.009 seconds
[2024-04-05T09:37:51.405+0000] {processor.py:161} INFO - Started process (PID=929) to work on /home/airflow/.local/lib/python3.8/site-packages/airflow/example_dags/tutorial_objectstorage.py
[2024-04-05T09:37:51.432+0000] {processor.py:830} INFO - Processing file /home/airflow/.local/lib/python3.8/site-packages/airflow/example_dags/tutorial_objectstorage.py for tasks to queue
[2024-04-05T09:37:51.465+0000] {logging_mixin.py:188} INFO - [2024-04-05T09:37:51.464+0000] {dagbag.py:540} INFO - Filling up the DagBag from /home/airflow/.local/lib/python3.8/site-packages/airflow/example_dags/tutorial_objectstorage.py
[2024-04-05T09:37:51.581+0000] {processor.py:840} INFO - DAG(s) 'tutorial_objectstorage' retrieved from /home/airflow/.local/lib/python3.8/site-packages/airflow/example_dags/tutorial_objectstorage.py
[2024-04-05T09:37:51.849+0000] {logging_mixin.py:188} INFO - [2024-04-05T09:37:51.848+0000] {dag.py:3047} INFO - Sync 1 DAGs
[2024-04-05T09:37:52.031+0000] {logging_mixin.py:188} INFO - [2024-04-05T09:37:52.030+0000] {dag.py:3834} INFO - Setting next_dagrun for tutorial_objectstorage to None, run_after=None
[2024-04-05T09:37:52.241+0000] {processor.py:183} INFO - Processing /home/airflow/.local/lib/python3.8/site-packages/airflow/example_dags/tutorial_objectstorage.py took 0.889 seconds
[2024-04-05T09:38:06.839+0000] {processor.py:161} INFO - Started process (PID=976) to work on /home/airflow/.local/lib/python3.8/site-packages/airflow/example_dags/tutorial_objectstorage.py
[2024-04-05T09:38:06.844+0000] {processor.py:830} INFO - Processing file /home/airflow/.local/lib/python3.8/site-packages/airflow/example_dags/tutorial_objectstorage.py for tasks to queue
[2024-04-05T09:38:06.892+0000] {logging_mixin.py:188} INFO - [2024-04-05T09:38:06.891+0000] {dagbag.py:540} INFO - Filling up the DagBag from /home/airflow/.local/lib/python3.8/site-packages/airflow/example_dags/tutorial_objectstorage.py
[2024-04-05T09:38:06.972+0000] {processor.py:840} INFO - DAG(s) 'tutorial_objectstorage' retrieved from /home/airflow/.local/lib/python3.8/site-packages/airflow/example_dags/tutorial_objectstorage.py
[2024-04-05T09:38:07.119+0000] {logging_mixin.py:188} INFO - [2024-04-05T09:38:07.118+0000] {dag.py:3047} INFO - Sync 1 DAGs
[2024-04-05T09:38:07.252+0000] {logging_mixin.py:188} INFO - [2024-04-05T09:38:07.251+0000] {dag.py:3834} INFO - Setting next_dagrun for tutorial_objectstorage to None, run_after=None
[2024-04-05T09:38:07.385+0000] {processor.py:183} INFO - Processing /home/airflow/.local/lib/python3.8/site-packages/airflow/example_dags/tutorial_objectstorage.py took 0.565 seconds
[2024-04-05T09:38:28.406+0000] {processor.py:161} INFO - Started process (PID=1028) to work on /home/airflow/.local/lib/python3.8/site-packages/airflow/example_dags/tutorial_objectstorage.py
[2024-04-05T09:38:28.413+0000] {processor.py:830} INFO - Processing file /home/airflow/.local/lib/python3.8/site-packages/airflow/example_dags/tutorial_objectstorage.py for tasks to queue
[2024-04-05T09:38:28.425+0000] {logging_mixin.py:188} INFO - [2024-04-05T09:38:28.423+0000] {dagbag.py:540} INFO - Filling up the DagBag from /home/airflow/.local/lib/python3.8/site-packages/airflow/example_dags/tutorial_objectstorage.py
[2024-04-05T09:38:28.484+0000] {processor.py:840} INFO - DAG(s) 'tutorial_objectstorage' retrieved from /home/airflow/.local/lib/python3.8/site-packages/airflow/example_dags/tutorial_objectstorage.py
[2024-04-05T09:38:28.604+0000] {logging_mixin.py:188} INFO - [2024-04-05T09:38:28.604+0000] {dag.py:3047} INFO - Sync 1 DAGs
[2024-04-05T09:38:28.721+0000] {logging_mixin.py:188} INFO - [2024-04-05T09:38:28.720+0000] {dag.py:3834} INFO - Setting next_dagrun for tutorial_objectstorage to None, run_after=None
[2024-04-05T09:38:28.878+0000] {processor.py:183} INFO - Processing /home/airflow/.local/lib/python3.8/site-packages/airflow/example_dags/tutorial_objectstorage.py took 0.484 seconds
