[2024-04-05T09:35:45.192+0000] {processor.py:161} INFO - Started process (PID=595) to work on /opt/airflow/dags/fit_news.py
[2024-04-05T09:35:45.194+0000] {processor.py:830} INFO - Processing file /opt/airflow/dags/fit_news.py for tasks to queue
[2024-04-05T09:35:45.197+0000] {logging_mixin.py:188} INFO - [2024-04-05T09:35:45.197+0000] {dagbag.py:540} INFO - Filling up the DagBag from /opt/airflow/dags/fit_news.py
[2024-04-05T09:35:49.770+0000] {processor.py:840} INFO - DAG(s) 'ThongDag' retrieved from /opt/airflow/dags/fit_news.py
[2024-04-05T09:35:49.991+0000] {logging_mixin.py:188} INFO - [2024-04-05T09:35:49.991+0000] {dag.py:3047} INFO - Sync 1 DAGs
[2024-04-05T09:35:50.216+0000] {logging_mixin.py:188} INFO - [2024-04-05T09:35:50.215+0000] {dag.py:3834} INFO - Setting next_dagrun for ThongDag to 2024-04-05 09:26:49.760064+00:00, run_after=2024-04-05 09:31:49.760064+00:00
[2024-04-05T09:35:50.247+0000] {processor.py:183} INFO - Processing /opt/airflow/dags/fit_news.py took 5.060 seconds
[2024-04-05T09:36:01.274+0000] {processor.py:161} INFO - Started process (PID=665) to work on /opt/airflow/dags/fit_news.py
[2024-04-05T09:36:01.279+0000] {processor.py:830} INFO - Processing file /opt/airflow/dags/fit_news.py for tasks to queue
[2024-04-05T09:36:01.286+0000] {logging_mixin.py:188} INFO - [2024-04-05T09:36:01.285+0000] {dagbag.py:540} INFO - Filling up the DagBag from /opt/airflow/dags/fit_news.py
[2024-04-05T09:36:04.814+0000] {processor.py:840} INFO - DAG(s) 'ThongDag' retrieved from /opt/airflow/dags/fit_news.py
[2024-04-05T09:36:04.834+0000] {logging_mixin.py:188} INFO - [2024-04-05T09:36:04.834+0000] {dag.py:3047} INFO - Sync 1 DAGs
[2024-04-05T09:36:04.896+0000] {logging_mixin.py:188} INFO - [2024-04-05T09:36:04.895+0000] {dag.py:3834} INFO - Setting next_dagrun for ThongDag to 2024-04-05 09:31:49.760064+00:00, run_after=2024-04-05 09:36:49.760064+00:00
[2024-04-05T09:36:04.980+0000] {processor.py:183} INFO - Processing /opt/airflow/dags/fit_news.py took 3.711 seconds
[2024-04-05T09:36:20.992+0000] {processor.py:161} INFO - Started process (PID=707) to work on /opt/airflow/dags/fit_news.py
[2024-04-05T09:36:21.010+0000] {processor.py:830} INFO - Processing file /opt/airflow/dags/fit_news.py for tasks to queue
[2024-04-05T09:36:21.030+0000] {logging_mixin.py:188} INFO - [2024-04-05T09:36:21.028+0000] {dagbag.py:540} INFO - Filling up the DagBag from /opt/airflow/dags/fit_news.py
[2024-04-05T09:36:35.637+0000] {processor.py:161} INFO - Started process (PID=746) to work on /opt/airflow/dags/fit_news.py
[2024-04-05T09:36:35.656+0000] {processor.py:830} INFO - Processing file /opt/airflow/dags/fit_news.py for tasks to queue
[2024-04-05T09:36:35.676+0000] {logging_mixin.py:188} INFO - [2024-04-05T09:36:35.675+0000] {dagbag.py:540} INFO - Filling up the DagBag from /opt/airflow/dags/fit_news.py
[2024-04-05T09:36:40.257+0000] {processor.py:840} INFO - DAG(s) 'ThongDag' retrieved from /opt/airflow/dags/fit_news.py
[2024-04-05T09:36:43.339+0000] {logging_mixin.py:188} INFO - [2024-04-05T09:36:43.337+0000] {dag.py:3047} INFO - Sync 1 DAGs
[2024-04-05T09:36:43.521+0000] {logging_mixin.py:188} INFO - [2024-04-05T09:36:43.510+0000] {dag.py:3834} INFO - Setting next_dagrun for ThongDag to 2024-04-05 09:31:49.760064+00:00, run_after=2024-04-05 09:36:49.760064+00:00
[2024-04-05T09:36:43.728+0000] {processor.py:183} INFO - Processing /opt/airflow/dags/fit_news.py took 22.756 seconds
[2024-04-05T09:36:54.766+0000] {processor.py:840} INFO - DAG(s) 'ThongDag' retrieved from /opt/airflow/dags/fit_news.py
[2024-04-05T09:36:54.851+0000] {logging_mixin.py:188} INFO - [2024-04-05T09:36:54.850+0000] {dag.py:3047} INFO - Sync 1 DAGs
[2024-04-05T09:36:55.080+0000] {logging_mixin.py:188} INFO - [2024-04-05T09:36:55.079+0000] {dag.py:3834} INFO - Setting next_dagrun for ThongDag to 2024-04-05 09:36:49.760064+00:00, run_after=2024-04-05 09:41:49.760064+00:00
[2024-04-05T09:36:55.279+0000] {processor.py:183} INFO - Processing /opt/airflow/dags/fit_news.py took 19.672 seconds
[2024-04-05T09:37:15.305+0000] {processor.py:161} INFO - Started process (PID=852) to work on /opt/airflow/dags/fit_news.py
[2024-04-05T09:37:15.319+0000] {processor.py:830} INFO - Processing file /opt/airflow/dags/fit_news.py for tasks to queue
[2024-04-05T09:37:15.379+0000] {logging_mixin.py:188} INFO - [2024-04-05T09:37:15.342+0000] {dagbag.py:540} INFO - Filling up the DagBag from /opt/airflow/dags/fit_news.py
[2024-04-05T09:37:26.699+0000] {processor.py:161} INFO - Started process (PID=877) to work on /opt/airflow/dags/fit_news.py
[2024-04-05T09:37:26.725+0000] {processor.py:830} INFO - Processing file /opt/airflow/dags/fit_news.py for tasks to queue
[2024-04-05T09:37:26.745+0000] {logging_mixin.py:188} INFO - [2024-04-05T09:37:26.744+0000] {dagbag.py:540} INFO - Filling up the DagBag from /opt/airflow/dags/fit_news.py
[2024-04-05T09:37:34.299+0000] {processor.py:840} INFO - DAG(s) 'ThongDag' retrieved from /opt/airflow/dags/fit_news.py
[2024-04-05T09:37:35.354+0000] {logging_mixin.py:188} INFO - [2024-04-05T09:37:35.352+0000] {dag.py:3047} INFO - Sync 1 DAGs
[2024-04-05T09:37:35.701+0000] {logging_mixin.py:188} INFO - [2024-04-05T09:37:35.700+0000] {dag.py:3834} INFO - Setting next_dagrun for ThongDag to 2024-04-05 09:36:49.760064+00:00, run_after=2024-04-05 09:41:49.760064+00:00
[2024-04-05T09:37:36.097+0000] {processor.py:183} INFO - Processing /opt/airflow/dags/fit_news.py took 20.820 seconds
[2024-04-05T09:37:49.440+0000] {processor.py:840} INFO - DAG(s) 'ThongDag' retrieved from /opt/airflow/dags/fit_news.py
[2024-04-05T09:37:49.603+0000] {logging_mixin.py:188} INFO - [2024-04-05T09:37:49.602+0000] {dag.py:3047} INFO - Sync 1 DAGs
[2024-04-05T09:37:49.863+0000] {logging_mixin.py:188} INFO - [2024-04-05T09:37:49.862+0000] {dag.py:3834} INFO - Setting next_dagrun for ThongDag to 2024-04-05 09:36:49.760064+00:00, run_after=2024-04-05 09:41:49.760064+00:00
[2024-04-05T09:37:50.085+0000] {processor.py:183} INFO - Processing /opt/airflow/dags/fit_news.py took 23.422 seconds
[2024-04-05T09:38:11.107+0000] {processor.py:161} INFO - Started process (PID=995) to work on /opt/airflow/dags/fit_news.py
[2024-04-05T09:38:11.168+0000] {processor.py:830} INFO - Processing file /opt/airflow/dags/fit_news.py for tasks to queue
[2024-04-05T09:38:11.207+0000] {logging_mixin.py:188} INFO - [2024-04-05T09:38:11.205+0000] {dagbag.py:540} INFO - Filling up the DagBag from /opt/airflow/dags/fit_news.py
[2024-04-05T09:38:21.005+0000] {processor.py:161} INFO - Started process (PID=1017) to work on /opt/airflow/dags/fit_news.py
[2024-04-05T09:38:21.014+0000] {processor.py:830} INFO - Processing file /opt/airflow/dags/fit_news.py for tasks to queue
[2024-04-05T09:38:21.029+0000] {logging_mixin.py:188} INFO - [2024-04-05T09:38:21.027+0000] {dagbag.py:540} INFO - Filling up the DagBag from /opt/airflow/dags/fit_news.py
[2024-04-05T09:38:28.885+0000] {processor.py:840} INFO - DAG(s) 'ThongDag' retrieved from /opt/airflow/dags/fit_news.py
[2024-04-05T09:38:29.689+0000] {logging_mixin.py:188} INFO - [2024-04-05T09:38:29.683+0000] {dag.py:3047} INFO - Sync 1 DAGs
[2024-04-05T09:38:29.906+0000] {logging_mixin.py:188} INFO - [2024-04-05T09:38:29.905+0000] {dag.py:3834} INFO - Setting next_dagrun for ThongDag to 2024-04-05 09:36:49.760064+00:00, run_after=2024-04-05 09:41:49.760064+00:00
[2024-04-05T09:38:30.119+0000] {processor.py:183} INFO - Processing /opt/airflow/dags/fit_news.py took 19.077 seconds
[2024-04-05T09:38:38.813+0000] {processor.py:840} INFO - DAG(s) 'ThongDag' retrieved from /opt/airflow/dags/fit_news.py
[2024-04-05T09:38:38.957+0000] {logging_mixin.py:188} INFO - [2024-04-05T09:38:38.956+0000] {dag.py:3047} INFO - Sync 1 DAGs
[2024-04-05T09:38:39.213+0000] {logging_mixin.py:188} INFO - [2024-04-05T09:38:39.212+0000] {dag.py:3834} INFO - Setting next_dagrun for ThongDag to 2024-04-05 09:36:49.760064+00:00, run_after=2024-04-05 09:41:49.760064+00:00
[2024-04-05T09:38:39.843+0000] {processor.py:183} INFO - Processing /opt/airflow/dags/fit_news.py took 18.860 seconds
